info: ::1 - - [11/Jan/2022:11:44:12 +0000] "GET / HTTP/1.1" 404 47 "-" "PostmanRuntime/7.28.4"

info: ::1 - - [11/Jan/2022:11:55:26 +0000] "GET /api/v1/ HTTP/1.1" 200 9 "-" "PostmanRuntime/7.28.4"

info: ::1 - - [11/Jan/2022:12:01:48 +0000] "POST /api/v1/register HTTP/1.1" 201 321 "-" "PostmanRuntime/7.28.4"

info: ::1 - - [11/Jan/2022:12:02:31 +0000] "POST /api/v1/register HTTP/1.1" 500 61 "-" "PostmanRuntime/7.28.4"

info: ::1 - - [11/Jan/2022:12:02:46 +0000] "POST /api/v1/register HTTP/1.1" 201 321 "-" "PostmanRuntime/7.28.4"

info: ::1 - - [11/Jan/2022:12:08:49 +0000] "POST /api/v1/login HTTP/1.1" 404 47 "-" "PostmanRuntime/7.28.4"

info: ::1 - - [11/Jan/2022:12:08:56 +0000] "GET /api/v1/login HTTP/1.1" 404 47 "-" "PostmanRuntime/7.28.4"

info: ::1 - - [11/Jan/2022:12:09:43 +0000] "GET /api/v1/register/login HTTP/1.1" 404 47 "-" "PostmanRuntime/7.28.4"

info: ::1 - - [11/Jan/2022:12:10:17 +0000] "POST /api/v1/register/login HTTP/1.1" 200 199 "-" "PostmanRuntime/7.28.4"

info: ::1 - - [11/Jan/2022:12:11:14 +0000] "POST /api/v1/register/login HTTP/1.1" 200 199 "-" "PostmanRuntime/7.28.4"

info: ::1 - - [11/Jan/2022:12:31:51 +0000] "POST /api/v1/register/login HTTP/1.1" 200 199 "-" "PostmanRuntime/7.28.4"

info: ::1 - - [11/Jan/2022:14:59:42 +0000] "POST /api/v1/register/addnote HTTP/1.1" 200 288 "-" "PostmanRuntime/7.28.4"

info: ::1 - - [11/Jan/2022:16:27:47 +0000] "POST /api/v1/register/addnote HTTP/1.1" 400 56 "-" "PostmanRuntime/7.28.4"

info: ::1 - - [11/Jan/2022:16:27:55 +0000] "POST /api/v1/register/addnote HTTP/1.1" 200 289 "-" "PostmanRuntime/7.28.4"

info: ::1 - - [11/Jan/2022:16:28:00 +0000] "POST /api/v1/register/addnote HTTP/1.1" 500 48 "-" "PostmanRuntime/7.28.4"

info: ::1 - - [11/Jan/2022:16:30:17 +0000] "POST /api/v1/register/addnote HTTP/1.1" 200 289 "-" "PostmanRuntime/7.28.4"

info: ::1 - - [11/Jan/2022:16:30:25 +0000] "POST /api/v1/register/addnote HTTP/1.1" 200 289 "-" "PostmanRuntime/7.28.4"

info: ::ffff:127.0.0.1 - - [11/Jan/2022:16:31:41 +0000] "POST /api/v1/register/addnote HTTP/1.1" 200 289 "-" "PostmanRuntime/7.28.4"

info: ::ffff:127.0.0.1 - - [11/Jan/2022:16:32:50 +0000] "POST /api/v1/register/addnote HTTP/1.1" 500 48 "-" "PostmanRuntime/7.28.4"

info: ::ffff:127.0.0.1 - - [11/Jan/2022:16:33:49 +0000] "POST /api/v1/register/addnote HTTP/1.1" 200 289 "-" "PostmanRuntime/7.28.4"

info: ::ffff:127.0.0.1 - - [11/Jan/2022:16:34:46 +0000] "POST /api/v1/register/addnote HTTP/1.1" 200 289 "-" "PostmanRuntime/7.28.4"

info: ::ffff:127.0.0.1 - - [11/Jan/2022:16:41:46 +0000] "POST /api/v1/register/addnote HTTP/1.1" 200 289 "-" "PostmanRuntime/7.28.4"

info: ::1 - - [11/Jan/2022:16:42:40 +0000] "POST /api/v1/register/addnote HTTP/1.1" 200 289 "-" "PostmanRuntime/7.28.4"

info: ::ffff:127.0.0.1 - - [11/Jan/2022:16:49:48 +0000] "POST /api/v1/register/addnote HTTP/1.1" 200 289 "-" "PostmanRuntime/7.28.4"

info: ::1 - - [11/Jan/2022:16:52:17 +0000] "POST /api/v1/register/addnote HTTP/1.1" 200 289 "-" "PostmanRuntime/7.28.4"

info: ::ffff:127.0.0.1 - - [11/Jan/2022:16:53:03 +0000] "POST /api/v1/register/addnote HTTP/1.1" 200 289 "-" "PostmanRuntime/7.28.4"

info: ::ffff:127.0.0.1 - - [11/Jan/2022:17:03:00 +0000] "POST /api/v1/register/addnote HTTP/1.1" 200 289 "-" "PostmanRuntime/7.28.4"

info: ::1 - - [11/Jan/2022:17:40:05 +0000] "POST /api/v1/register/addnote HTTP/1.1" 200 289 "-" "PostmanRuntime/7.28.4"

info: ::ffff:127.0.0.1 - - [11/Jan/2022:17:48:30 +0000] "POST /api/v1/register/addnote HTTP/1.1" 200 289 "-" "PostmanRuntime/7.28.4"

info: ::1 - - [11/Jan/2022:17:48:37 +0000] "POST /api/v1/register/addnote HTTP/1.1" 400 54 "-" "PostmanRuntime/7.28.4"

info: ::1 - - [11/Jan/2022:17:48:48 +0000] "POST /api/v1/register/addnote HTTP/1.1" 400 56 "-" "PostmanRuntime/7.28.4"

info: ::1 - - [11/Jan/2022:17:48:59 +0000] "POST /api/v1/register/addnote HTTP/1.1" 400 54 "-" "PostmanRuntime/7.28.4"

info: ::1 - - [11/Jan/2022:17:49:04 +0000] "POST /api/v1/register/addnote HTTP/1.1" 500 75 "-" "PostmanRuntime/7.28.4"

info: ::1 - - [11/Jan/2022:17:49:15 +0000] "POST /api/v1/register/addnote HTTP/1.1" 200 289 "-" "PostmanRuntime/7.28.4"

info: ::1 - - [11/Jan/2022:17:50:48 +0000] "POST /api/v1/register/addnote HTTP/1.1" 200 289 "-" "PostmanRuntime/7.28.4"

info: ::1 - - [11/Jan/2022:17:53:42 +0000] "POST /api/v1/register/addnote HTTP/1.1" 200 289 "-" "PostmanRuntime/7.28.4"

info: ::1 - - [11/Jan/2022:17:53:54 +0000] "POST /api/v1/register/addnote HTTP/1.1" 500 75 "-" "PostmanRuntime/7.28.4"

info: ::1 - - [11/Jan/2022:17:53:59 +0000] "POST /api/v1/register/addnote HTTP/1.1" 200 289 "-" "PostmanRuntime/7.28.4"

info: ::1 - - [11/Jan/2022:17:54:01 +0000] "POST /api/v1/register/addnote HTTP/1.1" 500 75 "-" "PostmanRuntime/7.28.4"

info: ::1 - - [11/Jan/2022:17:54:02 +0000] "POST /api/v1/register/addnote HTTP/1.1" 200 289 "-" "PostmanRuntime/7.28.4"

info: ::1 - - [11/Jan/2022:17:56:04 +0000] "POST /api/v1/register/addnote HTTP/1.1" 200 289 "-" "PostmanRuntime/7.28.4"

info: ::1 - - [11/Jan/2022:17:57:02 +0000] "POST /api/v1/register/addnote HTTP/1.1" 200 289 "-" "PostmanRuntime/7.28.4"

info: ::ffff:127.0.0.1 - - [11/Jan/2022:17:58:15 +0000] "POST /api/v1/register/addnote HTTP/1.1" 200 289 "-" "PostmanRuntime/7.28.4"

info: ::1 - - [11/Jan/2022:18:01:08 +0000] "POST /api/v1/register/login HTTP/1.1" 500 71 "-" "PostmanRuntime/7.28.4"

info: ::1 - - [11/Jan/2022:18:01:46 +0000] "POST /api/v1/register/register HTTP/1.1" 404 47 "-" "PostmanRuntime/7.28.4"

info: ::1 - - [11/Jan/2022:18:01:56 +0000] "POST /api/v1/register HTTP/1.1" 201 319 "-" "PostmanRuntime/7.28.4"

info: ::1 - - [11/Jan/2022:18:02:12 +0000] "POST /api/v1/register/login HTTP/1.1" 200 217 "-" "PostmanRuntime/7.28.4"

info: ::ffff:127.0.0.1 - - [11/Jan/2022:18:03:13 +0000] "POST /api/v1/register/login HTTP/1.1" 200 241 "-" "PostmanRuntime/7.28.4"

info: ::1 - - [11/Jan/2022:18:05:06 +0000] "POST /api/v1/register/addnote HTTP/1.1" 200 324 "-" "PostmanRuntime/7.28.4"

info: ::1 - - [11/Jan/2022:18:10:20 +0000] "POST /api/v1/register/addnote HTTP/1.1" 500 56 "-" "PostmanRuntime/7.28.4"

info: ::1 - - [11/Jan/2022:18:10:58 +0000] "POST /api/v1/register/addnote HTTP/1.1" 500 56 "-" "PostmanRuntime/7.28.4"

info: ::ffff:127.0.0.1 - - [11/Jan/2022:18:11:27 +0000] "POST /api/v1/register/addnote HTTP/1.1" 500 56 "-" "PostmanRuntime/7.28.4"

info: ::1 - - [11/Jan/2022:18:11:29 +0000] "POST /api/v1/register/addnote HTTP/1.1" 500 56 "-" "PostmanRuntime/7.28.4"

info: ::1 - - [11/Jan/2022:18:11:30 +0000] "POST /api/v1/register/addnote HTTP/1.1" 500 56 "-" "PostmanRuntime/7.28.4"

info: ::1 - - [11/Jan/2022:18:11:31 +0000] "POST /api/v1/register/addnote HTTP/1.1" 500 56 "-" "PostmanRuntime/7.28.4"

info: ::1 - - [11/Jan/2022:18:12:48 +0000] "POST /api/v1/register/addnote HTTP/1.1" 200 288 "-" "PostmanRuntime/7.28.4"

info: ::1 - - [11/Jan/2022:18:13:38 +0000] "POST /api/v1/register/addnote HTTP/1.1" 200 288 "-" "PostmanRuntime/7.28.4"

info: ::1 - - [11/Jan/2022:18:14:35 +0000] "POST /api/v1/register/addnote HTTP/1.1" 200 288 "-" "PostmanRuntime/7.28.4"

info: ::1 - - [11/Jan/2022:18:14:42 +0000] "POST /api/v1/register/addnote HTTP/1.1" 500 75 "-" "PostmanRuntime/7.28.4"

info: ::ffff:127.0.0.1 - - [11/Jan/2022:18:15:26 +0000] "POST /api/v1/register/addnote HTTP/1.1" 200 324 "-" "PostmanRuntime/7.28.4"

info: ::1 - - [11/Jan/2022:18:17:00 +0000] "POST /api/v1/register/addnote HTTP/1.1" 500 75 "-" "PostmanRuntime/7.28.4"

info: ::1 - - [11/Jan/2022:18:17:07 +0000] "POST /api/v1/register/addnote HTTP/1.1" 200 325 "-" "PostmanRuntime/7.28.4"

info: ::1 - - [11/Jan/2022:18:17:21 +0000] "POST /api/v1/register/addnote HTTP/1.1" 500 75 "-" "PostmanRuntime/7.28.4"

info: ::1 - - [11/Jan/2022:18:17:26 +0000] "POST /api/v1/register/addnote HTTP/1.1" 200 324 "-" "PostmanRuntime/7.28.4"

info: ::1 - - [11/Jan/2022:18:17:41 +0000] "POST /api/v1/register/addnote HTTP/1.1" 500 75 "-" "PostmanRuntime/7.28.4"

info: ::1 - - [11/Jan/2022:18:17:46 +0000] "POST /api/v1/register/addnote HTTP/1.1" 500 75 "-" "PostmanRuntime/7.28.4"

info: ::1 - - [11/Jan/2022:18:17:54 +0000] "POST /api/v1/register/addnote HTTP/1.1" 200 324 "-" "PostmanRuntime/7.28.4"

info: ::1 - - [11/Jan/2022:18:18:13 +0000] "POST /api/v1/register/addnote HTTP/1.1" 500 75 "-" "PostmanRuntime/7.28.4"

info: ::1 - - [11/Jan/2022:18:18:19 +0000] "POST /api/v1/register/addnote HTTP/1.1" 500 75 "-" "PostmanRuntime/7.28.4"

info: ::1 - - [11/Jan/2022:18:18:44 +0000] "POST /api/v1/register/addnote HTTP/1.1" 200 323 "-" "PostmanRuntime/7.28.4"

info: ::1 - - [11/Jan/2022:18:19:02 +0000] "POST /api/v1/register/addnote HTTP/1.1" 500 75 "-" "PostmanRuntime/7.28.4"

info: ::1 - - [11/Jan/2022:18:19:19 +0000] "POST /api/v1/register/addnote HTTP/1.1" 200 324 "-" "PostmanRuntime/7.28.4"

info: ::1 - - [11/Jan/2022:18:19:29 +0000] "POST /api/v1/register/addnote HTTP/1.1" 500 75 "-" "PostmanRuntime/7.28.4"

info: ::1 - - [11/Jan/2022:18:20:12 +0000] "POST /api/v1/register/addnote HTTP/1.1" 500 75 "-" "PostmanRuntime/7.28.4"

info: ::1 - - [11/Jan/2022:18:20:13 +0000] "POST /api/v1/register/addnote HTTP/1.1" 500 75 "-" "PostmanRuntime/7.28.4"

info: ::1 - - [11/Jan/2022:18:20:15 +0000] "POST /api/v1/register/addnote HTTP/1.1" 500 75 "-" "PostmanRuntime/7.28.4"

info: ::1 - - [11/Jan/2022:18:20:15 +0000] "POST /api/v1/register/addnote HTTP/1.1" 500 75 "-" "PostmanRuntime/7.28.4"

info: ::1 - - [11/Jan/2022:18:20:15 +0000] "POST /api/v1/register/addnote HTTP/1.1" 500 75 "-" "PostmanRuntime/7.28.4"

info: ::1 - - [11/Jan/2022:18:20:25 +0000] "POST /api/v1/register/addnote HTTP/1.1" 500 75 "-" "PostmanRuntime/7.28.4"

info: ::ffff:127.0.0.1 - - [11/Jan/2022:18:21:21 +0000] "POST /api/v1/register/addnote HTTP/1.1" 500 75 "-" "PostmanRuntime/7.28.4"

info: ::1 - - [11/Jan/2022:18:21:51 +0000] "POST /api/v1/register/addnote HTTP/1.1" 200 325 "-" "PostmanRuntime/7.28.4"

info: ::1 - - [11/Jan/2022:18:22:07 +0000] "POST /api/v1/register/addnote HTTP/1.1" 500 75 "-" "PostmanRuntime/7.28.4"

info: ::1 - - [11/Jan/2022:18:22:10 +0000] "POST /api/v1/register/addnote HTTP/1.1" 500 75 "-" "PostmanRuntime/7.28.4"

info: ::1 - - [11/Jan/2022:18:22:24 +0000] "POST /api/v1/register/addnote HTTP/1.1" 500 75 "-" "PostmanRuntime/7.28.4"

info: ::1 - - [11/Jan/2022:18:22:25 +0000] "POST /api/v1/register/addnote HTTP/1.1" 500 75 "-" "PostmanRuntime/7.28.4"

info: ::1 - - [11/Jan/2022:18:23:36 +0000] "POST /api/v1/register/addnote HTTP/1.1" 200 325 "-" "PostmanRuntime/7.28.4"

info: ::1 - - [11/Jan/2022:18:24:39 +0000] "POST /api/v1/register/addnote HTTP/1.1" 200 325 "-" "PostmanRuntime/7.28.4"

info: ::1 - - [11/Jan/2022:18:26:05 +0000] "POST /api/v1/register/addnote HTTP/1.1" 200 325 "-" "PostmanRuntime/7.28.4"

info: ::1 - - [11/Jan/2022:18:26:15 +0000] "POST /api/v1/register/addnote HTTP/1.1" 200 325 "-" "PostmanRuntime/7.28.4"

