info: ::ffff:127.0.0.1 - - [14/Jan/2022:06:46:34 +0000] "GET /api/v1/register HTTP/1.1" 404 47 "-" "node-superagent/3.8.3"

info: ::ffff:127.0.0.1 - - [14/Jan/2022:06:48:45 +0000] "GET /api/v1/users HTTP/1.1" 404 47 "-" "node-superagent/3.8.3"

info: ::1 - - [14/Jan/2022:06:59:43 +0000] "POST /api/v1/register/forgetpassword HTTP/1.1" 200 47 "-" "PostmanRuntime/7.28.4"

info: ::ffff:127.0.0.1 - - [14/Jan/2022:07:00:35 +0000] "POST /api/v1/register/forgetpassword HTTP/1.1" 200 47 "-" "PostmanRuntime/7.28.4"

info: ::1 - - [14/Jan/2022:07:01:04 +0000] "POST /api/v1/register/forgetpassword HTTP/1.1" 200 47 "-" "PostmanRuntime/7.28.4"

info: ::1 - - [14/Jan/2022:07:02:24 +0000] "POST /api/v1/register/forgetpassword HTTP/1.1" 200 47 "-" "PostmanRuntime/7.28.4"

info: ::1 - - [14/Jan/2022:07:02:39 +0000] "POST /api/v1/register/forgetpassword HTTP/1.1" 200 47 "-" "PostmanRuntime/7.28.4"

info: ::1 - - [14/Jan/2022:07:08:25 +0000] "POST /api/v1/register/forgetpassword HTTP/1.1" 200 47 "-" "PostmanRuntime/7.28.4"

info: ::ffff:127.0.0.1 - - [14/Jan/2022:07:08:50 +0000] "POST /api/v1/register/forgetpassword HTTP/1.1" 200 47 "-" "PostmanRuntime/7.28.4"

info: ::ffff:127.0.0.1 - - [14/Jan/2022:07:10:14 +0000] "POST /api/v1/register/forgetpassword HTTP/1.1" 200 47 "-" "PostmanRuntime/7.28.4"

info: ::1 - - [14/Jan/2022:07:21:33 +0000] "POST /api/v1/register/forgetpassword HTTP/1.1" 200 47 "-" "PostmanRuntime/7.28.4"

info: ::ffff:127.0.0.1 - - [14/Jan/2022:07:24:04 +0000] "POST /api/v1/register/forgetpassword HTTP/1.1" 200 47 "-" "PostmanRuntime/7.28.4"

info: ::ffff:127.0.0.1 - - [14/Jan/2022:07:26:16 +0000] "POST /api/v1/register/forgetpassword HTTP/1.1" 200 47 "-" "PostmanRuntime/7.28.4"

info: ::ffff:127.0.0.1 - - [14/Jan/2022:07:26:18 +0000] "POST /api/v1/register/forgetpassword HTTP/1.1" 200 47 "-" "PostmanRuntime/7.28.4"

info: ::1 - - [14/Jan/2022:07:29:04 +0000] "POST /api/v1/register/forgetpassword HTTP/1.1" 200 47 "-" "PostmanRuntime/7.28.4"

info: ::1 - - [14/Jan/2022:07:53:26 +0000] "POST /api/v1/register/forgetpassword HTTP/1.1" 200 47 "-" "PostmanRuntime/7.28.4"

info: ::1 - - [14/Jan/2022:07:57:30 +0000] "POST /api/v1/register/forgetpassword HTTP/1.1" 200 47 "-" "PostmanRuntime/7.28.4"

info: ::1 - - [14/Jan/2022:08:10:21 +0000] "POST /api/v1/register/forgetpassword HTTP/1.1" 200 47 "-" "PostmanRuntime/7.28.4"

info: ::1 - - [14/Jan/2022:08:10:46 +0000] "POST /api/v1/register/forgetpassword HTTP/1.1" 200 47 "-" "PostmanRuntime/7.28.4"

info: ::1 - - [14/Jan/2022:08:12:22 +0000] "POST /api/v1/register/forgetpassword HTTP/1.1" 200 47 "-" "PostmanRuntime/7.28.4"

info: ::1 - - [14/Jan/2022:08:15:31 +0000] "POST /api/v1/register/forgetpassword HTTP/1.1" 200 47 "-" "PostmanRuntime/7.28.4"

info: ::1 - - [14/Jan/2022:08:18:23 +0000] "POST /api/v1/register/forgetpassword HTTP/1.1" 200 47 "-" "PostmanRuntime/7.28.4"

info: ::1 - - [14/Jan/2022:08:19:20 +0000] "POST /api/v1/register/forgetpassword HTTP/1.1" 200 47 "-" "PostmanRuntime/7.28.4"

info: ::1 - - [14/Jan/2022:08:20:53 +0000] "POST /api/v1/register/forgetpassword HTTP/1.1" 200 47 "-" "PostmanRuntime/7.28.4"

info: ::1 - - [14/Jan/2022:08:21:04 +0000] "POST /api/v1/register/forgetpassword HTTP/1.1" 200 47 "-" "PostmanRuntime/7.28.4"

info: ::1 - - [14/Jan/2022:08:24:16 +0000] "POST /api/v1/register/forgetpassword HTTP/1.1" 500 76 "-" "PostmanRuntime/7.28.4"

info: ::1 - - [14/Jan/2022:08:25:31 +0000] "POST /api/v1/register/forgetpassword HTTP/1.1" 200 47 "-" "PostmanRuntime/7.28.4"

info: ::1 - - [14/Jan/2022:08:25:34 +0000] "POST /api/v1/register/forgetpassword HTTP/1.1" 200 47 "-" "PostmanRuntime/7.28.4"

info: ::1 - - [14/Jan/2022:08:25:35 +0000] "POST /api/v1/register/forgetpassword HTTP/1.1" 200 47 "-" "PostmanRuntime/7.28.4"

info: ::1 - - [14/Jan/2022:08:25:37 +0000] "POST /api/v1/register/forgetpassword HTTP/1.1" 200 47 "-" "PostmanRuntime/7.28.4"

info: ::1 - - [14/Jan/2022:08:29:29 +0000] "POST /api/v1/register/forgetpassword HTTP/1.1" 200 47 "-" "PostmanRuntime/7.28.4"

info: ::1 - - [14/Jan/2022:08:29:57 +0000] "POST /api/v1/register/forgetpassword HTTP/1.1" 200 47 "-" "PostmanRuntime/7.28.4"

info: ::ffff:127.0.0.1 - - [14/Jan/2022:08:31:08 +0000] "POST /api/v1/register/forgetpassword HTTP/1.1" 200 47 "-" "PostmanRuntime/7.28.4"

info: ::1 - - [14/Jan/2022:08:36:32 +0000] "POST /api/v1/register/forgetpassword HTTP/1.1" 200 47 "-" "PostmanRuntime/7.28.4"

info: ::1 - - [14/Jan/2022:10:14:50 +0000] "GET /api/v1/ HTTP/1.1" 200 9 "-" "PostmanRuntime/7.28.4"

info: ::1 - - [14/Jan/2022:10:28:03 +0000] "GET /api/v1/isDelete HTTP/1.1" 404 47 "-" "PostmanRuntime/7.28.4"

info: ::1 - - [14/Jan/2022:10:28:08 +0000] "GET /api/v1/isDelete HTTP/1.1" 404 47 "-" "PostmanRuntime/7.28.4"

