info: ::1 - - [19/Jan/2022:18:39:48 +0000] "POST /api/v1/register/login HTTP/1.1" 200 248 "http://localhost:5000/api-docs/" "Mozilla/5.0 (Windows NT 10.0; Win64; x64) AppleWebKit/537.36 (KHTML, like Gecko) Chrome/97.0.4692.71 Safari/537.36"

info: ::1 - - [19/Jan/2022:18:41:53 +0000] "GET /api/v1/register/getnote HTTP/1.1" 500 74 "http://localhost:5000/api-docs/" "Mozilla/5.0 (Windows NT 10.0; Win64; x64) AppleWebKit/537.36 (KHTML, like Gecko) Chrome/97.0.4692.71 Safari/537.36"

info: ::1 - - [19/Jan/2022:18:48:22 +0000] "GET /api/v1/register/getnote HTTP/1.1" - - "-" "PostmanRuntime/7.29.0"

info: ::1 - - [19/Jan/2022:18:54:44 +0000] "GET /api/v1/register/getnote HTTP/1.1" 500 76 "-" "PostmanRuntime/7.29.0"

info: ::1 - - [19/Jan/2022:19:18:59 +0000] "GET /api/v1/register/getnote HTTP/1.1" 500 72 "-" "PostmanRuntime/7.29.0"

info: ::1 - - [19/Jan/2022:19:19:37 +0000] "GET /api/v1/register/getnote HTTP/1.1" 500 74 "-" "PostmanRuntime/7.29.0"

info: ::1 - - [19/Jan/2022:19:19:39 +0000] "GET /api/v1/register/getnote HTTP/1.1" 500 74 "-" "PostmanRuntime/7.29.0"

info: ::1 - - [19/Jan/2022:19:19:54 +0000] "GET /api/v1/register/getnote HTTP/1.1" 500 74 "-" "PostmanRuntime/7.29.0"

info: ::1 - - [19/Jan/2022:19:20:55 +0000] "GET /api/v1/register/getnote HTTP/1.1" 500 74 "-" "PostmanRuntime/7.29.0"

info: ::1 - - [19/Jan/2022:19:23:40 +0000] "GET /api/v1/register/getnote HTTP/1.1" 500 74 "-" "PostmanRuntime/7.29.0"

info: ::1 - - [19/Jan/2022:19:23:42 +0000] "GET /api/v1/register/getnote HTTP/1.1" 500 74 "-" "PostmanRuntime/7.29.0"

info: ::1 - - [19/Jan/2022:19:23:43 +0000] "GET /api/v1/register/getnote HTTP/1.1" 500 74 "-" "PostmanRuntime/7.29.0"

info: ::1 - - [19/Jan/2022:19:23:43 +0000] "GET /api/v1/register/getnote HTTP/1.1" 500 74 "-" "PostmanRuntime/7.29.0"

info: ::1 - - [19/Jan/2022:19:24:29 +0000] "GET /api/v1/register/getnote HTTP/1.1" 500 76 "-" "PostmanRuntime/7.29.0"

info: ::1 - - [19/Jan/2022:19:24:32 +0000] "GET /api/v1/register/getnote HTTP/1.1" 500 76 "-" "PostmanRuntime/7.29.0"

info: ::1 - - [19/Jan/2022:19:36:10 +0000] "GET /api/v1/register/getnote HTTP/1.1" 500 56 "-" "PostmanRuntime/7.29.0"

info: ::1 - - [19/Jan/2022:19:38:39 +0000] "GET /api/v1/register/getnote HTTP/1.1" 200 60 "-" "PostmanRuntime/7.29.0"

info: ::1 - - [19/Jan/2022:19:41:27 +0000] "GET /api/v1/register/getnote HTTP/1.1" - - "-" "PostmanRuntime/7.29.0"

info: ::1 - - [19/Jan/2022:19:47:05 +0000] "GET /api/v1/register/getnote HTTP/1.1" 200 60 "-" "PostmanRuntime/7.29.0"

info: ::1 - - [19/Jan/2022:19:47:06 +0000] "GET /api/v1/register/getnote HTTP/1.1" 200 60 "-" "PostmanRuntime/7.29.0"

info: ::1 - - [19/Jan/2022:19:47:53 +0000] "GET /api/v1/register/getnote HTTP/1.1" 500 150 "-" "PostmanRuntime/7.29.0"

info: ::1 - - [19/Jan/2022:19:48:02 +0000] "GET /api/v1/register/getnote HTTP/1.1" 500 150 "-" "PostmanRuntime/7.29.0"

info: ::1 - - [19/Jan/2022:19:48:51 +0000] "GET /api/v1/register/getnote HTTP/1.1" 200 60 "-" "PostmanRuntime/7.29.0"

info: ::1 - - [19/Jan/2022:19:49:29 +0000] "GET /api/v1/register/getnote HTTP/1.1" 200 60 "-" "PostmanRuntime/7.29.0"

info: ::1 - - [19/Jan/2022:19:52:18 +0000] "GET /api/v1/register/isArchived HTTP/1.1" 200 816 "-" "PostmanRuntime/7.29.0"

info: ::1 - - [19/Jan/2022:19:53:13 +0000] "GET /api/v1/register/isArchived HTTP/1.1" 200 816 "-" "PostmanRuntime/7.29.0"

info: ::1 - - [19/Jan/2022:19:53:45 +0000] "GET /api/v1/register/isArchived HTTP/1.1" 500 56 "-" "PostmanRuntime/7.29.0"

info: ::1 - - [19/Jan/2022:19:53:48 +0000] "GET /api/v1/register/isArchived HTTP/1.1" 500 56 "-" "PostmanRuntime/7.29.0"

info: ::1 - - [19/Jan/2022:19:54:23 +0000] "GET /api/v1/register/isArchived HTTP/1.1" 500 74 "-" "PostmanRuntime/7.29.0"

info: ::1 - - [19/Jan/2022:20:09:03 +0000] "GET /api/v1/register/isArchived HTTP/1.1" 500 77 "-" "PostmanRuntime/7.29.0"

info: ::1 - - [19/Jan/2022:20:09:04 +0000] "GET /api/v1/register/isArchived HTTP/1.1" 500 77 "-" "PostmanRuntime/7.29.0"

info: ::1 - - [19/Jan/2022:20:09:49 +0000] "GET /api/v1/register/isArchived HTTP/1.1" 500 150 "-" "PostmanRuntime/7.29.0"

info: ::1 - - [19/Jan/2022:20:09:50 +0000] "GET /api/v1/register/isArchived HTTP/1.1" 500 150 "-" "PostmanRuntime/7.29.0"

info: ::1 - - [19/Jan/2022:20:10:21 +0000] "GET /api/v1/register/isArchived HTTP/1.1" 200 816 "-" "PostmanRuntime/7.29.0"

info: ::1 - - [19/Jan/2022:20:10:30 +0000] "GET /api/v1/register/isArchived HTTP/1.1" 200 816 "-" "PostmanRuntime/7.29.0"

info: ::1 - - [19/Jan/2022:20:14:33 +0000] "GET /api/v1/register/isArchived HTTP/1.1" 200 816 "-" "PostmanRuntime/7.29.0"

info: ::1 - - [19/Jan/2022:20:15:05 +0000] "GET /api/v1/register/isArchived HTTP/1.1" 500 55 "-" "PostmanRuntime/7.29.0"

info: ::1 - - [19/Jan/2022:20:16:44 +0000] "GET /api/v1/register/isArchived HTTP/1.1" 500 55 "-" "PostmanRuntime/7.29.0"

info: ::1 - - [19/Jan/2022:20:17:27 +0000] "GET /api/v1/register/isArchived HTTP/1.1" 500 55 "-" "PostmanRuntime/7.29.0"

info: ::1 - - [19/Jan/2022:20:24:28 +0000] "GET /api/v1/register/isArchived HTTP/1.1" - - "-" "PostmanRuntime/7.29.0"

info: ::1 - - [20/Jan/2022:05:21:51 +0000] "GET /api/v1/register/isArchived HTTP/1.1" 500 72 "-" "PostmanRuntime/7.29.0"

info: ::1 - - [20/Jan/2022:05:22:00 +0000] "GET /api/v1/register/isArchived HTTP/1.1" 500 72 "-" "PostmanRuntime/7.29.0"

info: ::1 - - [20/Jan/2022:05:22:38 +0000] "GET /api/v1/register/isArchived HTTP/1.1" 200 816 "-" "PostmanRuntime/7.29.0"

info: ::1 - - [20/Jan/2022:05:43:55 +0000] "GET /api/v1/register/isArchived HTTP/1.1" 200 816 "-" "PostmanRuntime/7.29.0"

info: ::1 - - [20/Jan/2022:05:45:28 +0000] "GET /api/v1/register/isArchived HTTP/1.1" - - "-" "PostmanRuntime/7.29.0"

info: ::1 - - [20/Jan/2022:05:49:13 +0000] "GET /api/v1/register/isArchived HTTP/1.1" - - "-" "PostmanRuntime/7.29.0"

info: ::1 - - [20/Jan/2022:05:53:54 +0000] "GET /api/v1/register/isArchived HTTP/1.1" 500 75 "-" "PostmanRuntime/7.29.0"

info: ::1 - - [20/Jan/2022:05:56:26 +0000] "GET /api/v1/register/isArchived HTTP/1.1" 500 75 "-" "PostmanRuntime/7.29.0"

info: ::1 - - [20/Jan/2022:06:02:41 +0000] "GET /api/v1/register/isArchived HTTP/1.1" 500 75 "-" "PostmanRuntime/7.29.0"

info: ::1 - - [20/Jan/2022:06:08:04 +0000] "GET /api/v1/register/isArchived HTTP/1.1" 500 75 "-" "PostmanRuntime/7.29.0"

info: ::1 - - [20/Jan/2022:06:10:12 +0000] "GET /api/v1/register/isArchived HTTP/1.1" 200 2 "-" "PostmanRuntime/7.29.0"

info: ::1 - - [20/Jan/2022:06:10:39 +0000] "GET /api/v1/register/isArchived HTTP/1.1" 200 2 "-" "PostmanRuntime/7.29.0"

info: ::1 - - [20/Jan/2022:06:11:28 +0000] "GET /api/v1/register/isArchived HTTP/1.1" 200 2 "-" "PostmanRuntime/7.29.0"

info: ::1 - - [20/Jan/2022:06:12:30 +0000] "GET /api/v1/register/isArchived HTTP/1.1" 200 749 "-" "PostmanRuntime/7.29.0"

info: ::1 - - [20/Jan/2022:06:13:23 +0000] "GET /api/v1/register/isArchived HTTP/1.1" 200 749 "-" "PostmanRuntime/7.29.0"

info: ::1 - - [20/Jan/2022:06:27:20 +0000] "GET /eyJhbGciOiJIUzI1NiIsInR5cCI6IkpXVCJ9.eyJFbWFpbCI6InZpc2hnaXJhc2U5NUBnbWFpbC5jb20iLCJpYXQiOjE2NDI1NjgxMTF9.x8lSEkH-2p4y3akjTYcpf0fQZbTfhwB9PDbZ1QuCgaA HTTP/1.1" 404 47 "-" "Mozilla/5.0 (Windows NT 10.0; Win64; x64) AppleWebKit/537.36 (KHTML, like Gecko) Chrome/97.0.4692.71 Safari/537.36"

info: ::1 - - [20/Jan/2022:06:27:27 +0000] "GET /images/icons/gear.png HTTP/1.1" 404 47 "-" "Mozilla/5.0 (Windows NT 10.0; Win64; x64) AppleWebKit/537.36 (KHTML, like Gecko) Chrome/97.0.4692.71 Safari/537.36"

info: ::1 - - [20/Jan/2022:06:58:33 +0000] "GET /api/v1/register/isArchived HTTP/1.1" 200 799 "-" "PostmanRuntime/7.29.0"

info: ::1 - - [20/Jan/2022:06:58:50 +0000] "GET /api/v1/register/isArchived HTTP/1.1" 200 816 "-" "PostmanRuntime/7.29.0"

info: ::1 - - [20/Jan/2022:07:29:55 +0000] "GET /api/v1/register/isArchived HTTP/1.1" 200 799 "-" "PostmanRuntime/7.29.0"

info: ::1 - - [20/Jan/2022:07:29:57 +0000] "GET /api/v1/register/isArchived HTTP/1.1" 200 799 "-" "PostmanRuntime/7.29.0"

info: ::1 - - [20/Jan/2022:07:30:29 +0000] "GET /api/v1/register/isArchived HTTP/1.1" 200 54 "-" "PostmanRuntime/7.29.0"

info: ::1 - - [20/Jan/2022:07:31:19 +0000] "GET /api/v1/register/isArchived HTTP/1.1" 200 54 "-" "PostmanRuntime/7.29.0"

info: ::1 - - [20/Jan/2022:07:31:41 +0000] "GET /api/v1/register/isArchived HTTP/1.1" 200 799 "-" "PostmanRuntime/7.29.0"

info: ::1 - - [20/Jan/2022:07:31:58 +0000] "GET /api/v1/register/isArchived HTTP/1.1" 200 816 "-" "PostmanRuntime/7.29.0"

info: ::1 - - [20/Jan/2022:07:31:59 +0000] "GET /api/v1/register/isArchived HTTP/1.1" 200 816 "-" "PostmanRuntime/7.29.0"

info: ::1 - - [20/Jan/2022:07:33:15 +0000] "GET /api/v1/register/isArchived HTTP/1.1" 200 816 "-" "PostmanRuntime/7.29.0"

info: ::1 - - [20/Jan/2022:07:33:20 +0000] "GET /api/v1/register/isArchived HTTP/1.1" 200 816 "-" "PostmanRuntime/7.29.0"

info: ::1 - - [20/Jan/2022:07:33:21 +0000] "GET /api/v1/register/isArchived HTTP/1.1" 200 816 "-" "PostmanRuntime/7.29.0"

info: ::1 - - [20/Jan/2022:07:48:11 +0000] "DELETE /api/v1/register/delete/61e7c366f351885bdcf808f9 HTTP/1.1" 200 305 "-" "PostmanRuntime/7.29.0"

info: ::1 - - [20/Jan/2022:08:30:50 +0000] "GET /api/v1/register/isArchived HTTP/1.1" 200 799 "-" "PostmanRuntime/7.29.0"

info: ::1 - - [20/Jan/2022:08:31:30 +0000] "DELETE /api/v1/register/delete/61e7d8ce40ea5e4f2462975f HTTP/1.1" 200 71 "-" "PostmanRuntime/7.29.0"

info: ::1 - - [20/Jan/2022:08:31:34 +0000] "DELETE /api/v1/register/delete/61e7d8ce40ea5e4f2462975f HTTP/1.1" 200 71 "-" "PostmanRuntime/7.29.0"

info: ::1 - - [20/Jan/2022:08:31:47 +0000] "GET /api/v1/register/isArchived HTTP/1.1" 500 54 "-" "PostmanRuntime/7.29.0"

info: ::1 - - [20/Jan/2022:08:31:53 +0000] "GET /api/v1/register/isArchived HTTP/1.1" 500 54 "-" "PostmanRuntime/7.29.0"

info: ::1 - - [20/Jan/2022:08:31:54 +0000] "GET /api/v1/register/isArchived HTTP/1.1" 500 54 "-" "PostmanRuntime/7.29.0"

info: ::1 - - [20/Jan/2022:08:34:37 +0000] "GET /api/v1/register/isArchived HTTP/1.1" 500 75 "-" "PostmanRuntime/7.29.0"

info: ::1 - - [20/Jan/2022:08:34:39 +0000] "GET /api/v1/register/isArchived HTTP/1.1" 500 75 "-" "PostmanRuntime/7.29.0"

info: ::1 - - [20/Jan/2022:08:34:40 +0000] "GET /api/v1/register/isArchived HTTP/1.1" 500 75 "-" "PostmanRuntime/7.29.0"

info: ::1 - - [20/Jan/2022:08:35:39 +0000] "GET /api/v1/register/isArchived HTTP/1.1" 500 75 "-" "PostmanRuntime/7.29.0"

info: ::1 - - [20/Jan/2022:08:35:43 +0000] "GET /api/v1/register/isArchived HTTP/1.1" 500 75 "-" "PostmanRuntime/7.29.0"

info: ::1 - - [20/Jan/2022:08:36:52 +0000] "GET /api/v1/register/isArchived HTTP/1.1" 500 75 "-" "PostmanRuntime/7.29.0"

info: ::1 - - [20/Jan/2022:08:38:17 +0000] "GET /api/v1/register/trashed HTTP/1.1" 200 316 "-" "PostmanRuntime/7.29.0"

info: ::1 - - [20/Jan/2022:08:38:36 +0000] "GET /api/v1/register/isArchived HTTP/1.1" 500 75 "-" "PostmanRuntime/7.29.0"

info: ::1 - - [20/Jan/2022:08:40:45 +0000] "GET /api/v1/register/isArchived HTTP/1.1" 200 317 "-" "PostmanRuntime/7.29.0"

info: ::1 - - [20/Jan/2022:08:42:04 +0000] "GET /api/v1/register/isArchived HTTP/1.1" 200 300 "-" "PostmanRuntime/7.29.0"

info: ::1 - - [20/Jan/2022:08:42:32 +0000] "DELETE /api/v1/register/delete/61e7d8c440ea5e4f2462975d HTTP/1.1" 200 71 "-" "PostmanRuntime/7.29.0"

info: ::1 - - [20/Jan/2022:08:42:45 +0000] "GET /api/v1/register/isArchived HTTP/1.1" 200 69 "-" "PostmanRuntime/7.29.0"

info: ::1 - - [20/Jan/2022:08:49:52 +0000] "POST /api/v1/register/login HTTP/1.1" 200 248 "http://localhost:5000/api-docs/" "Mozilla/5.0 (Windows NT 10.0; Win64; x64) AppleWebKit/537.36 (KHTML, like Gecko) Chrome/97.0.4692.71 Safari/537.36"

info: ::1 - - [20/Jan/2022:08:50:36 +0000] "GET /api/v1/register/getnote HTTP/1.1" 200 60 "http://localhost:5000/api-docs/" "Mozilla/5.0 (Windows NT 10.0; Win64; x64) AppleWebKit/537.36 (KHTML, like Gecko) Chrome/97.0.4692.71 Safari/537.36"

info: ::1 - - [20/Jan/2022:08:50:57 +0000] "POST /api/v1/register/addnote HTTP/1.1" 500 244 "http://localhost:5000/api-docs/" "Mozilla/5.0 (Windows NT 10.0; Win64; x64) AppleWebKit/537.36 (KHTML, like Gecko) Chrome/97.0.4692.71 Safari/537.36"

info: ::1 - - [20/Jan/2022:08:51:05 +0000] "POST /api/v1/register/addnote HTTP/1.1" 500 244 "http://localhost:5000/api-docs/" "Mozilla/5.0 (Windows NT 10.0; Win64; x64) AppleWebKit/537.36 (KHTML, like Gecko) Chrome/97.0.4692.71 Safari/537.36"

info: ::1 - - [20/Jan/2022:08:51:28 +0000] "POST /api/v1/register/addnote HTTP/1.1" 200 304 "http://localhost:5000/api-docs/" "Mozilla/5.0 (Windows NT 10.0; Win64; x64) AppleWebKit/537.36 (KHTML, like Gecko) Chrome/97.0.4692.71 Safari/537.36"

info: ::1 - - [20/Jan/2022:08:51:30 +0000] "POST /api/v1/register/addnote HTTP/1.1" 200 304 "http://localhost:5000/api-docs/" "Mozilla/5.0 (Windows NT 10.0; Win64; x64) AppleWebKit/537.36 (KHTML, like Gecko) Chrome/97.0.4692.71 Safari/537.36"

info: ::1 - - [20/Jan/2022:08:51:49 +0000] "POST /api/v1/register/addnote HTTP/1.1" 200 306 "http://localhost:5000/api-docs/" "Mozilla/5.0 (Windows NT 10.0; Win64; x64) AppleWebKit/537.36 (KHTML, like Gecko) Chrome/97.0.4692.71 Safari/537.36"

info: ::1 - - [20/Jan/2022:08:52:29 +0000] "POST /api/v1/register/addnote HTTP/1.1" 200 306 "http://localhost:5000/api-docs/" "Mozilla/5.0 (Windows NT 10.0; Win64; x64) AppleWebKit/537.36 (KHTML, like Gecko) Chrome/97.0.4692.71 Safari/537.36"

info: ::1 - - [20/Jan/2022:08:52:41 +0000] "GET /api/v1/register/getnote HTTP/1.1" 200 563 "http://localhost:5000/api-docs/" "Mozilla/5.0 (Windows NT 10.0; Win64; x64) AppleWebKit/537.36 (KHTML, like Gecko) Chrome/97.0.4692.71 Safari/537.36"

info: ::1 - - [20/Jan/2022:08:53:57 +0000] "GET /api/v1/register/getnote HTTP/1.1" 200 52 "http://localhost:5000/api-docs/" "Mozilla/5.0 (Windows NT 10.0; Win64; x64) AppleWebKit/537.36 (KHTML, like Gecko) Chrome/97.0.4692.71 Safari/537.36"

info: ::1 - - [20/Jan/2022:08:54:04 +0000] "GET /api/v1/register/getnote HTTP/1.1" 304 - "http://localhost:5000/api-docs/" "Mozilla/5.0 (Windows NT 10.0; Win64; x64) AppleWebKit/537.36 (KHTML, like Gecko) Chrome/97.0.4692.71 Safari/537.36"

info: ::ffff:127.0.0.1 - - [20/Jan/2022:08:55:43 +0000] "GET /api/v1/register/getnote HTTP/1.1" 304 - "http://localhost:5000/api-docs/" "Mozilla/5.0 (Windows NT 10.0; Win64; x64) AppleWebKit/537.36 (KHTML, like Gecko) Chrome/97.0.4692.71 Safari/537.36"

info: ::ffff:127.0.0.1 - - [20/Jan/2022:08:55:49 +0000] "GET /api/v1/register/getnote HTTP/1.1" 304 - "http://localhost:5000/api-docs/" "Mozilla/5.0 (Windows NT 10.0; Win64; x64) AppleWebKit/537.36 (KHTML, like Gecko) Chrome/97.0.4692.71 Safari/537.36"

info: ::ffff:127.0.0.1 - - [20/Jan/2022:08:55:50 +0000] "GET /api/v1/register/getnote HTTP/1.1" 304 - "http://localhost:5000/api-docs/" "Mozilla/5.0 (Windows NT 10.0; Win64; x64) AppleWebKit/537.36 (KHTML, like Gecko) Chrome/97.0.4692.71 Safari/537.36"

info: ::ffff:127.0.0.1 - - [20/Jan/2022:08:55:51 +0000] "GET /api/v1/register/getnote HTTP/1.1" 304 - "http://localhost:5000/api-docs/" "Mozilla/5.0 (Windows NT 10.0; Win64; x64) AppleWebKit/537.36 (KHTML, like Gecko) Chrome/97.0.4692.71 Safari/537.36"

info: ::ffff:127.0.0.1 - - [20/Jan/2022:08:55:51 +0000] "GET /api/v1/register/getnote HTTP/1.1" 304 - "http://localhost:5000/api-docs/" "Mozilla/5.0 (Windows NT 10.0; Win64; x64) AppleWebKit/537.36 (KHTML, like Gecko) Chrome/97.0.4692.71 Safari/537.36"

info: ::ffff:127.0.0.1 - - [20/Jan/2022:08:55:51 +0000] "GET /api/v1/register/getnote HTTP/1.1" 304 - "http://localhost:5000/api-docs/" "Mozilla/5.0 (Windows NT 10.0; Win64; x64) AppleWebKit/537.36 (KHTML, like Gecko) Chrome/97.0.4692.71 Safari/537.36"

info: ::1 - - [20/Jan/2022:08:56:27 +0000] "GET /api/v1/register/getnote HTTP/1.1" 304 - "http://localhost:5000/api-docs/" "Mozilla/5.0 (Windows NT 10.0; Win64; x64) AppleWebKit/537.36 (KHTML, like Gecko) Chrome/97.0.4692.71 Safari/537.36"

info: ::1 - - [20/Jan/2022:08:58:11 +0000] "GET /api/v1/register/getnote HTTP/1.1" - - "http://localhost:5000/api-docs/" "Mozilla/5.0 (Windows NT 10.0; Win64; x64) AppleWebKit/537.36 (KHTML, like Gecko) Chrome/97.0.4692.71 Safari/537.36"

info: ::1 - - [20/Jan/2022:08:58:11 +0000] "GET /api/v1/register/getnote HTTP/1.1" - - "http://localhost:5000/api-docs/" "Mozilla/5.0 (Windows NT 10.0; Win64; x64) AppleWebKit/537.36 (KHTML, like Gecko) Chrome/97.0.4692.71 Safari/537.36"

info: ::1 - - [20/Jan/2022:09:00:04 +0000] "GET /api/v1/register/getnote HTTP/1.1" 200 52 "http://localhost:5000/api-docs/" "Mozilla/5.0 (Windows NT 10.0; Win64; x64) AppleWebKit/537.36 (KHTML, like Gecko) Chrome/97.0.4692.71 Safari/537.36"

info: ::1 - - [20/Jan/2022:09:02:32 +0000] "GET /api/v1/register/getnote HTTP/1.1" 200 563 "http://localhost:5000/api-docs/" "Mozilla/5.0 (Windows NT 10.0; Win64; x64) AppleWebKit/537.36 (KHTML, like Gecko) Chrome/97.0.4692.71 Safari/537.36"

info: ::1 - - [20/Jan/2022:09:03:33 +0000] "GET /api/v1/register/getnote HTTP/1.1" 200 52 "http://localhost:5000/api-docs/" "Mozilla/5.0 (Windows NT 10.0; Win64; x64) AppleWebKit/537.36 (KHTML, like Gecko) Chrome/97.0.4692.71 Safari/537.36"

info: ::ffff:127.0.0.1 - - [20/Jan/2022:09:04:47 +0000] "GET /api/v1/register/getnote HTTP/1.1" 304 - "http://localhost:5000/api-docs/" "Mozilla/5.0 (Windows NT 10.0; Win64; x64) AppleWebKit/537.36 (KHTML, like Gecko) Chrome/97.0.4692.71 Safari/537.36"

info: ::ffff:127.0.0.1 - - [20/Jan/2022:09:05:32 +0000] "GET /api/v1/register/getnote HTTP/1.1" 304 - "http://localhost:5000/api-docs/" "Mozilla/5.0 (Windows NT 10.0; Win64; x64) AppleWebKit/537.36 (KHTML, like Gecko) Chrome/97.0.4692.71 Safari/537.36"

info: ::ffff:127.0.0.1 - - [20/Jan/2022:09:05:38 +0000] "GET /api/v1/register/getnote HTTP/1.1" 304 - "http://localhost:5000/api-docs/" "Mozilla/5.0 (Windows NT 10.0; Win64; x64) AppleWebKit/537.36 (KHTML, like Gecko) Chrome/97.0.4692.71 Safari/537.36"

info: ::ffff:127.0.0.1 - - [20/Jan/2022:09:05:39 +0000] "GET /api/v1/register/getnote HTTP/1.1" 304 - "http://localhost:5000/api-docs/" "Mozilla/5.0 (Windows NT 10.0; Win64; x64) AppleWebKit/537.36 (KHTML, like Gecko) Chrome/97.0.4692.71 Safari/537.36"

info: ::1 - - [20/Jan/2022:09:06:46 +0000] "GET /api/v1/register/getnote HTTP/1.1" 304 - "http://localhost:5000/api-docs/" "Mozilla/5.0 (Windows NT 10.0; Win64; x64) AppleWebKit/537.36 (KHTML, like Gecko) Chrome/97.0.4692.71 Safari/537.36"

info: ::1 - - [20/Jan/2022:09:08:28 +0000] "GET /api/v1/register/getnote HTTP/1.1" 304 - "http://localhost:5000/api-docs/" "Mozilla/5.0 (Windows NT 10.0; Win64; x64) AppleWebKit/537.36 (KHTML, like Gecko) Chrome/97.0.4692.71 Safari/537.36"

info: ::1 - - [20/Jan/2022:09:08:33 +0000] "GET /api/v1/register/getnote HTTP/1.1" 304 - "http://localhost:5000/api-docs/" "Mozilla/5.0 (Windows NT 10.0; Win64; x64) AppleWebKit/537.36 (KHTML, like Gecko) Chrome/97.0.4692.71 Safari/537.36"

info: ::1 - - [20/Jan/2022:09:09:59 +0000] "GET /api/v1/register/getnote HTTP/1.1" 304 - "http://localhost:5000/api-docs/" "Mozilla/5.0 (Windows NT 10.0; Win64; x64) AppleWebKit/537.36 (KHTML, like Gecko) Chrome/97.0.4692.71 Safari/537.36"

info: ::ffff:127.0.0.1 - - [20/Jan/2022:09:11:02 +0000] "GET /api/v1/register/getnote HTTP/1.1" 304 - "http://localhost:5000/api-docs/" "Mozilla/5.0 (Windows NT 10.0; Win64; x64) AppleWebKit/537.36 (KHTML, like Gecko) Chrome/97.0.4692.71 Safari/537.36"

info: ::1 - - [20/Jan/2022:09:13:17 +0000] "GET /api/v1/register/getnote HTTP/1.1" 304 - "http://localhost:5000/api-docs/" "Mozilla/5.0 (Windows NT 10.0; Win64; x64) AppleWebKit/537.36 (KHTML, like Gecko) Chrome/97.0.4692.71 Safari/537.36"

info: ::1 - - [20/Jan/2022:09:13:23 +0000] "GET /api/v1/register/getnote HTTP/1.1" 304 - "http://localhost:5000/api-docs/" "Mozilla/5.0 (Windows NT 10.0; Win64; x64) AppleWebKit/537.36 (KHTML, like Gecko) Chrome/97.0.4692.71 Safari/537.36"

info: ::1 - - [20/Jan/2022:09:15:12 +0000] "POST /api/v1/register/login HTTP/1.1" 200 248 "http://localhost:5000/api-docs/" "Mozilla/5.0 (Windows NT 10.0; Win64; x64) AppleWebKit/537.36 (KHTML, like Gecko) Chrome/97.0.4692.71 Safari/537.36"

info: ::1 - - [20/Jan/2022:09:15:59 +0000] "GET /api/v1/register/getnote HTTP/1.1" 304 - "http://localhost:5000/api-docs/" "Mozilla/5.0 (Windows NT 10.0; Win64; x64) AppleWebKit/537.36 (KHTML, like Gecko) Chrome/97.0.4692.71 Safari/537.36"

info: ::1 - - [20/Jan/2022:09:20:39 +0000] "POST /api/v1/register/login HTTP/1.1" 200 248 "http://localhost:5000/api-docs/" "Mozilla/5.0 (Windows NT 10.0; Win64; x64) AppleWebKit/537.36 (KHTML, like Gecko) Chrome/97.0.4692.71 Safari/537.36"

info: ::1 - - [20/Jan/2022:09:21:28 +0000] "GET /api/v1/register/getnote HTTP/1.1" 304 - "http://localhost:5000/api-docs/" "Mozilla/5.0 (Windows NT 10.0; Win64; x64) AppleWebKit/537.36 (KHTML, like Gecko) Chrome/97.0.4692.71 Safari/537.36"

info: ::1 - - [20/Jan/2022:09:39:43 +0000] "GET /api/v1/register/isArchived HTTP/1.1" 200 52 "http://localhost:5000/api-docs/" "Mozilla/5.0 (Windows NT 10.0; Win64; x64) AppleWebKit/537.36 (KHTML, like Gecko) Chrome/97.0.4692.71 Safari/537.36"

info: ::1 - - [20/Jan/2022:09:42:18 +0000] "GET /api/v1/register/isArchived HTTP/1.1" 200 52 "-" "PostmanRuntime/7.29.0"

info: ::1 - - [20/Jan/2022:09:42:21 +0000] "GET /api/v1/register/isArchived HTTP/1.1" 200 52 "-" "PostmanRuntime/7.29.0"

info: ::1 - - [20/Jan/2022:09:43:01 +0000] "GET /api/v1/register/isArchived HTTP/1.1" 200 52 "-" "PostmanRuntime/7.29.0"

info: ::1 - - [20/Jan/2022:09:43:03 +0000] "GET /api/v1/register/isArchived HTTP/1.1" 200 52 "-" "PostmanRuntime/7.29.0"

info: ::1 - - [20/Jan/2022:09:45:04 +0000] "GET /api/v1/register/isArchived HTTP/1.1" 304 - "http://localhost:5000/api-docs/" "Mozilla/5.0 (Windows NT 10.0; Win64; x64) AppleWebKit/537.36 (KHTML, like Gecko) Chrome/97.0.4692.71 Safari/537.36"

info: ::1 - - [20/Jan/2022:09:45:08 +0000] "GET /api/v1/register/isArchived HTTP/1.1" 304 - "http://localhost:5000/api-docs/" "Mozilla/5.0 (Windows NT 10.0; Win64; x64) AppleWebKit/537.36 (KHTML, like Gecko) Chrome/97.0.4692.71 Safari/537.36"

info: ::1 - - [20/Jan/2022:09:45:09 +0000] "GET /api/v1/register/isArchived HTTP/1.1" 304 - "http://localhost:5000/api-docs/" "Mozilla/5.0 (Windows NT 10.0; Win64; x64) AppleWebKit/537.36 (KHTML, like Gecko) Chrome/97.0.4692.71 Safari/537.36"

info: ::1 - - [20/Jan/2022:09:45:09 +0000] "GET /api/v1/register/isArchived HTTP/1.1" 304 - "http://localhost:5000/api-docs/" "Mozilla/5.0 (Windows NT 10.0; Win64; x64) AppleWebKit/537.36 (KHTML, like Gecko) Chrome/97.0.4692.71 Safari/537.36"

info: ::1 - - [20/Jan/2022:09:45:09 +0000] "GET /api/v1/register/isArchived HTTP/1.1" 304 - "http://localhost:5000/api-docs/" "Mozilla/5.0 (Windows NT 10.0; Win64; x64) AppleWebKit/537.36 (KHTML, like Gecko) Chrome/97.0.4692.71 Safari/537.36"

info: ::1 - - [20/Jan/2022:09:45:09 +0000] "GET /api/v1/register/isArchived HTTP/1.1" 304 - "http://localhost:5000/api-docs/" "Mozilla/5.0 (Windows NT 10.0; Win64; x64) AppleWebKit/537.36 (KHTML, like Gecko) Chrome/97.0.4692.71 Safari/537.36"

info: ::1 - - [20/Jan/2022:09:45:10 +0000] "GET /api/v1/register/isArchived HTTP/1.1" 304 - "http://localhost:5000/api-docs/" "Mozilla/5.0 (Windows NT 10.0; Win64; x64) AppleWebKit/537.36 (KHTML, like Gecko) Chrome/97.0.4692.71 Safari/537.36"

info: ::1 - - [20/Jan/2022:09:48:10 +0000] "GET /api/v1/register/isArchived HTTP/1.1" 200 52 "-" "PostmanRuntime/7.29.0"

info: ::1 - - [20/Jan/2022:09:48:37 +0000] "GET /api/v1/register/isArchived HTTP/1.1" 200 568 "-" "PostmanRuntime/7.29.0"

info: ::1 - - [20/Jan/2022:09:49:57 +0000] "GET /api/v1/register/isArchived HTTP/1.1" 200 551 "-" "PostmanRuntime/7.29.0"

info: ::1 - - [20/Jan/2022:09:49:58 +0000] "GET /api/v1/register/isArchived HTTP/1.1" 200 551 "-" "PostmanRuntime/7.29.0"

info: ::1 - - [20/Jan/2022:09:49:59 +0000] "GET /api/v1/register/isArchived HTTP/1.1" 200 551 "-" "PostmanRuntime/7.29.0"

info: ::1 - - [20/Jan/2022:09:51:39 +0000] "GET /api/v1/register/getnote HTTP/1.1" 200 551 "-" "PostmanRuntime/7.29.0"

info: ::1 - - [20/Jan/2022:09:56:20 +0000] "GET /api/v1/register/getnote HTTP/1.1" 500 150 "-" "PostmanRuntime/7.29.0"

info: ::1 - - [20/Jan/2022:09:57:12 +0000] "GET /api/v1/register/getnote HTTP/1.1" 200 563 "-" "PostmanRuntime/7.29.0"

info: ::1 - - [20/Jan/2022:09:57:18 +0000] "GET /api/v1/register/getnote HTTP/1.1" 200 561 "-" "PostmanRuntime/7.29.0"

info: ::1 - - [20/Jan/2022:09:57:22 +0000] "GET /api/v1/register/getnote HTTP/1.1" 200 561 "-" "PostmanRuntime/7.29.0"

info: ::1 - - [20/Jan/2022:09:57:34 +0000] "GET /api/v1/register/isArchived HTTP/1.1" 200 551 "http://localhost:5000/api-docs/" "Mozilla/5.0 (Windows NT 10.0; Win64; x64) AppleWebKit/537.36 (KHTML, like Gecko) Chrome/97.0.4692.71 Safari/537.36"

info: ::1 - - [20/Jan/2022:09:59:06 +0000] "DELETE /api/v1/register/delete/61e9229095bd3d55b0eed542 HTTP/1.1" 200 71 "-" "PostmanRuntime/7.29.0"

info: ::1 - - [20/Jan/2022:10:00:36 +0000] "GET /api/v1/register/getnote HTTP/1.1" 200 561 "http://localhost:5000/api-docs/" "Mozilla/5.0 (Windows NT 10.0; Win64; x64) AppleWebKit/537.36 (KHTML, like Gecko) Chrome/97.0.4692.71 Safari/537.36"

info: ::1 - - [20/Jan/2022:10:01:16 +0000] "DELETE /api/v1/register/delete/61e922cd95bd3d55b0eed548 HTTP/1.1" 200 71 "-" "PostmanRuntime/7.29.0"

info: ::1 - - [20/Jan/2022:10:01:18 +0000] "DELETE /api/v1/register/delete/61e922cd95bd3d55b0eed548 HTTP/1.1" 200 71 "-" "PostmanRuntime/7.29.0"

info: ::1 - - [20/Jan/2022:10:01:26 +0000] "GET /api/v1/register/getnote HTTP/1.1" 304 - "http://localhost:5000/api-docs/" "Mozilla/5.0 (Windows NT 10.0; Win64; x64) AppleWebKit/537.36 (KHTML, like Gecko) Chrome/97.0.4692.71 Safari/537.36"

info: ::1 - - [20/Jan/2022:10:06:22 +0000] "DELETE /api/v1/register/delete/61e922cd95bd3d55b0eed548 HTTP/1.1" 200 71 "-" "PostmanRuntime/7.29.0"

info: ::1 - - [20/Jan/2022:10:06:24 +0000] "DELETE /api/v1/register/delete/61e922cd95bd3d55b0eed548 HTTP/1.1" 200 71 "-" "PostmanRuntime/7.29.0"

info: ::1 - - [20/Jan/2022:10:06:39 +0000] "GET /api/v1/register/getnote HTTP/1.1" 200 311 "http://localhost:5000/api-docs/" "Mozilla/5.0 (Windows NT 10.0; Win64; x64) AppleWebKit/537.36 (KHTML, like Gecko) Chrome/97.0.4692.71 Safari/537.36"

info: ::1 - - [20/Jan/2022:10:08:24 +0000] "PATCH /api/v1/register/updatenote HTTP/1.1" 500 77 "http://localhost:5000/api-docs/" "Mozilla/5.0 (Windows NT 10.0; Win64; x64) AppleWebKit/537.36 (KHTML, like Gecko) Chrome/97.0.4692.71 Safari/537.36"

info: ::1 - - [20/Jan/2022:10:10:34 +0000] "PATCH /api/v1/register/updatenote HTTP/1.1" 500 115 "http://localhost:5000/api-docs/" "Mozilla/5.0 (Windows NT 10.0; Win64; x64) AppleWebKit/537.36 (KHTML, like Gecko) Chrome/97.0.4692.71 Safari/537.36"

info: ::1 - - [20/Jan/2022:10:10:53 +0000] "PATCH /api/v1/register/updatenote HTTP/1.1" 500 76 "http://localhost:5000/api-docs/" "Mozilla/5.0 (Windows NT 10.0; Win64; x64) AppleWebKit/537.36 (KHTML, like Gecko) Chrome/97.0.4692.71 Safari/537.36"

info: ::1 - - [20/Jan/2022:10:12:27 +0000] "PATCH /api/v1/register/updatenote%0A HTTP/1.1" 404 47 "-" "PostmanRuntime/7.29.0"

info: ::1 - - [20/Jan/2022:10:12:40 +0000] "PATCH /api/v1/register/updatenote%0A HTTP/1.1" 404 47 "-" "PostmanRuntime/7.29.0"

info: ::1 - - [20/Jan/2022:10:13:06 +0000] "PATCH /api/v1/register/updatenote HTTP/1.1" 500 77 "-" "PostmanRuntime/7.29.0"

info: ::1 - - [20/Jan/2022:10:13:13 +0000] "PATCH /api/v1/register/updatenote HTTP/1.1" 500 77 "-" "PostmanRuntime/7.29.0"

info: ::1 - - [20/Jan/2022:10:14:36 +0000] "PATCH /api/v1/register/updatenote HTTP/1.1" 500 77 "-" "PostmanRuntime/7.29.0"

info: ::1 - - [20/Jan/2022:10:14:56 +0000] "PATCH /api/v1/register/updatenote HTTP/1.1" 500 77 "-" "PostmanRuntime/7.29.0"

info: ::1 - - [20/Jan/2022:10:14:58 +0000] "PATCH /api/v1/register/updatenote HTTP/1.1" 500 77 "-" "PostmanRuntime/7.29.0"

info: ::1 - - [20/Jan/2022:10:15:05 +0000] "PATCH /api/v1/register/updatenote HTTP/1.1" 500 77 "-" "PostmanRuntime/7.29.0"

info: ::1 - - [20/Jan/2022:10:15:14 +0000] "PATCH /api/v1/register/updatenote HTTP/1.1" 500 77 "-" "PostmanRuntime/7.29.0"

info: ::1 - - [20/Jan/2022:10:25:37 +0000] "PATCH /api/v1/register/updatenote HTTP/1.1" 500 77 "-" "PostmanRuntime/7.29.0"

info: ::1 - - [20/Jan/2022:10:27:48 +0000] "PATCH /api/v1/register/updatenote HTTP/1.1" 200 80 "-" "PostmanRuntime/7.29.0"

info: ::1 - - [20/Jan/2022:10:29:16 +0000] "POST /api/v1/register/login HTTP/1.1" 200 248 "http://localhost:5000/api-docs/" "Mozilla/5.0 (Windows NT 10.0; Win64; x64) AppleWebKit/537.36 (KHTML, like Gecko) Chrome/97.0.4692.71 Safari/537.36"

info: ::1 - - [20/Jan/2022:10:30:37 +0000] "GET /api/v1/register/getnote HTTP/1.1" 200 309 "http://localhost:5000/api-docs/" "Mozilla/5.0 (Windows NT 10.0; Win64; x64) AppleWebKit/537.36 (KHTML, like Gecko) Chrome/97.0.4692.71 Safari/537.36"

info: ::1 - - [20/Jan/2022:10:31:46 +0000] "PATCH /api/v1/register/updatenote HTTP/1.1" 200 80 "http://localhost:5000/api-docs/" "Mozilla/5.0 (Windows NT 10.0; Win64; x64) AppleWebKit/537.36 (KHTML, like Gecko) Chrome/97.0.4692.71 Safari/537.36"

info: ::1 - - [20/Jan/2022:10:31:58 +0000] "GET /api/v1/register/getnote HTTP/1.1" 304 - "http://localhost:5000/api-docs/" "Mozilla/5.0 (Windows NT 10.0; Win64; x64) AppleWebKit/537.36 (KHTML, like Gecko) Chrome/97.0.4692.71 Safari/537.36"

info: ::1 - - [20/Jan/2022:10:35:29 +0000] "PATCH /api/v1/register/updatenote HTTP/1.1" 200 80 "http://localhost:5000/api-docs/" "Mozilla/5.0 (Windows NT 10.0; Win64; x64) AppleWebKit/537.36 (KHTML, like Gecko) Chrome/97.0.4692.71 Safari/537.36"

info: ::1 - - [20/Jan/2022:10:35:37 +0000] "GET /api/v1/register/getnote HTTP/1.1" 200 310 "http://localhost:5000/api-docs/" "Mozilla/5.0 (Windows NT 10.0; Win64; x64) AppleWebKit/537.36 (KHTML, like Gecko) Chrome/97.0.4692.71 Safari/537.36"

info: ::1 - - [20/Jan/2022:10:35:43 +0000] "GET /api/v1/register/getnote HTTP/1.1" 200 308 "http://localhost:5000/api-docs/" "Mozilla/5.0 (Windows NT 10.0; Win64; x64) AppleWebKit/537.36 (KHTML, like Gecko) Chrome/97.0.4692.71 Safari/537.36"

info: ::1 - - [20/Jan/2022:10:40:58 +0000] "POST /api/v1/register/login HTTP/1.1" 200 248 "http://localhost:5000/api-docs/" "Mozilla/5.0 (Windows NT 10.0; Win64; x64) AppleWebKit/537.36 (KHTML, like Gecko) Chrome/97.0.4692.71 Safari/537.36"

info: ::1 - - [20/Jan/2022:10:41:24 +0000] "GET /api/v1/register/getnote HTTP/1.1" 304 - "http://localhost:5000/api-docs/" "Mozilla/5.0 (Windows NT 10.0; Win64; x64) AppleWebKit/537.36 (KHTML, like Gecko) Chrome/97.0.4692.71 Safari/537.36"

info: ::1 - - [20/Jan/2022:11:00:23 +0000] "GET /api/v1/register/getnote HTTP/1.1" 304 - "http://localhost:5000/api-docs/" "Mozilla/5.0 (Windows NT 10.0; Win64; x64) AppleWebKit/537.36 (KHTML, like Gecko) Chrome/97.0.4692.71 Safari/537.36"

info: ::1 - - [20/Jan/2022:11:01:05 +0000] "GET /api/v1/register/getnote HTTP/1.1" 304 - "http://localhost:5000/api-docs/" "Mozilla/5.0 (Windows NT 10.0; Win64; x64) AppleWebKit/537.36 (KHTML, like Gecko) Chrome/97.0.4692.71 Safari/537.36"

info: ::1 - - [20/Jan/2022:11:01:16 +0000] "POST /api/v1/register/addnote HTTP/1.1" 500 150 "http://localhost:5000/api-docs/" "Mozilla/5.0 (Windows NT 10.0; Win64; x64) AppleWebKit/537.36 (KHTML, like Gecko) Chrome/97.0.4692.71 Safari/537.36"

info: ::1 - - [20/Jan/2022:11:01:32 +0000] "POST /api/v1/register/addnote HTTP/1.1" 200 307 "http://localhost:5000/api-docs/" "Mozilla/5.0 (Windows NT 10.0; Win64; x64) AppleWebKit/537.36 (KHTML, like Gecko) Chrome/97.0.4692.71 Safari/537.36"

info: ::1 - - [20/Jan/2022:11:01:48 +0000] "GET /api/v1/register/getnote HTTP/1.1" 304 - "http://localhost:5000/api-docs/" "Mozilla/5.0 (Windows NT 10.0; Win64; x64) AppleWebKit/537.36 (KHTML, like Gecko) Chrome/97.0.4692.71 Safari/537.36"

info: ::1 - - [20/Jan/2022:11:01:49 +0000] "GET /api/v1/register/getnote HTTP/1.1" 304 - "http://localhost:5000/api-docs/" "Mozilla/5.0 (Windows NT 10.0; Win64; x64) AppleWebKit/537.36 (KHTML, like Gecko) Chrome/97.0.4692.71 Safari/537.36"

info: ::1 - - [20/Jan/2022:11:01:53 +0000] "GET /api/v1/register/getnote HTTP/1.1" 304 - "http://localhost:5000/api-docs/" "Mozilla/5.0 (Windows NT 10.0; Win64; x64) AppleWebKit/537.36 (KHTML, like Gecko) Chrome/97.0.4692.71 Safari/537.36"

info: ::1 - - [20/Jan/2022:11:03:16 +0000] "POST /api/v1/register/addnote HTTP/1.1" 200 308 "http://localhost:5000/api-docs/" "Mozilla/5.0 (Windows NT 10.0; Win64; x64) AppleWebKit/537.36 (KHTML, like Gecko) Chrome/97.0.4692.71 Safari/537.36"

info: ::1 - - [20/Jan/2022:11:03:24 +0000] "GET /api/v1/register/getnote HTTP/1.1" 200 817 "http://localhost:5000/api-docs/" "Mozilla/5.0 (Windows NT 10.0; Win64; x64) AppleWebKit/537.36 (KHTML, like Gecko) Chrome/97.0.4692.71 Safari/537.36"

info: ::1 - - [20/Jan/2022:11:03:54 +0000] "GET /api/v1/register/isArchived HTTP/1.1" 200 316 "http://localhost:5000/api-docs/" "Mozilla/5.0 (Windows NT 10.0; Win64; x64) AppleWebKit/537.36 (KHTML, like Gecko) Chrome/97.0.4692.71 Safari/537.36"

info: ::1 - - [20/Jan/2022:11:04:17 +0000] "GET /api/v1/register/getnote HTTP/1.1" 200 815 "http://localhost:5000/api-docs/" "Mozilla/5.0 (Windows NT 10.0; Win64; x64) AppleWebKit/537.36 (KHTML, like Gecko) Chrome/97.0.4692.71 Safari/537.36"

info: ::1 - - [20/Jan/2022:11:04:26 +0000] "GET /api/v1/register/isArchived HTTP/1.1" 200 299 "http://localhost:5000/api-docs/" "Mozilla/5.0 (Windows NT 10.0; Win64; x64) AppleWebKit/537.36 (KHTML, like Gecko) Chrome/97.0.4692.71 Safari/537.36"

info: ::1 - - [20/Jan/2022:11:05:11 +0000] "DELETE /api/v1/register/delete/%7B_id%7D HTTP/1.1" 500 139 "http://localhost:5000/api-docs/" "Mozilla/5.0 (Windows NT 10.0; Win64; x64) AppleWebKit/537.36 (KHTML, like Gecko) Chrome/97.0.4692.71 Safari/537.36"

info: ::1 - - [20/Jan/2022:11:05:48 +0000] "DELETE /api/v1/register/delete/%7B_id%7D HTTP/1.1" 500 139 "http://localhost:5000/api-docs/" "Mozilla/5.0 (Windows NT 10.0; Win64; x64) AppleWebKit/537.36 (KHTML, like Gecko) Chrome/97.0.4692.71 Safari/537.36"

info: ::1 - - [20/Jan/2022:11:13:20 +0000] "DELETE /api/v1/register/delete/%7B_id%7D HTTP/1.1" 500 139 "http://localhost:5000/api-docs/" "Mozilla/5.0 (Windows NT 10.0; Win64; x64) AppleWebKit/537.36 (KHTML, like Gecko) Chrome/97.0.4692.71 Safari/537.36"

info: ::1 - - [20/Jan/2022:11:13:47 +0000] "DELETE /api/v1/register/delete/%7B_id%7D HTTP/1.1" 500 139 "http://localhost:5000/api-docs/" "Mozilla/5.0 (Windows NT 10.0; Win64; x64) AppleWebKit/537.36 (KHTML, like Gecko) Chrome/97.0.4692.71 Safari/537.36"

info: ::1 - - [20/Jan/2022:11:20:32 +0000] "GET /api/v1/register/getnote HTTP/1.1" 304 - "http://localhost:5000/api-docs/" "Mozilla/5.0 (Windows NT 10.0; Win64; x64) AppleWebKit/537.36 (KHTML, like Gecko) Chrome/97.0.4692.71 Safari/537.36"

info: ::1 - - [20/Jan/2022:11:20:58 +0000] "DELETE /api/v1/register/delete/%7B:_id%7D HTTP/1.1" 500 140 "http://localhost:5000/api-docs/" "Mozilla/5.0 (Windows NT 10.0; Win64; x64) AppleWebKit/537.36 (KHTML, like Gecko) Chrome/97.0.4692.71 Safari/537.36"

info: ::1 - - [20/Jan/2022:11:23:38 +0000] "DELETE /api/v1/register/delete/%7B:_id%7D HTTP/1.1" 500 140 "http://localhost:5000/api-docs/" "Mozilla/5.0 (Windows NT 10.0; Win64; x64) AppleWebKit/537.36 (KHTML, like Gecko) Chrome/97.0.4692.71 Safari/537.36"

info: ::1 - - [20/Jan/2022:11:23:40 +0000] "DELETE /api/v1/register/delete/%7B:_id%7D HTTP/1.1" 500 140 "http://localhost:5000/api-docs/" "Mozilla/5.0 (Windows NT 10.0; Win64; x64) AppleWebKit/537.36 (KHTML, like Gecko) Chrome/97.0.4692.71 Safari/537.36"

info: ::1 - - [20/Jan/2022:11:24:12 +0000] "POST /api/v1/register/login HTTP/1.1" 200 248 "http://localhost:5000/api-docs/" "Mozilla/5.0 (Windows NT 10.0; Win64; x64) AppleWebKit/537.36 (KHTML, like Gecko) Chrome/97.0.4692.71 Safari/537.36"

info: ::1 - - [20/Jan/2022:11:24:32 +0000] "GET /api/v1/register/getnote HTTP/1.1" 304 - "http://localhost:5000/api-docs/" "Mozilla/5.0 (Windows NT 10.0; Win64; x64) AppleWebKit/537.36 (KHTML, like Gecko) Chrome/97.0.4692.71 Safari/537.36"

info: ::1 - - [20/Jan/2022:11:24:52 +0000] "DELETE /api/v1/register/delete/%7B_id%7D HTTP/1.1" 500 139 "http://localhost:5000/api-docs/" "Mozilla/5.0 (Windows NT 10.0; Win64; x64) AppleWebKit/537.36 (KHTML, like Gecko) Chrome/97.0.4692.71 Safari/537.36"

info: ::1 - - [20/Jan/2022:11:26:19 +0000] "GET /api/v1/register/getnote HTTP/1.1" 304 - "http://localhost:5000/api-docs/" "Mozilla/5.0 (Windows NT 10.0; Win64; x64) AppleWebKit/537.36 (KHTML, like Gecko) Chrome/97.0.4692.71 Safari/537.36"

info: ::1 - - [20/Jan/2022:11:26:40 +0000] "DELETE /api/v1/register/delete/%7Bid%7D HTTP/1.1" 500 138 "http://localhost:5000/api-docs/" "Mozilla/5.0 (Windows NT 10.0; Win64; x64) AppleWebKit/537.36 (KHTML, like Gecko) Chrome/97.0.4692.71 Safari/537.36"

info: ::1 - - [20/Jan/2022:11:31:00 +0000] "DELETE /api/v1/register/delete/%7Bid%7D HTTP/1.1" 500 138 "http://localhost:5000/api-docs/" "Mozilla/5.0 (Windows NT 10.0; Win64; x64) AppleWebKit/537.36 (KHTML, like Gecko) Chrome/97.0.4692.71 Safari/537.36"

info: ::1 - - [20/Jan/2022:11:32:57 +0000] "POST /api/v1/register/login HTTP/1.1" 200 248 "http://localhost:5000/api-docs/" "Mozilla/5.0 (Windows NT 10.0; Win64; x64) AppleWebKit/537.36 (KHTML, like Gecko) Chrome/97.0.4692.71 Safari/537.36"

info: ::1 - - [20/Jan/2022:11:33:31 +0000] "GET /api/v1/register/getnote HTTP/1.1" 304 - "http://localhost:5000/api-docs/" "Mozilla/5.0 (Windows NT 10.0; Win64; x64) AppleWebKit/537.36 (KHTML, like Gecko) Chrome/97.0.4692.71 Safari/537.36"

info: ::1 - - [20/Jan/2022:11:33:54 +0000] "DELETE /api/v1/register/delete/%7B_id%7D HTTP/1.1" 500 139 "http://localhost:5000/api-docs/" "Mozilla/5.0 (Windows NT 10.0; Win64; x64) AppleWebKit/537.36 (KHTML, like Gecko) Chrome/97.0.4692.71 Safari/537.36"

info: ::1 - - [20/Jan/2022:11:36:24 +0000] "GET /api/v1/register/getnote HTTP/1.1" 304 - "http://localhost:5000/api-docs/" "Mozilla/5.0 (Windows NT 10.0; Win64; x64) AppleWebKit/537.36 (KHTML, like Gecko) Chrome/97.0.4692.71 Safari/537.36"

info: ::1 - - [20/Jan/2022:11:36:39 +0000] "DELETE /api/v1/register/delete/%7BuserID%7D HTTP/1.1" 500 141 "http://localhost:5000/api-docs/" "Mozilla/5.0 (Windows NT 10.0; Win64; x64) AppleWebKit/537.36 (KHTML, like Gecko) Chrome/97.0.4692.71 Safari/537.36"

info: ::1 - - [20/Jan/2022:11:38:25 +0000] "POST /api/v1/register/login HTTP/1.1" 200 248 "http://localhost:5000/api-docs/" "Mozilla/5.0 (Windows NT 10.0; Win64; x64) AppleWebKit/537.36 (KHTML, like Gecko) Chrome/97.0.4692.71 Safari/537.36"

info: ::1 - - [20/Jan/2022:11:38:51 +0000] "GET /api/v1/register/getnote HTTP/1.1" 304 - "http://localhost:5000/api-docs/" "Mozilla/5.0 (Windows NT 10.0; Win64; x64) AppleWebKit/537.36 (KHTML, like Gecko) Chrome/97.0.4692.71 Safari/537.36"

info: ::1 - - [20/Jan/2022:11:39:06 +0000] "DELETE /api/v1/register/delete/%7BuserID%7D HTTP/1.1" 500 141 "http://localhost:5000/api-docs/" "Mozilla/5.0 (Windows NT 10.0; Win64; x64) AppleWebKit/537.36 (KHTML, like Gecko) Chrome/97.0.4692.71 Safari/537.36"

info: ::1 - - [20/Jan/2022:11:40:49 +0000] "GET /api/v1/register/getnote HTTP/1.1" 304 - "http://localhost:5000/api-docs/" "Mozilla/5.0 (Windows NT 10.0; Win64; x64) AppleWebKit/537.36 (KHTML, like Gecko) Chrome/97.0.4692.71 Safari/537.36"

info: ::1 - - [20/Jan/2022:11:41:04 +0000] "DELETE /api/v1/register/delete/%7B_id%7D HTTP/1.1" 500 139 "http://localhost:5000/api-docs/" "Mozilla/5.0 (Windows NT 10.0; Win64; x64) AppleWebKit/537.36 (KHTML, like Gecko) Chrome/97.0.4692.71 Safari/537.36"

info: ::1 - - [20/Jan/2022:12:12:01 +0000] "POST /api/v1/register/login HTTP/1.1" 200 248 "http://localhost:5000/api-docs/" "Mozilla/5.0 (Windows NT 10.0; Win64; x64) AppleWebKit/537.36 (KHTML, like Gecko) Chrome/97.0.4692.71 Safari/537.36"

info: ::1 - - [20/Jan/2022:12:12:22 +0000] "GET /api/v1/register/getnote HTTP/1.1" 304 - "http://localhost:5000/api-docs/" "Mozilla/5.0 (Windows NT 10.0; Win64; x64) AppleWebKit/537.36 (KHTML, like Gecko) Chrome/97.0.4692.71 Safari/537.36"

info: ::1 - - [20/Jan/2022:12:12:38 +0000] "DELETE /api/v1/register/delete/61e922a595bd3d55b0eed546 HTTP/1.1" 200 71 "http://localhost:5000/api-docs/" "Mozilla/5.0 (Windows NT 10.0; Win64; x64) AppleWebKit/537.36 (KHTML, like Gecko) Chrome/97.0.4692.71 Safari/537.36"

info: ::1 - - [20/Jan/2022:12:12:50 +0000] "GET /api/v1/register/getnote HTTP/1.1" 200 566 "http://localhost:5000/api-docs/" "Mozilla/5.0 (Windows NT 10.0; Win64; x64) AppleWebKit/537.36 (KHTML, like Gecko) Chrome/97.0.4692.71 Safari/537.36"

info: ::1 - - [20/Jan/2022:12:13:05 +0000] "GET /api/v1/register/getnote HTTP/1.1" 200 564 "http://localhost:5000/api-docs/" "Mozilla/5.0 (Windows NT 10.0; Win64; x64) AppleWebKit/537.36 (KHTML, like Gecko) Chrome/97.0.4692.71 Safari/537.36"

info: ::1 - - [20/Jan/2022:15:15:22 +0000] "POST /api/v1/register/login HTTP/1.1" 200 248 "http://localhost:5000/api-docs/" "Mozilla/5.0 (Windows NT 10.0; Win64; x64) AppleWebKit/537.36 (KHTML, like Gecko) Chrome/97.0.4692.71 Safari/537.36"

info: ::1 - - [20/Jan/2022:15:15:58 +0000] "GET /api/v1/register/getnote HTTP/1.1" 304 - "http://localhost:5000/api-docs/" "Mozilla/5.0 (Windows NT 10.0; Win64; x64) AppleWebKit/537.36 (KHTML, like Gecko) Chrome/97.0.4692.71 Safari/537.36"

