info: ::1 - - [12/Jan/2022:18:31:12 +0000] "POST /api/v1/register/forgetpassword HTTP/1.1" 200 47 "-" "PostmanRuntime/7.28.4"

info: ::1 - - [12/Jan/2022:18:32:48 +0000] "POST /api/v1/register/resetpassword HTTP/1.1" 200 47 "-" "PostmanRuntime/7.28.4"

info: ::1 - - [12/Jan/2022:18:33:26 +0000] "POST /api/v1/register/login HTTP/1.1" 500 50 "-" "PostmanRuntime/7.28.4"

info: ::1 - - [12/Jan/2022:18:33:28 +0000] "POST /api/v1/register/login HTTP/1.1" 500 50 "-" "PostmanRuntime/7.28.4"

info: ::1 - - [12/Jan/2022:18:37:41 +0000] "POST /api/v1/register/resetpassword HTTP/1.1" 200 272 "-" "PostmanRuntime/7.28.4"

info: ::1 - - [12/Jan/2022:18:38:07 +0000] "POST /api/v1/register/login HTTP/1.1" 500 50 "-" "PostmanRuntime/7.28.4"

info: ::1 - - [12/Jan/2022:18:38:19 +0000] "POST /api/v1/register/resetpassword HTTP/1.1" 200 272 "-" "PostmanRuntime/7.28.4"

info: ::1 - - [12/Jan/2022:18:39:26 +0000] "POST /api/v1/register/resetpassword HTTP/1.1" 200 272 "-" "PostmanRuntime/7.28.4"

info: ::1 - - [12/Jan/2022:18:41:22 +0000] "POST /api/v1/register/resetpassword HTTP/1.1" 200 272 "-" "PostmanRuntime/7.28.4"

info: ::1 - - [12/Jan/2022:18:41:39 +0000] "POST /api/v1/register/resetpassword HTTP/1.1" 500 52 "-" "PostmanRuntime/7.28.4"

info: ::1 - - [12/Jan/2022:18:41:45 +0000] "POST /api/v1/register/resetpassword HTTP/1.1" 500 52 "-" "PostmanRuntime/7.28.4"

info: ::1 - - [12/Jan/2022:18:41:54 +0000] "POST /api/v1/register/resetpassword HTTP/1.1" 500 52 "-" "PostmanRuntime/7.28.4"

info: ::1 - - [12/Jan/2022:18:42:07 +0000] "POST /api/v1/register/resetpassword HTTP/1.1" 200 272 "-" "PostmanRuntime/7.28.4"

info: ::1 - - [12/Jan/2022:18:42:22 +0000] "POST /api/v1/register/login HTTP/1.1" 500 50 "-" "PostmanRuntime/7.28.4"

info: ::1 - - [12/Jan/2022:18:44:43 +0000] "POST /api/v1/register/login HTTP/1.1" 500 50 "-" "PostmanRuntime/7.28.4"

info: ::ffff:127.0.0.1 - - [12/Jan/2022:18:45:35 +0000] "POST /api/v1/register/login HTTP/1.1" 500 50 "-" "PostmanRuntime/7.28.4"

info: ::ffff:127.0.0.1 - - [12/Jan/2022:18:46:19 +0000] "POST /api/v1/register/login HTTP/1.1" 500 79 "-" "PostmanRuntime/7.28.4"

info: ::1 - - [12/Jan/2022:18:46:28 +0000] "POST /api/v1/register/login HTTP/1.1" 500 79 "-" "PostmanRuntime/7.28.4"

info: ::1 - - [12/Jan/2022:18:47:38 +0000] "POST /api/v1/register/login HTTP/1.1" 500 50 "-" "PostmanRuntime/7.28.4"

info: ::1 - - [12/Jan/2022:18:48:22 +0000] "POST /api/v1/register/login HTTP/1.1" 500 50 "-" "PostmanRuntime/7.28.4"

info: ::ffff:127.0.0.1 - - [12/Jan/2022:18:50:58 +0000] "POST /api/v1/register/login HTTP/1.1" 500 50 "-" "PostmanRuntime/7.28.4"

info: ::ffff:127.0.0.1 - - [12/Jan/2022:18:50:59 +0000] "POST /api/v1/register/login HTTP/1.1" 500 50 "-" "PostmanRuntime/7.28.4"

info: ::ffff:127.0.0.1 - - [12/Jan/2022:18:51:01 +0000] "POST /api/v1/register/login HTTP/1.1" 500 50 "-" "PostmanRuntime/7.28.4"

info: ::ffff:127.0.0.1 - - [12/Jan/2022:18:51:02 +0000] "POST /api/v1/register/login HTTP/1.1" 500 50 "-" "PostmanRuntime/7.28.4"

info: ::ffff:127.0.0.1 - - [12/Jan/2022:18:51:03 +0000] "POST /api/v1/register/login HTTP/1.1" 500 50 "-" "PostmanRuntime/7.28.4"

info: ::ffff:127.0.0.1 - - [12/Jan/2022:18:51:05 +0000] "POST /api/v1/register/login HTTP/1.1" 500 50 "-" "PostmanRuntime/7.28.4"

info: ::1 - - [12/Jan/2022:18:51:28 +0000] "POST /api/v1/register/login HTTP/1.1" 500 50 "-" "PostmanRuntime/7.28.4"

info: ::1 - - [12/Jan/2022:18:51:29 +0000] "POST /api/v1/register/login HTTP/1.1" 500 50 "-" "PostmanRuntime/7.28.4"

info: ::1 - - [12/Jan/2022:18:51:30 +0000] "POST /api/v1/register/login HTTP/1.1" 500 50 "-" "PostmanRuntime/7.28.4"

info: ::1 - - [12/Jan/2022:18:51:32 +0000] "POST /api/v1/register/login HTTP/1.1" 500 50 "-" "PostmanRuntime/7.28.4"

info: ::1 - - [12/Jan/2022:18:52:34 +0000] "POST /api/v1/register/login HTTP/1.1" 500 50 "-" "PostmanRuntime/7.28.4"

info: ::1 - - [12/Jan/2022:18:54:34 +0000] "POST /api/v1/register/login HTTP/1.1" 500 50 "-" "PostmanRuntime/7.28.4"

info: ::1 - - [12/Jan/2022:18:54:54 +0000] "POST /api/v1/register/login HTTP/1.1" 500 50 "-" "PostmanRuntime/7.28.4"

info: ::1 - - [12/Jan/2022:18:56:45 +0000] "POST /api/v1/register/resetpassword HTTP/1.1" 500 67 "-" "PostmanRuntime/7.28.4"

info: ::1 - - [12/Jan/2022:18:57:07 +0000] "POST /api/v1/register/forgetpassword HTTP/1.1" 200 47 "-" "PostmanRuntime/7.28.4"

info: ::1 - - [12/Jan/2022:18:59:31 +0000] "POST /api/v1/register/resetpassword HTTP/1.1" 200 323 "-" "PostmanRuntime/7.28.4"

info: ::1 - - [12/Jan/2022:18:59:45 +0000] "POST /api/v1/register/login HTTP/1.1" 200 248 "-" "PostmanRuntime/7.28.4"

info: ::ffff:127.0.0.1 - - [12/Jan/2022:19:01:31 +0000] "POST /api/v1/register/login HTTP/1.1" 200 248 "-" "PostmanRuntime/7.28.4"

info: ::1 - - [12/Jan/2022:19:10:50 +0000] "POST /api/v1/register/login HTTP/1.1" 200 248 "-" "PostmanRuntime/7.28.4"

info: ::1 - - [12/Jan/2022:19:10:51 +0000] "POST /api/v1/register/login HTTP/1.1" 200 248 "-" "PostmanRuntime/7.28.4"

info: ::1 - - [12/Jan/2022:19:37:00 +0000] "POST /api/v1/register/updatenote HTTP/1.1" 200 255 "-" "PostmanRuntime/7.28.4"

info: ::1 - - [12/Jan/2022:19:39:13 +0000] "POST /api/v1/register/updatenote HTTP/1.1" 200 80 "-" "PostmanRuntime/7.28.4"

info: ::1 - - [12/Jan/2022:19:45:01 +0000] "PATCH /api/v1/register/updatenote HTTP/1.1" 200 80 "-" "PostmanRuntime/7.28.4"

info: ::1 - - [12/Jan/2022:19:46:45 +0000] "PATCH /api/v1/register/updatenote HTTP/1.1" 200 80 "-" "PostmanRuntime/7.28.4"

info: ::1 - - [12/Jan/2022:19:48:02 +0000] "PATCH /api/v1/register/updatenote HTTP/1.1" 200 80 "-" "PostmanRuntime/7.28.4"

info: ::1 - - [12/Jan/2022:19:49:43 +0000] "PATCH /api/v1/register/updatenote HTTP/1.1" 200 80 "-" "PostmanRuntime/7.28.4"

info: ::1 - - [12/Jan/2022:19:58:05 +0000] "PATCH /api/v1/register/updatenote HTTP/1.1" 200 80 "-" "PostmanRuntime/7.28.4"

info: ::1 - - [12/Jan/2022:19:58:57 +0000] "PATCH /api/v1/register/updatenote HTTP/1.1" 200 80 "-" "PostmanRuntime/7.28.4"

info: ::1 - - [13/Jan/2022:08:28:24 +0000] "GET /api/v1/ HTTP/1.1" 200 9 "-" "PostmanRuntime/7.28.4"

info: ::1 - - [13/Jan/2022:08:28:54 +0000] "GET /api/v1/register/forgetpassword HTTP/1.1" 404 47 "-" "PostmanRuntime/7.28.4"

info: ::1 - - [13/Jan/2022:08:29:55 +0000] "GET /api/v1/register/forgetpassword HTTP/1.1" 404 47 "-" "PostmanRuntime/7.28.4"

info: ::1 - - [13/Jan/2022:08:30:10 +0000] "GET /api/v1/register/forgetpassword HTTP/1.1" 404 47 "-" "PostmanRuntime/7.28.4"

info: ::1 - - [13/Jan/2022:08:30:30 +0000] "POST /api/v1/register/forgetpassword HTTP/1.1" 200 47 "-" "PostmanRuntime/7.28.4"

info: ::1 - - [13/Jan/2022:08:41:33 +0000] "POST /api/v1/register/forgetpassword HTTP/1.1" 200 47 "-" "PostmanRuntime/7.28.4"

info: ::ffff:127.0.0.1 - - [13/Jan/2022:08:42:29 +0000] "POST /api/v1/register/forgetpassword HTTP/1.1" 200 47 "-" "PostmanRuntime/7.28.4"

info: ::ffff:127.0.0.1 - - [13/Jan/2022:08:43:37 +0000] "POST /api/v1/register/forgetpassword HTTP/1.1" 200 47 "-" "PostmanRuntime/7.28.4"

info: ::ffff:127.0.0.1 - - [13/Jan/2022:08:44:26 +0000] "POST /api/v1/register/forgetpassword HTTP/1.1" 200 47 "-" "PostmanRuntime/7.28.4"

info: ::ffff:127.0.0.1 - - [13/Jan/2022:08:45:25 +0000] "POST /api/v1/register/forgetpassword HTTP/1.1" 200 47 "-" "PostmanRuntime/7.28.4"

info: ::1 - - [13/Jan/2022:08:46:15 +0000] "POST /api/v1/register/forgetpassword HTTP/1.1" 200 47 "-" "PostmanRuntime/7.28.4"

info: ::ffff:127.0.0.1 - - [13/Jan/2022:08:46:47 +0000] "POST /api/v1/register/forgetpassword HTTP/1.1" 200 47 "-" "PostmanRuntime/7.28.4"

info: ::ffff:127.0.0.1 - - [13/Jan/2022:08:47:09 +0000] "POST /api/v1/register/forgetpassword HTTP/1.1" 200 47 "-" "PostmanRuntime/7.28.4"

info: ::1 - - [13/Jan/2022:08:47:32 +0000] "POST /api/v1/register/forgetpassword HTTP/1.1" 200 47 "-" "PostmanRuntime/7.28.4"

info: ::1 - - [13/Jan/2022:08:47:45 +0000] "POST /api/v1/register/forgetpassword HTTP/1.1" 200 47 "-" "PostmanRuntime/7.28.4"

info: ::1 - - [13/Jan/2022:08:47:52 +0000] "POST /api/v1/register/forgetpassword HTTP/1.1" 200 47 "-" "PostmanRuntime/7.28.4"

info: ::1 - - [13/Jan/2022:08:49:05 +0000] "POST /api/v1/register/forgetpassword HTTP/1.1" 200 47 "-" "PostmanRuntime/7.28.4"

info: ::ffff:127.0.0.1 - - [13/Jan/2022:08:50:05 +0000] "POST /api/v1/register/forgetpassword HTTP/1.1" 200 47 "-" "PostmanRuntime/7.28.4"

info: ::1 - - [13/Jan/2022:09:03:33 +0000] "POST /api/v1/register/forgetpassword HTTP/1.1" 200 47 "-" "PostmanRuntime/7.28.4"

info: ::1 - - [13/Jan/2022:09:04:11 +0000] "POST /api/v1/register/forgetpassword HTTP/1.1" 200 47 "-" "PostmanRuntime/7.28.4"

info: ::1 - - [13/Jan/2022:09:05:06 +0000] "POST /api/v1/register/forgetpassword HTTP/1.1" 200 47 "-" "PostmanRuntime/7.28.4"

info: ::ffff:127.0.0.1 - - [13/Jan/2022:09:07:56 +0000] "POST /api/v1/register/forgetpassword HTTP/1.1" 200 47 "-" "PostmanRuntime/7.28.4"

info: ::1 - - [13/Jan/2022:09:08:52 +0000] "POST /api/v1/register/forgetpassword HTTP/1.1" 200 47 "-" "PostmanRuntime/7.28.4"

info: ::1 - - [13/Jan/2022:09:09:01 +0000] "POST /api/v1/register/forgetpassword HTTP/1.1" 200 47 "-" "PostmanRuntime/7.28.4"

info: ::1 - - [13/Jan/2022:09:10:59 +0000] "POST /api/v1/register/forgetpassword HTTP/1.1" 200 47 "-" "PostmanRuntime/7.28.4"

info: ::1 - - [13/Jan/2022:09:11:37 +0000] "POST /api/v1/register/forgetpassword HTTP/1.1" 200 47 "-" "PostmanRuntime/7.28.4"

info: ::1 - - [13/Jan/2022:09:12:14 +0000] "POST /api/v1/register/forgetpassword HTTP/1.1" 200 47 "-" "PostmanRuntime/7.28.4"

info: ::1 - - [13/Jan/2022:09:12:37 +0000] "POST /api/v1/register/forgetpassword HTTP/1.1" 200 47 "-" "PostmanRuntime/7.28.4"

info: ::1 - - [13/Jan/2022:09:12:54 +0000] "POST /api/v1/register/forgetpassword HTTP/1.1" 200 47 "-" "PostmanRuntime/7.28.4"

info: ::1 - - [13/Jan/2022:09:15:08 +0000] "POST /api/v1/register/forgetpassword HTTP/1.1" 200 47 "-" "PostmanRuntime/7.28.4"

info: ::1 - - [13/Jan/2022:09:16:24 +0000] "POST /api/v1/register/forgetpassword HTTP/1.1" 200 47 "-" "PostmanRuntime/7.28.4"

info: ::ffff:127.0.0.1 - - [13/Jan/2022:09:46:00 +0000] "POST /api/v1/register/forgetpassword HTTP/1.1" 200 47 "-" "PostmanRuntime/7.28.4"

info: ::1 - - [13/Jan/2022:09:48:35 +0000] "POST /api/v1/register/forgetpassword HTTP/1.1" 200 47 "-" "PostmanRuntime/7.28.4"

info: ::ffff:127.0.0.1 - - [13/Jan/2022:09:50:54 +0000] "POST /api/v1/register/forgetpassword HTTP/1.1" 200 47 "-" "PostmanRuntime/7.28.4"

info: ::1 - - [13/Jan/2022:09:55:41 +0000] "POST /api/v1/register/forgetpassword HTTP/1.1" 200 47 "-" "PostmanRuntime/7.28.4"

info: ::1 - - [13/Jan/2022:09:56:17 +0000] "POST /api/v1/register/forgetpassword HTTP/1.1" 200 47 "-" "PostmanRuntime/7.28.4"

info: ::1 - - [13/Jan/2022:09:57:33 +0000] "POST /api/v1/register/forgetpassword HTTP/1.1" 200 47 "-" "PostmanRuntime/7.28.4"

info: ::1 - - [13/Jan/2022:09:57:49 +0000] "POST /api/v1/register/forgetpassword HTTP/1.1" 200 47 "-" "PostmanRuntime/7.28.4"

info: ::1 - - [13/Jan/2022:09:59:00 +0000] "POST /api/v1/register/forgetpassword HTTP/1.1" 200 47 "-" "PostmanRuntime/7.28.4"

info: ::1 - - [13/Jan/2022:12:15:13 +0000] "POST /api/v1/register/forgetpassword HTTP/1.1" 200 47 "-" "PostmanRuntime/7.28.4"

