info: ::1 - - [11/Jan/2022:18:53:26 +0000] "POST /api/v1/register/getnote HTTP/1.1" 404 47 "-" "PostmanRuntime/7.28.4"

info: ::1 - - [11/Jan/2022:18:53:57 +0000] "GET /api/v1/register/getnote HTTP/1.1" 200 2768 "-" "PostmanRuntime/7.28.4"

info: ::1 - - [11/Jan/2022:18:56:48 +0000] "POST /api/v1/register HTTP/1.1" 500 90 "-" "PostmanRuntime/7.28.4"

info: ::1 - - [11/Jan/2022:18:57:02 +0000] "POST /api/v1/register HTTP/1.1" 201 316 "-" "PostmanRuntime/7.28.4"

info: ::1 - - [11/Jan/2022:18:57:20 +0000] "POST /api/v1/register/login HTTP/1.1" 200 237 "-" "PostmanRuntime/7.28.4"

info: ::1 - - [11/Jan/2022:18:58:43 +0000] "POST /api/v1/register/addnote HTTP/1.1" 200 324 "-" "PostmanRuntime/7.28.4"

info: ::1 - - [11/Jan/2022:18:58:55 +0000] "POST /api/v1/register/addnote HTTP/1.1" 200 324 "-" "PostmanRuntime/7.28.4"

info: ::1 - - [11/Jan/2022:18:59:01 +0000] "POST /api/v1/register/addnote HTTP/1.1" 200 324 "-" "PostmanRuntime/7.28.4"

info: ::1 - - [11/Jan/2022:18:59:21 +0000] "POST /api/v1/register/addnote HTTP/1.1" 200 326 "-" "PostmanRuntime/7.28.4"

info: ::1 - - [11/Jan/2022:18:59:37 +0000] "GET /api/v1/register/getnote HTTP/1.1" 200 1140 "-" "PostmanRuntime/7.28.4"

info: ::1 - - [11/Jan/2022:19:00:49 +0000] "GET /api/v1/register/getnote HTTP/1.1" 200 2768 "-" "PostmanRuntime/7.28.4"

info: ::1 - - [11/Jan/2022:19:16:13 +0000] "GET /api/v1/register/isdelete HTTP/1.1" 200 57 "-" "PostmanRuntime/7.28.4"

info: ::1 - - [11/Jan/2022:19:17:49 +0000] "GET /api/v1/register/isdelete HTTP/1.1" 200 68 "-" "PostmanRuntime/7.28.4"

info: ::1 - - [11/Jan/2022:19:19:13 +0000] "GET /api/v1/register/isdelete HTTP/1.1" 200 68 "-" "PostmanRuntime/7.28.4"

info: ::ffff:127.0.0.1 - - [11/Jan/2022:19:20:13 +0000] "GET /api/v1/register/isdelete HTTP/1.1" 200 2777 "-" "PostmanRuntime/7.28.4"

info: ::1 - - [11/Jan/2022:19:20:57 +0000] "GET /api/v1/register/isdelete HTTP/1.1" 200 68 "-" "PostmanRuntime/7.28.4"

info: ::1 - - [11/Jan/2022:19:21:17 +0000] "GET /api/v1/register/isdelete HTTP/1.1" 200 1936 "-" "PostmanRuntime/7.28.4"

info: ::1 - - [11/Jan/2022:19:22:22 +0000] "GET /api/v1/register/isdelete HTTP/1.1" 200 339 "-" "PostmanRuntime/7.28.4"

info: ::1 - - [11/Jan/2022:19:29:26 +0000] "GET /api/v1/register/isarchived HTTP/1.1" 200 72 "-" "PostmanRuntime/7.28.4"

info: ::1 - - [11/Jan/2022:19:30:02 +0000] "GET /api/v1/register/isarchived HTTP/1.1" 200 340 "-" "PostmanRuntime/7.28.4"

info: ::1 - - [11/Jan/2022:19:30:51 +0000] "GET /api/v1/register/isarchived HTTP/1.1" 200 340 "-" "PostmanRuntime/7.28.4"

info: ::1 - - [11/Jan/2022:19:31:27 +0000] "GET /api/v1/register/isarchived HTTP/1.1" 200 69 "-" "PostmanRuntime/7.28.4"

info: ::1 - - [11/Jan/2022:19:31:40 +0000] "GET /api/v1/register/isarchived HTTP/1.1" 400 54 "-" "PostmanRuntime/7.28.4"

info: ::1 - - [11/Jan/2022:19:31:47 +0000] "GET /api/v1/register/isarchived HTTP/1.1" 200 340 "-" "PostmanRuntime/7.28.4"

info: ::1 - - [11/Jan/2022:19:56:00 +0000] "PATCH /api/v1/register/updatenote HTTP/1.1" 200 49 "-" "PostmanRuntime/7.28.4"

info: ::1 - - [11/Jan/2022:19:59:21 +0000] "PATCH /api/v1/register/updatenote HTTP/1.1" 200 49 "-" "PostmanRuntime/7.28.4"

info: ::1 - - [11/Jan/2022:19:59:42 +0000] "PATCH /api/v1/register/updatenote HTTP/1.1" 200 49 "-" "PostmanRuntime/7.28.4"

info: ::1 - - [11/Jan/2022:20:00:53 +0000] "PATCH /api/v1/register/updatenote HTTP/1.1" 200 49 "-" "PostmanRuntime/7.28.4"

info: ::1 - - [11/Jan/2022:20:02:16 +0000] "PATCH /api/v1/register/updatenote HTTP/1.1" 200 49 "-" "PostmanRuntime/7.28.4"

info: ::1 - - [11/Jan/2022:20:03:25 +0000] "PATCH /api/v1/register/updatenote HTTP/1.1" 200 49 "-" "PostmanRuntime/7.28.4"

info: ::1 - - [11/Jan/2022:20:03:32 +0000] "PATCH /api/v1/register/updatenote HTTP/1.1" 200 49 "-" "PostmanRuntime/7.28.4"

info: ::1 - - [11/Jan/2022:20:03:39 +0000] "PATCH /api/v1/register/updatenote HTTP/1.1" 500 145 "-" "PostmanRuntime/7.28.4"

info: ::1 - - [11/Jan/2022:20:05:17 +0000] "PATCH /api/v1/register/updatenote HTTP/1.1" 200 49 "-" "PostmanRuntime/7.28.4"

info: ::1 - - [11/Jan/2022:20:06:34 +0000] "PATCH /api/v1/register/updatenote HTTP/1.1" 200 49 "-" "PostmanRuntime/7.28.4"

info: ::1 - - [11/Jan/2022:20:07:59 +0000] "PATCH /api/v1/register/updatenote HTTP/1.1" 200 49 "-" "PostmanRuntime/7.28.4"

info: ::1 - - [11/Jan/2022:20:12:16 +0000] "PUT /api/v1/register/updatenote HTTP/1.1" 200 49 "-" "PostmanRuntime/7.28.4"

info: ::1 - - [11/Jan/2022:20:27:43 +0000] "PUT /api/v1/register/updatenote HTTP/1.1" 200 49 "-" "PostmanRuntime/7.28.4"

info: ::1 - - [11/Jan/2022:20:30:27 +0000] "PUT /api/v1/register/updatenote HTTP/1.1" 500 54 "-" "PostmanRuntime/7.28.4"

info: ::1 - - [11/Jan/2022:20:30:52 +0000] "PUT /api/v1/register/updatenote HTTP/1.1" 200 49 "-" "PostmanRuntime/7.28.4"

info: ::1 - - [11/Jan/2022:20:31:44 +0000] "PUT /api/v1/register/updatenote HTTP/1.1" 200 85 "-" "PostmanRuntime/7.28.4"

info: ::1 - - [11/Jan/2022:20:33:16 +0000] "PUT /api/v1/register/updatenote HTTP/1.1" 200 85 "-" "PostmanRuntime/7.28.4"

info: ::1 - - [11/Jan/2022:20:35:35 +0000] "PATCH /api/v1/register/updatenote HTTP/1.1" 200 85 "-" "PostmanRuntime/7.28.4"

info: ::1 - - [11/Jan/2022:20:44:17 +0000] "PATCH /api/v1/register/updatenote HTTP/1.1" 200 85 "-" "PostmanRuntime/7.28.4"

info: ::1 - - [11/Jan/2022:20:47:45 +0000] "PATCH /api/v1/register/updatenote HTTP/1.1" 200 85 "-" "PostmanRuntime/7.28.4"

info: ::1 - - [11/Jan/2022:20:59:42 +0000] "DELETE /api/v1/register/trashnote HTTP/1.1" 500 73 "-" "PostmanRuntime/7.28.4"

info: ::1 - - [11/Jan/2022:21:00:39 +0000] "DELETE /api/v1/register/trashnote HTTP/1.1" 500 59 "-" "PostmanRuntime/7.28.4"

info: ::1 - - [11/Jan/2022:21:01:01 +0000] "DELETE /api/v1/register/trashnote HTTP/1.1" 200 51 "-" "PostmanRuntime/7.28.4"

info: ::1 - - [11/Jan/2022:21:01:41 +0000] "DELETE /api/v1/register/trashnote HTTP/1.1" 200 51 "-" "PostmanRuntime/7.28.4"

info: ::ffff:127.0.0.1 - - [11/Jan/2022:21:02:22 +0000] "DELETE /api/v1/register/trashnote HTTP/1.1" 200 250 "-" "PostmanRuntime/7.28.4"

info: ::1 - - [11/Jan/2022:21:03:33 +0000] "DELETE /api/v1/register/trashnote HTTP/1.1" 200 56 "-" "PostmanRuntime/7.28.4"

info: ::1 - - [11/Jan/2022:21:04:13 +0000] "DELETE /api/v1/register/trashnote HTTP/1.1" 200 56 "-" "PostmanRuntime/7.28.4"

info: ::1 - - [11/Jan/2022:21:12:15 +0000] "POST /api/v1/register HTTP/1.1" 201 317 "-" "PostmanRuntime/7.28.4"

info: ::1 - - [11/Jan/2022:21:12:30 +0000] "POST /api/v1/register/login HTTP/1.1" 200 240 "-" "PostmanRuntime/7.28.4"

info: ::1 - - [11/Jan/2022:21:13:41 +0000] "POST /api/v1/register/login HTTP/1.1" 500 71 "-" "PostmanRuntime/7.28.4"

info: ::1 - - [11/Jan/2022:21:13:53 +0000] "POST /api/v1/register/addnote HTTP/1.1" 200 326 "-" "PostmanRuntime/7.28.4"

info: ::1 - - [11/Jan/2022:21:14:13 +0000] "POST /api/v1/register/addnote HTTP/1.1" 200 327 "-" "PostmanRuntime/7.28.4"

info: ::1 - - [11/Jan/2022:21:14:20 +0000] "POST /api/v1/register/addnote HTTP/1.1" 200 327 "-" "PostmanRuntime/7.28.4"

info: ::1 - - [11/Jan/2022:21:15:35 +0000] "PATCH /api/v1/register/update HTTP/1.1" 404 47 "-" "PostmanRuntime/7.28.4"

info: ::1 - - [11/Jan/2022:21:15:58 +0000] "PATCH /api/v1/register/updatenote HTTP/1.1" 200 85 "-" "PostmanRuntime/7.28.4"

info: ::1 - - [11/Jan/2022:21:17:28 +0000] "GET /api/v1/register/getnote HTTP/1.1" 200 844 "-" "PostmanRuntime/7.28.4"

info: ::1 - - [11/Jan/2022:21:23:40 +0000] "GET /api/v1/register/getnote HTTP/1.1" 200 844 "-" "PostmanRuntime/7.28.4"

