info: ::1 - - [18/Jan/2022:18:30:31 +0000] "POST /api/v1/register/resetpassword HTTP/1.1" 500 76 "http://localhost:5000/api-docs/" "Mozilla/5.0 (Windows NT 10.0; Win64; x64) AppleWebKit/537.36 (KHTML, like Gecko) Chrome/97.0.4692.71 Safari/537.36"

info: ::1 - - [19/Jan/2022:04:41:30 +0000] "GET /api-doc/ HTTP/1.1" 404 47 "-" "Mozilla/5.0 (Windows NT 10.0; Win64; x64) AppleWebKit/537.36 (KHTML, like Gecko) Chrome/97.0.4692.71 Safari/537.36"

info: ::1 - - [19/Jan/2022:04:41:36 +0000] "GET /images/icons/gear.png HTTP/1.1" 404 47 "-" "Mozilla/5.0 (Windows NT 10.0; Win64; x64) AppleWebKit/537.36 (KHTML, like Gecko) Chrome/97.0.4692.71 Safari/537.36"

info: ::1 - - [19/Jan/2022:04:42:18 +0000] "GET /api-doc/ HTTP/1.1" 404 47 "-" "Mozilla/5.0 (Windows NT 10.0; Win64; x64) AppleWebKit/537.36 (KHTML, like Gecko) Chrome/97.0.4692.71 Safari/537.36"

info: ::1 - - [19/Jan/2022:04:42:18 +0000] "GET /images/icons/gear.png HTTP/1.1" 404 47 "-" "Mozilla/5.0 (Windows NT 10.0; Win64; x64) AppleWebKit/537.36 (KHTML, like Gecko) Chrome/97.0.4692.71 Safari/537.36"

info: ::1 - - [19/Jan/2022:04:42:19 +0000] "GET /api-doc/ HTTP/1.1" 404 47 "-" "Mozilla/5.0 (Windows NT 10.0; Win64; x64) AppleWebKit/537.36 (KHTML, like Gecko) Chrome/97.0.4692.71 Safari/537.36"

info: ::1 - - [19/Jan/2022:04:42:19 +0000] "GET /images/icons/gear.png HTTP/1.1" 404 47 "-" "Mozilla/5.0 (Windows NT 10.0; Win64; x64) AppleWebKit/537.36 (KHTML, like Gecko) Chrome/97.0.4692.71 Safari/537.36"

info: ::1 - - [19/Jan/2022:04:42:35 +0000] "GET /api-doc HTTP/1.1" 404 47 "-" "Mozilla/5.0 (Windows NT 10.0; Win64; x64) AppleWebKit/537.36 (KHTML, like Gecko) Chrome/97.0.4692.71 Safari/537.36"

info: ::1 - - [19/Jan/2022:04:42:35 +0000] "GET /images/icons/gear.png HTTP/1.1" 404 47 "-" "Mozilla/5.0 (Windows NT 10.0; Win64; x64) AppleWebKit/537.36 (KHTML, like Gecko) Chrome/97.0.4692.71 Safari/537.36"

info: ::1 - - [19/Jan/2022:04:45:09 +0000] "POST /api/v1/register/forgetpassword HTTP/1.1" 200 545 "http://localhost:5000/api-docs/" "Mozilla/5.0 (Windows NT 10.0; Win64; x64) AppleWebKit/537.36 (KHTML, like Gecko) Chrome/97.0.4692.71 Safari/537.36"

info: ::1 - - [19/Jan/2022:04:46:28 +0000] "POST /api/v1/register/resetpassword HTTP/1.1" 500 76 "http://localhost:5000/api-docs/" "Mozilla/5.0 (Windows NT 10.0; Win64; x64) AppleWebKit/537.36 (KHTML, like Gecko) Chrome/97.0.4692.71 Safari/537.36"

info: ::1 - - [19/Jan/2022:04:50:25 +0000] "POST /api/v1/register/forgetpassword HTTP/1.1" 200 544 "http://localhost:5000/api-docs/" "Mozilla/5.0 (Windows NT 10.0; Win64; x64) AppleWebKit/537.36 (KHTML, like Gecko) Chrome/97.0.4692.71 Safari/537.36"

info: ::1 - - [19/Jan/2022:04:52:11 +0000] "POST /api/v1/register/resetpassword HTTP/1.1" 500 76 "http://localhost:5000/api-docs/" "Mozilla/5.0 (Windows NT 10.0; Win64; x64) AppleWebKit/537.36 (KHTML, like Gecko) Chrome/97.0.4692.71 Safari/537.36"

info: ::1 - - [19/Jan/2022:04:55:15 +0000] "POST /api/v1/register/forgetpassword HTTP/1.1" 200 543 "http://localhost:5000/api-docs/" "Mozilla/5.0 (Windows NT 10.0; Win64; x64) AppleWebKit/537.36 (KHTML, like Gecko) Chrome/97.0.4692.71 Safari/537.36"

info: ::1 - - [19/Jan/2022:04:56:04 +0000] "POST /api/v1/register/resetpassword HTTP/1.1" 500 55 "http://localhost:5000/api-docs/" "Mozilla/5.0 (Windows NT 10.0; Win64; x64) AppleWebKit/537.36 (KHTML, like Gecko) Chrome/97.0.4692.71 Safari/537.36"

info: ::1 - - [19/Jan/2022:05:19:25 +0000] "POST /api/v1/register/resetpassword HTTP/1.1" 500 76 "http://localhost:5000/api-docs/" "Mozilla/5.0 (Windows NT 10.0; Win64; x64) AppleWebKit/537.36 (KHTML, like Gecko) Chrome/97.0.4692.71 Safari/537.36"

info: ::1 - - [19/Jan/2022:05:26:14 +0000] "GET /eyJhbGciOiJIUzI1NiIsInR5cCI6IkpXVCJ9.eyJFbWFpbCI6InZpc2hnaXJhc2U5NUBnbWFpbC5jb20iLCJpYXQiOjE2NDI1MTkwMjF9.ORWUs3MHFZcDnsplFo05ZJx5Gvmya-_Epc2WedyGuxM HTTP/1.1" 404 47 "-" "Mozilla/5.0 (Windows NT 10.0; Win64; x64) AppleWebKit/537.36 (KHTML, like Gecko) Chrome/97.0.4692.71 Safari/537.36"

info: ::1 - - [19/Jan/2022:05:26:14 +0000] "GET /images/icons/gear.png HTTP/1.1" 404 47 "-" "Mozilla/5.0 (Windows NT 10.0; Win64; x64) AppleWebKit/537.36 (KHTML, like Gecko) Chrome/97.0.4692.71 Safari/537.36"

info: ::1 - - [19/Jan/2022:05:27:07 +0000] "POST /api/v1/register/resetpassword HTTP/1.1" 500 55 "http://localhost:5000/api-docs/" "Mozilla/5.0 (Windows NT 10.0; Win64; x64) AppleWebKit/537.36 (KHTML, like Gecko) Chrome/97.0.4692.71 Safari/537.36"

info: ::1 - - [19/Jan/2022:05:27:44 +0000] "POST /api/v1/register/resetpassword HTTP/1.1" 500 55 "http://localhost:5000/api-docs/" "Mozilla/5.0 (Windows NT 10.0; Win64; x64) AppleWebKit/537.36 (KHTML, like Gecko) Chrome/97.0.4692.71 Safari/537.36"

info: ::1 - - [19/Jan/2022:05:29:05 +0000] "GET /eyJhbGciOiJIUzI1NiIsInR5cCI6IkpXVCJ9.eyJFbWFpbCI6InZpc2hnaXJhc2U5NUBnbWFpbC5jb20iLCJpYXQiOjE2NDI1NjgxMTF9.x8lSEkH-2p4y3akjTYcpf0fQZbTfhwB9PDbZ1QuCgaA HTTP/1.1" 404 47 "-" "Mozilla/5.0 (Windows NT 10.0; Win64; x64) AppleWebKit/537.36 (KHTML, like Gecko) Chrome/97.0.4692.71 Safari/537.36"

info: ::1 - - [19/Jan/2022:05:29:05 +0000] "GET /images/icons/gear.png HTTP/1.1" 404 47 "-" "Mozilla/5.0 (Windows NT 10.0; Win64; x64) AppleWebKit/537.36 (KHTML, like Gecko) Chrome/97.0.4692.71 Safari/537.36"

info: ::1 - - [19/Jan/2022:05:29:54 +0000] "POST /api/v1/register/resetpassword HTTP/1.1" 500 76 "http://localhost:5000/api-docs/" "Mozilla/5.0 (Windows NT 10.0; Win64; x64) AppleWebKit/537.36 (KHTML, like Gecko) Chrome/97.0.4692.71 Safari/537.36"

info: ::1 - - [19/Jan/2022:05:50:50 +0000] "POST /api/v1/register/resetpassword HTTP/1.1" 200 63 "http://localhost:5000/api-docs/" "Mozilla/5.0 (Windows NT 10.0; Win64; x64) AppleWebKit/537.36 (KHTML, like Gecko) Chrome/97.0.4692.71 Safari/537.36"

info: ::1 - - [19/Jan/2022:05:51:49 +0000] "POST /api/v1/register/resetpassword HTTP/1.1" 200 327 "http://localhost:5000/api-docs/" "Mozilla/5.0 (Windows NT 10.0; Win64; x64) AppleWebKit/537.36 (KHTML, like Gecko) Chrome/97.0.4692.71 Safari/537.36"

info: ::1 - - [19/Jan/2022:05:52:47 +0000] "POST /api/v1/register/login HTTP/1.1" 200 248 "-" "PostmanRuntime/7.29.0"

info: ::1 - - [19/Jan/2022:06:00:37 +0000] "POST /api/v1/register/resetpassword HTTP/1.1" 200 327 "http://localhost:5000/api-docs/" "Mozilla/5.0 (Windows NT 10.0; Win64; x64) AppleWebKit/537.36 (KHTML, like Gecko) Chrome/97.0.4692.71 Safari/537.36"

info: ::1 - - [19/Jan/2022:06:02:39 +0000] "POST /api/v1/register/resetpassword HTTP/1.1" 500 48 "http://localhost:5000/api-docs/" "Mozilla/5.0 (Windows NT 10.0; Win64; x64) AppleWebKit/537.36 (KHTML, like Gecko) Chrome/97.0.4692.71 Safari/537.36"

info: ::1 - - [19/Jan/2022:06:03:20 +0000] "POST /api/v1/register/forgetpassword HTTP/1.1" 200 546 "http://localhost:5000/api-docs/" "Mozilla/5.0 (Windows NT 10.0; Win64; x64) AppleWebKit/537.36 (KHTML, like Gecko) Chrome/97.0.4692.71 Safari/537.36"

info: ::1 - - [19/Jan/2022:06:04:02 +0000] "POST /api/v1/register/resetpassword HTTP/1.1" 500 48 "http://localhost:5000/api-docs/" "Mozilla/5.0 (Windows NT 10.0; Win64; x64) AppleWebKit/537.36 (KHTML, like Gecko) Chrome/97.0.4692.71 Safari/537.36"

info: ::1 - - [19/Jan/2022:06:04:02 +0000] "POST /api/v1/register/resetpassword HTTP/1.1" 500 48 "http://localhost:5000/api-docs/" "Mozilla/5.0 (Windows NT 10.0; Win64; x64) AppleWebKit/537.36 (KHTML, like Gecko) Chrome/97.0.4692.71 Safari/537.36"

info: ::1 - - [19/Jan/2022:06:04:06 +0000] "POST /api/v1/register/resetpassword HTTP/1.1" 500 48 "http://localhost:5000/api-docs/" "Mozilla/5.0 (Windows NT 10.0; Win64; x64) AppleWebKit/537.36 (KHTML, like Gecko) Chrome/97.0.4692.71 Safari/537.36"

info: ::1 - - [19/Jan/2022:06:04:20 +0000] "POST /api/v1/register/resetpassword HTTP/1.1" 500 55 "http://localhost:5000/api-docs/" "Mozilla/5.0 (Windows NT 10.0; Win64; x64) AppleWebKit/537.36 (KHTML, like Gecko) Chrome/97.0.4692.71 Safari/537.36"

info: ::1 - - [19/Jan/2022:06:06:39 +0000] "POST /api/v1/register/resetpassword HTTP/1.1" 200 327 "http://localhost:5000/api-docs/" "Mozilla/5.0 (Windows NT 10.0; Win64; x64) AppleWebKit/537.36 (KHTML, like Gecko) Chrome/97.0.4692.71 Safari/537.36"

info: ::1 - - [19/Jan/2022:06:06:49 +0000] "POST /api/v1/register/resetpassword HTTP/1.1" 500 22 "http://localhost:5000/api-docs/" "Mozilla/5.0 (Windows NT 10.0; Win64; x64) AppleWebKit/537.36 (KHTML, like Gecko) Chrome/97.0.4692.71 Safari/537.36"

info: ::1 - - [19/Jan/2022:07:17:02 +0000] "GET /images/icons/gear.png HTTP/1.1" 404 47 "-" "Mozilla/5.0 (Windows NT 10.0; Win64; x64) AppleWebKit/537.36 (KHTML, like Gecko) Chrome/97.0.4692.71 Safari/537.36"

info: ::1 - - [19/Jan/2022:07:18:24 +0000] "POST /api/v1/register/addnote HTTP/1.1" 400 54 "http://localhost:5000/api-docs/" "Mozilla/5.0 (Windows NT 10.0; Win64; x64) AppleWebKit/537.36 (KHTML, like Gecko) Chrome/97.0.4692.71 Safari/537.36"

info: ::1 - - [19/Jan/2022:07:19:32 +0000] "POST /api/v1/register/login HTTP/1.1" 200 248 "http://localhost:5000/api-docs/" "Mozilla/5.0 (Windows NT 10.0; Win64; x64) AppleWebKit/537.36 (KHTML, like Gecko) Chrome/97.0.4692.71 Safari/537.36"

info: ::1 - - [19/Jan/2022:07:20:11 +0000] "POST /api/v1/register/addnote HTTP/1.1" 500 244 "http://localhost:5000/api-docs/" "Mozilla/5.0 (Windows NT 10.0; Win64; x64) AppleWebKit/537.36 (KHTML, like Gecko) Chrome/97.0.4692.71 Safari/537.36"

info: ::1 - - [19/Jan/2022:07:21:54 +0000] "POST /api/v1/register/addnote HTTP/1.1" 200 306 "http://localhost:5000/api-docs/" "Mozilla/5.0 (Windows NT 10.0; Win64; x64) AppleWebKit/537.36 (KHTML, like Gecko) Chrome/97.0.4692.71 Safari/537.36"

info: ::1 - - [19/Jan/2022:07:25:49 +0000] "POST /api/v1/register/addnote HTTP/1.1" 200 306 "http://localhost:5000/api-docs/" "Mozilla/5.0 (Windows NT 10.0; Win64; x64) AppleWebKit/537.36 (KHTML, like Gecko) Chrome/97.0.4692.71 Safari/537.36"

info: ::1 - - [19/Jan/2022:07:32:38 +0000] "POST /api/v1/register/login HTTP/1.1" 500 71 "http://localhost:5000/api-docs/" "Mozilla/5.0 (Windows NT 10.0; Win64; x64) AppleWebKit/537.36 (KHTML, like Gecko) Chrome/97.0.4692.71 Safari/537.36"

info: ::1 - - [19/Jan/2022:07:34:58 +0000] "POST /api/v1/register/login HTTP/1.1" 200 248 "http://localhost:5000/api-docs/" "Mozilla/5.0 (Windows NT 10.0; Win64; x64) AppleWebKit/537.36 (KHTML, like Gecko) Chrome/97.0.4692.71 Safari/537.36"

info: ::1 - - [19/Jan/2022:07:35:26 +0000] "POST /api/v1/register/login HTTP/1.1" 200 248 "http://localhost:5000/api-docs/" "Mozilla/5.0 (Windows NT 10.0; Win64; x64) AppleWebKit/537.36 (KHTML, like Gecko) Chrome/97.0.4692.71 Safari/537.36"

info: ::1 - - [19/Jan/2022:07:36:13 +0000] "POST /api/v1/register/login HTTP/1.1" 200 248 "http://localhost:5000/api-docs/" "Mozilla/5.0 (Windows NT 10.0; Win64; x64) AppleWebKit/537.36 (KHTML, like Gecko) Chrome/97.0.4692.71 Safari/537.36"

info: ::ffff:127.0.0.1 - - [19/Jan/2022:07:36:48 +0000] "POST /api/v1/register/login HTTP/1.1" 500 71 "http://localhost:5000/api-docs/" "Mozilla/5.0 (Windows NT 10.0; Win64; x64) AppleWebKit/537.36 (KHTML, like Gecko) Chrome/97.0.4692.71 Safari/537.36"

info: ::1 - - [19/Jan/2022:07:37:07 +0000] "POST /api/v1/register/login HTTP/1.1" 500 71 "http://localhost:5000/api-docs/" "Mozilla/5.0 (Windows NT 10.0; Win64; x64) AppleWebKit/537.36 (KHTML, like Gecko) Chrome/97.0.4692.71 Safari/537.36"

info: ::1 - - [19/Jan/2022:07:37:18 +0000] "POST /api/v1/register/login HTTP/1.1" 200 248 "http://localhost:5000/api-docs/" "Mozilla/5.0 (Windows NT 10.0; Win64; x64) AppleWebKit/537.36 (KHTML, like Gecko) Chrome/97.0.4692.71 Safari/537.36"

info: ::1 - - [19/Jan/2022:07:39:54 +0000] "POST /api/v1/register/updatenote HTTP/1.1" 404 47 "http://localhost:5000/api-docs/" "Mozilla/5.0 (Windows NT 10.0; Win64; x64) AppleWebKit/537.36 (KHTML, like Gecko) Chrome/97.0.4692.71 Safari/537.36"

info: ::1 - - [19/Jan/2022:07:43:13 +0000] "PATCH /api/v1/register/updatenote HTTP/1.1" 400 54 "http://localhost:5000/api-docs/" "Mozilla/5.0 (Windows NT 10.0; Win64; x64) AppleWebKit/537.36 (KHTML, like Gecko) Chrome/97.0.4692.71 Safari/537.36"

info: ::1 - - [19/Jan/2022:07:44:30 +0000] "PATCH /api/v1/register/updatenote HTTP/1.1" 400 54 "http://localhost:5000/api-docs/" "Mozilla/5.0 (Windows NT 10.0; Win64; x64) AppleWebKit/537.36 (KHTML, like Gecko) Chrome/97.0.4692.71 Safari/537.36"

info: ::1 - - [19/Jan/2022:07:44:36 +0000] "PATCH /api/v1/register/updatenote HTTP/1.1" 400 54 "http://localhost:5000/api-docs/" "Mozilla/5.0 (Windows NT 10.0; Win64; x64) AppleWebKit/537.36 (KHTML, like Gecko) Chrome/97.0.4692.71 Safari/537.36"

info: ::1 - - [19/Jan/2022:07:45:03 +0000] "POST /api/v1/register/login HTTP/1.1" 200 248 "http://localhost:5000/api-docs/" "Mozilla/5.0 (Windows NT 10.0; Win64; x64) AppleWebKit/537.36 (KHTML, like Gecko) Chrome/97.0.4692.71 Safari/537.36"

info: ::1 - - [19/Jan/2022:07:46:05 +0000] "POST /api/v1/register/addnote HTTP/1.1" 200 298 "http://localhost:5000/api-docs/" "Mozilla/5.0 (Windows NT 10.0; Win64; x64) AppleWebKit/537.36 (KHTML, like Gecko) Chrome/97.0.4692.71 Safari/537.36"

info: ::1 - - [19/Jan/2022:07:46:27 +0000] "PATCH /api/v1/register/updatenote HTTP/1.1" 500 71 "http://localhost:5000/api-docs/" "Mozilla/5.0 (Windows NT 10.0; Win64; x64) AppleWebKit/537.36 (KHTML, like Gecko) Chrome/97.0.4692.71 Safari/537.36"

info: ::1 - - [19/Jan/2022:07:48:24 +0000] "PATCH /api/v1/register/updatenote HTTP/1.1" 400 54 "http://localhost:5000/api-docs/" "Mozilla/5.0 (Windows NT 10.0; Win64; x64) AppleWebKit/537.36 (KHTML, like Gecko) Chrome/97.0.4692.71 Safari/537.36"

info: ::1 - - [19/Jan/2022:07:50:54 +0000] "POST /api/v1/register HTTP/1.1" 201 326 "http://localhost:5000/api-docs/" "Mozilla/5.0 (Windows NT 10.0; Win64; x64) AppleWebKit/537.36 (KHTML, like Gecko) Chrome/97.0.4692.71 Safari/537.36"

info: ::1 - - [19/Jan/2022:07:51:28 +0000] "POST /api/v1/register/login HTTP/1.1" 500 71 "http://localhost:5000/api-docs/" "Mozilla/5.0 (Windows NT 10.0; Win64; x64) AppleWebKit/537.36 (KHTML, like Gecko) Chrome/97.0.4692.71 Safari/537.36"

info: ::1 - - [19/Jan/2022:07:52:03 +0000] "POST /api/v1/register/login HTTP/1.1" 200 248 "http://localhost:5000/api-docs/" "Mozilla/5.0 (Windows NT 10.0; Win64; x64) AppleWebKit/537.36 (KHTML, like Gecko) Chrome/97.0.4692.71 Safari/537.36"

info: ::1 - - [19/Jan/2022:07:52:47 +0000] "POST /api/v1/register/addnote HTTP/1.1" 500 244 "http://localhost:5000/api-docs/" "Mozilla/5.0 (Windows NT 10.0; Win64; x64) AppleWebKit/537.36 (KHTML, like Gecko) Chrome/97.0.4692.71 Safari/537.36"

info: ::1 - - [19/Jan/2022:07:53:10 +0000] "POST /api/v1/register/addnote HTTP/1.1" 200 304 "http://localhost:5000/api-docs/" "Mozilla/5.0 (Windows NT 10.0; Win64; x64) AppleWebKit/537.36 (KHTML, like Gecko) Chrome/97.0.4692.71 Safari/537.36"

info: ::1 - - [19/Jan/2022:07:54:05 +0000] "PATCH /api/v1/register/updatenote HTTP/1.1" 500 315 "http://localhost:5000/api-docs/" "Mozilla/5.0 (Windows NT 10.0; Win64; x64) AppleWebKit/537.36 (KHTML, like Gecko) Chrome/97.0.4692.71 Safari/537.36"

info: ::1 - - [19/Jan/2022:07:55:26 +0000] "PATCH /api/v1/register/updatenote HTTP/1.1" 500 315 "http://localhost:5000/api-docs/" "Mozilla/5.0 (Windows NT 10.0; Win64; x64) AppleWebKit/537.36 (KHTML, like Gecko) Chrome/97.0.4692.71 Safari/537.36"

info: ::1 - - [19/Jan/2022:08:04:05 +0000] "PATCH /api/v1/register/updatenote HTTP/1.1" 500 71 "http://localhost:5000/api-docs/" "Mozilla/5.0 (Windows NT 10.0; Win64; x64) AppleWebKit/537.36 (KHTML, like Gecko) Chrome/97.0.4692.71 Safari/537.36"

info: ::1 - - [19/Jan/2022:08:04:39 +0000] "PATCH /api/v1/register/updatenote HTTP/1.1" 500 71 "http://localhost:5000/api-docs/" "Mozilla/5.0 (Windows NT 10.0; Win64; x64) AppleWebKit/537.36 (KHTML, like Gecko) Chrome/97.0.4692.71 Safari/537.36"

info: ::1 - - [19/Jan/2022:08:06:48 +0000] "PATCH /api/v1/register/updatenote HTTP/1.1" 500 71 "http://localhost:5000/api-docs/" "Mozilla/5.0 (Windows NT 10.0; Win64; x64) AppleWebKit/537.36 (KHTML, like Gecko) Chrome/97.0.4692.71 Safari/537.36"

info: ::1 - - [19/Jan/2022:08:10:18 +0000] "PATCH /api/v1/register/updatenote HTTP/1.1" 500 71 "http://localhost:5000/api-docs/" "Mozilla/5.0 (Windows NT 10.0; Win64; x64) AppleWebKit/537.36 (KHTML, like Gecko) Chrome/97.0.4692.71 Safari/537.36"

info: ::1 - - [19/Jan/2022:09:14:22 +0000] "GET / HTTP/1.1" 404 47 "-" "Mozilla/5.0 (Windows NT 10.0; Win64; x64) AppleWebKit/537.36 (KHTML, like Gecko) Chrome/97.0.4692.71 Safari/537.36"

info: ::1 - - [19/Jan/2022:09:14:25 +0000] "GET /images/icons/gear.png HTTP/1.1" 404 47 "-" "Mozilla/5.0 (Windows NT 10.0; Win64; x64) AppleWebKit/537.36 (KHTML, like Gecko) Chrome/97.0.4692.71 Safari/537.36"

info: ::1 - - [19/Jan/2022:09:15:28 +0000] "POST /api/v1/register/login HTTP/1.1" 200 248 "http://localhost:5000/api-docs/" "Mozilla/5.0 (Windows NT 10.0; Win64; x64) AppleWebKit/537.36 (KHTML, like Gecko) Chrome/97.0.4692.71 Safari/537.36"

info: ::1 - - [19/Jan/2022:09:22:12 +0000] "GET /api/v1/register/getnote HTTP/1.1" 200 60 "http://localhost:5000/api-docs/" "Mozilla/5.0 (Windows NT 10.0; Win64; x64) AppleWebKit/537.36 (KHTML, like Gecko) Chrome/97.0.4692.71 Safari/537.36"

info: ::1 - - [19/Jan/2022:09:23:22 +0000] "GET /api/v1/register/getnote HTTP/1.1" 200 60 "-" "PostmanRuntime/7.29.0"

info: ::1 - - [19/Jan/2022:09:24:20 +0000] "POST /api/v1/register/addnote HTTP/1.1" 200 303 "http://localhost:5000/api-docs/" "Mozilla/5.0 (Windows NT 10.0; Win64; x64) AppleWebKit/537.36 (KHTML, like Gecko) Chrome/97.0.4692.71 Safari/537.36"

info: ::1 - - [19/Jan/2022:09:24:30 +0000] "POST /api/v1/register/addnote HTTP/1.1" 200 304 "http://localhost:5000/api-docs/" "Mozilla/5.0 (Windows NT 10.0; Win64; x64) AppleWebKit/537.36 (KHTML, like Gecko) Chrome/97.0.4692.71 Safari/537.36"

info: ::1 - - [19/Jan/2022:09:24:34 +0000] "GET /api/v1/register/getnote HTTP/1.1" 200 558 "http://localhost:5000/api-docs/" "Mozilla/5.0 (Windows NT 10.0; Win64; x64) AppleWebKit/537.36 (KHTML, like Gecko) Chrome/97.0.4692.71 Safari/537.36"

info: ::1 - - [19/Jan/2022:09:32:26 +0000] "POST /api/v1/register/login HTTP/1.1" 200 248 "http://localhost:5000/api-docs/" "Mozilla/5.0 (Windows NT 10.0; Win64; x64) AppleWebKit/537.36 (KHTML, like Gecko) Chrome/97.0.4692.71 Safari/537.36"

info: ::1 - - [19/Jan/2022:09:32:57 +0000] "GET /api/v1/register/isArchived HTTP/1.1" 200 817 "http://localhost:5000/api-docs/" "Mozilla/5.0 (Windows NT 10.0; Win64; x64) AppleWebKit/537.36 (KHTML, like Gecko) Chrome/97.0.4692.71 Safari/537.36"

info: ::1 - - [19/Jan/2022:09:33:27 +0000] "GET /api/v1/register/trashed HTTP/1.1" 200 566 "http://localhost:5000/api-docs/" "Mozilla/5.0 (Windows NT 10.0; Win64; x64) AppleWebKit/537.36 (KHTML, like Gecko) Chrome/97.0.4692.71 Safari/537.36"

info: ::1 - - [19/Jan/2022:09:33:40 +0000] "GET /api/v1/register/isArchived HTTP/1.1" 304 - "http://localhost:5000/api-docs/" "Mozilla/5.0 (Windows NT 10.0; Win64; x64) AppleWebKit/537.36 (KHTML, like Gecko) Chrome/97.0.4692.71 Safari/537.36"

info: ::1 - - [19/Jan/2022:09:34:08 +0000] "GET /api/v1/register/getnote HTTP/1.1" 304 - "http://localhost:5000/api-docs/" "Mozilla/5.0 (Windows NT 10.0; Win64; x64) AppleWebKit/537.36 (KHTML, like Gecko) Chrome/97.0.4692.71 Safari/537.36"

info: ::1 - - [19/Jan/2022:09:35:29 +0000] "GET /api/v1/register/getnote HTTP/1.1" 200 558 "-" "PostmanRuntime/7.29.0"

info: ::1 - - [19/Jan/2022:09:35:55 +0000] "GET /api/v1/register/trashed HTTP/1.1" 200 566 "-" "PostmanRuntime/7.29.0"

info: ::1 - - [19/Jan/2022:09:36:45 +0000] "GET /api/v1/register/isArchived HTTP/1.1" 200 817 "-" "PostmanRuntime/7.29.0"

info: ::1 - - [19/Jan/2022:09:41:08 +0000] "GET /api/v1/register/getnote HTTP/1.1" 304 - "http://localhost:5000/api-docs/" "Mozilla/5.0 (Windows NT 10.0; Win64; x64) AppleWebKit/537.36 (KHTML, like Gecko) Chrome/97.0.4692.71 Safari/537.36"

info: ::1 - - [19/Jan/2022:09:41:45 +0000] "GET /api/v1/register/getnotes HTTP/1.1" 404 47 "-" "PostmanRuntime/7.29.0"

info: ::1 - - [19/Jan/2022:09:41:49 +0000] "GET /api/v1/register/getnote HTTP/1.1" 200 558 "-" "PostmanRuntime/7.29.0"

info: ::1 - - [19/Jan/2022:09:47:02 +0000] "PATCH /api/v1/register/updatenote HTTP/1.1" 500 130 "http://localhost:5000/api-docs/" "Mozilla/5.0 (Windows NT 10.0; Win64; x64) AppleWebKit/537.36 (KHTML, like Gecko) Chrome/97.0.4692.71 Safari/537.36"

info: ::1 - - [19/Jan/2022:09:51:20 +0000] "PATCH /api/v1/register/updatenote HTTP/1.1" 200 80 "http://localhost:5000/api-docs/" "Mozilla/5.0 (Windows NT 10.0; Win64; x64) AppleWebKit/537.36 (KHTML, like Gecko) Chrome/97.0.4692.71 Safari/537.36"

