info: ::ffff:127.0.0.1 - - [04/Feb/2022:17:05:44 +0000] "GET /api/v1/ HTTP/1.1" 200 7 "-" "node-superagent/3.8.3"

info: ::ffff:127.0.0.1 - - [04/Feb/2022:17:05:45 +0000] "POST /api/v1/users/register HTTP/1.1" 201 325 "-" "node-superagent/3.8.3"

info: ::ffff:127.0.0.1 - - [04/Feb/2022:17:05:45 +0000] "POST /api/v1/users/login HTTP/1.1" 200 248 "-" "node-superagent/3.8.3"

info: ::ffff:127.0.0.1 - - [04/Feb/2022:17:05:45 +0000] "POST /api/v1/users/login HTTP/1.1" 200 248 "-" "node-superagent/3.8.3"

info: ::ffff:127.0.0.1 - - [04/Feb/2022:17:05:45 +0000] "POST /api/v1/notes HTTP/1.1" 200 304 "-" "node-superagent/3.8.3"

info: ::ffff:127.0.0.1 - - [04/Feb/2022:17:05:46 +0000] "POST /api/v1/users/login HTTP/1.1" 200 248 "-" "node-superagent/3.8.3"

info: ::ffff:127.0.0.1 - - [04/Feb/2022:17:05:46 +0000] "GET /api/v1/notes HTTP/1.1" 200 60 "-" "node-superagent/3.8.3"

info: ::ffff:127.0.0.1 - - [04/Feb/2022:17:05:46 +0000] "POST /api/v1/users/login HTTP/1.1" 200 248 "-" "node-superagent/3.8.3"

info: ::ffff:127.0.0.1 - - [04/Feb/2022:17:05:46 +0000] "PATCH /api/v1/notes HTTP/1.1" 200 80 "-" "node-superagent/3.8.3"

info: ::ffff:127.0.0.1 - - [04/Feb/2022:17:05:46 +0000] "POST /api/v1/users/login HTTP/1.1" 200 248 "-" "node-superagent/3.8.3"

info: ::ffff:127.0.0.1 - - [04/Feb/2022:17:05:46 +0000] "GET /api/v1/notes/trash HTTP/1.1" 200 68 "-" "node-superagent/3.8.3"

info: ::ffff:127.0.0.1 - - [04/Feb/2022:17:05:46 +0000] "POST /api/v1/users/login HTTP/1.1" 200 248 "-" "node-superagent/3.8.3"

info: ::ffff:127.0.0.1 - - [04/Feb/2022:17:05:46 +0000] "GET /api/v1/notes/archive HTTP/1.1" 200 318 "-" "node-superagent/3.8.3"

info: ::ffff:127.0.0.1 - - [04/Feb/2022:17:05:51 +0000] "POST /api/v1/users/forgetpassword HTTP/1.1" 200 544 "-" "node-superagent/3.8.3"

info: ::ffff:127.0.0.1 - - [04/Feb/2022:17:05:52 +0000] "POST /api/v1/users/resetpassword HTTP/1.1" 200 326 "-" "node-superagent/3.8.3"

info: ::1 - - [04/Feb/2022:17:07:04 +0000] "GET /swagger_doc HTTP/1.1" 404 47 "-" "Mozilla/5.0 (Windows NT 10.0; Win64; x64) AppleWebKit/537.36 (KHTML, like Gecko) Chrome/97.0.4692.99 Safari/537.36"

info: ::1 - - [04/Feb/2022:17:07:05 +0000] "GET /favicon.ico HTTP/1.1" 404 47 "-" "Mozilla/5.0 (Windows NT 10.0; Win64; x64) AppleWebKit/537.36 (KHTML, like Gecko) Chrome/97.0.4692.99 Safari/537.36"

info: ::1 - - [04/Feb/2022:17:07:08 +0000] "GET /images/icons/gear.png HTTP/1.1" 404 47 "-" "Mozilla/5.0 (Windows NT 10.0; Win64; x64) AppleWebKit/537.36 (KHTML, like Gecko) Chrome/97.0.4692.99 Safari/537.36"

info: ::1 - - [04/Feb/2022:17:07:35 +0000] "GET /swagger_doc/ HTTP/1.1" 404 47 "-" "Mozilla/5.0 (Windows NT 10.0; Win64; x64) AppleWebKit/537.36 (KHTML, like Gecko) Chrome/97.0.4692.99 Safari/537.36"

info: ::1 - - [04/Feb/2022:17:07:36 +0000] "GET /images/icons/gear.png HTTP/1.1" 404 47 "-" "Mozilla/5.0 (Windows NT 10.0; Win64; x64) AppleWebKit/537.36 (KHTML, like Gecko) Chrome/97.0.4692.99 Safari/537.36"

info: ::1 - - [04/Feb/2022:17:07:42 +0000] "GET /swagger_doc/ HTTP/1.1" 404 47 "-" "Mozilla/5.0 (Windows NT 10.0; Win64; x64) AppleWebKit/537.36 (KHTML, like Gecko) Chrome/97.0.4692.99 Safari/537.36"

info: ::1 - - [04/Feb/2022:17:07:42 +0000] "GET /images/icons/gear.png HTTP/1.1" 404 47 "-" "Mozilla/5.0 (Windows NT 10.0; Win64; x64) AppleWebKit/537.36 (KHTML, like Gecko) Chrome/97.0.4692.99 Safari/537.36"

info: ::1 - - [04/Feb/2022:17:07:48 +0000] "GET /swagger_doc HTTP/1.1" 404 47 "-" "Mozilla/5.0 (Windows NT 10.0; Win64; x64) AppleWebKit/537.36 (KHTML, like Gecko) Chrome/97.0.4692.99 Safari/537.36"

info: ::1 - - [04/Feb/2022:17:07:48 +0000] "GET /images/icons/gear.png HTTP/1.1" 404 47 "-" "Mozilla/5.0 (Windows NT 10.0; Win64; x64) AppleWebKit/537.36 (KHTML, like Gecko) Chrome/97.0.4692.99 Safari/537.36"

info: ::1 - - [04/Feb/2022:17:08:59 +0000] "GET /api/v1/ HTTP/1.1" 200 7 "-" "Mozilla/5.0 (Windows NT 10.0; Win64; x64) AppleWebKit/537.36 (KHTML, like Gecko) Chrome/97.0.4692.99 Safari/537.36"

info: ::1 - - [04/Feb/2022:17:09:46 +0000] "GET /api/v1/swagger HTTP/1.1" 404 47 "-" "Mozilla/5.0 (Windows NT 10.0; Win64; x64) AppleWebKit/537.36 (KHTML, like Gecko) Chrome/97.0.4692.99 Safari/537.36"

info: ::1 - - [04/Feb/2022:17:09:46 +0000] "GET /images/icons/gear.png HTTP/1.1" 404 47 "-" "Mozilla/5.0 (Windows NT 10.0; Win64; x64) AppleWebKit/537.36 (KHTML, like Gecko) Chrome/97.0.4692.99 Safari/537.36"

info: ::1 - - [04/Feb/2022:17:10:55 +0000] "GET /api/v1/swagger HTTP/1.1" 404 47 "-" "Mozilla/5.0 (Windows NT 10.0; Win64; x64) AppleWebKit/537.36 (KHTML, like Gecko) Chrome/97.0.4692.99 Safari/537.36"

info: ::1 - - [04/Feb/2022:17:10:55 +0000] "GET /images/icons/gear.png HTTP/1.1" 404 47 "-" "Mozilla/5.0 (Windows NT 10.0; Win64; x64) AppleWebKit/537.36 (KHTML, like Gecko) Chrome/97.0.4692.99 Safari/537.36"

info: ::1 - - [04/Feb/2022:17:11:44 +0000] "GET /api/v1/ HTTP/1.1" 304 - "-" "Mozilla/5.0 (Windows NT 10.0; Win64; x64) AppleWebKit/537.36 (KHTML, like Gecko) Chrome/97.0.4692.99 Safari/537.36"

info: ::1 - - [04/Feb/2022:17:14:06 +0000] "GET /api/v1/ HTTP/1.1" 304 - "-" "Mozilla/5.0 (Windows NT 10.0; Win64; x64) AppleWebKit/537.36 (KHTML, like Gecko) Chrome/97.0.4692.99 Safari/537.36"

info: ::1 - - [04/Feb/2022:17:14:12 +0000] "GET /api/v1/ HTTP/1.1" 304 - "-" "Mozilla/5.0 (Windows NT 10.0; Win64; x64) AppleWebKit/537.36 (KHTML, like Gecko) Chrome/97.0.4692.99 Safari/537.36"

info: ::1 - - [04/Feb/2022:17:14:33 +0000] "GET /api/v1/swagger_doc HTTP/1.1" 404 47 "-" "Mozilla/5.0 (Windows NT 10.0; Win64; x64) AppleWebKit/537.36 (KHTML, like Gecko) Chrome/97.0.4692.99 Safari/537.36"

info: ::1 - - [04/Feb/2022:17:14:33 +0000] "GET /images/icons/gear.png HTTP/1.1" 404 47 "-" "Mozilla/5.0 (Windows NT 10.0; Win64; x64) AppleWebKit/537.36 (KHTML, like Gecko) Chrome/97.0.4692.99 Safari/537.36"

info: ::1 - - [04/Feb/2022:17:14:45 +0000] "GET /api/v1/swagger_doc/ HTTP/1.1" 404 47 "-" "Mozilla/5.0 (Windows NT 10.0; Win64; x64) AppleWebKit/537.36 (KHTML, like Gecko) Chrome/97.0.4692.99 Safari/537.36"

info: ::1 - - [04/Feb/2022:17:14:45 +0000] "GET /images/icons/gear.png HTTP/1.1" 404 47 "-" "Mozilla/5.0 (Windows NT 10.0; Win64; x64) AppleWebKit/537.36 (KHTML, like Gecko) Chrome/97.0.4692.99 Safari/537.36"

info: ::1 - - [04/Feb/2022:17:14:50 +0000] "GET /api/v1/swagger_doc/ HTTP/1.1" 404 47 "-" "Mozilla/5.0 (Windows NT 10.0; Win64; x64) AppleWebKit/537.36 (KHTML, like Gecko) Chrome/97.0.4692.99 Safari/537.36"

info: ::1 - - [04/Feb/2022:17:14:50 +0000] "GET /images/icons/gear.png HTTP/1.1" 404 47 "-" "Mozilla/5.0 (Windows NT 10.0; Win64; x64) AppleWebKit/537.36 (KHTML, like Gecko) Chrome/97.0.4692.99 Safari/537.36"

info: ::1 - - [04/Feb/2022:17:19:14 +0000] "GET /swagger_doc/ HTTP/1.1" 404 47 "-" "Mozilla/5.0 (Windows NT 10.0; Win64; x64) AppleWebKit/537.36 (KHTML, like Gecko) Chrome/97.0.4692.99 Safari/537.36"

info: ::1 - - [04/Feb/2022:17:19:14 +0000] "GET /images/icons/gear.png HTTP/1.1" 404 47 "-" "Mozilla/5.0 (Windows NT 10.0; Win64; x64) AppleWebKit/537.36 (KHTML, like Gecko) Chrome/97.0.4692.99 Safari/537.36"

info: ::1 - - [04/Feb/2022:17:19:29 +0000] "GET /swagger_doc/ HTTP/1.1" 404 47 "-" "Mozilla/5.0 (Windows NT 10.0; Win64; x64) AppleWebKit/537.36 (KHTML, like Gecko) Chrome/97.0.4692.99 Safari/537.36"

info: ::1 - - [04/Feb/2022:17:19:29 +0000] "GET /images/icons/gear.png HTTP/1.1" 404 47 "-" "Mozilla/5.0 (Windows NT 10.0; Win64; x64) AppleWebKit/537.36 (KHTML, like Gecko) Chrome/97.0.4692.99 Safari/537.36"

info: ::1 - - [04/Feb/2022:17:19:34 +0000] "GET /swagger_doc HTTP/1.1" 404 47 "-" "Mozilla/5.0 (Windows NT 10.0; Win64; x64) AppleWebKit/537.36 (KHTML, like Gecko) Chrome/97.0.4692.99 Safari/537.36"

info: ::1 - - [04/Feb/2022:17:19:34 +0000] "GET /images/icons/gear.png HTTP/1.1" 404 47 "-" "Mozilla/5.0 (Windows NT 10.0; Win64; x64) AppleWebKit/537.36 (KHTML, like Gecko) Chrome/97.0.4692.99 Safari/537.36"

info: ::1 - - [04/Feb/2022:17:19:38 +0000] "GET /swagger_doc/ HTTP/1.1" 404 47 "-" "Mozilla/5.0 (Windows NT 10.0; Win64; x64) AppleWebKit/537.36 (KHTML, like Gecko) Chrome/97.0.4692.99 Safari/537.36"

info: ::1 - - [04/Feb/2022:17:19:38 +0000] "GET /images/icons/gear.png HTTP/1.1" 404 47 "-" "Mozilla/5.0 (Windows NT 10.0; Win64; x64) AppleWebKit/537.36 (KHTML, like Gecko) Chrome/97.0.4692.99 Safari/537.36"

info: ::1 - - [04/Feb/2022:17:22:05 +0000] "GET /swagger_doc/ HTTP/1.1" 404 47 "-" "Mozilla/5.0 (Windows NT 10.0; Win64; x64) AppleWebKit/537.36 (KHTML, like Gecko) Chrome/97.0.4692.99 Safari/537.36"

info: ::1 - - [04/Feb/2022:17:22:06 +0000] "GET /images/icons/gear.png HTTP/1.1" 404 47 "-" "Mozilla/5.0 (Windows NT 10.0; Win64; x64) AppleWebKit/537.36 (KHTML, like Gecko) Chrome/97.0.4692.99 Safari/537.36"

info: ::1 - - [04/Feb/2022:17:24:37 +0000] "GET / HTTP/1.1" 404 47 "-" "Mozilla/5.0 (Windows NT 10.0; Win64; x64) AppleWebKit/537.36 (KHTML, like Gecko) Chrome/97.0.4692.99 Safari/537.36"

info: ::1 - - [04/Feb/2022:17:24:38 +0000] "GET /images/icons/gear.png HTTP/1.1" 404 47 "-" "Mozilla/5.0 (Windows NT 10.0; Win64; x64) AppleWebKit/537.36 (KHTML, like Gecko) Chrome/97.0.4692.99 Safari/537.36"

info: ::1 - - [04/Feb/2022:17:27:42 +0000] "POST /api/v1/users/register HTTP/1.1" 500 61 "http://localhost:5000/api-docs/" "Mozilla/5.0 (Windows NT 10.0; Win64; x64) AppleWebKit/537.36 (KHTML, like Gecko) Chrome/97.0.4692.99 Safari/537.36"

info: ::1 - - [04/Feb/2022:17:28:09 +0000] "POST /api/v1/users/register HTTP/1.1" 201 317 "http://localhost:5000/api-docs/" "Mozilla/5.0 (Windows NT 10.0; Win64; x64) AppleWebKit/537.36 (KHTML, like Gecko) Chrome/97.0.4692.99 Safari/537.36"

info: ::1 - - [04/Feb/2022:17:28:33 +0000] "POST /api/v1/users/login HTTP/1.1" 500 71 "http://localhost:5000/api-docs/" "Mozilla/5.0 (Windows NT 10.0; Win64; x64) AppleWebKit/537.36 (KHTML, like Gecko) Chrome/97.0.4692.99 Safari/537.36"

info: ::1 - - [04/Feb/2022:17:28:57 +0000] "POST /api/v1/users/login HTTP/1.1" 500 50 "http://localhost:5000/api-docs/" "Mozilla/5.0 (Windows NT 10.0; Win64; x64) AppleWebKit/537.36 (KHTML, like Gecko) Chrome/97.0.4692.99 Safari/537.36"

info: ::1 - - [04/Feb/2022:17:29:16 +0000] "POST /api/v1/users/login HTTP/1.1" 200 236 "http://localhost:5000/api-docs/" "Mozilla/5.0 (Windows NT 10.0; Win64; x64) AppleWebKit/537.36 (KHTML, like Gecko) Chrome/97.0.4692.99 Safari/537.36"

info: ::1 - - [04/Feb/2022:17:29:31 +0000] "POST /api/v1/users/login HTTP/1.1" 200 236 "http://localhost:5000/api-docs/" "Mozilla/5.0 (Windows NT 10.0; Win64; x64) AppleWebKit/537.36 (KHTML, like Gecko) Chrome/97.0.4692.99 Safari/537.36"

info: ::1 - - [04/Feb/2022:17:30:25 +0000] "POST /api/v1/users/forgetpassword HTTP/1.1" 200 541 "http://localhost:5000/api-docs/" "Mozilla/5.0 (Windows NT 10.0; Win64; x64) AppleWebKit/537.36 (KHTML, like Gecko) Chrome/97.0.4692.99 Safari/537.36"

info: ::1 - - [04/Feb/2022:17:30:41 +0000] "POST /api/v1/notes HTTP/1.1" 200 303 "http://localhost:5000/api-docs/" "Mozilla/5.0 (Windows NT 10.0; Win64; x64) AppleWebKit/537.36 (KHTML, like Gecko) Chrome/97.0.4692.99 Safari/537.36"

info: ::1 - - [04/Feb/2022:17:31:21 +0000] "PATCH /api/v1/notes HTTP/1.1" 500 57 "http://localhost:5000/api-docs/" "Mozilla/5.0 (Windows NT 10.0; Win64; x64) AppleWebKit/537.36 (KHTML, like Gecko) Chrome/97.0.4692.99 Safari/537.36"

info: ::1 - - [04/Feb/2022:17:32:56 +0000] "PATCH /api/v1/notes HTTP/1.1" 200 80 "http://localhost:5000/api-docs/" "Mozilla/5.0 (Windows NT 10.0; Win64; x64) AppleWebKit/537.36 (KHTML, like Gecko) Chrome/97.0.4692.99 Safari/537.36"

info: ::1 - - [04/Feb/2022:17:33:15 +0000] "GET /api/v1/notes HTTP/1.1" 200 60 "http://localhost:5000/api-docs/" "Mozilla/5.0 (Windows NT 10.0; Win64; x64) AppleWebKit/537.36 (KHTML, like Gecko) Chrome/97.0.4692.99 Safari/537.36"

info: ::1 - - [04/Feb/2022:17:33:30 +0000] "GET /api/v1/notes HTTP/1.1" 200 58 "http://localhost:5000/api-docs/" "Mozilla/5.0 (Windows NT 10.0; Win64; x64) AppleWebKit/537.36 (KHTML, like Gecko) Chrome/97.0.4692.99 Safari/537.36"

info: ::1 - - [04/Feb/2022:17:33:45 +0000] "POST /api/v1/notes HTTP/1.1" 200 303 "http://localhost:5000/api-docs/" "Mozilla/5.0 (Windows NT 10.0; Win64; x64) AppleWebKit/537.36 (KHTML, like Gecko) Chrome/97.0.4692.99 Safari/537.36"

info: ::1 - - [04/Feb/2022:17:33:45 +0000] "POST /api/v1/notes HTTP/1.1" 200 303 "http://localhost:5000/api-docs/" "Mozilla/5.0 (Windows NT 10.0; Win64; x64) AppleWebKit/537.36 (KHTML, like Gecko) Chrome/97.0.4692.99 Safari/537.36"

info: ::1 - - [04/Feb/2022:17:33:45 +0000] "POST /api/v1/notes HTTP/1.1" 200 303 "http://localhost:5000/api-docs/" "Mozilla/5.0 (Windows NT 10.0; Win64; x64) AppleWebKit/537.36 (KHTML, like Gecko) Chrome/97.0.4692.99 Safari/537.36"

info: ::1 - - [04/Feb/2022:17:33:45 +0000] "POST /api/v1/notes HTTP/1.1" 200 303 "http://localhost:5000/api-docs/" "Mozilla/5.0 (Windows NT 10.0; Win64; x64) AppleWebKit/537.36 (KHTML, like Gecko) Chrome/97.0.4692.99 Safari/537.36"

info: ::1 - - [04/Feb/2022:17:33:55 +0000] "GET /api/v1/notes HTTP/1.1" 200 60 "http://localhost:5000/api-docs/" "Mozilla/5.0 (Windows NT 10.0; Win64; x64) AppleWebKit/537.36 (KHTML, like Gecko) Chrome/97.0.4692.99 Safari/537.36"

info: ::1 - - [04/Feb/2022:17:33:55 +0000] "GET /api/v1/notes HTTP/1.1" 200 58 "http://localhost:5000/api-docs/" "Mozilla/5.0 (Windows NT 10.0; Win64; x64) AppleWebKit/537.36 (KHTML, like Gecko) Chrome/97.0.4692.99 Safari/537.36"

info: ::1 - - [04/Feb/2022:17:33:55 +0000] "GET /api/v1/notes HTTP/1.1" 304 - "http://localhost:5000/api-docs/" "Mozilla/5.0 (Windows NT 10.0; Win64; x64) AppleWebKit/537.36 (KHTML, like Gecko) Chrome/97.0.4692.99 Safari/537.36"

info: ::1 - - [04/Feb/2022:17:33:55 +0000] "GET /api/v1/notes HTTP/1.1" 304 - "http://localhost:5000/api-docs/" "Mozilla/5.0 (Windows NT 10.0; Win64; x64) AppleWebKit/537.36 (KHTML, like Gecko) Chrome/97.0.4692.99 Safari/537.36"

info: ::1 - - [04/Feb/2022:17:34:08 +0000] "GET /api/v1/notes/trash HTTP/1.1" 200 1315 "http://localhost:5000/api-docs/" "Mozilla/5.0 (Windows NT 10.0; Win64; x64) AppleWebKit/537.36 (KHTML, like Gecko) Chrome/97.0.4692.99 Safari/537.36"

info: ::1 - - [04/Feb/2022:17:34:17 +0000] "GET /api/v1/notes/trash HTTP/1.1" 200 1305 "http://localhost:5000/api-docs/" "Mozilla/5.0 (Windows NT 10.0; Win64; x64) AppleWebKit/537.36 (KHTML, like Gecko) Chrome/97.0.4692.99 Safari/537.36"

info: ::1 - - [04/Feb/2022:17:34:27 +0000] "GET /api/v1/notes/archive HTTP/1.1" 200 1316 "http://localhost:5000/api-docs/" "Mozilla/5.0 (Windows NT 10.0; Win64; x64) AppleWebKit/537.36 (KHTML, like Gecko) Chrome/97.0.4692.99 Safari/537.36"

info: ::1 - - [04/Feb/2022:17:34:53 +0000] "DELETE /api/v1/notes/delete/61fd63793ff0dd2528fd60fd HTTP/1.1" 200 71 "http://localhost:5000/api-docs/" "Mozilla/5.0 (Windows NT 10.0; Win64; x64) AppleWebKit/537.36 (KHTML, like Gecko) Chrome/97.0.4692.99 Safari/537.36"

info: ::1 - - [04/Feb/2022:17:35:59 +0000] "POST /api/v1/notes HTTP/1.1" 200 305 "http://localhost:5000/api-docs/" "Mozilla/5.0 (Windows NT 10.0; Win64; x64) AppleWebKit/537.36 (KHTML, like Gecko) Chrome/97.0.4692.99 Safari/537.36"

info: ::1 - - [04/Feb/2022:17:36:05 +0000] "POST /api/v1/notes HTTP/1.1" 200 305 "http://localhost:5000/api-docs/" "Mozilla/5.0 (Windows NT 10.0; Win64; x64) AppleWebKit/537.36 (KHTML, like Gecko) Chrome/97.0.4692.99 Safari/537.36"

info: ::1 - - [04/Feb/2022:17:36:28 +0000] "GET /api/v1/notes HTTP/1.1" 200 561 "http://localhost:5000/api-docs/" "Mozilla/5.0 (Windows NT 10.0; Win64; x64) AppleWebKit/537.36 (KHTML, like Gecko) Chrome/97.0.4692.99 Safari/537.36"

info: ::1 - - [04/Feb/2022:17:36:35 +0000] "GET /api/v1/notes HTTP/1.1" 200 559 "http://localhost:5000/api-docs/" "Mozilla/5.0 (Windows NT 10.0; Win64; x64) AppleWebKit/537.36 (KHTML, like Gecko) Chrome/97.0.4692.99 Safari/537.36"

info: ::1 - - [04/Feb/2022:17:40:05 +0000] "GET /api/v1/notes HTTP/1.1" 304 - "http://localhost:5000/api-docs/" "Mozilla/5.0 (Windows NT 10.0; Win64; x64) AppleWebKit/537.36 (KHTML, like Gecko) Chrome/97.0.4692.99 Safari/537.36"

info: ::1 - - [04/Feb/2022:17:40:35 +0000] "GET /api/v1/notes/trash HTTP/1.1" 200 1066 "http://localhost:5000/api-docs/" "Mozilla/5.0 (Windows NT 10.0; Win64; x64) AppleWebKit/537.36 (KHTML, like Gecko) Chrome/97.0.4692.99 Safari/537.36"

info: ::1 - - [04/Feb/2022:17:40:44 +0000] "GET /api/v1/notes/archive HTTP/1.1" 200 1067 "http://localhost:5000/api-docs/" "Mozilla/5.0 (Windows NT 10.0; Win64; x64) AppleWebKit/537.36 (KHTML, like Gecko) Chrome/97.0.4692.99 Safari/537.36"

info: ::1 - - [04/Feb/2022:17:40:55 +0000] "DELETE /api/v1/notes/delete/61fd63ff3ff0dd2528fd6103 HTTP/1.1" 200 71 "http://localhost:5000/api-docs/" "Mozilla/5.0 (Windows NT 10.0; Win64; x64) AppleWebKit/537.36 (KHTML, like Gecko) Chrome/97.0.4692.99 Safari/537.36"

info: ::1 - - [04/Feb/2022:17:40:59 +0000] "DELETE /api/v1/notes/delete/61fd63ff3ff0dd2528fd6103 HTTP/1.1" 500 54 "http://localhost:5000/api-docs/" "Mozilla/5.0 (Windows NT 10.0; Win64; x64) AppleWebKit/537.36 (KHTML, like Gecko) Chrome/97.0.4692.99 Safari/537.36"

info: ::1 - - [04/Feb/2022:17:41:46 +0000] "PATCH /api/v1/notes HTTP/1.1" 500 129 "http://localhost:5000/api-docs/" "Mozilla/5.0 (Windows NT 10.0; Win64; x64) AppleWebKit/537.36 (KHTML, like Gecko) Chrome/97.0.4692.99 Safari/537.36"

info: ::1 - - [04/Feb/2022:17:42:10 +0000] "PATCH /api/v1/notes HTTP/1.1" 500 57 "http://localhost:5000/api-docs/" "Mozilla/5.0 (Windows NT 10.0; Win64; x64) AppleWebKit/537.36 (KHTML, like Gecko) Chrome/97.0.4692.99 Safari/537.36"

info: ::1 - - [04/Feb/2022:17:42:22 +0000] "GET /api/v1/notes HTTP/1.1" 200 310 "http://localhost:5000/api-docs/" "Mozilla/5.0 (Windows NT 10.0; Win64; x64) AppleWebKit/537.36 (KHTML, like Gecko) Chrome/97.0.4692.99 Safari/537.36"

info: ::1 - - [04/Feb/2022:17:42:36 +0000] "PATCH /api/v1/notes HTTP/1.1" 200 80 "http://localhost:5000/api-docs/" "Mozilla/5.0 (Windows NT 10.0; Win64; x64) AppleWebKit/537.36 (KHTML, like Gecko) Chrome/97.0.4692.99 Safari/537.36"

