info: ::1 - - [24/Jan/2022:05:43:48 +0000] "POST /api/v1/users/login HTTP/1.1" 500 50 "http://localhost:5000/api-docs/" "Mozilla/5.0 (Windows NT 10.0; Win64; x64) AppleWebKit/537.36 (KHTML, like Gecko) Chrome/97.0.4692.71 Safari/537.36"

info: ::1 - - [24/Jan/2022:05:43:58 +0000] "POST /api/v1/users/login HTTP/1.1" 200 248 "http://localhost:5000/api-docs/" "Mozilla/5.0 (Windows NT 10.0; Win64; x64) AppleWebKit/537.36 (KHTML, like Gecko) Chrome/97.0.4692.71 Safari/537.36"

info: ::1 - - [24/Jan/2022:05:44:39 +0000] "GET /api/v1/notes HTTP/1.1" 200 563 "http://localhost:5000/api-docs/" "Mozilla/5.0 (Windows NT 10.0; Win64; x64) AppleWebKit/537.36 (KHTML, like Gecko) Chrome/97.0.4692.71 Safari/537.36"

info: ::1 - - [24/Jan/2022:05:46:39 +0000] "GET /api/v1/notes HTTP/1.1" 200 561 "http://localhost:5000/api-docs/" "Mozilla/5.0 (Windows NT 10.0; Win64; x64) AppleWebKit/537.36 (KHTML, like Gecko) Chrome/97.0.4692.71 Safari/537.36"

info: ::1 - - [24/Jan/2022:05:49:00 +0000] "GET /api/v1/notes HTTP/1.1" 304 - "http://localhost:5000/api-docs/" "Mozilla/5.0 (Windows NT 10.0; Win64; x64) AppleWebKit/537.36 (KHTML, like Gecko) Chrome/97.0.4692.71 Safari/537.36"

info: ::1 - - [24/Jan/2022:05:49:17 +0000] "GET /api/v1/notes HTTP/1.1" 304 - "http://localhost:5000/api-docs/" "Mozilla/5.0 (Windows NT 10.0; Win64; x64) AppleWebKit/537.36 (KHTML, like Gecko) Chrome/97.0.4692.71 Safari/537.36"

info: ::1 - - [24/Jan/2022:05:50:22 +0000] "GET /api/v1/notes HTTP/1.1" 304 - "http://localhost:5000/api-docs/" "Mozilla/5.0 (Windows NT 10.0; Win64; x64) AppleWebKit/537.36 (KHTML, like Gecko) Chrome/97.0.4692.71 Safari/537.36"

info: ::1 - - [24/Jan/2022:05:52:20 +0000] "GET /api/v1/notes HTTP/1.1" 304 - "http://localhost:5000/api-docs/" "Mozilla/5.0 (Windows NT 10.0; Win64; x64) AppleWebKit/537.36 (KHTML, like Gecko) Chrome/97.0.4692.71 Safari/537.36"

info: ::1 - - [24/Jan/2022:06:05:28 +0000] "GET /api/v1/notes HTTP/1.1" 304 - "http://localhost:5000/api-docs/" "Mozilla/5.0 (Windows NT 10.0; Win64; x64) AppleWebKit/537.36 (KHTML, like Gecko) Chrome/97.0.4692.71 Safari/537.36"

info: ::1 - - [24/Jan/2022:06:10:42 +0000] "GET /api/v1/notes HTTP/1.1" 304 - "http://localhost:5000/api-docs/" "Mozilla/5.0 (Windows NT 10.0; Win64; x64) AppleWebKit/537.36 (KHTML, like Gecko) Chrome/97.0.4692.71 Safari/537.36"

info: ::1 - - [24/Jan/2022:06:11:31 +0000] "GET /api/v1/notes HTTP/1.1" 304 - "http://localhost:5000/api-docs/" "Mozilla/5.0 (Windows NT 10.0; Win64; x64) AppleWebKit/537.36 (KHTML, like Gecko) Chrome/97.0.4692.71 Safari/537.36"

info: ::1 - - [24/Jan/2022:06:24:54 +0000] "GET /api/v1/notes HTTP/1.1" 304 - "http://localhost:5000/api-docs/" "Mozilla/5.0 (Windows NT 10.0; Win64; x64) AppleWebKit/537.36 (KHTML, like Gecko) Chrome/97.0.4692.71 Safari/537.36"

info: ::1 - - [24/Jan/2022:06:25:23 +0000] "DELETE /api/v1/notes/delete/61ec108e4b266c58403007ce HTTP/1.1" 200 71 "http://localhost:5000/api-docs/" "Mozilla/5.0 (Windows NT 10.0; Win64; x64) AppleWebKit/537.36 (KHTML, like Gecko) Chrome/97.0.4692.71 Safari/537.36"

info: ::1 - - [24/Jan/2022:06:25:32 +0000] "GET /api/v1/notes HTTP/1.1" 200 311 "http://localhost:5000/api-docs/" "Mozilla/5.0 (Windows NT 10.0; Win64; x64) AppleWebKit/537.36 (KHTML, like Gecko) Chrome/97.0.4692.71 Safari/537.36"

info: ::1 - - [24/Jan/2022:06:25:42 +0000] "GET /api/v1/notes HTTP/1.1" 200 309 "http://localhost:5000/api-docs/" "Mozilla/5.0 (Windows NT 10.0; Win64; x64) AppleWebKit/537.36 (KHTML, like Gecko) Chrome/97.0.4692.71 Safari/537.36"

info: ::1 - - [24/Jan/2022:06:25:51 +0000] "GET /api/v1/notes/trash HTTP/1.1" 200 317 "http://localhost:5000/api-docs/" "Mozilla/5.0 (Windows NT 10.0; Win64; x64) AppleWebKit/537.36 (KHTML, like Gecko) Chrome/97.0.4692.71 Safari/537.36"

info: ::1 - - [24/Jan/2022:06:26:00 +0000] "GET /api/v1/notes/archive HTTP/1.1" 200 318 "http://localhost:5000/api-docs/" "Mozilla/5.0 (Windows NT 10.0; Win64; x64) AppleWebKit/537.36 (KHTML, like Gecko) Chrome/97.0.4692.71 Safari/537.36"

info: ::1 - - [24/Jan/2022:07:07:05 +0000] "POST /api/v1/users/register HTTP/1.1" 201 328 "http://localhost:5000/api-docs/" "Mozilla/5.0 (Windows NT 10.0; Win64; x64) AppleWebKit/537.36 (KHTML, like Gecko) Chrome/97.0.4692.71 Safari/537.36"

info: ::1 - - [24/Jan/2022:07:08:38 +0000] "POST /api/v1/users/login HTTP/1.1" 500 50 "http://localhost:5000/api-docs/" "Mozilla/5.0 (Windows NT 10.0; Win64; x64) AppleWebKit/537.36 (KHTML, like Gecko) Chrome/97.0.4692.71 Safari/537.36"

info: ::1 - - [24/Jan/2022:07:56:11 +0000] "POST /api/v1/users/register HTTP/1.1" 500 61 "http://localhost:5000/api-docs/" "Mozilla/5.0 (Windows NT 10.0; Win64; x64) AppleWebKit/537.36 (KHTML, like Gecko) Chrome/97.0.4692.71 Safari/537.36"

info: ::1 - - [24/Jan/2022:07:58:01 +0000] "POST /api/v1/users/register HTTP/1.1" 201 328 "http://localhost:5000/api-docs/" "Mozilla/5.0 (Windows NT 10.0; Win64; x64) AppleWebKit/537.36 (KHTML, like Gecko) Chrome/97.0.4692.71 Safari/537.36"

info: ::1 - - [24/Jan/2022:08:01:02 +0000] "POST /api/v1/users/register HTTP/1.1" 201 326 "http://localhost:5000/api-docs/" "Mozilla/5.0 (Windows NT 10.0; Win64; x64) AppleWebKit/537.36 (KHTML, like Gecko) Chrome/97.0.4692.71 Safari/537.36"

info: ::1 - - [24/Jan/2022:08:07:52 +0000] "POST /api/v1/users/register HTTP/1.1" 201 326 "http://localhost:5000/api-docs/" "Mozilla/5.0 (Windows NT 10.0; Win64; x64) AppleWebKit/537.36 (KHTML, like Gecko) Chrome/97.0.4692.71 Safari/537.36"

info: ::1 - - [24/Jan/2022:08:08:58 +0000] "POST /api/v1/users/register HTTP/1.1" 201 328 "http://localhost:5000/api-docs/" "Mozilla/5.0 (Windows NT 10.0; Win64; x64) AppleWebKit/537.36 (KHTML, like Gecko) Chrome/97.0.4692.71 Safari/537.36"

info: ::1 - - [24/Jan/2022:08:10:55 +0000] "POST /api/v1/users/register HTTP/1.1" 201 328 "http://localhost:5000/api-docs/" "Mozilla/5.0 (Windows NT 10.0; Win64; x64) AppleWebKit/537.36 (KHTML, like Gecko) Chrome/97.0.4692.71 Safari/537.36"

info: ::1 - - [24/Jan/2022:08:11:24 +0000] "POST /api/v1/users/register HTTP/1.1" 201 326 "http://localhost:5000/api-docs/" "Mozilla/5.0 (Windows NT 10.0; Win64; x64) AppleWebKit/537.36 (KHTML, like Gecko) Chrome/97.0.4692.71 Safari/537.36"

info: ::ffff:127.0.0.1 - - [24/Jan/2022:08:16:48 +0000] "GET /api/v1/ HTTP/1.1" 200 7 "-" "node-superagent/3.8.3"

info: ::ffff:127.0.0.1 - - [24/Jan/2022:08:16:48 +0000] "POST /api/v1/users/register HTTP/1.1" 201 325 "-" "node-superagent/3.8.3"

info: ::ffff:127.0.0.1 - - [24/Jan/2022:08:16:48 +0000] "POST /api/v1/users/login HTTP/1.1" 200 248 "-" "node-superagent/3.8.3"

info: ::ffff:127.0.0.1 - - [24/Jan/2022:08:16:48 +0000] "POST /api/v1/users/login HTTP/1.1" 200 248 "-" "node-superagent/3.8.3"

info: ::ffff:127.0.0.1 - - [24/Jan/2022:08:16:49 +0000] "POST /api/v1/notes HTTP/1.1" 200 304 "-" "node-superagent/3.8.3"

info: ::ffff:127.0.0.1 - - [24/Jan/2022:08:16:49 +0000] "POST /api/v1/users/login HTTP/1.1" 200 248 "-" "node-superagent/3.8.3"

info: ::ffff:127.0.0.1 - - [24/Jan/2022:08:16:49 +0000] "GET /api/v1/notes HTTP/1.1" 200 60 "-" "node-superagent/3.8.3"

info: ::ffff:127.0.0.1 - - [24/Jan/2022:08:16:49 +0000] "POST /api/v1/users/login HTTP/1.1" 200 248 "-" "node-superagent/3.8.3"

info: ::ffff:127.0.0.1 - - [24/Jan/2022:08:16:49 +0000] "PATCH /api/v1/notes HTTP/1.1" 200 80 "-" "node-superagent/3.8.3"

info: ::ffff:127.0.0.1 - - [24/Jan/2022:08:16:49 +0000] "POST /api/v1/users/login HTTP/1.1" 200 248 "-" "node-superagent/3.8.3"

info: ::ffff:127.0.0.1 - - [24/Jan/2022:08:16:49 +0000] "GET /api/v1/notes/trash HTTP/1.1" 200 68 "-" "node-superagent/3.8.3"

info: ::ffff:127.0.0.1 - - [24/Jan/2022:08:16:49 +0000] "POST /api/v1/users/login HTTP/1.1" 200 248 "-" "node-superagent/3.8.3"

info: ::ffff:127.0.0.1 - - [24/Jan/2022:08:16:49 +0000] "GET /api/v1/notes/archive HTTP/1.1" 200 318 "-" "node-superagent/3.8.3"

info: ::ffff:127.0.0.1 - - [24/Jan/2022:08:16:53 +0000] "POST /api/v1/users/forgetpassword HTTP/1.1" 200 544 "-" "node-superagent/3.8.3"

info: ::ffff:127.0.0.1 - - [24/Jan/2022:08:16:53 +0000] "POST /api/v1/users/resetpassword HTTP/1.1" 200 326 "-" "node-superagent/3.8.3"

info: ::1 - - [24/Jan/2022:08:18:03 +0000] "POST /api/v1/users/register HTTP/1.1" 201 326 "http://localhost:5000/api-docs/" "Mozilla/5.0 (Windows NT 10.0; Win64; x64) AppleWebKit/537.36 (KHTML, like Gecko) Chrome/97.0.4692.71 Safari/537.36"

