info: Server started at http://localhost:5000/api/v1/ {"timestamp":"2022-01-18T08:58:03.966Z"}
info: Connected to the database. {"timestamp":"2022-01-18T08:58:04.053Z"}
error: 
    status - 500 
    message - JsonWebTokenError: jwt must be provided
    at Object.verify (D:\CLI_CLASS\FandooNotes_webAPI\node_modules\jsonwebtoken\verify.js:53:17)
    at _callee9$ (D:\CLI_CLASS\FandooNotes_webAPI\src\services\/user.service.js:133:23)
    at tryCatch (D:\CLI_CLASS\FandooNotes_webAPI\node_modules\regenerator-runtime\runtime.js:63:40)
    at Generator.invoke [as _invoke] (D:\CLI_CLASS\FandooNotes_webAPI\node_modules\regenerator-runtime\runtime.js:294:22)
    at Generator.next (D:\CLI_CLASS\FandooNotes_webAPI\node_modules\regenerator-runtime\runtime.js:119:21)
    at asyncGeneratorStep (D:\CLI_CLASS\FandooNotes_webAPI\node_modules\@babel\runtime\helpers\asyncToGenerator.js:3:24)
    at _next (D:\CLI_CLASS\FandooNotes_webAPI\node_modules\@babel\runtime\helpers\asyncToGenerator.js:25:9)
    at D:\CLI_CLASS\FandooNotes_webAPI\node_modules\@babel\runtime\helpers\asyncToGenerator.js:32:7
    at new Promise (<anonymous>)
    at Object.<anonymous> (D:\CLI_CLASS\FandooNotes_webAPI\node_modules\@babel\runtime\helpers\asyncToGenerator.js:21:12)
    at Object.resetPassword (D:\CLI_CLASS\FandooNotes_webAPI\src\services\/user.service.js:131:27)
    at _callee8$ (D:\CLI_CLASS\FandooNotes_webAPI\src\controllers\/user.controller.js:116:35)
    at tryCatch (D:\CLI_CLASS\FandooNotes_webAPI\node_modules\regenerator-runtime\runtime.js:63:40)
    at Generator.invoke [as _invoke] (D:\CLI_CLASS\FandooNotes_webAPI\node_modules\regenerator-runtime\runtime.js:294:22)
    at Generator.next (D:\CLI_CLASS\FandooNotes_webAPI\node_modules\regenerator-runtime\runtime.js:119:21)
    at asyncGeneratorStep (D:\CLI_CLASS\FandooNotes_webAPI\node_modules\@babel\runtime\helpers\asyncToGenerator.js:3:24)
    at _next (D:\CLI_CLASS\FandooNotes_webAPI\node_modules\@babel\runtime\helpers\asyncToGenerator.js:25:9)
    at D:\CLI_CLASS\FandooNotes_webAPI\node_modules\@babel\runtime\helpers\asyncToGenerator.js:32:7
    at new Promise (<anonymous>)
    at D:\CLI_CLASS\FandooNotes_webAPI\node_modules\@babel\runtime\helpers\asyncToGenerator.js:21:12
    at resetPassword (D:\CLI_CLASS\FandooNotes_webAPI\src\controllers\/user.controller.js:111:27)
    at Layer.handle [as handle_request] (D:\CLI_CLASS\FandooNotes_webAPI\node_modules\express\lib\router\layer.js:95:5)
    at next (D:\CLI_CLASS\FandooNotes_webAPI\node_modules\express\lib\router\route.js:137:13)
    at Route.dispatch (D:\CLI_CLASS\FandooNotes_webAPI\node_modules\express\lib\router\route.js:112:3)
    at Layer.handle [as handle_request] (D:\CLI_CLASS\FandooNotes_webAPI\node_modules\express\lib\router\layer.js:95:5)
    at D:\CLI_CLASS\FandooNotes_webAPI\node_modules\express\lib\router\index.js:281:22
    at Function.process_params (D:\CLI_CLASS\FandooNotes_webAPI\node_modules\express\lib\router\index.js:341:12)
    at next (D:\CLI_CLASS\FandooNotes_webAPI\node_modules\express\lib\router\index.js:275:10)
    at Function.handle (D:\CLI_CLASS\FandooNotes_webAPI\node_modules\express\lib\router\index.js:174:3)
    at router (D:\CLI_CLASS\FandooNotes_webAPI\node_modules\express\lib\router\index.js:47:12)
    at Layer.handle [as handle_request] (D:\CLI_CLASS\FandooNotes_webAPI\node_modules\express\lib\router\layer.js:95:5)
    at trim_prefix (D:\CLI_CLASS\FandooNotes_webAPI\node_modules\express\lib\router\index.js:323:13)
    at D:\CLI_CLASS\FandooNotes_webAPI\node_modules\express\lib\router\index.js:284:7
    at Function.process_params (D:\CLI_CLASS\FandooNotes_webAPI\node_modules\express\lib\router\index.js:341:12)
    at next (D:\CLI_CLASS\FandooNotes_webAPI\node_modules\express\lib\router\index.js:275:10)
    at Function.handle (D:\CLI_CLASS\FandooNotes_webAPI\node_modules\express\lib\router\index.js:174:3)
    at router (D:\CLI_CLASS\FandooNotes_webAPI\node_modules\express\lib\router\index.js:47:12)
    at Layer.handle [as handle_request] (D:\CLI_CLASS\FandooNotes_webAPI\node_modules\express\lib\router\layer.js:95:5)
    at trim_prefix (D:\CLI_CLASS\FandooNotes_webAPI\node_modules\express\lib\router\index.js:323:13)
    at D:\CLI_CLASS\FandooNotes_webAPI\node_modules\express\lib\router\index.js:284:7
    at Function.process_params (D:\CLI_CLASS\FandooNotes_webAPI\node_modules\express\lib\router\index.js:341:12)
    at next (D:\CLI_CLASS\FandooNotes_webAPI\node_modules\express\lib\router\index.js:275:10)
    at logger (D:\CLI_CLASS\FandooNotes_webAPI\node_modules\morgan\index.js:144:5)
    at Layer.handle [as handle_request] (D:\CLI_CLASS\FandooNotes_webAPI\node_modules\express\lib\router\layer.js:95:5)
    at trim_prefix (D:\CLI_CLASS\FandooNotes_webAPI\node_modules\express\lib\router\index.js:323:13)
    at D:\CLI_CLASS\FandooNotes_webAPI\node_modules\express\lib\router\index.js:284:7
    at Function.process_params (D:\CLI_CLASS\FandooNotes_webAPI\node_modules\express\lib\router\index.js:341:12)
    at next (D:\CLI_CLASS\FandooNotes_webAPI\node_modules\express\lib\router\index.js:275:10)
    at D:\CLI_CLASS\FandooNotes_webAPI\node_modules\body-parser\lib\read.js:130:5
    at invokeCallback (D:\CLI_CLASS\FandooNotes_webAPI\node_modules\raw-body\index.js:224:16)
    at done (D:\CLI_CLASS\FandooNotes_webAPI\node_modules\raw-body\index.js:213:7)
    at IncomingMessage.onEnd (D:\CLI_CLASS\FandooNotes_webAPI\node_modules\raw-body\index.js:273:7)
    at IncomingMessage.emit (events.js:387:35)
    at endReadableNT (internal/streams/readable.js:1317:12)
    at processTicksAndRejections (internal/process/task_queues.js:82:21) 
    url - /api/v1/register/resetpassword 
    method - POST 
    IP - ::ffff:127.0.0.1
   {"timestamp":"2022-01-18T08:58:21.346Z"}
info: Server started at http://localhost:5000/api/v1/ {"timestamp":"2022-01-18T08:59:01.238Z"}
info: Connected to the database. {"timestamp":"2022-01-18T08:59:01.298Z"}
info: Server started at http://localhost:5000/api/v1/ {"timestamp":"2022-01-18T08:59:29.661Z"}
info: Connected to the database. {"timestamp":"2022-01-18T08:59:29.711Z"}
info: Server started at http://localhost:5000/api/v1/ {"timestamp":"2022-01-18T09:28:24.364Z"}
info: Connected to the database. {"timestamp":"2022-01-18T09:28:24.503Z"}
info: Connected to the database. {"timestamp":"2022-01-18T09:28:41.136Z"}
info: Connected to the database. {"timestamp":"2022-01-18T10:12:39.070Z"}
info: Server started at http://localhost:5000/api/v1/ {"timestamp":"2022-01-18T10:13:09.235Z"}
info: Connected to the database. {"timestamp":"2022-01-18T10:13:09.285Z"}
