info: Server started at http://localhost:3000/api/v1/ {"timestamp":"2022-01-12T18:31:05.832Z"}
info: Connected to the database. {"timestamp":"2022-01-12T18:31:05.998Z"}
error: 
    status - 500 
    message - Error: Invalid pasword
    at _callee2$ (D:\CLI_CLASS\FandooNotes_webAPI\src\services\/user.service.js:38:13)
    at tryCatch (D:\CLI_CLASS\FandooNotes_webAPI\node_modules\regenerator-runtime\runtime.js:63:40)
    at Generator.invoke [as _invoke] (D:\CLI_CLASS\FandooNotes_webAPI\node_modules\regenerator-runtime\runtime.js:294:22)
    at Generator.next (D:\CLI_CLASS\FandooNotes_webAPI\node_modules\regenerator-runtime\runtime.js:119:21)
    at asyncGeneratorStep (D:\CLI_CLASS\FandooNotes_webAPI\node_modules\@babel\runtime\helpers\asyncToGenerator.js:3:24)
    at _next (D:\CLI_CLASS\FandooNotes_webAPI\node_modules\@babel\runtime\helpers\asyncToGenerator.js:25:9) 
    url - /api/v1/register/login 
    method - POST 
    IP - ::1
   {"timestamp":"2022-01-12T18:33:26.188Z"}
error: 
    status - 500 
    message - Error: Invalid pasword
    at _callee2$ (D:\CLI_CLASS\FandooNotes_webAPI\src\services\/user.service.js:38:13)
    at tryCatch (D:\CLI_CLASS\FandooNotes_webAPI\node_modules\regenerator-runtime\runtime.js:63:40)
    at Generator.invoke [as _invoke] (D:\CLI_CLASS\FandooNotes_webAPI\node_modules\regenerator-runtime\runtime.js:294:22)
    at Generator.next (D:\CLI_CLASS\FandooNotes_webAPI\node_modules\regenerator-runtime\runtime.js:119:21)
    at asyncGeneratorStep (D:\CLI_CLASS\FandooNotes_webAPI\node_modules\@babel\runtime\helpers\asyncToGenerator.js:3:24)
    at _next (D:\CLI_CLASS\FandooNotes_webAPI\node_modules\@babel\runtime\helpers\asyncToGenerator.js:25:9) 
    url - /api/v1/register/login 
    method - POST 
    IP - ::1
   {"timestamp":"2022-01-12T18:33:28.353Z"}
info: Server started at http://localhost:3000/api/v1/ {"timestamp":"2022-01-12T18:35:30.438Z"}
info: Connected to the database. {"timestamp":"2022-01-12T18:35:30.461Z"}
info: Server started at http://localhost:3000/api/v1/ {"timestamp":"2022-01-12T18:35:37.793Z"}
info: Connected to the database. {"timestamp":"2022-01-12T18:35:37.823Z"}
info: Server started at http://localhost:3000/api/v1/ {"timestamp":"2022-01-12T18:36:45.282Z"}
info: Connected to the database. {"timestamp":"2022-01-12T18:36:45.345Z"}
info: Server started at http://localhost:3000/api/v1/ {"timestamp":"2022-01-12T18:37:33.915Z"}
info: Connected to the database. {"timestamp":"2022-01-12T18:37:34.000Z"}
info: Server started at http://localhost:3000/api/v1/ {"timestamp":"2022-01-12T18:37:38.496Z"}
info: Connected to the database. {"timestamp":"2022-01-12T18:37:38.518Z"}
error: 
    status - 500 
    message - Error: Invalid pasword
    at _callee2$ (D:\CLI_CLASS\FandooNotes_webAPI\src\services\/user.service.js:38:13)
    at tryCatch (D:\CLI_CLASS\FandooNotes_webAPI\node_modules\regenerator-runtime\runtime.js:63:40)
    at Generator.invoke [as _invoke] (D:\CLI_CLASS\FandooNotes_webAPI\node_modules\regenerator-runtime\runtime.js:294:22)
    at Generator.next (D:\CLI_CLASS\FandooNotes_webAPI\node_modules\regenerator-runtime\runtime.js:119:21)
    at asyncGeneratorStep (D:\CLI_CLASS\FandooNotes_webAPI\node_modules\@babel\runtime\helpers\asyncToGenerator.js:3:24)
    at _next (D:\CLI_CLASS\FandooNotes_webAPI\node_modules\@babel\runtime\helpers\asyncToGenerator.js:25:9) 
    url - /api/v1/register/login 
    method - POST 
    IP - ::1
   {"timestamp":"2022-01-12T18:38:07.954Z"}
info: Server started at http://localhost:3000/api/v1/ {"timestamp":"2022-01-12T18:38:55.315Z"}
info: Connected to the database. {"timestamp":"2022-01-12T18:38:55.361Z"}
info: Server started at http://localhost:3000/api/v1/ {"timestamp":"2022-01-12T18:39:06.696Z"}
info: Connected to the database. {"timestamp":"2022-01-12T18:39:06.718Z"}
info: Server started at http://localhost:3000/api/v1/ {"timestamp":"2022-01-12T18:39:20.322Z"}
info: Connected to the database. {"timestamp":"2022-01-12T18:39:20.366Z"}
error: 
    status - 500 
    message - JsonWebTokenError: invalid signature
    at D:\CLI_CLASS\FandooNotes_webAPI\node_modules\jsonwebtoken\verify.js:133:19
    at getSecret (D:\CLI_CLASS\FandooNotes_webAPI\node_modules\jsonwebtoken\verify.js:90:14)
    at Object.verify (D:\CLI_CLASS\FandooNotes_webAPI\node_modules\jsonwebtoken\verify.js:94:10)
    at _callee8$ (D:\CLI_CLASS\FandooNotes_webAPI\src\services\/user.service.js:101:20)
    at tryCatch (D:\CLI_CLASS\FandooNotes_webAPI\node_modules\regenerator-runtime\runtime.js:63:40)
    at Generator.invoke [as _invoke] (D:\CLI_CLASS\FandooNotes_webAPI\node_modules\regenerator-runtime\runtime.js:294:22)
    at Generator.next (D:\CLI_CLASS\FandooNotes_webAPI\node_modules\regenerator-runtime\runtime.js:119:21)
    at asyncGeneratorStep (D:\CLI_CLASS\FandooNotes_webAPI\node_modules\@babel\runtime\helpers\asyncToGenerator.js:3:24)
    at _next (D:\CLI_CLASS\FandooNotes_webAPI\node_modules\@babel\runtime\helpers\asyncToGenerator.js:25:9)
    at D:\CLI_CLASS\FandooNotes_webAPI\node_modules\@babel\runtime\helpers\asyncToGenerator.js:32:7 
    url - /api/v1/register/resetpassword 
    method - POST 
    IP - ::1
   {"timestamp":"2022-01-12T18:41:39.343Z"}
error: 
    status - 500 
    message - JsonWebTokenError: invalid signature
    at D:\CLI_CLASS\FandooNotes_webAPI\node_modules\jsonwebtoken\verify.js:133:19
    at getSecret (D:\CLI_CLASS\FandooNotes_webAPI\node_modules\jsonwebtoken\verify.js:90:14)
    at Object.verify (D:\CLI_CLASS\FandooNotes_webAPI\node_modules\jsonwebtoken\verify.js:94:10)
    at _callee8$ (D:\CLI_CLASS\FandooNotes_webAPI\src\services\/user.service.js:101:20)
    at tryCatch (D:\CLI_CLASS\FandooNotes_webAPI\node_modules\regenerator-runtime\runtime.js:63:40)
    at Generator.invoke [as _invoke] (D:\CLI_CLASS\FandooNotes_webAPI\node_modules\regenerator-runtime\runtime.js:294:22)
    at Generator.next (D:\CLI_CLASS\FandooNotes_webAPI\node_modules\regenerator-runtime\runtime.js:119:21)
    at asyncGeneratorStep (D:\CLI_CLASS\FandooNotes_webAPI\node_modules\@babel\runtime\helpers\asyncToGenerator.js:3:24)
    at _next (D:\CLI_CLASS\FandooNotes_webAPI\node_modules\@babel\runtime\helpers\asyncToGenerator.js:25:9)
    at D:\CLI_CLASS\FandooNotes_webAPI\node_modules\@babel\runtime\helpers\asyncToGenerator.js:32:7 
    url - /api/v1/register/resetpassword 
    method - POST 
    IP - ::1
   {"timestamp":"2022-01-12T18:41:45.956Z"}
error: 
    status - 500 
    message - JsonWebTokenError: invalid signature
    at D:\CLI_CLASS\FandooNotes_webAPI\node_modules\jsonwebtoken\verify.js:133:19
    at getSecret (D:\CLI_CLASS\FandooNotes_webAPI\node_modules\jsonwebtoken\verify.js:90:14)
    at Object.verify (D:\CLI_CLASS\FandooNotes_webAPI\node_modules\jsonwebtoken\verify.js:94:10)
    at _callee8$ (D:\CLI_CLASS\FandooNotes_webAPI\src\services\/user.service.js:101:20)
    at tryCatch (D:\CLI_CLASS\FandooNotes_webAPI\node_modules\regenerator-runtime\runtime.js:63:40)
    at Generator.invoke [as _invoke] (D:\CLI_CLASS\FandooNotes_webAPI\node_modules\regenerator-runtime\runtime.js:294:22)
    at Generator.next (D:\CLI_CLASS\FandooNotes_webAPI\node_modules\regenerator-runtime\runtime.js:119:21)
    at asyncGeneratorStep (D:\CLI_CLASS\FandooNotes_webAPI\node_modules\@babel\runtime\helpers\asyncToGenerator.js:3:24)
    at _next (D:\CLI_CLASS\FandooNotes_webAPI\node_modules\@babel\runtime\helpers\asyncToGenerator.js:25:9)
    at D:\CLI_CLASS\FandooNotes_webAPI\node_modules\@babel\runtime\helpers\asyncToGenerator.js:32:7 
    url - /api/v1/register/resetpassword 
    method - POST 
    IP - ::1
   {"timestamp":"2022-01-12T18:41:54.466Z"}
error: 
    status - 500 
    message - Error: Invalid pasword
    at _callee2$ (D:\CLI_CLASS\FandooNotes_webAPI\src\services\/user.service.js:38:13)
    at tryCatch (D:\CLI_CLASS\FandooNotes_webAPI\node_modules\regenerator-runtime\runtime.js:63:40)
    at Generator.invoke [as _invoke] (D:\CLI_CLASS\FandooNotes_webAPI\node_modules\regenerator-runtime\runtime.js:294:22)
    at Generator.next (D:\CLI_CLASS\FandooNotes_webAPI\node_modules\regenerator-runtime\runtime.js:119:21)
    at asyncGeneratorStep (D:\CLI_CLASS\FandooNotes_webAPI\node_modules\@babel\runtime\helpers\asyncToGenerator.js:3:24)
    at _next (D:\CLI_CLASS\FandooNotes_webAPI\node_modules\@babel\runtime\helpers\asyncToGenerator.js:25:9) 
    url - /api/v1/register/login 
    method - POST 
    IP - ::1
   {"timestamp":"2022-01-12T18:42:22.443Z"}
info: Server started at http://localhost:3000/api/v1/ {"timestamp":"2022-01-12T18:44:04.885Z"}
info: Connected to the database. {"timestamp":"2022-01-12T18:44:04.923Z"}
info: Server started at http://localhost:3000/api/v1/ {"timestamp":"2022-01-12T18:44:22.841Z"}
info: Connected to the database. {"timestamp":"2022-01-12T18:44:22.875Z"}
error: 
    status - 500 
    message - Error: Invalid pasword
    at _callee2$ (D:\CLI_CLASS\FandooNotes_webAPI\src\services\/user.service.js:39:13)
    at tryCatch (D:\CLI_CLASS\FandooNotes_webAPI\node_modules\regenerator-runtime\runtime.js:63:40)
    at Generator.invoke [as _invoke] (D:\CLI_CLASS\FandooNotes_webAPI\node_modules\regenerator-runtime\runtime.js:294:22)
    at Generator.next (D:\CLI_CLASS\FandooNotes_webAPI\node_modules\regenerator-runtime\runtime.js:119:21)
    at asyncGeneratorStep (D:\CLI_CLASS\FandooNotes_webAPI\node_modules\@babel\runtime\helpers\asyncToGenerator.js:3:24)
    at _next (D:\CLI_CLASS\FandooNotes_webAPI\node_modules\@babel\runtime\helpers\asyncToGenerator.js:25:9) 
    url - /api/v1/register/login 
    method - POST 
    IP - ::1
   {"timestamp":"2022-01-12T18:44:43.134Z"}
info: Server started at http://localhost:3000/api/v1/ {"timestamp":"2022-01-12T18:45:27.629Z"}
info: Connected to the database. {"timestamp":"2022-01-12T18:45:27.662Z"}
info: Server started at http://localhost:3000/api/v1/ {"timestamp":"2022-01-12T18:45:35.176Z"}
info: Connected to the database. {"timestamp":"2022-01-12T18:45:35.209Z"}
error: 
    status - 500 
    message - Error: Invalid pasword
    at _callee2$ (D:\CLI_CLASS\FandooNotes_webAPI\src\services\/user.service.js:39:13)
    at tryCatch (D:\CLI_CLASS\FandooNotes_webAPI\node_modules\regenerator-runtime\runtime.js:63:40)
    at Generator.invoke [as _invoke] (D:\CLI_CLASS\FandooNotes_webAPI\node_modules\regenerator-runtime\runtime.js:294:22)
    at Generator.next (D:\CLI_CLASS\FandooNotes_webAPI\node_modules\regenerator-runtime\runtime.js:119:21)
    at asyncGeneratorStep (D:\CLI_CLASS\FandooNotes_webAPI\node_modules\@babel\runtime\helpers\asyncToGenerator.js:3:24)
    at _next (D:\CLI_CLASS\FandooNotes_webAPI\node_modules\@babel\runtime\helpers\asyncToGenerator.js:25:9) 
    url - /api/v1/register/login 
    method - POST 
    IP - ::ffff:127.0.0.1
   {"timestamp":"2022-01-12T18:45:35.347Z"}
info: Server started at http://localhost:3000/api/v1/ {"timestamp":"2022-01-12T18:46:06.094Z"}
info: Connected to the database. {"timestamp":"2022-01-12T18:46:06.133Z"}
info: Server started at http://localhost:3000/api/v1/ {"timestamp":"2022-01-12T18:46:19.410Z"}
info: Connected to the database. {"timestamp":"2022-01-12T18:46:19.436Z"}
error: 
    status - 500 
    message - TypeError: Cannot read property 'Password' of undefined
    at _callee2$ (D:\CLI_CLASS\FandooNotes_webAPI\src\services\/user.service.js:33:69)
    at tryCatch (D:\CLI_CLASS\FandooNotes_webAPI\node_modules\regenerator-runtime\runtime.js:63:40)
    at Generator.invoke [as _invoke] (D:\CLI_CLASS\FandooNotes_webAPI\node_modules\regenerator-runtime\runtime.js:294:22)
    at Generator.next (D:\CLI_CLASS\FandooNotes_webAPI\node_modules\regenerator-runtime\runtime.js:119:21)
    at asyncGeneratorStep (D:\CLI_CLASS\FandooNotes_webAPI\node_modules\@babel\runtime\helpers\asyncToGenerator.js:3:24)
    at _next (D:\CLI_CLASS\FandooNotes_webAPI\node_modules\@babel\runtime\helpers\asyncToGenerator.js:25:9)
    at processTicksAndRejections (internal/process/task_queues.js:95:5) 
    url - /api/v1/register/login 
    method - POST 
    IP - ::ffff:127.0.0.1
   {"timestamp":"2022-01-12T18:46:19.580Z"}
error: 
    status - 500 
    message - TypeError: Cannot read property 'Password' of undefined
    at _callee2$ (D:\CLI_CLASS\FandooNotes_webAPI\src\services\/user.service.js:33:69)
    at tryCatch (D:\CLI_CLASS\FandooNotes_webAPI\node_modules\regenerator-runtime\runtime.js:63:40)
    at Generator.invoke [as _invoke] (D:\CLI_CLASS\FandooNotes_webAPI\node_modules\regenerator-runtime\runtime.js:294:22)
    at Generator.next (D:\CLI_CLASS\FandooNotes_webAPI\node_modules\regenerator-runtime\runtime.js:119:21)
    at asyncGeneratorStep (D:\CLI_CLASS\FandooNotes_webAPI\node_modules\@babel\runtime\helpers\asyncToGenerator.js:3:24)
    at _next (D:\CLI_CLASS\FandooNotes_webAPI\node_modules\@babel\runtime\helpers\asyncToGenerator.js:25:9)
    at processTicksAndRejections (internal/process/task_queues.js:95:5) 
    url - /api/v1/register/login 
    method - POST 
    IP - ::1
   {"timestamp":"2022-01-12T18:46:28.667Z"}
info: Server started at http://localhost:3000/api/v1/ {"timestamp":"2022-01-12T18:47:23.872Z"}
info: Connected to the database. {"timestamp":"2022-01-12T18:47:23.900Z"}
info: Server started at http://localhost:3000/api/v1/ {"timestamp":"2022-01-12T18:47:38.348Z"}
info: Connected to the database. {"timestamp":"2022-01-12T18:47:38.370Z"}
error: 
    status - 500 
    message - Error: Invalid pasword
    at _callee2$ (D:\CLI_CLASS\FandooNotes_webAPI\src\services\/user.service.js:39:13)
    at tryCatch (D:\CLI_CLASS\FandooNotes_webAPI\node_modules\regenerator-runtime\runtime.js:63:40)
    at Generator.invoke [as _invoke] (D:\CLI_CLASS\FandooNotes_webAPI\node_modules\regenerator-runtime\runtime.js:294:22)
    at Generator.next (D:\CLI_CLASS\FandooNotes_webAPI\node_modules\regenerator-runtime\runtime.js:119:21)
    at asyncGeneratorStep (D:\CLI_CLASS\FandooNotes_webAPI\node_modules\@babel\runtime\helpers\asyncToGenerator.js:3:24)
    at _next (D:\CLI_CLASS\FandooNotes_webAPI\node_modules\@babel\runtime\helpers\asyncToGenerator.js:25:9) 
    url - /api/v1/register/login 
    method - POST 
    IP - ::1
   {"timestamp":"2022-01-12T18:47:38.656Z"}
info: Server started at http://localhost:3000/api/v1/ {"timestamp":"2022-01-12T18:48:08.915Z"}
info: Connected to the database. {"timestamp":"2022-01-12T18:48:08.936Z"}
error: 
    status - 500 
    message - Error: Invalid pasword
    at _callee2$ (D:\CLI_CLASS\FandooNotes_webAPI\src\services\/user.service.js:39:13)
    at tryCatch (D:\CLI_CLASS\FandooNotes_webAPI\node_modules\regenerator-runtime\runtime.js:63:40)
    at Generator.invoke [as _invoke] (D:\CLI_CLASS\FandooNotes_webAPI\node_modules\regenerator-runtime\runtime.js:294:22)
    at Generator.next (D:\CLI_CLASS\FandooNotes_webAPI\node_modules\regenerator-runtime\runtime.js:119:21)
    at asyncGeneratorStep (D:\CLI_CLASS\FandooNotes_webAPI\node_modules\@babel\runtime\helpers\asyncToGenerator.js:3:24)
    at _next (D:\CLI_CLASS\FandooNotes_webAPI\node_modules\@babel\runtime\helpers\asyncToGenerator.js:25:9) 
    url - /api/v1/register/login 
    method - POST 
    IP - ::1
   {"timestamp":"2022-01-12T18:48:22.453Z"}
info: Server started at http://localhost:3000/api/v1/ {"timestamp":"2022-01-12T18:50:00.883Z"}
info: Connected to the database. {"timestamp":"2022-01-12T18:50:00.912Z"}
info: Server started at http://localhost:3000/api/v1/ {"timestamp":"2022-01-12T18:50:37.664Z"}
info: Connected to the database. {"timestamp":"2022-01-12T18:50:37.687Z"}
info: Server started at http://localhost:3000/api/v1/ {"timestamp":"2022-01-12T18:50:50.735Z"}
info: Connected to the database. {"timestamp":"2022-01-12T18:50:50.764Z"}
info: Server started at http://localhost:3000/api/v1/ {"timestamp":"2022-01-12T18:50:57.627Z"}
info: Connected to the database. {"timestamp":"2022-01-12T18:50:57.656Z"}
error: 
    status - 500 
    message - Error: Invalid pasword
    at _callee2$ (D:\CLI_CLASS\FandooNotes_webAPI\src\services\/user.service.js:39:13)
    at tryCatch (D:\CLI_CLASS\FandooNotes_webAPI\node_modules\regenerator-runtime\runtime.js:63:40)
    at Generator.invoke [as _invoke] (D:\CLI_CLASS\FandooNotes_webAPI\node_modules\regenerator-runtime\runtime.js:294:22)
    at Generator.next (D:\CLI_CLASS\FandooNotes_webAPI\node_modules\regenerator-runtime\runtime.js:119:21)
    at asyncGeneratorStep (D:\CLI_CLASS\FandooNotes_webAPI\node_modules\@babel\runtime\helpers\asyncToGenerator.js:3:24)
    at _next (D:\CLI_CLASS\FandooNotes_webAPI\node_modules\@babel\runtime\helpers\asyncToGenerator.js:25:9) 
    url - /api/v1/register/login 
    method - POST 
    IP - ::ffff:127.0.0.1
   {"timestamp":"2022-01-12T18:50:58.080Z"}
error: 
    status - 500 
    message - Error: Invalid pasword
    at _callee2$ (D:\CLI_CLASS\FandooNotes_webAPI\src\services\/user.service.js:39:13)
    at tryCatch (D:\CLI_CLASS\FandooNotes_webAPI\node_modules\regenerator-runtime\runtime.js:63:40)
    at Generator.invoke [as _invoke] (D:\CLI_CLASS\FandooNotes_webAPI\node_modules\regenerator-runtime\runtime.js:294:22)
    at Generator.next (D:\CLI_CLASS\FandooNotes_webAPI\node_modules\regenerator-runtime\runtime.js:119:21)
    at asyncGeneratorStep (D:\CLI_CLASS\FandooNotes_webAPI\node_modules\@babel\runtime\helpers\asyncToGenerator.js:3:24)
    at _next (D:\CLI_CLASS\FandooNotes_webAPI\node_modules\@babel\runtime\helpers\asyncToGenerator.js:25:9) 
    url - /api/v1/register/login 
    method - POST 
    IP - ::ffff:127.0.0.1
   {"timestamp":"2022-01-12T18:50:59.927Z"}
error: 
    status - 500 
    message - Error: Invalid pasword
    at _callee2$ (D:\CLI_CLASS\FandooNotes_webAPI\src\services\/user.service.js:39:13)
    at tryCatch (D:\CLI_CLASS\FandooNotes_webAPI\node_modules\regenerator-runtime\runtime.js:63:40)
    at Generator.invoke [as _invoke] (D:\CLI_CLASS\FandooNotes_webAPI\node_modules\regenerator-runtime\runtime.js:294:22)
    at Generator.next (D:\CLI_CLASS\FandooNotes_webAPI\node_modules\regenerator-runtime\runtime.js:119:21)
    at asyncGeneratorStep (D:\CLI_CLASS\FandooNotes_webAPI\node_modules\@babel\runtime\helpers\asyncToGenerator.js:3:24)
    at _next (D:\CLI_CLASS\FandooNotes_webAPI\node_modules\@babel\runtime\helpers\asyncToGenerator.js:25:9) 
    url - /api/v1/register/login 
    method - POST 
    IP - ::ffff:127.0.0.1
   {"timestamp":"2022-01-12T18:51:01.242Z"}
error: 
    status - 500 
    message - Error: Invalid pasword
    at _callee2$ (D:\CLI_CLASS\FandooNotes_webAPI\src\services\/user.service.js:39:13)
    at tryCatch (D:\CLI_CLASS\FandooNotes_webAPI\node_modules\regenerator-runtime\runtime.js:63:40)
    at Generator.invoke [as _invoke] (D:\CLI_CLASS\FandooNotes_webAPI\node_modules\regenerator-runtime\runtime.js:294:22)
    at Generator.next (D:\CLI_CLASS\FandooNotes_webAPI\node_modules\regenerator-runtime\runtime.js:119:21)
    at asyncGeneratorStep (D:\CLI_CLASS\FandooNotes_webAPI\node_modules\@babel\runtime\helpers\asyncToGenerator.js:3:24)
    at _next (D:\CLI_CLASS\FandooNotes_webAPI\node_modules\@babel\runtime\helpers\asyncToGenerator.js:25:9) 
    url - /api/v1/register/login 
    method - POST 
    IP - ::ffff:127.0.0.1
   {"timestamp":"2022-01-12T18:51:02.267Z"}
error: 
    status - 500 
    message - Error: Invalid pasword
    at _callee2$ (D:\CLI_CLASS\FandooNotes_webAPI\src\services\/user.service.js:39:13)
    at tryCatch (D:\CLI_CLASS\FandooNotes_webAPI\node_modules\regenerator-runtime\runtime.js:63:40)
    at Generator.invoke [as _invoke] (D:\CLI_CLASS\FandooNotes_webAPI\node_modules\regenerator-runtime\runtime.js:294:22)
    at Generator.next (D:\CLI_CLASS\FandooNotes_webAPI\node_modules\regenerator-runtime\runtime.js:119:21)
    at asyncGeneratorStep (D:\CLI_CLASS\FandooNotes_webAPI\node_modules\@babel\runtime\helpers\asyncToGenerator.js:3:24)
    at _next (D:\CLI_CLASS\FandooNotes_webAPI\node_modules\@babel\runtime\helpers\asyncToGenerator.js:25:9) 
    url - /api/v1/register/login 
    method - POST 
    IP - ::ffff:127.0.0.1
   {"timestamp":"2022-01-12T18:51:03.216Z"}
error: 
    status - 500 
    message - Error: Invalid pasword
    at _callee2$ (D:\CLI_CLASS\FandooNotes_webAPI\src\services\/user.service.js:39:13)
    at tryCatch (D:\CLI_CLASS\FandooNotes_webAPI\node_modules\regenerator-runtime\runtime.js:63:40)
    at Generator.invoke [as _invoke] (D:\CLI_CLASS\FandooNotes_webAPI\node_modules\regenerator-runtime\runtime.js:294:22)
    at Generator.next (D:\CLI_CLASS\FandooNotes_webAPI\node_modules\regenerator-runtime\runtime.js:119:21)
    at asyncGeneratorStep (D:\CLI_CLASS\FandooNotes_webAPI\node_modules\@babel\runtime\helpers\asyncToGenerator.js:3:24)
    at _next (D:\CLI_CLASS\FandooNotes_webAPI\node_modules\@babel\runtime\helpers\asyncToGenerator.js:25:9) 
    url - /api/v1/register/login 
    method - POST 
    IP - ::ffff:127.0.0.1
   {"timestamp":"2022-01-12T18:51:05.509Z"}
info: Server started at http://localhost:3000/api/v1/ {"timestamp":"2022-01-12T18:51:26.807Z"}
info: Connected to the database. {"timestamp":"2022-01-12T18:51:26.836Z"}
error: 
    status - 500 
    message - Error: Invalid pasword
    at _callee2$ (D:\CLI_CLASS\FandooNotes_webAPI\src\services\/user.service.js:39:13)
    at tryCatch (D:\CLI_CLASS\FandooNotes_webAPI\node_modules\regenerator-runtime\runtime.js:63:40)
    at Generator.invoke [as _invoke] (D:\CLI_CLASS\FandooNotes_webAPI\node_modules\regenerator-runtime\runtime.js:294:22)
    at Generator.next (D:\CLI_CLASS\FandooNotes_webAPI\node_modules\regenerator-runtime\runtime.js:119:21)
    at asyncGeneratorStep (D:\CLI_CLASS\FandooNotes_webAPI\node_modules\@babel\runtime\helpers\asyncToGenerator.js:3:24)
    at _next (D:\CLI_CLASS\FandooNotes_webAPI\node_modules\@babel\runtime\helpers\asyncToGenerator.js:25:9) 
    url - /api/v1/register/login 
    method - POST 
    IP - ::1
   {"timestamp":"2022-01-12T18:51:28.289Z"}
error: 
    status - 500 
    message - Error: Invalid pasword
    at _callee2$ (D:\CLI_CLASS\FandooNotes_webAPI\src\services\/user.service.js:39:13)
    at tryCatch (D:\CLI_CLASS\FandooNotes_webAPI\node_modules\regenerator-runtime\runtime.js:63:40)
    at Generator.invoke [as _invoke] (D:\CLI_CLASS\FandooNotes_webAPI\node_modules\regenerator-runtime\runtime.js:294:22)
    at Generator.next (D:\CLI_CLASS\FandooNotes_webAPI\node_modules\regenerator-runtime\runtime.js:119:21)
    at asyncGeneratorStep (D:\CLI_CLASS\FandooNotes_webAPI\node_modules\@babel\runtime\helpers\asyncToGenerator.js:3:24)
    at _next (D:\CLI_CLASS\FandooNotes_webAPI\node_modules\@babel\runtime\helpers\asyncToGenerator.js:25:9) 
    url - /api/v1/register/login 
    method - POST 
    IP - ::1
   {"timestamp":"2022-01-12T18:51:29.414Z"}
error: 
    status - 500 
    message - Error: Invalid pasword
    at _callee2$ (D:\CLI_CLASS\FandooNotes_webAPI\src\services\/user.service.js:39:13)
    at tryCatch (D:\CLI_CLASS\FandooNotes_webAPI\node_modules\regenerator-runtime\runtime.js:63:40)
    at Generator.invoke [as _invoke] (D:\CLI_CLASS\FandooNotes_webAPI\node_modules\regenerator-runtime\runtime.js:294:22)
    at Generator.next (D:\CLI_CLASS\FandooNotes_webAPI\node_modules\regenerator-runtime\runtime.js:119:21)
    at asyncGeneratorStep (D:\CLI_CLASS\FandooNotes_webAPI\node_modules\@babel\runtime\helpers\asyncToGenerator.js:3:24)
    at _next (D:\CLI_CLASS\FandooNotes_webAPI\node_modules\@babel\runtime\helpers\asyncToGenerator.js:25:9) 
    url - /api/v1/register/login 
    method - POST 
    IP - ::1
   {"timestamp":"2022-01-12T18:51:30.940Z"}
error: 
    status - 500 
    message - Error: Invalid pasword
    at _callee2$ (D:\CLI_CLASS\FandooNotes_webAPI\src\services\/user.service.js:39:13)
    at tryCatch (D:\CLI_CLASS\FandooNotes_webAPI\node_modules\regenerator-runtime\runtime.js:63:40)
    at Generator.invoke [as _invoke] (D:\CLI_CLASS\FandooNotes_webAPI\node_modules\regenerator-runtime\runtime.js:294:22)
    at Generator.next (D:\CLI_CLASS\FandooNotes_webAPI\node_modules\regenerator-runtime\runtime.js:119:21)
    at asyncGeneratorStep (D:\CLI_CLASS\FandooNotes_webAPI\node_modules\@babel\runtime\helpers\asyncToGenerator.js:3:24)
    at _next (D:\CLI_CLASS\FandooNotes_webAPI\node_modules\@babel\runtime\helpers\asyncToGenerator.js:25:9) 
    url - /api/v1/register/login 
    method - POST 
    IP - ::1
   {"timestamp":"2022-01-12T18:51:32.373Z"}
error: 
    status - 500 
    message - Error: Invalid pasword
    at _callee2$ (D:\CLI_CLASS\FandooNotes_webAPI\src\services\/user.service.js:39:13)
    at tryCatch (D:\CLI_CLASS\FandooNotes_webAPI\node_modules\regenerator-runtime\runtime.js:63:40)
    at Generator.invoke [as _invoke] (D:\CLI_CLASS\FandooNotes_webAPI\node_modules\regenerator-runtime\runtime.js:294:22)
    at Generator.next (D:\CLI_CLASS\FandooNotes_webAPI\node_modules\regenerator-runtime\runtime.js:119:21)
    at asyncGeneratorStep (D:\CLI_CLASS\FandooNotes_webAPI\node_modules\@babel\runtime\helpers\asyncToGenerator.js:3:24)
    at _next (D:\CLI_CLASS\FandooNotes_webAPI\node_modules\@babel\runtime\helpers\asyncToGenerator.js:25:9) 
    url - /api/v1/register/login 
    method - POST 
    IP - ::1
   {"timestamp":"2022-01-12T18:52:34.090Z"}
info: Server started at http://localhost:3000/api/v1/ {"timestamp":"2022-01-12T18:54:09.668Z"}
info: Connected to the database. {"timestamp":"2022-01-12T18:54:09.721Z"}
error: 
    status - 500 
    message - Error: Invalid pasword
    at _callee2$ (D:\CLI_CLASS\FandooNotes_webAPI\src\services\/user.service.js:39:13)
    at tryCatch (D:\CLI_CLASS\FandooNotes_webAPI\node_modules\regenerator-runtime\runtime.js:63:40)
    at Generator.invoke [as _invoke] (D:\CLI_CLASS\FandooNotes_webAPI\node_modules\regenerator-runtime\runtime.js:294:22)
    at Generator.next (D:\CLI_CLASS\FandooNotes_webAPI\node_modules\regenerator-runtime\runtime.js:119:21)
    at asyncGeneratorStep (D:\CLI_CLASS\FandooNotes_webAPI\node_modules\@babel\runtime\helpers\asyncToGenerator.js:3:24)
    at _next (D:\CLI_CLASS\FandooNotes_webAPI\node_modules\@babel\runtime\helpers\asyncToGenerator.js:25:9) 
    url - /api/v1/register/login 
    method - POST 
    IP - ::1
   {"timestamp":"2022-01-12T18:54:34.909Z"}
error: 
    status - 500 
    message - Error: Invalid pasword
    at _callee2$ (D:\CLI_CLASS\FandooNotes_webAPI\src\services\/user.service.js:39:13)
    at tryCatch (D:\CLI_CLASS\FandooNotes_webAPI\node_modules\regenerator-runtime\runtime.js:63:40)
    at Generator.invoke [as _invoke] (D:\CLI_CLASS\FandooNotes_webAPI\node_modules\regenerator-runtime\runtime.js:294:22)
    at Generator.next (D:\CLI_CLASS\FandooNotes_webAPI\node_modules\regenerator-runtime\runtime.js:119:21)
    at asyncGeneratorStep (D:\CLI_CLASS\FandooNotes_webAPI\node_modules\@babel\runtime\helpers\asyncToGenerator.js:3:24)
    at _next (D:\CLI_CLASS\FandooNotes_webAPI\node_modules\@babel\runtime\helpers\asyncToGenerator.js:25:9) 
    url - /api/v1/register/login 
    method - POST 
    IP - ::1
   {"timestamp":"2022-01-12T18:54:54.624Z"}
info: Server started at http://localhost:3000/api/v1/ {"timestamp":"2022-01-12T18:56:01.274Z"}
info: Connected to the database. {"timestamp":"2022-01-12T18:56:01.303Z"}
info: Server started at http://localhost:3000/api/v1/ {"timestamp":"2022-01-12T18:56:09.048Z"}
info: Connected to the database. {"timestamp":"2022-01-12T18:56:09.071Z"}
error: 
    status - 500 
    message - Error: data and salt arguments required
    at Object.hash (D:\CLI_CLASS\FandooNotes_webAPI\node_modules\bcrypt\bcrypt.js:137:17)
    at D:\CLI_CLASS\FandooNotes_webAPI\node_modules\bcrypt\promises.js:29:12
    at new Promise (<anonymous>)
    at Object.module.exports.promise (D:\CLI_CLASS\FandooNotes_webAPI\node_modules\bcrypt\promises.js:20:12)
    at Object.hash (D:\CLI_CLASS\FandooNotes_webAPI\node_modules\bcrypt\bcrypt.js:133:25)
    at _callee8$ (D:\CLI_CLASS\FandooNotes_webAPI\src\services\/user.service.js:104:38)
    at tryCatch (D:\CLI_CLASS\FandooNotes_webAPI\node_modules\regenerator-runtime\runtime.js:63:40)
    at Generator.invoke [as _invoke] (D:\CLI_CLASS\FandooNotes_webAPI\node_modules\regenerator-runtime\runtime.js:294:22) 
    url - /api/v1/register/resetpassword 
    method - POST 
    IP - ::1
   {"timestamp":"2022-01-12T18:56:45.240Z"}
info: Server started at http://localhost:3000/api/v1/ {"timestamp":"2022-01-12T19:00:36.016Z"}
info: Connected to the database. {"timestamp":"2022-01-12T19:00:36.087Z"}
info: Server started at http://localhost:3000/api/v1/ {"timestamp":"2022-01-12T19:00:55.196Z"}
info: Connected to the database. {"timestamp":"2022-01-12T19:00:55.229Z"}
info: Server started at http://localhost:3000/api/v1/ {"timestamp":"2022-01-12T19:01:06.931Z"}
info: Connected to the database. {"timestamp":"2022-01-12T19:01:06.964Z"}
info: Server started at http://localhost:3000/api/v1/ {"timestamp":"2022-01-12T19:01:12.192Z"}
info: Connected to the database. {"timestamp":"2022-01-12T19:01:12.225Z"}
info: Server started at http://localhost:3000/api/v1/ {"timestamp":"2022-01-12T19:01:31.101Z"}
info: Connected to the database. {"timestamp":"2022-01-12T19:01:31.127Z"}
info: Server started at http://localhost:3000/api/v1/ {"timestamp":"2022-01-12T19:09:57.108Z"}
info: Connected to the database. {"timestamp":"2022-01-12T19:09:57.130Z"}
info: Server started at http://localhost:3000/api/v1/ {"timestamp":"2022-01-12T19:11:06.267Z"}
info: Connected to the database. {"timestamp":"2022-01-12T19:11:06.289Z"}
info: Server started at http://localhost:3000/api/v1/ {"timestamp":"2022-01-12T19:36:49.418Z"}
info: Connected to the database. {"timestamp":"2022-01-12T19:36:49.453Z"}
info: Server started at http://localhost:3000/api/v1/ {"timestamp":"2022-01-12T19:37:56.901Z"}
info: Connected to the database. {"timestamp":"2022-01-12T19:37:56.931Z"}
info: Server started at http://localhost:3000/api/v1/ {"timestamp":"2022-01-12T19:38:18.834Z"}
info: Connected to the database. {"timestamp":"2022-01-12T19:38:18.861Z"}
info: Server started at http://localhost:3000/api/v1/ {"timestamp":"2022-01-12T19:42:31.079Z"}
info: Connected to the database. {"timestamp":"2022-01-12T19:42:31.103Z"}
info: Server started at http://localhost:3000/api/v1/ {"timestamp":"2022-01-12T19:44:23.268Z"}
info: Connected to the database. {"timestamp":"2022-01-12T19:44:23.340Z"}
info: Server started at http://localhost:3000/api/v1/ {"timestamp":"2022-01-12T19:44:35.985Z"}
info: Connected to the database. {"timestamp":"2022-01-12T19:44:36.018Z"}
info: Server started at http://localhost:3000/api/v1/ {"timestamp":"2022-01-12T19:46:24.862Z"}
info: Connected to the database. {"timestamp":"2022-01-12T19:46:24.886Z"}
info: Server started at http://localhost:3000/api/v1/ {"timestamp":"2022-01-12T19:47:15.079Z"}
info: Connected to the database. {"timestamp":"2022-01-12T19:47:15.101Z"}
info: Server started at http://localhost:3000/api/v1/ {"timestamp":"2022-01-12T19:47:25.673Z"}
info: Connected to the database. {"timestamp":"2022-01-12T19:47:25.700Z"}
info: Server started at http://localhost:3000/api/v1/ {"timestamp":"2022-01-12T19:48:57.215Z"}
info: Connected to the database. {"timestamp":"2022-01-12T19:48:57.243Z"}
info: Server started at http://localhost:3000/api/v1/ {"timestamp":"2022-01-12T19:50:50.919Z"}
info: Connected to the database. {"timestamp":"2022-01-12T19:50:50.949Z"}
info: Server started at http://localhost:3000/api/v1/ {"timestamp":"2022-01-12T19:53:15.704Z"}
info: Connected to the database. {"timestamp":"2022-01-12T19:53:15.727Z"}
info: Server started at http://localhost:3000/api/v1/ {"timestamp":"2022-01-12T19:53:23.529Z"}
info: Connected to the database. {"timestamp":"2022-01-12T19:53:23.556Z"}
info: Server started at http://localhost:3000/api/v1/ {"timestamp":"2022-01-12T19:53:43.210Z"}
info: Connected to the database. {"timestamp":"2022-01-12T19:53:43.234Z"}
info: Server started at http://localhost:3000/api/v1/ {"timestamp":"2022-01-12T19:54:02.773Z"}
info: Connected to the database. {"timestamp":"2022-01-12T19:54:02.803Z"}
info: Server started at http://localhost:3000/api/v1/ {"timestamp":"2022-01-12T19:55:30.892Z"}
info: Connected to the database. {"timestamp":"2022-01-12T19:55:30.923Z"}
info: Server started at http://localhost:3000/api/v1/ {"timestamp":"2022-01-12T19:55:39.331Z"}
info: Connected to the database. {"timestamp":"2022-01-12T19:55:39.360Z"}
info: Server started at http://localhost:3000/api/v1/ {"timestamp":"2022-01-12T19:55:51.831Z"}
info: Connected to the database. {"timestamp":"2022-01-12T19:55:51.867Z"}
info: Server started at http://localhost:3000/api/v1/ {"timestamp":"2022-01-12T19:56:15.710Z"}
info: Connected to the database. {"timestamp":"2022-01-12T19:56:15.773Z"}
info: Server started at http://localhost:3000/api/v1/ {"timestamp":"2022-01-12T19:56:57.181Z"}
info: Connected to the database. {"timestamp":"2022-01-12T19:56:57.205Z"}
info: Server started at http://localhost:3000/api/v1/ {"timestamp":"2022-01-12T19:57:30.304Z"}
info: Connected to the database. {"timestamp":"2022-01-12T19:57:30.345Z"}
info: Server started at http://localhost:8080/api/v1/ {"timestamp":"2022-01-13T08:26:31.465Z"}
info: Connected to the database. {"timestamp":"2022-01-13T08:26:31.493Z"}
info: Server started at http://localhost:5000/api/v1/ {"timestamp":"2022-01-13T08:27:28.418Z"}
info: Connected to the database. {"timestamp":"2022-01-13T08:27:28.443Z"}
info: Server started at http://localhost:5000/api/v1/ {"timestamp":"2022-01-13T08:28:22.726Z"}
info: Connected to the database. {"timestamp":"2022-01-13T08:28:22.751Z"}
info: Server started at http://localhost:5000/api/v1/ {"timestamp":"2022-01-13T08:41:08.906Z"}
info: Connected to the database. {"timestamp":"2022-01-13T08:41:08.931Z"}
info: Server started at http://localhost:5000/api/v1/ {"timestamp":"2022-01-13T08:41:18.724Z"}
info: Connected to the database. {"timestamp":"2022-01-13T08:41:18.750Z"}
info: Server started at http://localhost:5000/api/v1/ {"timestamp":"2022-01-13T08:42:28.643Z"}
info: Connected to the database. {"timestamp":"2022-01-13T08:42:28.671Z"}
info: Server started at http://localhost:5000/api/v1/ {"timestamp":"2022-01-13T08:43:36.924Z"}
info: Connected to the database. {"timestamp":"2022-01-13T08:43:36.975Z"}
info: Server started at http://localhost:5000/api/v1/ {"timestamp":"2022-01-13T08:44:04.748Z"}
info: Connected to the database. {"timestamp":"2022-01-13T08:44:04.817Z"}
info: Server started at http://localhost:5000/api/v1/ {"timestamp":"2022-01-13T08:44:25.785Z"}
info: Connected to the database. {"timestamp":"2022-01-13T08:44:25.817Z"}
info: Server started at http://localhost:5000/api/v1/ {"timestamp":"2022-01-13T08:44:46.149Z"}
info: Connected to the database. {"timestamp":"2022-01-13T08:44:46.176Z"}
info: Server started at http://localhost:5000/api/v1/ {"timestamp":"2022-01-13T08:44:53.797Z"}
info: Connected to the database. {"timestamp":"2022-01-13T08:44:53.822Z"}
info: Server started at http://localhost:5000/api/v1/ {"timestamp":"2022-01-13T08:45:25.863Z"}
info: Connected to the database. {"timestamp":"2022-01-13T08:45:25.893Z"}
info: Server started at http://localhost:5000/api/v1/ {"timestamp":"2022-01-13T08:46:10.567Z"}
info: Connected to the database. {"timestamp":"2022-01-13T08:46:10.592Z"}
info: Server started at http://localhost:5000/api/v1/ {"timestamp":"2022-01-13T08:46:33.361Z"}
info: Connected to the database. {"timestamp":"2022-01-13T08:46:33.442Z"}
info: Server started at http://localhost:5000/api/v1/ {"timestamp":"2022-01-13T08:46:46.747Z"}
info: Connected to the database. {"timestamp":"2022-01-13T08:46:46.773Z"}
info: Server started at http://localhost:5000/api/v1/ {"timestamp":"2022-01-13T08:47:09.020Z"}
info: Connected to the database. {"timestamp":"2022-01-13T08:47:09.081Z"}
info: Server started at http://localhost:5000/api/v1/ {"timestamp":"2022-01-13T08:48:59.121Z"}
info: Connected to the database. {"timestamp":"2022-01-13T08:48:59.146Z"}
info: Server started at http://localhost:5000/api/v1/ {"timestamp":"2022-01-13T08:50:04.866Z"}
info: Connected to the database. {"timestamp":"2022-01-13T08:50:04.896Z"}
info: Server started at http://localhost:5000/api/v1/ {"timestamp":"2022-01-13T08:51:26.436Z"}
info: Connected to the database. {"timestamp":"2022-01-13T08:51:26.461Z"}
info: Server started at http://localhost:5000/api/v1/ {"timestamp":"2022-01-13T08:52:25.660Z"}
info: Connected to the database. {"timestamp":"2022-01-13T08:52:25.692Z"}
info: Server started at http://localhost:5000/api/v1/ {"timestamp":"2022-01-13T08:52:51.779Z"}
info: Connected to the database. {"timestamp":"2022-01-13T08:52:51.804Z"}
info: Server started at http://localhost:5000/api/v1/ {"timestamp":"2022-01-13T08:53:43.953Z"}
info: Connected to the database. {"timestamp":"2022-01-13T08:53:43.980Z"}
info: Server started at http://localhost:5000/api/v1/ {"timestamp":"2022-01-13T09:03:56.186Z"}
info: Connected to the database. {"timestamp":"2022-01-13T09:03:56.213Z"}
info: Server started at http://localhost:5000/api/v1/ {"timestamp":"2022-01-13T09:04:10.902Z"}
info: Connected to the database. {"timestamp":"2022-01-13T09:04:10.940Z"}
info: Server started at http://localhost:5000/api/v1/ {"timestamp":"2022-01-13T09:04:26.194Z"}
info: Connected to the database. {"timestamp":"2022-01-13T09:04:26.225Z"}
info: Server started at http://localhost:5000/api/v1/ {"timestamp":"2022-01-13T09:04:40.930Z"}
info: Connected to the database. {"timestamp":"2022-01-13T09:04:40.963Z"}
info: Server started at http://localhost:5000/api/v1/ {"timestamp":"2022-01-13T09:07:56.064Z"}
info: Connected to the database. {"timestamp":"2022-01-13T09:07:56.098Z"}
info: Server started at http://localhost:5000/api/v1/ {"timestamp":"2022-01-13T09:08:42.378Z"}
info: Connected to the database. {"timestamp":"2022-01-13T09:08:42.437Z"}
info: Server started at http://localhost:5000/api/v1/ {"timestamp":"2022-01-13T09:10:05.612Z"}
info: Connected to the database. {"timestamp":"2022-01-13T09:10:05.656Z"}
info: Server started at http://localhost:5000/api/v1/ {"timestamp":"2022-01-13T09:11:36.453Z"}
info: Connected to the database. {"timestamp":"2022-01-13T09:11:36.481Z"}
info: Server started at http://localhost:5000/api/v1/ {"timestamp":"2022-01-13T09:12:05.009Z"}
info: Connected to the database. {"timestamp":"2022-01-13T09:12:05.034Z"}
info: Server started at http://localhost:5000/api/v1/ {"timestamp":"2022-01-13T09:12:14.307Z"}
info: Connected to the database. {"timestamp":"2022-01-13T09:12:14.332Z"}
info: Server started at http://localhost:5000/api/v1/ {"timestamp":"2022-01-13T09:12:36.079Z"}
info: Connected to the database. {"timestamp":"2022-01-13T09:12:36.104Z"}
info: Server started at http://localhost:5000/api/v1/ {"timestamp":"2022-01-13T09:12:52.344Z"}
info: Connected to the database. {"timestamp":"2022-01-13T09:12:52.369Z"}
info: Server started at http://localhost:5000/api/v1/ {"timestamp":"2022-01-13T09:14:58.186Z"}
info: Connected to the database. {"timestamp":"2022-01-13T09:14:58.210Z"}
info: Server started at http://localhost:5000/api/v1/ {"timestamp":"2022-01-13T09:15:57.232Z"}
info: Connected to the database. {"timestamp":"2022-01-13T09:15:57.256Z"}
info: Server started at http://localhost:5000/api/v1/ {"timestamp":"2022-01-13T09:16:03.054Z"}
info: Connected to the database. {"timestamp":"2022-01-13T09:16:03.079Z"}
info: Server started at http://localhost:5000/api/v1/ {"timestamp":"2022-01-13T09:16:19.994Z"}
info: Connected to the database. {"timestamp":"2022-01-13T09:16:20.021Z"}
info: Server started at http://localhost:5000/api/v1/ {"timestamp":"2022-01-13T09:16:49.074Z"}
info: Connected to the database. {"timestamp":"2022-01-13T09:16:49.099Z"}
info: Server started at http://localhost:5000/api/v1/ {"timestamp":"2022-01-13T09:45:57.437Z"}
info: Connected to the database. {"timestamp":"2022-01-13T09:45:57.499Z"}
info: Server started at http://localhost:5000/api/v1/ {"timestamp":"2022-01-13T09:46:55.624Z"}
info: Connected to the database. {"timestamp":"2022-01-13T09:46:55.659Z"}
info: Server started at http://localhost:5000/api/v1/ {"timestamp":"2022-01-13T09:47:23.690Z"}
info: Connected to the database. {"timestamp":"2022-01-13T09:47:23.732Z"}
info: Server started at http://localhost:5000/api/v1/ {"timestamp":"2022-01-13T09:47:51.911Z"}
info: Connected to the database. {"timestamp":"2022-01-13T09:47:51.944Z"}
info: Server started at http://localhost:5000/api/v1/ {"timestamp":"2022-01-13T09:48:01.770Z"}
info: Connected to the database. {"timestamp":"2022-01-13T09:48:01.803Z"}
info: Server started at http://localhost:5000/api/v1/ {"timestamp":"2022-01-13T09:48:13.918Z"}
info: Connected to the database. {"timestamp":"2022-01-13T09:48:13.964Z"}
info: Server started at http://localhost:5000/api/v1/ {"timestamp":"2022-01-13T09:50:46.797Z"}
info: Connected to the database. {"timestamp":"2022-01-13T09:50:46.863Z"}
info: Server started at http://localhost:5000/api/v1/ {"timestamp":"2022-01-13T09:50:54.115Z"}
info: Connected to the database. {"timestamp":"2022-01-13T09:50:54.143Z"}
info: Server started at http://localhost:5000/api/v1/ {"timestamp":"2022-01-13T09:51:27.283Z"}
info: Connected to the database. {"timestamp":"2022-01-13T09:51:27.311Z"}
info: Server started at http://localhost:5000/api/v1/ {"timestamp":"2022-01-13T09:53:49.534Z"}
info: Connected to the database. {"timestamp":"2022-01-13T09:53:49.568Z"}
info: Server started at http://localhost:5000/api/v1/ {"timestamp":"2022-01-13T09:54:07.459Z"}
info: Connected to the database. {"timestamp":"2022-01-13T09:54:07.489Z"}
info: Server started at http://localhost:5000/api/v1/ {"timestamp":"2022-01-13T09:54:28.300Z"}
info: Connected to the database. {"timestamp":"2022-01-13T09:54:28.329Z"}
info: Server started at http://localhost:5000/api/v1/ {"timestamp":"2022-01-13T09:55:27.861Z"}
info: Connected to the database. {"timestamp":"2022-01-13T09:55:27.889Z"}
info: Server started at http://localhost:5000/api/v1/ {"timestamp":"2022-01-13T09:55:40.015Z"}
info: Connected to the database. {"timestamp":"2022-01-13T09:55:40.065Z"}
info: Server started at http://localhost:5000/api/v1/ {"timestamp":"2022-01-13T09:56:13.011Z"}
info: Connected to the database. {"timestamp":"2022-01-13T09:56:13.057Z"}
info: Server started at http://localhost:5000/api/v1/ {"timestamp":"2022-01-13T09:57:30.005Z"}
info: Connected to the database. {"timestamp":"2022-01-13T09:57:30.039Z"}
info: Server started at http://localhost:5000/api/v1/ {"timestamp":"2022-01-13T10:20:15.309Z"}
info: Connected to the database. {"timestamp":"2022-01-13T10:20:15.345Z"}
