info: Server started at http://localhost:5000/api/v1/ {"timestamp":"2022-01-31T09:58:00.242Z"}
error: Could not connect to the reddis database. connect ECONNREFUSED 127.0.0.1:6379 {"address":"127.0.0.1","code":"ECONNREFUSED","errno":-4078,"port":6379,"stack":"Error: connect ECONNREFUSED 127.0.0.1:6379\n    at TCPConnectWrap.afterConnect [as oncomplete] (net.js:1148:16)","syscall":"connect","timestamp":"2022-01-31T09:58:00.254Z"}
info: Connected to the database. {"timestamp":"2022-01-31T09:58:00.346Z"}
info: Server started at http://localhost:5000/api/v1/ {"timestamp":"2022-01-31T09:58:55.646Z"}
info: Connected to the  reddis database. {"timestamp":"2022-01-31T09:58:55.660Z"}
info: Connected to the database. {"timestamp":"2022-01-31T09:58:55.689Z"}
error: 
    status - 500 
    message - TypeError: Cannot read property '1' of null
    at firstchar (D:\CLI_CLASS\FandooNotes_webAPI\node_modules\body-parser\lib\types\json.js:176:37)
    at parse (D:\CLI_CLASS\FandooNotes_webAPI\node_modules\body-parser\lib\types\json.js:79:19)
    at D:\CLI_CLASS\FandooNotes_webAPI\node_modules\body-parser\lib\read.js:121:18
    at invokeCallback (D:\CLI_CLASS\FandooNotes_webAPI\node_modules\raw-body\index.js:224:16)
    at done (D:\CLI_CLASS\FandooNotes_webAPI\node_modules\raw-body\index.js:213:7)
    at IncomingMessage.onEnd (D:\CLI_CLASS\FandooNotes_webAPI\node_modules\raw-body\index.js:273:7)
    at IncomingMessage.emit (events.js:387:35)
    at IncomingMessage.emit (domain.js:470:12)
    at endReadableNT (internal/streams/readable.js:1317:12)
    at processTicksAndRejections (internal/process/task_queues.js:82:21) 
    url - /api/v1/ 
    method - GET 
    IP - ::1
   {"timestamp":"2022-01-31T09:59:11.924Z"}
info: Server started at http://localhost:5000/api/v1/ {"timestamp":"2022-01-31T09:59:52.717Z"}
info: Connected to the  reddis database. {"timestamp":"2022-01-31T09:59:52.742Z"}
info: Connected to the database. {"timestamp":"2022-01-31T09:59:52.776Z"}
info: send mail by GMAIL_QUEUE..... to vishgirase95@gmail.com {"timestamp":"2022-01-31T09:59:53.795Z"}
info: Recived mail at : vishgirase95@gmail.com {"timestamp":"2022-01-31T09:59:54.004Z"}
