info: Server started at http://localhost:5000/api/v1/ {"timestamp":"2022-01-14T06:46:34.820Z"}
info: Server started at http://localhost:5000/api/v1/ {"timestamp":"2022-01-14T06:48:45.636Z"}
info: Server started at http://localhost:5000/api/v1/ {"timestamp":"2022-01-14T06:58:05.158Z"}
info: Connected to the database. {"timestamp":"2022-01-14T06:58:05.216Z"}
info: Server started at http://localhost:5000/api/v1/ {"timestamp":"2022-01-14T07:00:35.309Z"}
info: Connected to the database. {"timestamp":"2022-01-14T07:00:35.357Z"}
info: Server started at http://localhost:5000/api/v1/ {"timestamp":"2022-01-14T07:01:02.249Z"}
info: Connected to the database. {"timestamp":"2022-01-14T07:01:02.292Z"}
info: Server started at http://localhost:5000/api/v1/ {"timestamp":"2022-01-14T07:02:23.581Z"}
info: Connected to the database. {"timestamp":"2022-01-14T07:02:23.620Z"}
info: Server started at http://localhost:5000/api/v1/ {"timestamp":"2022-01-14T07:08:16.434Z"}
info: Connected to the database. {"timestamp":"2022-01-14T07:08:16.513Z"}
info: Server started at http://localhost:5000/api/v1/ {"timestamp":"2022-01-14T07:08:49.977Z"}
info: Connected to the database. {"timestamp":"2022-01-14T07:08:50.017Z"}
info: Server started at http://localhost:5000/api/v1/ {"timestamp":"2022-01-14T07:10:14.160Z"}
info: Connected to the database. {"timestamp":"2022-01-14T07:10:14.230Z"}
info: Server started at http://localhost:5000/api/v1/ {"timestamp":"2022-01-14T07:10:43.021Z"}
info: Connected to the database. {"timestamp":"2022-01-14T07:10:43.051Z"}
info: Server started at http://localhost:5000/api/v1/ {"timestamp":"2022-01-14T07:11:45.107Z"}
info: Connected to the database. {"timestamp":"2022-01-14T07:11:45.139Z"}
info: Server started at http://localhost:5000/api/v1/ {"timestamp":"2022-01-14T07:12:41.553Z"}
info: Connected to the database. {"timestamp":"2022-01-14T07:12:41.578Z"}
info: Server started at http://localhost:5000/api/v1/ {"timestamp":"2022-01-14T07:23:23.180Z"}
info: Connected to the database. {"timestamp":"2022-01-14T07:23:23.240Z"}
info: Server started at http://localhost:5000/api/v1/ {"timestamp":"2022-01-14T07:23:30.145Z"}
info: Connected to the database. {"timestamp":"2022-01-14T07:23:30.179Z"}
info: Server started at http://localhost:5000/api/v1/ {"timestamp":"2022-01-14T07:24:04.028Z"}
info: Connected to the database. {"timestamp":"2022-01-14T07:24:04.065Z"}
info: Server started at http://localhost:5000/api/v1/ {"timestamp":"2022-01-14T07:25:43.953Z"}
info: Connected to the database. {"timestamp":"2022-01-14T07:25:43.989Z"}
info: Server started at http://localhost:5000/api/v1/ {"timestamp":"2022-01-14T07:25:51.050Z"}
info: Connected to the database. {"timestamp":"2022-01-14T07:25:51.085Z"}
info: Server started at http://localhost:5000/api/v1/ {"timestamp":"2022-01-14T07:26:09.818Z"}
info: Connected to the database. {"timestamp":"2022-01-14T07:26:09.954Z"}
info: Server started at http://localhost:5000/api/v1/ {"timestamp":"2022-01-14T07:26:16.117Z"}
info: Connected to the database. {"timestamp":"2022-01-14T07:26:16.175Z"}
info: Server started at http://localhost:5000/api/v1/ {"timestamp":"2022-01-14T07:29:03.918Z"}
info: Connected to the database. {"timestamp":"2022-01-14T07:29:03.946Z"}
info: Server started at http://localhost:5000/api/v1/ {"timestamp":"2022-01-14T07:53:02.588Z"}
info: Connected to the database. {"timestamp":"2022-01-14T07:53:02.628Z"}
info: Server started at http://localhost:5000/api/v1/ {"timestamp":"2022-01-14T07:53:12.751Z"}
info: Connected to the database. {"timestamp":"2022-01-14T07:53:12.817Z"}
info: Server started at http://localhost:5000/api/v1/ {"timestamp":"2022-01-14T07:53:17.689Z"}
info: Connected to the database. {"timestamp":"2022-01-14T07:53:17.719Z"}
info: Server started at http://localhost:5000/api/v1/ {"timestamp":"2022-01-14T07:57:26.944Z"}
info: Connected to the database. {"timestamp":"2022-01-14T07:57:26.973Z"}
info: Server started at http://localhost:5000/api/v1/ {"timestamp":"2022-01-14T07:59:46.476Z"}
info: Connected to the database. {"timestamp":"2022-01-14T07:59:46.521Z"}
info: Server started at http://localhost:5000/api/v1/ {"timestamp":"2022-01-14T08:00:16.846Z"}
info: Connected to the database. {"timestamp":"2022-01-14T08:00:16.876Z"}
info: Server started at http://localhost:5000/api/v1/ {"timestamp":"2022-01-14T08:00:47.273Z"}
info: Connected to the database. {"timestamp":"2022-01-14T08:00:47.302Z"}
info: Server started at http://localhost:5000/api/v1/ {"timestamp":"2022-01-14T08:02:04.618Z"}
info: Connected to the database. {"timestamp":"2022-01-14T08:02:04.646Z"}
info: Server started at http://localhost:5000/api/v1/ {"timestamp":"2022-01-14T08:03:00.798Z"}
info: Connected to the database. {"timestamp":"2022-01-14T08:03:00.827Z"}
info: Server started at http://localhost:5000/api/v1/ {"timestamp":"2022-01-14T08:04:57.144Z"}
info: Connected to the database. {"timestamp":"2022-01-14T08:04:57.177Z"}
info: Server started at http://localhost:5000/api/v1/ {"timestamp":"2022-01-14T08:10:18.459Z"}
info: Connected to the database. {"timestamp":"2022-01-14T08:10:18.503Z"}
info: Server started at http://localhost:5000/api/v1/ {"timestamp":"2022-01-14T08:11:54.437Z"}
info: Connected to the database. {"timestamp":"2022-01-14T08:11:54.466Z"}
info: Server started at http://localhost:5000/api/v1/ {"timestamp":"2022-01-14T08:14:54.149Z"}
info: Connected to the database. {"timestamp":"2022-01-14T08:14:54.177Z"}
info: Server started at http://localhost:5000/api/v1/ {"timestamp":"2022-01-14T08:17:56.463Z"}
info: Connected to the database. {"timestamp":"2022-01-14T08:17:56.520Z"}
info: Server started at http://localhost:5000/api/v1/ {"timestamp":"2022-01-14T08:18:22.984Z"}
info: Connected to the database. {"timestamp":"2022-01-14T08:18:23.019Z"}
info: Server started at http://localhost:5000/api/v1/ {"timestamp":"2022-01-14T08:18:59.211Z"}
info: Connected to the database. {"timestamp":"2022-01-14T08:18:59.248Z"}
info: Server started at http://localhost:5000/api/v1/ {"timestamp":"2022-01-14T08:19:06.955Z"}
info: Connected to the database. {"timestamp":"2022-01-14T08:19:07.013Z"}
error: 
    status - 500 
    message - TypeError: Cannot read property 'Email' of undefined
    at _callee8$ (D:\CLI_CLASS\FandooNotes_webAPI\src\services\/user.service.js:135:37)
    at tryCatch (D:\CLI_CLASS\FandooNotes_webAPI\node_modules\regenerator-runtime\runtime.js:63:40)
    at Generator.invoke [as _invoke] (D:\CLI_CLASS\FandooNotes_webAPI\node_modules\regenerator-runtime\runtime.js:294:22)
    at Generator.next (D:\CLI_CLASS\FandooNotes_webAPI\node_modules\regenerator-runtime\runtime.js:119:21)
    at asyncGeneratorStep (D:\CLI_CLASS\FandooNotes_webAPI\node_modules\@babel\runtime\helpers\asyncToGenerator.js:3:24)
    at _next (D:\CLI_CLASS\FandooNotes_webAPI\node_modules\@babel\runtime\helpers\asyncToGenerator.js:25:9)
    at processTicksAndRejections (internal/process/task_queues.js:95:5) 
    url - /api/v1/register/forgetpassword 
    method - POST 
    IP - ::1
   {"timestamp":"2022-01-14T08:24:16.958Z"}
info: Server started at http://localhost:5000/api/v1/ {"timestamp":"2022-01-14T08:29:28.934Z"}
info: Connected to the database. {"timestamp":"2022-01-14T08:29:28.968Z"}
info: Server started at http://localhost:5000/api/v1/ {"timestamp":"2022-01-14T08:30:27.323Z"}
info: Connected to the database. {"timestamp":"2022-01-14T08:30:27.352Z"}
info: Server started at http://localhost:5000/api/v1/ {"timestamp":"2022-01-14T08:30:51.774Z"}
info: Connected to the database. {"timestamp":"2022-01-14T08:30:51.809Z"}
info: Server started at http://localhost:5000/api/v1/ {"timestamp":"2022-01-14T08:31:08.170Z"}
info: Connected to the database. {"timestamp":"2022-01-14T08:31:08.240Z"}
info: Server started at http://localhost:5000/api/v1/ {"timestamp":"2022-01-14T08:36:31.128Z"}
info: Connected to the database. {"timestamp":"2022-01-14T08:36:31.156Z"}
