info: Server started at http://localhost:5000/api/v1/ {"timestamp":"2022-01-21T18:31:02.545Z"}
info: Connected to the  reddis database. {"timestamp":"2022-01-21T18:31:02.562Z"}
info: Connected to the database. {"timestamp":"2022-01-21T18:31:02.591Z"}
info: Server started at http://localhost:5000/api/v1/ {"timestamp":"2022-01-21T18:31:46.123Z"}
info: Connected to the  reddis database. {"timestamp":"2022-01-21T18:31:46.140Z"}
info: Connected to the database. {"timestamp":"2022-01-21T18:31:46.173Z"}
info: Server started at http://localhost:5000/api/v1/ {"timestamp":"2022-01-21T18:33:12.555Z"}
info: Connected to the  reddis database. {"timestamp":"2022-01-21T18:33:12.580Z"}
info: Connected to the database. {"timestamp":"2022-01-21T18:33:12.630Z"}
info: Server started at http://localhost:5000/api/v1/ {"timestamp":"2022-01-21T18:33:47.923Z"}
info: Connected to the  reddis database. {"timestamp":"2022-01-21T18:33:47.937Z"}
info: Connected to the database. {"timestamp":"2022-01-21T18:33:47.964Z"}
info: Server started at http://localhost:5000/api/v1/ {"timestamp":"2022-01-21T18:34:49.892Z"}
info: Connected to the  reddis database. {"timestamp":"2022-01-21T18:34:49.908Z"}
info: Connected to the database. {"timestamp":"2022-01-21T18:34:49.987Z"}
info: Server started at http://localhost:5000/api/v1/ {"timestamp":"2022-01-21T18:35:19.048Z"}
info: Connected to the  reddis database. {"timestamp":"2022-01-21T18:35:19.064Z"}
info: Connected to the database. {"timestamp":"2022-01-21T18:35:19.090Z"}
info: Server started at http://localhost:5000/api/v1/ {"timestamp":"2022-01-21T18:36:19.300Z"}
info: Connected to the  reddis database. {"timestamp":"2022-01-21T18:36:19.327Z"}
info: Connected to the database. {"timestamp":"2022-01-21T18:36:19.357Z"}
info: Server started at http://localhost:5000/api/v1/ {"timestamp":"2022-01-21T18:36:48.309Z"}
info: Connected to the  reddis database. {"timestamp":"2022-01-21T18:36:48.363Z"}
info: Connected to the database. {"timestamp":"2022-01-21T18:36:48.391Z"}
info: Server started at http://localhost:5000/api/v1/ {"timestamp":"2022-01-21T18:37:18.399Z"}
info: Connected to the  reddis database. {"timestamp":"2022-01-21T18:37:18.412Z"}
info: Connected to the database. {"timestamp":"2022-01-21T18:37:18.435Z"}
info: Server started at http://localhost:5000/api/v1/ {"timestamp":"2022-01-21T18:38:41.910Z"}
info: Connected to the  reddis database. {"timestamp":"2022-01-21T18:38:41.930Z"}
info: Connected to the database. {"timestamp":"2022-01-21T18:38:41.971Z"}
info: Server started at http://localhost:5000/api/v1/ {"timestamp":"2022-01-21T18:39:00.034Z"}
info: Connected to the  reddis database. {"timestamp":"2022-01-21T18:39:00.062Z"}
info: Connected to the database. {"timestamp":"2022-01-21T18:39:00.099Z"}
info: Server started at http://localhost:5000/api/v1/ {"timestamp":"2022-01-21T18:39:49.645Z"}
info: Connected to the  reddis database. {"timestamp":"2022-01-21T18:39:49.663Z"}
info: Connected to the database. {"timestamp":"2022-01-21T18:39:49.693Z"}
info: Server started at http://localhost:5000/api/v1/ {"timestamp":"2022-01-21T18:40:28.464Z"}
info: Connected to the  reddis database. {"timestamp":"2022-01-21T18:40:28.482Z"}
info: Connected to the database. {"timestamp":"2022-01-21T18:40:28.521Z"}
info: Server started at http://localhost:5000/api/v1/ {"timestamp":"2022-01-21T18:40:50.387Z"}
info: Connected to the  reddis database. {"timestamp":"2022-01-21T18:40:50.403Z"}
info: Connected to the database. {"timestamp":"2022-01-21T18:40:50.432Z"}
error: 
    status - 500 
    message - ReferenceError: RegData is not defined
    at _callee$ (D:\CLI_CLASS\FandooNotes_webAPI\src\services\/user.service.js:21:11)
    at tryCatch (D:\CLI_CLASS\FandooNotes_webAPI\node_modules\regenerator-runtime\runtime.js:63:40)
    at Generator.invoke [as _invoke] (D:\CLI_CLASS\FandooNotes_webAPI\node_modules\regenerator-runtime\runtime.js:294:22)
    at Generator.next (D:\CLI_CLASS\FandooNotes_webAPI\node_modules\regenerator-runtime\runtime.js:119:21)
    at asyncGeneratorStep (D:\CLI_CLASS\FandooNotes_webAPI\node_modules\@babel\runtime\helpers\asyncToGenerator.js:3:24)
    at _next (D:\CLI_CLASS\FandooNotes_webAPI\node_modules\@babel\runtime\helpers\asyncToGenerator.js:25:9)
    at processTicksAndRejections (internal/process/task_queues.js:95:5) 
    url - /api/v1/register 
    method - POST 
    IP - ::1
   {"timestamp":"2022-01-21T18:42:09.879Z"}
info: Server started at http://localhost:5000/api/v1/ {"timestamp":"2022-01-21T18:43:26.547Z"}
info: Connected to the  reddis database. {"timestamp":"2022-01-21T18:43:26.913Z"}
info: Connected to the database. {"timestamp":"2022-01-21T18:43:27.082Z"}
info: Server started at http://localhost:5000/api/v1/ {"timestamp":"2022-01-21T18:44:47.861Z"}
info: Connected to the  reddis database. {"timestamp":"2022-01-21T18:44:47.871Z"}
info: Connected to the database. {"timestamp":"2022-01-21T18:44:47.891Z"}
info: Server started at http://localhost:5000/api/v1/ {"timestamp":"2022-01-21T18:45:08.738Z"}
info: Connected to the  reddis database. {"timestamp":"2022-01-21T18:45:08.747Z"}
info: Connected to the database. {"timestamp":"2022-01-21T18:45:08.771Z"}
info: Server started at http://localhost:5000/api/v1/ {"timestamp":"2022-01-21T18:45:37.088Z"}
info: Connected to the  reddis database. {"timestamp":"2022-01-21T18:45:37.099Z"}
info: Connected to the database. {"timestamp":"2022-01-21T18:45:37.119Z"}
info: Server started at http://localhost:5000/api/v1/ {"timestamp":"2022-01-21T18:47:19.160Z"}
info: Connected to the  reddis database. {"timestamp":"2022-01-21T18:47:19.170Z"}
info: Connected to the database. {"timestamp":"2022-01-21T18:47:19.188Z"}
info: Server started at http://localhost:5000/api/v1/ {"timestamp":"2022-01-21T18:48:08.546Z"}
info: Connected to the  reddis database. {"timestamp":"2022-01-21T18:48:08.556Z"}
info: Connected to the database. {"timestamp":"2022-01-21T18:48:08.575Z"}
info: Server started at http://localhost:5000/api/v1/ {"timestamp":"2022-01-21T18:48:22.199Z"}
info: Connected to the  reddis database. {"timestamp":"2022-01-21T18:48:22.214Z"}
info: Connected to the database. {"timestamp":"2022-01-21T18:48:22.237Z"}
info: Server started at http://localhost:5000/api/v1/ {"timestamp":"2022-01-21T18:48:34.221Z"}
info: Connected to the  reddis database. {"timestamp":"2022-01-21T18:48:34.233Z"}
info: Connected to the database. {"timestamp":"2022-01-21T18:48:34.253Z"}
info: Server started at http://localhost:5000/api/v1/ {"timestamp":"2022-01-21T18:48:45.111Z"}
info: Connected to the  reddis database. {"timestamp":"2022-01-21T18:48:45.136Z"}
info: Connected to the database. {"timestamp":"2022-01-21T18:48:45.205Z"}
info: Server started at http://localhost:5000/api/v1/ {"timestamp":"2022-01-21T18:48:52.438Z"}
info: Connected to the  reddis database. {"timestamp":"2022-01-21T18:48:52.449Z"}
info: Connected to the database. {"timestamp":"2022-01-21T18:48:52.468Z"}
info: Server started at http://localhost:5000/api/v1/ {"timestamp":"2022-01-21T18:50:11.486Z"}
info: Connected to the  reddis database. {"timestamp":"2022-01-21T18:50:11.501Z"}
info: Connected to the database. {"timestamp":"2022-01-21T18:50:11.521Z"}
info: Server started at http://localhost:5000/api/v1/ {"timestamp":"2022-01-21T18:51:51.972Z"}
info: Connected to the  reddis database. {"timestamp":"2022-01-21T18:51:51.981Z"}
info: Connected to the database. {"timestamp":"2022-01-21T18:51:51.998Z"}
info: Server started at http://localhost:5000/api/v1/ {"timestamp":"2022-01-22T04:34:53.847Z"}
error: Could not connect to the reddis database. connect ECONNREFUSED 127.0.0.1:6379 {"address":"127.0.0.1","code":"ECONNREFUSED","errno":-4078,"port":6379,"stack":"Error: connect ECONNREFUSED 127.0.0.1:6379\n    at TCPConnectWrap.afterConnect [as oncomplete] (net.js:1148:16)","syscall":"connect","timestamp":"2022-01-22T04:34:53.867Z"}
info: Connected to the database. {"timestamp":"2022-01-22T04:34:54.010Z"}
info: Server started at http://localhost:5000/api/v1/ {"timestamp":"2022-01-22T04:37:47.843Z"}
error: Could not connect to the reddis database. connect ECONNREFUSED 127.0.0.1:6379 {"address":"127.0.0.1","code":"ECONNREFUSED","errno":-4078,"port":6379,"stack":"Error: connect ECONNREFUSED 127.0.0.1:6379\n    at TCPConnectWrap.afterConnect [as oncomplete] (net.js:1148:16)","syscall":"connect","timestamp":"2022-01-22T04:37:47.856Z"}
info: Connected to the database. {"timestamp":"2022-01-22T04:37:47.889Z"}
info: Server started at http://localhost:5000/api/v1/ {"timestamp":"2022-01-22T04:39:24.586Z"}
info: Connected to the  reddis database. {"timestamp":"2022-01-22T04:39:24.597Z"}
info: Connected to the database. {"timestamp":"2022-01-22T04:39:24.617Z"}
error: 
    status - 500 
    message - TypeError: Cannot read property 'Email' of null
    at _callee2$ (D:\CLI_CLASS\FandooNotes_webAPI\src\services\/user.service.js:33:25)
    at tryCatch (D:\CLI_CLASS\FandooNotes_webAPI\node_modules\regenerator-runtime\runtime.js:63:40)
    at Generator.invoke [as _invoke] (D:\CLI_CLASS\FandooNotes_webAPI\node_modules\regenerator-runtime\runtime.js:294:22)
    at Generator.next (D:\CLI_CLASS\FandooNotes_webAPI\node_modules\regenerator-runtime\runtime.js:119:21)
    at asyncGeneratorStep (D:\CLI_CLASS\FandooNotes_webAPI\node_modules\@babel\runtime\helpers\asyncToGenerator.js:3:24)
    at _next (D:\CLI_CLASS\FandooNotes_webAPI\node_modules\@babel\runtime\helpers\asyncToGenerator.js:25:9)
    at runMicrotasks (<anonymous>)
    at processTicksAndRejections (internal/process/task_queues.js:95:5) 
    url - /api/v1/register/login 
    method - POST 
    IP - ::1
   {"timestamp":"2022-01-22T05:58:17.858Z"}
info: Server started at http://localhost:5000/api/v1/ {"timestamp":"2022-01-22T07:38:58.430Z"}
error: Could not connect to the reddis database. connect ECONNREFUSED 127.0.0.1:6379 {"address":"127.0.0.1","code":"ECONNREFUSED","errno":-4078,"port":6379,"stack":"Error: connect ECONNREFUSED 127.0.0.1:6379\n    at TCPConnectWrap.afterConnect [as oncomplete] (net.js:1148:16)","syscall":"connect","timestamp":"2022-01-22T07:38:58.921Z"}
info: Connected to the database. {"timestamp":"2022-01-22T07:38:59.066Z"}
info: Server started at http://localhost:5000/api/v1/ {"timestamp":"2022-01-22T07:46:43.840Z"}
info: Connected to the  reddis database. {"timestamp":"2022-01-22T07:46:43.908Z"}
info: Connected to the database. {"timestamp":"2022-01-22T07:46:44.012Z"}
info: Server started at http://localhost:5000/api/v1/ {"timestamp":"2022-01-22T08:26:29.195Z"}
info: Connected to the  reddis database. {"timestamp":"2022-01-22T08:26:29.248Z"}
info: Connected to the database. {"timestamp":"2022-01-22T08:26:29.295Z"}
info: Server started at http://localhost:5000/api/v1/ {"timestamp":"2022-01-22T09:25:07.265Z"}
info: Connected to the  reddis database. {"timestamp":"2022-01-22T09:25:07.301Z"}
info: Connected to the database. {"timestamp":"2022-01-22T09:25:07.864Z"}
info: Server started at http://localhost:5000/api/v1/ {"timestamp":"2022-01-22T09:27:11.472Z"}
info: Connected to the  reddis database. {"timestamp":"2022-01-22T09:27:11.481Z"}
info: Connected to the database. {"timestamp":"2022-01-22T09:27:11.500Z"}
info: Server started at http://localhost:5000/api/v1/ {"timestamp":"2022-01-22T09:29:29.726Z"}
info: Connected to the  reddis database. {"timestamp":"2022-01-22T09:29:29.741Z"}
info: Connected to the database. {"timestamp":"2022-01-22T09:29:29.785Z"}
info: Connected to the  reddis database. {"timestamp":"2022-01-22T09:30:34.923Z"}
info: Connected to the database. {"timestamp":"2022-01-22T09:30:34.954Z"}
info: Connected to the  reddis database. {"timestamp":"2022-01-22T09:32:21.810Z"}
info: Connected to the database. {"timestamp":"2022-01-22T09:32:21.835Z"}
info: Server started at http://localhost:5000/api/v1/ {"timestamp":"2022-01-22T09:32:38.913Z"}
info: Connected to the  reddis database. {"timestamp":"2022-01-22T09:32:38.937Z"}
info: Connected to the database. {"timestamp":"2022-01-22T09:32:38.969Z"}
error: 
    status - 500 
    message - TypeError: Cannot read property 'ID' of undefined
    at _callee5$ (D:\CLI_CLASS\FandooNotes_webAPI\src\services\/user.service.js:87:56)
    at tryCatch (D:\CLI_CLASS\FandooNotes_webAPI\node_modules\regenerator-runtime\runtime.js:63:40)
    at Generator.invoke [as _invoke] (D:\CLI_CLASS\FandooNotes_webAPI\node_modules\regenerator-runtime\runtime.js:294:22)
    at Generator.next (D:\CLI_CLASS\FandooNotes_webAPI\node_modules\regenerator-runtime\runtime.js:119:21)
    at asyncGeneratorStep (D:\CLI_CLASS\FandooNotes_webAPI\node_modules\@babel\runtime\helpers\asyncToGenerator.js:3:24)
    at _next (D:\CLI_CLASS\FandooNotes_webAPI\node_modules\@babel\runtime\helpers\asyncToGenerator.js:25:9)
    at D:\CLI_CLASS\FandooNotes_webAPI\node_modules\@babel\runtime\helpers\asyncToGenerator.js:32:7
    at new Promise (<anonymous>)
    at Object.<anonymous> (D:\CLI_CLASS\FandooNotes_webAPI\node_modules\@babel\runtime\helpers\asyncToGenerator.js:21:12)
    at Object.getNote (D:\CLI_CLASS\FandooNotes_webAPI\src\services\/user.service.js:85:21) 
    url - /api/v1/notes 
    method - GET 
    IP - ::1
   {"timestamp":"2022-01-22T09:32:39.269Z"}
error: 
    status - 500 
    message - TypeError: Cannot read property 'ID' of undefined
    at _callee5$ (D:\CLI_CLASS\FandooNotes_webAPI\src\services\/user.service.js:87:56)
    at tryCatch (D:\CLI_CLASS\FandooNotes_webAPI\node_modules\regenerator-runtime\runtime.js:63:40)
    at Generator.invoke [as _invoke] (D:\CLI_CLASS\FandooNotes_webAPI\node_modules\regenerator-runtime\runtime.js:294:22)
    at Generator.next (D:\CLI_CLASS\FandooNotes_webAPI\node_modules\regenerator-runtime\runtime.js:119:21)
    at asyncGeneratorStep (D:\CLI_CLASS\FandooNotes_webAPI\node_modules\@babel\runtime\helpers\asyncToGenerator.js:3:24)
    at _next (D:\CLI_CLASS\FandooNotes_webAPI\node_modules\@babel\runtime\helpers\asyncToGenerator.js:25:9)
    at D:\CLI_CLASS\FandooNotes_webAPI\node_modules\@babel\runtime\helpers\asyncToGenerator.js:32:7
    at new Promise (<anonymous>)
    at Object.<anonymous> (D:\CLI_CLASS\FandooNotes_webAPI\node_modules\@babel\runtime\helpers\asyncToGenerator.js:21:12)
    at Object.getNote (D:\CLI_CLASS\FandooNotes_webAPI\src\services\/user.service.js:85:21) 
    url - /api/v1/notes 
    method - GET 
    IP - ::1
   {"timestamp":"2022-01-22T09:32:43.716Z"}
error: 
    status - 500 
    message - TypeError: Cannot read property 'ID' of undefined
    at _callee5$ (D:\CLI_CLASS\FandooNotes_webAPI\src\services\/user.service.js:87:56)
    at tryCatch (D:\CLI_CLASS\FandooNotes_webAPI\node_modules\regenerator-runtime\runtime.js:63:40)
    at Generator.invoke [as _invoke] (D:\CLI_CLASS\FandooNotes_webAPI\node_modules\regenerator-runtime\runtime.js:294:22)
    at Generator.next (D:\CLI_CLASS\FandooNotes_webAPI\node_modules\regenerator-runtime\runtime.js:119:21)
    at asyncGeneratorStep (D:\CLI_CLASS\FandooNotes_webAPI\node_modules\@babel\runtime\helpers\asyncToGenerator.js:3:24)
    at _next (D:\CLI_CLASS\FandooNotes_webAPI\node_modules\@babel\runtime\helpers\asyncToGenerator.js:25:9)
    at D:\CLI_CLASS\FandooNotes_webAPI\node_modules\@babel\runtime\helpers\asyncToGenerator.js:32:7
    at new Promise (<anonymous>)
    at Object.<anonymous> (D:\CLI_CLASS\FandooNotes_webAPI\node_modules\@babel\runtime\helpers\asyncToGenerator.js:21:12)
    at Object.getNote (D:\CLI_CLASS\FandooNotes_webAPI\src\services\/user.service.js:85:21) 
    url - /api/v1/notes 
    method - GET 
    IP - ::1
   {"timestamp":"2022-01-22T09:32:59.733Z"}
info: Server started at http://localhost:5000/api/v1/ {"timestamp":"2022-01-22T09:36:30.442Z"}
info: Connected to the  reddis database. {"timestamp":"2022-01-22T09:36:30.452Z"}
info: Connected to the database. {"timestamp":"2022-01-22T09:36:30.475Z"}
info: Server started at http://localhost:5000/api/v1/ {"timestamp":"2022-01-22T09:57:10.335Z"}
info: Connected to the  reddis database. {"timestamp":"2022-01-22T09:57:10.345Z"}
info: Connected to the database. {"timestamp":"2022-01-22T09:57:10.364Z"}
info: Server started at http://localhost:5000/api/v1/ {"timestamp":"2022-01-22T09:57:27.190Z"}
info: Connected to the  reddis database. {"timestamp":"2022-01-22T09:57:27.202Z"}
info: Connected to the database. {"timestamp":"2022-01-22T09:57:27.221Z"}
info: Server started at http://localhost:5000/api/v1/ {"timestamp":"2022-01-22T11:54:37.215Z"}
info: Connected to the  reddis database. {"timestamp":"2022-01-22T11:54:37.225Z"}
info: Connected to the database. {"timestamp":"2022-01-22T11:54:37.266Z"}
info: Server started at http://localhost:5000/api/v1/ {"timestamp":"2022-01-22T11:57:06.429Z"}
info: Connected to the  reddis database. {"timestamp":"2022-01-22T11:57:06.440Z"}
info: Connected to the database. {"timestamp":"2022-01-22T11:57:06.461Z"}
info: Server started at http://localhost:5000/api/v1/ {"timestamp":"2022-01-22T11:57:24.070Z"}
info: Connected to the  reddis database. {"timestamp":"2022-01-22T11:57:24.079Z"}
info: Connected to the database. {"timestamp":"2022-01-22T11:57:24.098Z"}
info: Connected to the  reddis database. {"timestamp":"2022-01-22T11:57:38.488Z"}
info: Connected to the database. {"timestamp":"2022-01-22T11:57:38.522Z"}
info: Connected to the  reddis database. {"timestamp":"2022-01-22T11:57:57.993Z"}
info: Connected to the database. {"timestamp":"2022-01-22T11:57:58.040Z"}
info: Server started at http://localhost:5000/api/v1/ {"timestamp":"2022-01-22T11:58:26.006Z"}
info: Connected to the  reddis database. {"timestamp":"2022-01-22T11:58:26.021Z"}
info: Connected to the database. {"timestamp":"2022-01-22T11:58:26.052Z"}
info: Server started at http://localhost:5000/api/v1/ {"timestamp":"2022-01-22T11:58:36.542Z"}
info: Connected to the  reddis database. {"timestamp":"2022-01-22T11:58:36.554Z"}
info: Connected to the database. {"timestamp":"2022-01-22T11:58:36.580Z"}
info: Server started at http://localhost:5000/api/v1/ {"timestamp":"2022-01-22T11:59:20.525Z"}
info: Connected to the  reddis database. {"timestamp":"2022-01-22T11:59:20.537Z"}
info: Connected to the database. {"timestamp":"2022-01-22T11:59:20.557Z"}
info: Server started at http://localhost:5000/api/v1/ {"timestamp":"2022-01-22T11:59:49.960Z"}
info: Connected to the  reddis database. {"timestamp":"2022-01-22T11:59:49.978Z"}
info: Connected to the database. {"timestamp":"2022-01-22T11:59:50.024Z"}
info: Server started at http://localhost:5000/api/v1/ {"timestamp":"2022-01-22T12:00:00.584Z"}
info: Connected to the  reddis database. {"timestamp":"2022-01-22T12:00:00.597Z"}
info: Connected to the database. {"timestamp":"2022-01-22T12:00:00.655Z"}
info: Server started at http://localhost:5000/api/v1/ {"timestamp":"2022-01-22T12:06:13.224Z"}
info: Connected to the  reddis database. {"timestamp":"2022-01-22T12:06:13.251Z"}
info: Connected to the database. {"timestamp":"2022-01-22T12:06:13.278Z"}
info: Server started at http://localhost:5000/api/v1/ {"timestamp":"2022-01-22T12:06:31.530Z"}
info: Connected to the  reddis database. {"timestamp":"2022-01-22T12:06:31.539Z"}
info: Connected to the database. {"timestamp":"2022-01-22T12:06:31.612Z"}
info: Server started at http://localhost:5000/api/v1/ {"timestamp":"2022-01-22T12:08:48.789Z"}
info: Connected to the  reddis database. {"timestamp":"2022-01-22T12:08:48.804Z"}
info: Connected to the database. {"timestamp":"2022-01-22T12:08:48.822Z"}
info: Server started at http://localhost:5000/api/v1/ {"timestamp":"2022-01-22T12:08:58.467Z"}
info: Connected to the  reddis database. {"timestamp":"2022-01-22T12:08:58.478Z"}
info: Connected to the database. {"timestamp":"2022-01-22T12:08:58.495Z"}
info: Server started at http://localhost:5000/api/v1/ {"timestamp":"2022-01-22T13:49:32.686Z"}
error: Could not connect to the reddis database. connect ECONNREFUSED 127.0.0.1:6379 {"address":"127.0.0.1","code":"ECONNREFUSED","errno":-4078,"port":6379,"stack":"Error: connect ECONNREFUSED 127.0.0.1:6379\n    at TCPConnectWrap.afterConnect [as oncomplete] (net.js:1148:16)","syscall":"connect","timestamp":"2022-01-22T13:49:32.714Z"}
info: Connected to the database. {"timestamp":"2022-01-22T13:49:33.019Z"}
error: 
    status - 500 
    message - Error: The client is closed
    at Commander._RedisClient_sendCommand (D:\CLI_CLASS\FandooNotes_webAPI\node_modules\@node-redis\client\dist\lib\client\index.js:407:31)
    at Commander.commandsExecutor (D:\CLI_CLASS\FandooNotes_webAPI\node_modules\@node-redis\client\dist\lib\client\index.js:166:154)
    at Commander.del (D:\CLI_CLASS\FandooNotes_webAPI\node_modules\@node-redis\client\dist\lib\commander.js:8:29)
    at _callee3$ (D:\CLI_CLASS\FandooNotes_webAPI\src\services\/user.service.js:59:16)
    at tryCatch (D:\CLI_CLASS\FandooNotes_webAPI\node_modules\regenerator-runtime\runtime.js:63:40)
    at Generator.invoke [as _invoke] (D:\CLI_CLASS\FandooNotes_webAPI\node_modules\regenerator-runtime\runtime.js:294:22)
    at Generator.next (D:\CLI_CLASS\FandooNotes_webAPI\node_modules\regenerator-runtime\runtime.js:119:21)
    at asyncGeneratorStep (D:\CLI_CLASS\FandooNotes_webAPI\node_modules\@babel\runtime\helpers\asyncToGenerator.js:3:24)
    at _next (D:\CLI_CLASS\FandooNotes_webAPI\node_modules\@babel\runtime\helpers\asyncToGenerator.js:25:9)
    at processTicksAndRejections (internal/process/task_queues.js:95:5) 
    url - /api/v1/notes 
    method - POST 
    IP - ::ffff:127.0.0.1
   {"timestamp":"2022-01-22T13:49:33.698Z"}
info: Server started at http://localhost:5000/api/v1/ {"timestamp":"2022-01-22T13:50:30.778Z"}
info: Connected to the  reddis database. {"timestamp":"2022-01-22T13:50:30.795Z"}
info: Connected to the database. {"timestamp":"2022-01-22T13:50:30.818Z"}
info: Server started at http://localhost:5000/api/v1/ {"timestamp":"2022-01-22T13:51:24.039Z"}
info: Connected to the  reddis database. {"timestamp":"2022-01-22T13:51:24.054Z"}
info: Connected to the database. {"timestamp":"2022-01-22T13:51:24.076Z"}
info: Server started at http://localhost:5000/api/v1/ {"timestamp":"2022-01-22T13:52:43.717Z"}
info: Connected to the  reddis database. {"timestamp":"2022-01-22T13:52:43.731Z"}
info: Connected to the database. {"timestamp":"2022-01-22T13:52:43.780Z"}
info: Server started at http://localhost:5000/api/v1/ {"timestamp":"2022-01-22T14:03:42.035Z"}
info: Connected to the  reddis database. {"timestamp":"2022-01-22T14:03:42.046Z"}
info: Connected to the database. {"timestamp":"2022-01-22T14:03:42.066Z"}
error: 
    status - 500 
    message - JsonWebTokenError: invalid signature
    at D:\CLI_CLASS\FandooNotes_webAPI\node_modules\jsonwebtoken\verify.js:133:19
    at getSecret (D:\CLI_CLASS\FandooNotes_webAPI\node_modules\jsonwebtoken\verify.js:90:14)
    at Object.verify (D:\CLI_CLASS\FandooNotes_webAPI\node_modules\jsonwebtoken\verify.js:94:10)
    at _callee10$ (D:\CLI_CLASS\FandooNotes_webAPI\src\services\/user.service.js:156:23)
    at tryCatch (D:\CLI_CLASS\FandooNotes_webAPI\node_modules\regenerator-runtime\runtime.js:63:40)
    at Generator.invoke [as _invoke] (D:\CLI_CLASS\FandooNotes_webAPI\node_modules\regenerator-runtime\runtime.js:294:22)
    at Generator.next (D:\CLI_CLASS\FandooNotes_webAPI\node_modules\regenerator-runtime\runtime.js:119:21)
    at asyncGeneratorStep (D:\CLI_CLASS\FandooNotes_webAPI\node_modules\@babel\runtime\helpers\asyncToGenerator.js:3:24)
    at _next (D:\CLI_CLASS\FandooNotes_webAPI\node_modules\@babel\runtime\helpers\asyncToGenerator.js:25:9)
    at D:\CLI_CLASS\FandooNotes_webAPI\node_modules\@babel\runtime\helpers\asyncToGenerator.js:32:7 
    url - /api/v1/users/resetpassword 
    method - POST 
    IP - ::1
   {"timestamp":"2022-01-22T14:08:22.952Z"}
error: 
      status - 400
      message - Authorization token incorrect 
      url - /api/v1/notes 
      method - GET 
      IP - ::1
     {"timestamp":"2022-01-22T14:10:07.288Z"}
error: 
      status - 400
      message - Authorization token incorrect 
      url - /api/v1/notes 
      method - GET 
      IP - ::1
     {"timestamp":"2022-01-22T14:10:16.684Z"}
info: Server started at http://localhost:5000/api/v1/ {"timestamp":"2022-01-22T14:15:28.319Z"}
info: Connected to the  reddis database. {"timestamp":"2022-01-22T14:15:28.329Z"}
info: Connected to the database. {"timestamp":"2022-01-22T14:15:28.348Z"}
info: Server started at http://localhost:5000/api/v1/ {"timestamp":"2022-01-22T14:17:34.041Z"}
info: Connected to the  reddis database. {"timestamp":"2022-01-22T14:17:34.055Z"}
info: Connected to the database. {"timestamp":"2022-01-22T14:17:34.083Z"}
info: Server started at http://localhost:5000/api/v1/ {"timestamp":"2022-01-22T14:18:26.228Z"}
info: Connected to the  reddis database. {"timestamp":"2022-01-22T14:18:26.252Z"}
info: Connected to the database. {"timestamp":"2022-01-22T14:18:26.275Z"}
info: Server started at http://localhost:5000/api/v1/ {"timestamp":"2022-01-22T14:18:39.161Z"}
info: Connected to the  reddis database. {"timestamp":"2022-01-22T14:18:39.172Z"}
info: Connected to the database. {"timestamp":"2022-01-22T14:18:39.195Z"}
info: Server started at http://localhost:5000/api/v1/ {"timestamp":"2022-01-22T14:19:26.572Z"}
info: Connected to the  reddis database. {"timestamp":"2022-01-22T14:19:26.584Z"}
info: Connected to the database. {"timestamp":"2022-01-22T14:19:26.608Z"}
info: Server started at http://localhost:5000/api/v1/ {"timestamp":"2022-01-22T14:19:36.103Z"}
info: Connected to the  reddis database. {"timestamp":"2022-01-22T14:19:36.115Z"}
info: Connected to the database. {"timestamp":"2022-01-22T14:19:36.136Z"}
info: Server started at http://localhost:5000/api/v1/ {"timestamp":"2022-01-22T14:19:45.546Z"}
info: Connected to the  reddis database. {"timestamp":"2022-01-22T14:19:45.559Z"}
info: Connected to the database. {"timestamp":"2022-01-22T14:19:45.589Z"}
info: Server started at http://localhost:5000/api/v1/ {"timestamp":"2022-01-22T14:19:51.596Z"}
info: Connected to the  reddis database. {"timestamp":"2022-01-22T14:19:51.607Z"}
info: Connected to the database. {"timestamp":"2022-01-22T14:19:51.627Z"}
info: Server started at http://localhost:5000/api/v1/ {"timestamp":"2022-01-22T14:21:08.166Z"}
info: Connected to the  reddis database. {"timestamp":"2022-01-22T14:21:08.175Z"}
info: Connected to the database. {"timestamp":"2022-01-22T14:21:08.193Z"}
info: Server started at http://localhost:5000/api/v1/ {"timestamp":"2022-01-22T14:21:49.291Z"}
info: Connected to the  reddis database. {"timestamp":"2022-01-22T14:21:49.305Z"}
info: Connected to the database. {"timestamp":"2022-01-22T14:21:49.327Z"}
info: Server started at http://localhost:5000/api/v1/ {"timestamp":"2022-01-22T14:22:20.883Z"}
info: Connected to the  reddis database. {"timestamp":"2022-01-22T14:22:20.894Z"}
info: Connected to the database. {"timestamp":"2022-01-22T14:22:20.917Z"}
info: Server started at http://localhost:5000/api/v1/ {"timestamp":"2022-01-22T14:22:40.299Z"}
info: Connected to the  reddis database. {"timestamp":"2022-01-22T14:22:40.313Z"}
info: Connected to the database. {"timestamp":"2022-01-22T14:22:40.353Z"}
info: Server started at http://localhost:5000/api/v1/ {"timestamp":"2022-01-22T14:22:54.343Z"}
info: Connected to the  reddis database. {"timestamp":"2022-01-22T14:22:54.355Z"}
info: Connected to the database. {"timestamp":"2022-01-22T14:22:54.379Z"}
info: Server started at http://localhost:5000/api/v1/ {"timestamp":"2022-01-22T14:24:36.920Z"}
info: Connected to the  reddis database. {"timestamp":"2022-01-22T14:24:36.933Z"}
info: Connected to the database. {"timestamp":"2022-01-22T14:24:36.953Z"}
info: Server started at http://localhost:5000/api/v1/ {"timestamp":"2022-01-22T14:26:55.437Z"}
info: Connected to the  reddis database. {"timestamp":"2022-01-22T14:26:55.451Z"}
info: Connected to the database. {"timestamp":"2022-01-22T14:26:55.481Z"}
info: Server started at http://localhost:5000/api/v1/ {"timestamp":"2022-01-22T14:27:07.348Z"}
info: Connected to the  reddis database. {"timestamp":"2022-01-22T14:27:07.358Z"}
info: Connected to the database. {"timestamp":"2022-01-22T14:27:07.384Z"}
info: Server started at http://localhost:5000/api/v1/ {"timestamp":"2022-01-22T14:27:59.716Z"}
info: Connected to the  reddis database. {"timestamp":"2022-01-22T14:27:59.726Z"}
info: Connected to the database. {"timestamp":"2022-01-22T14:27:59.746Z"}
info: Server started at http://localhost:5000/api/v1/ {"timestamp":"2022-01-22T14:28:19.662Z"}
info: Connected to the  reddis database. {"timestamp":"2022-01-22T14:28:19.672Z"}
info: Connected to the database. {"timestamp":"2022-01-22T14:28:19.695Z"}
info: Server started at http://localhost:5000/api/v1/ {"timestamp":"2022-01-22T14:28:33.496Z"}
info: Connected to the  reddis database. {"timestamp":"2022-01-22T14:28:33.508Z"}
info: Connected to the database. {"timestamp":"2022-01-22T14:28:33.532Z"}
info: Server started at http://localhost:5000/api/v1/ {"timestamp":"2022-01-22T14:29:22.275Z"}
info: Connected to the  reddis database. {"timestamp":"2022-01-22T14:29:22.312Z"}
info: Connected to the database. {"timestamp":"2022-01-22T14:29:22.373Z"}
info: Server started at http://localhost:5000/api/v1/ {"timestamp":"2022-01-22T15:28:25.696Z"}
info: Connected to the  reddis database. {"timestamp":"2022-01-22T15:28:25.706Z"}
info: Connected to the database. {"timestamp":"2022-01-22T15:28:25.849Z"}
info: Server started at http://localhost:5000/api/v1/ {"timestamp":"2022-01-22T15:43:21.785Z"}
info: Connected to the  reddis database. {"timestamp":"2022-01-22T15:43:21.808Z"}
info: Connected to the database. {"timestamp":"2022-01-22T15:43:21.846Z"}
info: Server started at http://localhost:5000/api/v1/ {"timestamp":"2022-01-22T15:43:58.187Z"}
info: Connected to the  reddis database. {"timestamp":"2022-01-22T15:43:58.197Z"}
info: Connected to the database. {"timestamp":"2022-01-22T15:43:58.215Z"}
error: 
    status - 500 
    message - undefined 
    url - /api/v1/notes/delete/61ec112e4b266c58403007d9 
    method - DELETE 
    IP - ::ffff:127.0.0.1
   {"timestamp":"2022-01-22T15:43:58.377Z"}
error: 
    status - 500 
    message - undefined 
    url - /api/v1/notes/delete/61ec112e4b266c58403007d9 
    method - DELETE 
    IP - ::1
   {"timestamp":"2022-01-22T15:44:09.394Z"}
error: 
    status - 500 
    message - undefined 
    url - /api/v1/notes/delete/61ec112e4b266c58403007d9 
    method - DELETE 
    IP - ::1
   {"timestamp":"2022-01-22T15:45:02.490Z"}
info: Server started at http://localhost:5000/api/v1/ {"timestamp":"2022-01-22T15:45:36.516Z"}
info: Connected to the  reddis database. {"timestamp":"2022-01-22T15:45:36.526Z"}
info: Connected to the database. {"timestamp":"2022-01-22T15:45:36.569Z"}
error: 
    status - 500 
    message - Error: Note does not exist
    at _callee8$ (D:\CLI_CLASS\FandooNotes_webAPI\src\services\/user.service.js:132:11)
    at tryCatch (D:\CLI_CLASS\FandooNotes_webAPI\node_modules\regenerator-runtime\runtime.js:63:40)
    at Generator.invoke [as _invoke] (D:\CLI_CLASS\FandooNotes_webAPI\node_modules\regenerator-runtime\runtime.js:294:22)
    at Generator.next (D:\CLI_CLASS\FandooNotes_webAPI\node_modules\regenerator-runtime\runtime.js:119:21)
    at asyncGeneratorStep (D:\CLI_CLASS\FandooNotes_webAPI\node_modules\@babel\runtime\helpers\asyncToGenerator.js:3:24)
    at _next (D:\CLI_CLASS\FandooNotes_webAPI\node_modules\@babel\runtime\helpers\asyncToGenerator.js:25:9)
    at processTicksAndRejections (internal/process/task_queues.js:95:5) 
    url - /api/v1/notes/delete/61ec112e4b266c58403007d9 
    method - DELETE 
    IP - ::ffff:127.0.0.1
   {"timestamp":"2022-01-22T15:45:36.588Z"}
error: 
    status - 500 
    message - Error: Note does not exist
    at _callee8$ (D:\CLI_CLASS\FandooNotes_webAPI\src\services\/user.service.js:132:11)
    at tryCatch (D:\CLI_CLASS\FandooNotes_webAPI\node_modules\regenerator-runtime\runtime.js:63:40)
    at Generator.invoke [as _invoke] (D:\CLI_CLASS\FandooNotes_webAPI\node_modules\regenerator-runtime\runtime.js:294:22)
    at Generator.next (D:\CLI_CLASS\FandooNotes_webAPI\node_modules\regenerator-runtime\runtime.js:119:21)
    at asyncGeneratorStep (D:\CLI_CLASS\FandooNotes_webAPI\node_modules\@babel\runtime\helpers\asyncToGenerator.js:3:24)
    at _next (D:\CLI_CLASS\FandooNotes_webAPI\node_modules\@babel\runtime\helpers\asyncToGenerator.js:25:9)
    at processTicksAndRejections (internal/process/task_queues.js:95:5) 
    url - /api/v1/notes/delete/61ec234e357f844b9c2a5da8 
    method - DELETE 
    IP - ::1
   {"timestamp":"2022-01-22T15:46:24.065Z"}
info: Server started at http://localhost:5000/api/v1/ {"timestamp":"2022-01-22T15:48:16.102Z"}
info: Connected to the  reddis database. {"timestamp":"2022-01-22T15:48:16.113Z"}
info: Connected to the database. {"timestamp":"2022-01-22T15:48:16.132Z"}
error: 
    status - 500 
    message - Error: Note does not exist
    at _callee8$ (D:\CLI_CLASS\FandooNotes_webAPI\src\services\/user.service.js:136:11)
    at tryCatch (D:\CLI_CLASS\FandooNotes_webAPI\node_modules\regenerator-runtime\runtime.js:63:40)
    at Generator.invoke [as _invoke] (D:\CLI_CLASS\FandooNotes_webAPI\node_modules\regenerator-runtime\runtime.js:294:22)
    at Generator.next (D:\CLI_CLASS\FandooNotes_webAPI\node_modules\regenerator-runtime\runtime.js:119:21)
    at asyncGeneratorStep (D:\CLI_CLASS\FandooNotes_webAPI\node_modules\@babel\runtime\helpers\asyncToGenerator.js:3:24)
    at _next (D:\CLI_CLASS\FandooNotes_webAPI\node_modules\@babel\runtime\helpers\asyncToGenerator.js:25:9)
    at processTicksAndRejections (internal/process/task_queues.js:95:5) 
    url - /api/v1/notes/delete/61ec10864b266c58403007cc 
    method - DELETE 
    IP - ::1
   {"timestamp":"2022-01-22T15:48:29.905Z"}
info: Server started at http://localhost:5000/api/v1/ {"timestamp":"2022-01-22T15:49:45.425Z"}
info: Connected to the  reddis database. {"timestamp":"2022-01-22T15:49:45.436Z"}
info: Connected to the database. {"timestamp":"2022-01-22T15:49:45.454Z"}
info: Server started at http://localhost:5000/api/v1/ {"timestamp":"2022-01-22T15:50:39.463Z"}
info: Connected to the  reddis database. {"timestamp":"2022-01-22T15:50:39.478Z"}
info: Connected to the database. {"timestamp":"2022-01-22T15:50:39.503Z"}
info: Server started at http://localhost:5000/api/v1/ {"timestamp":"2022-01-22T15:51:05.573Z"}
info: Connected to the  reddis database. {"timestamp":"2022-01-22T15:51:05.582Z"}
info: Connected to the database. {"timestamp":"2022-01-22T15:51:05.599Z"}
error: 
    status - 500 
    message - Error: Cast to undefined failed for value undefined at path "undefined"
    at new MongooseError (D:\CLI_CLASS\FandooNotes_webAPI\node_modules\mongoose\lib\error\mongooseError.js:7:1)
    at new CastError (D:\CLI_CLASS\FandooNotes_webAPI\node_modules\mongoose\lib\error\cast.js:31:7)
    at model.Query.exec (D:\CLI_CLASS\FandooNotes_webAPI\node_modules\mongoose\lib\query.js:4498:21)
    at model.Query.Query.then (D:\CLI_CLASS\FandooNotes_webAPI\node_modules\mongoose\lib\query.js:4592:15)
    at processTicksAndRejections (internal/process/task_queues.js:95:5) 
    url - /api/v1/notes 
    method - PATCH 
    IP - ::1
   {"timestamp":"2022-01-22T15:51:34.236Z"}
error: 
    status - 500 
    message - Error: Note id not in databae
    at _callee4$ (D:\CLI_CLASS\FandooNotes_webAPI\src\services\/user.service.js:89:11)
    at tryCatch (D:\CLI_CLASS\FandooNotes_webAPI\node_modules\regenerator-runtime\runtime.js:63:40)
    at Generator.invoke [as _invoke] (D:\CLI_CLASS\FandooNotes_webAPI\node_modules\regenerator-runtime\runtime.js:294:22)
    at Generator.next (D:\CLI_CLASS\FandooNotes_webAPI\node_modules\regenerator-runtime\runtime.js:119:21)
    at asyncGeneratorStep (D:\CLI_CLASS\FandooNotes_webAPI\node_modules\@babel\runtime\helpers\asyncToGenerator.js:3:24)
    at _next (D:\CLI_CLASS\FandooNotes_webAPI\node_modules\@babel\runtime\helpers\asyncToGenerator.js:25:9)
    at processTicksAndRejections (internal/process/task_queues.js:95:5) 
    url - /api/v1/notes 
    method - PATCH 
    IP - ::1
   {"timestamp":"2022-01-22T15:52:54.772Z"}
error: 
    status - 500 
    message - Error: Note id not in databae
    at _callee4$ (D:\CLI_CLASS\FandooNotes_webAPI\src\services\/user.service.js:89:11)
    at tryCatch (D:\CLI_CLASS\FandooNotes_webAPI\node_modules\regenerator-runtime\runtime.js:63:40)
    at Generator.invoke [as _invoke] (D:\CLI_CLASS\FandooNotes_webAPI\node_modules\regenerator-runtime\runtime.js:294:22)
    at Generator.next (D:\CLI_CLASS\FandooNotes_webAPI\node_modules\regenerator-runtime\runtime.js:119:21)
    at asyncGeneratorStep (D:\CLI_CLASS\FandooNotes_webAPI\node_modules\@babel\runtime\helpers\asyncToGenerator.js:3:24)
    at _next (D:\CLI_CLASS\FandooNotes_webAPI\node_modules\@babel\runtime\helpers\asyncToGenerator.js:25:9)
    at processTicksAndRejections (internal/process/task_queues.js:95:5) 
    url - /api/v1/notes 
    method - PATCH 
    IP - ::1
   {"timestamp":"2022-01-22T15:52:55.454Z"}
info: Server started at http://localhost:5000/api/v1/ {"timestamp":"2022-01-22T16:01:36.766Z"}
error: Could not connect to the reddis database. connect ECONNREFUSED 127.0.0.1:6379 {"address":"127.0.0.1","code":"ECONNREFUSED","errno":-4078,"port":6379,"stack":"Error: connect ECONNREFUSED 127.0.0.1:6379\n    at TCPConnectWrap.afterConnect [as oncomplete] (net.js:1148:16)","syscall":"connect","timestamp":"2022-01-22T16:01:36.806Z"}
info: Connected to the database. {"timestamp":"2022-01-22T16:01:36.845Z"}
error: 
    status - 500 
    message - Error: The client is closed
    at Commander._RedisClient_sendCommand (D:\CLI_CLASS\FandooNotes_webAPI\node_modules\@node-redis\client\dist\lib\client\index.js:407:31)
    at Commander.commandsExecutor (D:\CLI_CLASS\FandooNotes_webAPI\node_modules\@node-redis\client\dist\lib\client\index.js:166:154)
    at Commander.del (D:\CLI_CLASS\FandooNotes_webAPI\node_modules\@node-redis\client\dist\lib\commander.js:8:29)
    at _callee3$ (D:\CLI_CLASS\FandooNotes_webAPI\src\services\/user.service.js:75:16)
    at tryCatch (D:\CLI_CLASS\FandooNotes_webAPI\node_modules\regenerator-runtime\runtime.js:63:40)
    at Generator.invoke [as _invoke] (D:\CLI_CLASS\FandooNotes_webAPI\node_modules\regenerator-runtime\runtime.js:294:22)
    at Generator.next (D:\CLI_CLASS\FandooNotes_webAPI\node_modules\regenerator-runtime\runtime.js:119:21)
    at asyncGeneratorStep (D:\CLI_CLASS\FandooNotes_webAPI\node_modules\@babel\runtime\helpers\asyncToGenerator.js:3:24)
    at _next (D:\CLI_CLASS\FandooNotes_webAPI\node_modules\@babel\runtime\helpers\asyncToGenerator.js:25:9)
    at processTicksAndRejections (internal/process/task_queues.js:95:5) 
    url - /api/v1/notes 
    method - POST 
    IP - ::ffff:127.0.0.1
   {"timestamp":"2022-01-22T16:01:37.731Z"}
info: Server started at http://localhost:5000/api/v1/ {"timestamp":"2022-01-22T16:03:14.277Z"}
info: Connected to the  reddis database. {"timestamp":"2022-01-22T16:03:14.299Z"}
info: Connected to the database. {"timestamp":"2022-01-22T16:03:14.361Z"}
