error: Could not connect to the reddis database. client.connect is not a function {"stack":"TypeError: client.connect is not a function\n    at _callee$ (D:\\CLI_CLASS\\FandooNotes_webAPI\\src\\config\\/reddis.js:11:16)\n    at tryCatch (D:\\CLI_CLASS\\FandooNotes_webAPI\\node_modules\\regenerator-runtime\\runtime.js:63:40)\n    at Generator.invoke [as _invoke] (D:\\CLI_CLASS\\FandooNotes_webAPI\\node_modules\\regenerator-runtime\\runtime.js:294:22)\n    at Generator.next (D:\\CLI_CLASS\\FandooNotes_webAPI\\node_modules\\regenerator-runtime\\runtime.js:119:21)\n    at asyncGeneratorStep (D:\\CLI_CLASS\\FandooNotes_webAPI\\node_modules\\@babel\\runtime\\helpers\\asyncToGenerator.js:3:24)\n    at _next (D:\\CLI_CLASS\\FandooNotes_webAPI\\node_modules\\@babel\\runtime\\helpers\\asyncToGenerator.js:25:9)\n    at D:\\CLI_CLASS\\FandooNotes_webAPI\\node_modules\\@babel\\runtime\\helpers\\asyncToGenerator.js:32:7\n    at new Promise (<anonymous>)\n    at D:\\CLI_CLASS\\FandooNotes_webAPI\\node_modules\\@babel\\runtime\\helpers\\asyncToGenerator.js:21:12\n    at ReddisDatabase (D:\\CLI_CLASS\\FandooNotes_webAPI\\src\\config\\/reddis.js:9:21)","timestamp":"2022-01-21T12:44:10.195Z"}
info: Server started at http://localhost:5000/api/v1/ {"timestamp":"2022-01-21T12:44:10.386Z"}
info: Connected to the database. {"timestamp":"2022-01-21T12:44:11.240Z"}
info: Server started at http://localhost:5000/api/v1/ {"timestamp":"2022-01-21T12:45:12.499Z"}
error: Could not connect to the reddis database. connect ECONNREFUSED 127.0.0.1:6379 {"address":"127.0.0.1","code":"ECONNREFUSED","errno":-4078,"port":6379,"stack":"Error: connect ECONNREFUSED 127.0.0.1:6379\n    at TCPConnectWrap.afterConnect [as oncomplete] (net.js:1148:16)","syscall":"connect","timestamp":"2022-01-21T12:45:12.508Z"}
info: Connected to the database. {"timestamp":"2022-01-21T12:45:12.530Z"}
info: Server started at http://localhost:5000/api/v1/ {"timestamp":"2022-01-21T13:04:29.138Z"}
error: Could not connect to the reddis database. connect ECONNREFUSED 127.0.0.1:6379 {"address":"127.0.0.1","code":"ECONNREFUSED","errno":-4078,"port":6379,"stack":"Error: connect ECONNREFUSED 127.0.0.1:6379\n    at TCPConnectWrap.afterConnect [as oncomplete] (net.js:1148:16)","syscall":"connect","timestamp":"2022-01-21T13:04:29.147Z"}
info: Connected to the database. {"timestamp":"2022-01-21T13:04:29.173Z"}
info: Server started at http://localhost:5000/api/v1/ {"timestamp":"2022-01-21T13:05:23.806Z"}
info: Connected to the  reddis database. {"timestamp":"2022-01-21T13:05:23.817Z"}
info: Connected to the database. {"timestamp":"2022-01-21T13:05:23.878Z"}
info: Server started at http://localhost:5000/api/v1/ {"timestamp":"2022-01-21T13:12:41.936Z"}
info: Connected to the  reddis database. {"timestamp":"2022-01-21T13:12:41.946Z"}
info: Connected to the database. {"timestamp":"2022-01-21T13:12:41.970Z"}
info: Server started at http://localhost:5000/api/v1/ {"timestamp":"2022-01-21T13:26:12.400Z"}
info: Connected to the  reddis database. {"timestamp":"2022-01-21T13:26:12.433Z"}
info: Connected to the database. {"timestamp":"2022-01-21T13:26:12.463Z"}
info: Server started at http://localhost:5000/api/v1/ {"timestamp":"2022-01-21T13:29:46.841Z"}
error: Could not connect to the reddis database. connect ECONNREFUSED 127.0.0.1:6379 {"address":"127.0.0.1","code":"ECONNREFUSED","errno":-4078,"port":6379,"stack":"Error: connect ECONNREFUSED 127.0.0.1:6379\n    at TCPConnectWrap.afterConnect [as oncomplete] (net.js:1148:16)","syscall":"connect","timestamp":"2022-01-21T13:29:46.851Z"}
info: Connected to the database. {"timestamp":"2022-01-21T13:29:46.876Z"}
info: Server started at http://localhost:5000/api/v1/ {"timestamp":"2022-01-21T13:30:17.285Z"}
info: Connected to the  reddis database. {"timestamp":"2022-01-21T13:30:17.294Z"}
info: Connected to the database. {"timestamp":"2022-01-21T13:30:17.310Z"}
info: Server started at http://localhost:5000/api/v1/ {"timestamp":"2022-01-21T13:35:05.156Z"}
info: Connected to the  reddis database. {"timestamp":"2022-01-21T13:35:05.253Z"}
info: Connected to the database. {"timestamp":"2022-01-21T13:35:05.291Z"}
info: Server started at http://localhost:5000/api/v1/ {"timestamp":"2022-01-21T13:35:19.156Z"}
info: Connected to the  reddis database. {"timestamp":"2022-01-21T13:35:19.230Z"}
info: Connected to the database. {"timestamp":"2022-01-21T13:35:19.271Z"}
info: Server started at http://localhost:5000/api/v1/ {"timestamp":"2022-01-21T13:36:37.511Z"}
info: Connected to the  reddis database. {"timestamp":"2022-01-21T13:36:37.567Z"}
info: Connected to the database. {"timestamp":"2022-01-21T13:36:37.598Z"}
info: Server started at http://localhost:5000/api/v1/ {"timestamp":"2022-01-21T13:40:05.802Z"}
info: Connected to the  reddis database. {"timestamp":"2022-01-21T13:40:05.853Z"}
info: Connected to the database. {"timestamp":"2022-01-21T13:40:05.884Z"}
info: Server started at http://localhost:5000/api/v1/ {"timestamp":"2022-01-21T15:03:37.585Z"}
error: Could not connect to the reddis database. connect ECONNREFUSED 127.0.0.1:6379 {"address":"127.0.0.1","code":"ECONNREFUSED","errno":-4078,"port":6379,"stack":"Error: connect ECONNREFUSED 127.0.0.1:6379\n    at TCPConnectWrap.afterConnect [as oncomplete] (net.js:1148:16)","syscall":"connect","timestamp":"2022-01-21T15:03:37.933Z"}
info: Connected to the database. {"timestamp":"2022-01-21T15:03:38.293Z"}
info: Server started at http://localhost:5000/api/v1/ {"timestamp":"2022-01-21T15:11:44.519Z"}
error: Could not connect to the reddis database. connect ECONNREFUSED 127.0.0.1:6379 {"address":"127.0.0.1","code":"ECONNREFUSED","errno":-4078,"port":6379,"stack":"Error: connect ECONNREFUSED 127.0.0.1:6379\n    at TCPConnectWrap.afterConnect [as oncomplete] (net.js:1148:16)","syscall":"connect","timestamp":"2022-01-21T15:11:44.568Z"}
info: Connected to the database. {"timestamp":"2022-01-21T15:11:44.651Z"}
info: Server started at http://localhost:5000/api/v1/ {"timestamp":"2022-01-21T15:13:02.672Z"}
error: Could not connect to the reddis database. connect ECONNREFUSED 127.0.0.1:6379 {"address":"127.0.0.1","code":"ECONNREFUSED","errno":-4078,"port":6379,"stack":"Error: connect ECONNREFUSED 127.0.0.1:6379\n    at TCPConnectWrap.afterConnect [as oncomplete] (net.js:1148:16)","syscall":"connect","timestamp":"2022-01-21T15:13:02.681Z"}
info: Connected to the database. {"timestamp":"2022-01-21T15:13:02.703Z"}
info: Server started at http://localhost:5000/api/v1/ {"timestamp":"2022-01-21T15:50:34.028Z"}
error: Could not connect to the reddis database. connect ECONNREFUSED 127.0.0.1:6379 {"address":"127.0.0.1","code":"ECONNREFUSED","errno":-4078,"port":6379,"stack":"Error: connect ECONNREFUSED 127.0.0.1:6379\n    at TCPConnectWrap.afterConnect [as oncomplete] (net.js:1148:16)","syscall":"connect","timestamp":"2022-01-21T15:50:34.069Z"}
info: Connected to the database. {"timestamp":"2022-01-21T15:50:34.434Z"}
info: Server started at http://localhost:5000/api/v1/ {"timestamp":"2022-01-21T15:57:59.808Z"}
error: Could not connect to the reddis database. connect ECONNREFUSED 127.0.0.1:6379 {"address":"127.0.0.1","code":"ECONNREFUSED","errno":-4078,"port":6379,"stack":"Error: connect ECONNREFUSED 127.0.0.1:6379\n    at TCPConnectWrap.afterConnect [as oncomplete] (net.js:1148:16)","syscall":"connect","timestamp":"2022-01-21T15:57:59.826Z"}
info: Connected to the database. {"timestamp":"2022-01-21T15:57:59.848Z"}
info: Server started at http://localhost:5000/api/v1/ {"timestamp":"2022-01-21T16:00:34.460Z"}
error: Could not connect to the reddis database. connect ECONNREFUSED 127.0.0.1:6379 {"address":"127.0.0.1","code":"ECONNREFUSED","errno":-4078,"port":6379,"stack":"Error: connect ECONNREFUSED 127.0.0.1:6379\n    at TCPConnectWrap.afterConnect [as oncomplete] (net.js:1148:16)","syscall":"connect","timestamp":"2022-01-21T16:00:34.518Z"}
info: Connected to the database. {"timestamp":"2022-01-21T16:00:34.557Z"}
info: Server started at http://localhost:5000/api/v1/ {"timestamp":"2022-01-21T16:02:03.597Z"}
error: Could not connect to the reddis database. connect ECONNREFUSED 127.0.0.1:6379 {"address":"127.0.0.1","code":"ECONNREFUSED","errno":-4078,"port":6379,"stack":"Error: connect ECONNREFUSED 127.0.0.1:6379\n    at TCPConnectWrap.afterConnect [as oncomplete] (net.js:1148:16)","syscall":"connect","timestamp":"2022-01-21T16:02:03.615Z"}
info: Connected to the database. {"timestamp":"2022-01-21T16:02:03.689Z"}
info: Server started at http://localhost:5000/api/v1/ {"timestamp":"2022-01-21T16:02:50.161Z"}
error: Could not connect to the reddis database. connect ECONNREFUSED 127.0.0.1:6379 {"address":"127.0.0.1","code":"ECONNREFUSED","errno":-4078,"port":6379,"stack":"Error: connect ECONNREFUSED 127.0.0.1:6379\n    at TCPConnectWrap.afterConnect [as oncomplete] (net.js:1148:16)","syscall":"connect","timestamp":"2022-01-21T16:02:50.179Z"}
info: Connected to the database. {"timestamp":"2022-01-21T16:02:50.203Z"}
info: Server started at http://localhost:5000/api/v1/ {"timestamp":"2022-01-21T16:03:28.634Z"}
error: Could not connect to the reddis database. connect ECONNREFUSED 127.0.0.1:6379 {"address":"127.0.0.1","code":"ECONNREFUSED","errno":-4078,"port":6379,"stack":"Error: connect ECONNREFUSED 127.0.0.1:6379\n    at TCPConnectWrap.afterConnect [as oncomplete] (net.js:1148:16)","syscall":"connect","timestamp":"2022-01-21T16:03:28.647Z"}
info: Connected to the database. {"timestamp":"2022-01-21T16:03:28.673Z"}
info: Server started at http://localhost:5000/api/v1/ {"timestamp":"2022-01-21T16:06:31.842Z"}
info: Connected to the  reddis database. {"timestamp":"2022-01-21T16:06:31.855Z"}
info: Connected to the database. {"timestamp":"2022-01-21T16:06:31.877Z"}
info: Server started at http://localhost:5000/api/v1/ {"timestamp":"2022-01-21T16:07:58.110Z"}
info: Connected to the  reddis database. {"timestamp":"2022-01-21T16:07:58.144Z"}
info: Connected to the database. {"timestamp":"2022-01-21T16:07:58.163Z"}
info: Server started at http://localhost:5000/api/v1/ {"timestamp":"2022-01-21T16:30:40.257Z"}
info: Connected to the  reddis database. {"timestamp":"2022-01-21T16:30:40.292Z"}
info: Connected to the database. {"timestamp":"2022-01-21T16:30:40.335Z"}
info: Server started at http://localhost:5000/api/v1/ {"timestamp":"2022-01-21T16:30:54.822Z"}
info: Connected to the  reddis database. {"timestamp":"2022-01-21T16:30:54.833Z"}
info: Connected to the database. {"timestamp":"2022-01-21T16:30:54.852Z"}
info: Server started at http://localhost:5000/api/v1/ {"timestamp":"2022-01-21T16:32:03.017Z"}
info: Connected to the  reddis database. {"timestamp":"2022-01-21T16:32:03.032Z"}
info: Connected to the database. {"timestamp":"2022-01-21T16:32:03.064Z"}
info: Server started at http://localhost:5000/api/v1/ {"timestamp":"2022-01-21T16:33:42.574Z"}
info: Connected to the  reddis database. {"timestamp":"2022-01-21T16:33:42.633Z"}
info: Connected to the database. {"timestamp":"2022-01-21T16:33:42.707Z"}
info: Server started at http://localhost:5000/api/v1/ {"timestamp":"2022-01-21T16:34:07.860Z"}
info: Connected to the  reddis database. {"timestamp":"2022-01-21T16:34:07.894Z"}
info: Connected to the database. {"timestamp":"2022-01-21T16:34:07.931Z"}
info: Server started at http://localhost:5000/api/v1/ {"timestamp":"2022-01-21T16:34:15.701Z"}
info: Connected to the  reddis database. {"timestamp":"2022-01-21T16:34:15.720Z"}
info: Connected to the database. {"timestamp":"2022-01-21T16:34:15.769Z"}
info: Server started at http://localhost:5000/api/v1/ {"timestamp":"2022-01-21T16:34:44.541Z"}
info: Connected to the  reddis database. {"timestamp":"2022-01-21T16:34:44.573Z"}
info: Connected to the database. {"timestamp":"2022-01-21T16:34:44.612Z"}
info: Server started at http://localhost:5000/api/v1/ {"timestamp":"2022-01-21T16:34:53.056Z"}
info: Connected to the  reddis database. {"timestamp":"2022-01-21T16:34:53.073Z"}
info: Connected to the database. {"timestamp":"2022-01-21T16:34:53.094Z"}
info: Server started at http://localhost:5000/api/v1/ {"timestamp":"2022-01-21T16:36:12.560Z"}
info: Connected to the  reddis database. {"timestamp":"2022-01-21T16:36:12.575Z"}
info: Connected to the database. {"timestamp":"2022-01-21T16:36:12.606Z"}
info: Server started at http://localhost:5000/api/v1/ {"timestamp":"2022-01-21T16:36:26.140Z"}
info: Connected to the  reddis database. {"timestamp":"2022-01-21T16:36:26.157Z"}
info: Connected to the database. {"timestamp":"2022-01-21T16:36:26.185Z"}
info: Server started at http://localhost:5000/api/v1/ {"timestamp":"2022-01-21T16:36:53.716Z"}
info: Connected to the  reddis database. {"timestamp":"2022-01-21T16:36:53.734Z"}
info: Connected to the database. {"timestamp":"2022-01-21T16:36:53.757Z"}
info: Server started at http://localhost:5000/api/v1/ {"timestamp":"2022-01-21T16:37:32.224Z"}
info: Connected to the  reddis database. {"timestamp":"2022-01-21T16:37:32.236Z"}
info: Connected to the database. {"timestamp":"2022-01-21T16:37:32.257Z"}
info: Server started at http://localhost:5000/api/v1/ {"timestamp":"2022-01-21T16:37:49.164Z"}
info: Connected to the  reddis database. {"timestamp":"2022-01-21T16:37:49.184Z"}
info: Connected to the database. {"timestamp":"2022-01-21T16:37:49.211Z"}
info: Server started at http://localhost:5000/api/v1/ {"timestamp":"2022-01-21T16:38:00.432Z"}
info: Connected to the  reddis database. {"timestamp":"2022-01-21T16:38:00.448Z"}
info: Connected to the database. {"timestamp":"2022-01-21T16:38:00.470Z"}
info: Server started at http://localhost:5000/api/v1/ {"timestamp":"2022-01-21T16:39:25.447Z"}
info: Connected to the  reddis database. {"timestamp":"2022-01-21T16:39:25.473Z"}
info: Connected to the database. {"timestamp":"2022-01-21T16:39:25.498Z"}
info: Server started at http://localhost:5000/api/v1/ {"timestamp":"2022-01-21T16:40:32.633Z"}
info: Connected to the  reddis database. {"timestamp":"2022-01-21T16:40:32.655Z"}
info: Connected to the database. {"timestamp":"2022-01-21T16:40:32.678Z"}
info: Server started at http://localhost:5000/api/v1/ {"timestamp":"2022-01-21T16:45:05.941Z"}
info: Connected to the  reddis database. {"timestamp":"2022-01-21T16:45:05.965Z"}
info: Connected to the database. {"timestamp":"2022-01-21T16:45:06.006Z"}
info: Server started at http://localhost:5000/api/v1/ {"timestamp":"2022-01-21T16:45:14.880Z"}
info: Connected to the  reddis database. {"timestamp":"2022-01-21T16:45:14.896Z"}
info: Connected to the database. {"timestamp":"2022-01-21T16:45:14.921Z"}
info: Server started at http://localhost:5000/api/v1/ {"timestamp":"2022-01-21T16:45:36.375Z"}
info: Connected to the  reddis database. {"timestamp":"2022-01-21T16:45:36.390Z"}
info: Connected to the database. {"timestamp":"2022-01-21T16:45:36.411Z"}
info: Server started at http://localhost:5000/api/v1/ {"timestamp":"2022-01-21T16:45:51.998Z"}
info: Connected to the  reddis database. {"timestamp":"2022-01-21T16:45:52.028Z"}
info: Connected to the database. {"timestamp":"2022-01-21T16:45:52.053Z"}
info: Server started at http://localhost:5000/api/v1/ {"timestamp":"2022-01-21T16:46:08.320Z"}
info: Connected to the  reddis database. {"timestamp":"2022-01-21T16:46:08.338Z"}
info: Connected to the database. {"timestamp":"2022-01-21T16:46:08.366Z"}
info: Server started at http://localhost:5000/api/v1/ {"timestamp":"2022-01-21T16:46:33.304Z"}
info: Connected to the  reddis database. {"timestamp":"2022-01-21T16:46:33.321Z"}
info: Connected to the database. {"timestamp":"2022-01-21T16:46:33.356Z"}
info: Server started at http://localhost:5000/api/v1/ {"timestamp":"2022-01-21T16:46:48.778Z"}
info: Connected to the  reddis database. {"timestamp":"2022-01-21T16:46:48.794Z"}
info: Connected to the database. {"timestamp":"2022-01-21T16:46:48.816Z"}
info: Server started at http://localhost:5000/api/v1/ {"timestamp":"2022-01-21T16:47:06.074Z"}
info: Connected to the  reddis database. {"timestamp":"2022-01-21T16:47:06.093Z"}
info: Connected to the database. {"timestamp":"2022-01-21T16:47:06.116Z"}
info: Server started at http://localhost:5000/api/v1/ {"timestamp":"2022-01-21T16:47:28.189Z"}
info: Connected to the  reddis database. {"timestamp":"2022-01-21T16:47:28.204Z"}
info: Connected to the database. {"timestamp":"2022-01-21T16:47:28.230Z"}
info: Server started at http://localhost:5000/api/v1/ {"timestamp":"2022-01-21T16:47:41.165Z"}
info: Connected to the  reddis database. {"timestamp":"2022-01-21T16:47:41.186Z"}
info: Connected to the database. {"timestamp":"2022-01-21T16:47:41.209Z"}
info: Server started at http://localhost:5000/api/v1/ {"timestamp":"2022-01-21T16:49:31.859Z"}
info: Connected to the  reddis database. {"timestamp":"2022-01-21T16:49:31.886Z"}
info: Connected to the database. {"timestamp":"2022-01-21T16:49:31.938Z"}
info: Server started at http://localhost:5000/api/v1/ {"timestamp":"2022-01-21T16:49:54.863Z"}
info: Connected to the  reddis database. {"timestamp":"2022-01-21T16:49:54.884Z"}
info: Connected to the database. {"timestamp":"2022-01-21T16:49:54.919Z"}
info: Server started at http://localhost:5000/api/v1/ {"timestamp":"2022-01-21T16:50:31.087Z"}
info: Connected to the  reddis database. {"timestamp":"2022-01-21T16:50:31.108Z"}
info: Connected to the database. {"timestamp":"2022-01-21T16:50:31.142Z"}
info: Server started at http://localhost:5000/api/v1/ {"timestamp":"2022-01-21T16:51:11.164Z"}
info: Connected to the  reddis database. {"timestamp":"2022-01-21T16:51:11.183Z"}
info: Connected to the database. {"timestamp":"2022-01-21T16:51:11.215Z"}
info: Server started at http://localhost:5000/api/v1/ {"timestamp":"2022-01-21T16:52:22.447Z"}
info: Connected to the  reddis database. {"timestamp":"2022-01-21T16:52:22.470Z"}
info: Connected to the database. {"timestamp":"2022-01-21T16:52:22.501Z"}
info: Server started at http://localhost:5000/api/v1/ {"timestamp":"2022-01-21T16:53:05.945Z"}
info: Connected to the  reddis database. {"timestamp":"2022-01-21T16:53:05.965Z"}
info: Connected to the database. {"timestamp":"2022-01-21T16:53:06.006Z"}
info: Server started at http://localhost:5000/api/v1/ {"timestamp":"2022-01-21T16:53:37.259Z"}
info: Connected to the  reddis database. {"timestamp":"2022-01-21T16:53:37.284Z"}
info: Connected to the database. {"timestamp":"2022-01-21T16:53:37.346Z"}
info: Server started at http://localhost:5000/api/v1/ {"timestamp":"2022-01-21T16:55:31.749Z"}
info: Connected to the  reddis database. {"timestamp":"2022-01-21T16:55:31.781Z"}
info: Connected to the database. {"timestamp":"2022-01-21T16:55:31.853Z"}
info: Server started at http://localhost:5000/api/v1/ {"timestamp":"2022-01-21T16:55:50.527Z"}
info: Connected to the  reddis database. {"timestamp":"2022-01-21T16:55:50.551Z"}
info: Connected to the database. {"timestamp":"2022-01-21T16:55:50.589Z"}
info: Server started at http://localhost:5000/api/v1/ {"timestamp":"2022-01-21T16:56:14.391Z"}
info: Connected to the  reddis database. {"timestamp":"2022-01-21T16:56:14.438Z"}
info: Connected to the database. {"timestamp":"2022-01-21T16:56:14.475Z"}
info: Server started at http://localhost:5000/api/v1/ {"timestamp":"2022-01-21T16:56:35.753Z"}
info: Connected to the  reddis database. {"timestamp":"2022-01-21T16:56:35.771Z"}
info: Connected to the database. {"timestamp":"2022-01-21T16:56:35.805Z"}
info: Server started at http://localhost:5000/api/v1/ {"timestamp":"2022-01-21T16:56:51.022Z"}
info: Connected to the  reddis database. {"timestamp":"2022-01-21T16:56:51.043Z"}
info: Connected to the database. {"timestamp":"2022-01-21T16:56:51.069Z"}
info: Server started at http://localhost:5000/api/v1/ {"timestamp":"2022-01-21T16:58:11.902Z"}
info: Connected to the  reddis database. {"timestamp":"2022-01-21T16:58:11.962Z"}
info: Connected to the database. {"timestamp":"2022-01-21T16:58:12.040Z"}
info: Server started at http://localhost:5000/api/v1/ {"timestamp":"2022-01-21T16:58:49.855Z"}
info: Connected to the  reddis database. {"timestamp":"2022-01-21T16:58:49.876Z"}
info: Connected to the database. {"timestamp":"2022-01-21T16:58:49.904Z"}
info: Server started at http://localhost:5000/api/v1/ {"timestamp":"2022-01-21T16:59:35.663Z"}
info: Connected to the  reddis database. {"timestamp":"2022-01-21T16:59:35.681Z"}
info: Connected to the database. {"timestamp":"2022-01-21T16:59:35.732Z"}
info: Server started at http://localhost:5000/api/v1/ {"timestamp":"2022-01-21T16:59:54.625Z"}
info: Connected to the  reddis database. {"timestamp":"2022-01-21T16:59:54.644Z"}
info: Connected to the database. {"timestamp":"2022-01-21T16:59:54.683Z"}
info: Server started at http://localhost:5000/api/v1/ {"timestamp":"2022-01-21T17:00:54.936Z"}
info: Connected to the  reddis database. {"timestamp":"2022-01-21T17:00:54.957Z"}
info: Connected to the database. {"timestamp":"2022-01-21T17:00:54.988Z"}
info: Server started at http://localhost:5000/api/v1/ {"timestamp":"2022-01-21T17:01:26.061Z"}
info: Connected to the  reddis database. {"timestamp":"2022-01-21T17:01:26.081Z"}
info: Connected to the database. {"timestamp":"2022-01-21T17:01:26.113Z"}
info: Server started at http://localhost:5000/api/v1/ {"timestamp":"2022-01-21T17:02:41.928Z"}
info: Connected to the  reddis database. {"timestamp":"2022-01-21T17:02:41.958Z"}
info: Connected to the database. {"timestamp":"2022-01-21T17:02:41.997Z"}
info: Server started at http://localhost:5000/api/v1/ {"timestamp":"2022-01-21T17:02:56.846Z"}
info: Connected to the  reddis database. {"timestamp":"2022-01-21T17:02:56.879Z"}
info: Connected to the database. {"timestamp":"2022-01-21T17:02:56.914Z"}
info: Server started at http://localhost:5000/api/v1/ {"timestamp":"2022-01-21T17:04:33.210Z"}
info: Connected to the  reddis database. {"timestamp":"2022-01-21T17:04:33.231Z"}
info: Connected to the database. {"timestamp":"2022-01-21T17:04:33.262Z"}
info: Server started at http://localhost:5000/api/v1/ {"timestamp":"2022-01-21T17:05:34.781Z"}
info: Connected to the  reddis database. {"timestamp":"2022-01-21T17:05:34.803Z"}
info: Connected to the database. {"timestamp":"2022-01-21T17:05:34.839Z"}
info: Server started at http://localhost:5000/api/v1/ {"timestamp":"2022-01-21T17:06:14.958Z"}
info: Connected to the  reddis database. {"timestamp":"2022-01-21T17:06:14.978Z"}
info: Connected to the database. {"timestamp":"2022-01-21T17:06:15.012Z"}
info: Server started at http://localhost:5000/api/v1/ {"timestamp":"2022-01-21T17:06:58.476Z"}
info: Connected to the  reddis database. {"timestamp":"2022-01-21T17:06:58.509Z"}
info: Connected to the database. {"timestamp":"2022-01-21T17:06:58.547Z"}
info: Server started at http://localhost:5000/api/v1/ {"timestamp":"2022-01-21T17:10:14.018Z"}
info: Connected to the  reddis database. {"timestamp":"2022-01-21T17:10:14.037Z"}
info: Connected to the database. {"timestamp":"2022-01-21T17:10:14.071Z"}
info: Server started at http://localhost:5000/api/v1/ {"timestamp":"2022-01-21T17:10:40.765Z"}
info: Connected to the  reddis database. {"timestamp":"2022-01-21T17:10:40.829Z"}
info: Connected to the database. {"timestamp":"2022-01-21T17:10:40.896Z"}
info: Server started at http://localhost:5000/api/v1/ {"timestamp":"2022-01-21T17:11:20.034Z"}
info: Connected to the  reddis database. {"timestamp":"2022-01-21T17:11:20.046Z"}
info: Connected to the database. {"timestamp":"2022-01-21T17:11:20.070Z"}
error: 
      status - 11000
      message - E11000 duplicate key error collection: FondooNote_webAPI.users index: Email_1 dup key: { Email: "vishgirase95@gmail.com" } 
      url - /api/v1/register 
      method - POST 
      IP - ::1
     {"timestamp":"2022-01-21T17:12:13.491Z"}
error: 
    status - 500 
    message - RangeError [ERR_HTTP_INVALID_STATUS_CODE]: Invalid status code: 11000
    at ServerResponse.writeHead (_http_server.js:259:11)
    at ServerResponse.writeHead (D:\CLI_CLASS\FandooNotes_webAPI\node_modules\on-headers\index.js:44:26)
    at ServerResponse._implicitHeader (_http_server.js:250:8)
    at write_ (_http_outgoing.js:711:9)
    at ServerResponse.end (_http_outgoing.js:825:5)
    at ServerResponse.send (D:\CLI_CLASS\FandooNotes_webAPI\node_modules\express\lib\response.js:221:10)
    at ServerResponse.json (D:\CLI_CLASS\FandooNotes_webAPI\node_modules\express\lib\response.js:267:15)
    at appErrorHandler (D:\CLI_CLASS\FandooNotes_webAPI\src\middlewares\/error.middleware.js:36:26)
    at Layer.handle_error (D:\CLI_CLASS\FandooNotes_webAPI\node_modules\express\lib\router\layer.js:71:5)
    at trim_prefix (D:\CLI_CLASS\FandooNotes_webAPI\node_modules\express\lib\router\index.js:321:13) 
    url - /api/v1/register 
    method - POST 
    IP - ::1
   {"timestamp":"2022-01-21T17:12:13.505Z"}
info: Server started at http://localhost:5000/api/v1/ {"timestamp":"2022-01-21T17:12:56.388Z"}
info: Connected to the  reddis database. {"timestamp":"2022-01-21T17:12:56.397Z"}
info: Connected to the database. {"timestamp":"2022-01-21T17:12:56.414Z"}
error: 
      status - 11000
      message - E11000 duplicate key error collection: FondooNote_webAPI.users index: Email_1 dup key: { Email: "vishgirase@gmail.com" } 
      url - /api/v1/register 
      method - POST 
      IP - ::1
     {"timestamp":"2022-01-21T17:12:56.550Z"}
error: 
    status - 500 
    message - RangeError [ERR_HTTP_INVALID_STATUS_CODE]: Invalid status code: 11000
    at ServerResponse.writeHead (_http_server.js:259:11)
    at ServerResponse.writeHead (D:\CLI_CLASS\FandooNotes_webAPI\node_modules\on-headers\index.js:44:26)
    at ServerResponse._implicitHeader (_http_server.js:250:8)
    at write_ (_http_outgoing.js:711:9)
    at ServerResponse.end (_http_outgoing.js:825:5)
    at ServerResponse.send (D:\CLI_CLASS\FandooNotes_webAPI\node_modules\express\lib\response.js:221:10)
    at ServerResponse.json (D:\CLI_CLASS\FandooNotes_webAPI\node_modules\express\lib\response.js:267:15)
    at appErrorHandler (D:\CLI_CLASS\FandooNotes_webAPI\src\middlewares\/error.middleware.js:36:26)
    at Layer.handle_error (D:\CLI_CLASS\FandooNotes_webAPI\node_modules\express\lib\router\layer.js:71:5)
    at trim_prefix (D:\CLI_CLASS\FandooNotes_webAPI\node_modules\express\lib\router\index.js:321:13) 
    url - /api/v1/register 
    method - POST 
    IP - ::1
   {"timestamp":"2022-01-21T17:12:56.558Z"}
info: Server started at http://localhost:5000/api/v1/ {"timestamp":"2022-01-21T17:13:32.313Z"}
info: Connected to the  reddis database. {"timestamp":"2022-01-21T17:13:32.328Z"}
info: Connected to the database. {"timestamp":"2022-01-21T17:13:32.345Z"}
info: Server started at http://localhost:5000/api/v1/ {"timestamp":"2022-01-21T17:13:47.710Z"}
info: Connected to the  reddis database. {"timestamp":"2022-01-21T17:13:47.722Z"}
info: Connected to the database. {"timestamp":"2022-01-21T17:13:47.750Z"}
info: Server started at http://localhost:5000/api/v1/ {"timestamp":"2022-01-21T17:14:00.765Z"}
info: Connected to the  reddis database. {"timestamp":"2022-01-21T17:14:00.777Z"}
info: Connected to the database. {"timestamp":"2022-01-21T17:14:00.820Z"}
info: Server started at http://localhost:5000/api/v1/ {"timestamp":"2022-01-21T17:14:33.136Z"}
info: Connected to the  reddis database. {"timestamp":"2022-01-21T17:14:33.146Z"}
info: Connected to the database. {"timestamp":"2022-01-21T17:14:33.164Z"}
info: Server started at http://localhost:5000/api/v1/ {"timestamp":"2022-01-21T17:15:29.550Z"}
info: Connected to the  reddis database. {"timestamp":"2022-01-21T17:15:29.567Z"}
info: Connected to the database. {"timestamp":"2022-01-21T17:15:29.600Z"}
info: Server started at http://localhost:5000/api/v1/ {"timestamp":"2022-01-21T17:15:49.314Z"}
info: Connected to the  reddis database. {"timestamp":"2022-01-21T17:15:49.338Z"}
info: Connected to the database. {"timestamp":"2022-01-21T17:15:49.379Z"}
info: Server started at http://localhost:5000/api/v1/ {"timestamp":"2022-01-21T17:15:58.462Z"}
info: Connected to the  reddis database. {"timestamp":"2022-01-21T17:15:58.476Z"}
info: Connected to the database. {"timestamp":"2022-01-21T17:15:58.496Z"}
info: Server started at http://localhost:5000/api/v1/ {"timestamp":"2022-01-21T17:18:21.258Z"}
info: Connected to the  reddis database. {"timestamp":"2022-01-21T17:18:21.268Z"}
info: Connected to the database. {"timestamp":"2022-01-21T17:18:21.333Z"}
info: Server started at http://localhost:5000/api/v1/ {"timestamp":"2022-01-21T17:19:07.297Z"}
info: Connected to the  reddis database. {"timestamp":"2022-01-21T17:19:07.308Z"}
info: Connected to the database. {"timestamp":"2022-01-21T17:19:07.347Z"}
info: Server started at http://localhost:5000/api/v1/ {"timestamp":"2022-01-21T17:19:47.726Z"}
info: Connected to the  reddis database. {"timestamp":"2022-01-21T17:19:47.738Z"}
info: Connected to the database. {"timestamp":"2022-01-21T17:19:47.758Z"}
info: Server started at http://localhost:5000/api/v1/ {"timestamp":"2022-01-21T17:20:13.039Z"}
info: Connected to the  reddis database. {"timestamp":"2022-01-21T17:20:13.051Z"}
info: Connected to the database. {"timestamp":"2022-01-21T17:20:13.071Z"}
info: Server started at http://localhost:5000/api/v1/ {"timestamp":"2022-01-21T17:20:45.254Z"}
info: Connected to the  reddis database. {"timestamp":"2022-01-21T17:20:45.268Z"}
info: Connected to the database. {"timestamp":"2022-01-21T17:20:45.288Z"}
info: Server started at http://localhost:5000/api/v1/ {"timestamp":"2022-01-21T17:21:07.226Z"}
info: Connected to the  reddis database. {"timestamp":"2022-01-21T17:21:07.244Z"}
info: Connected to the database. {"timestamp":"2022-01-21T17:21:07.278Z"}
info: Server started at http://localhost:5000/api/v1/ {"timestamp":"2022-01-21T17:21:44.319Z"}
info: Connected to the  reddis database. {"timestamp":"2022-01-21T17:21:44.347Z"}
info: Connected to the database. {"timestamp":"2022-01-21T17:21:44.409Z"}
error: 
      status - 11000
      message - E11000 duplicate key error collection: FondooNote_webAPI.users index: Email_1 dup key: { Email: "vishg@gmail.com" } 
      url - /api/v1/register 
      method - POST 
      IP - ::1
     {"timestamp":"2022-01-21T17:21:55.573Z"}
error: 
    status - 500 
    message - RangeError [ERR_HTTP_INVALID_STATUS_CODE]: Invalid status code: 11000
    at ServerResponse.writeHead (_http_server.js:259:11)
    at ServerResponse.writeHead (D:\CLI_CLASS\FandooNotes_webAPI\node_modules\on-headers\index.js:44:26)
    at ServerResponse._implicitHeader (_http_server.js:250:8)
    at write_ (_http_outgoing.js:711:9)
    at ServerResponse.end (_http_outgoing.js:825:5)
    at ServerResponse.send (D:\CLI_CLASS\FandooNotes_webAPI\node_modules\express\lib\response.js:221:10)
    at ServerResponse.json (D:\CLI_CLASS\FandooNotes_webAPI\node_modules\express\lib\response.js:267:15)
    at appErrorHandler (D:\CLI_CLASS\FandooNotes_webAPI\src\middlewares\/error.middleware.js:36:26)
    at Layer.handle_error (D:\CLI_CLASS\FandooNotes_webAPI\node_modules\express\lib\router\layer.js:71:5)
    at trim_prefix (D:\CLI_CLASS\FandooNotes_webAPI\node_modules\express\lib\router\index.js:321:13) 
    url - /api/v1/register 
    method - POST 
    IP - ::1
   {"timestamp":"2022-01-21T17:21:55.625Z"}
info: Server started at http://localhost:5000/api/v1/ {"timestamp":"2022-01-21T17:22:43.125Z"}
info: Connected to the  reddis database. {"timestamp":"2022-01-21T17:22:43.142Z"}
info: Connected to the database. {"timestamp":"2022-01-21T17:22:43.179Z"}
info: Server started at http://localhost:5000/api/v1/ {"timestamp":"2022-01-21T17:22:55.071Z"}
info: Connected to the  reddis database. {"timestamp":"2022-01-21T17:22:55.088Z"}
info: Connected to the database. {"timestamp":"2022-01-21T17:22:55.120Z"}
info: Server started at http://localhost:5000/api/v1/ {"timestamp":"2022-01-21T17:29:34.628Z"}
info: Connected to the  reddis database. {"timestamp":"2022-01-21T17:29:34.646Z"}
info: Connected to the database. {"timestamp":"2022-01-21T17:29:34.673Z"}
error: 
      status - 11000
      message - E11000 duplicate key error collection: FondooNote_webAPI.users index: Email_1 dup key: { Email: "vishhg@gmail.com" } 
      url - /api/v1/register 
      method - POST 
      IP - ::1
     {"timestamp":"2022-01-21T17:47:36.787Z"}
error: 
    status - 500 
    message - RangeError [ERR_HTTP_INVALID_STATUS_CODE]: Invalid status code: 11000
    at ServerResponse.writeHead (_http_server.js:259:11)
    at ServerResponse.writeHead (D:\CLI_CLASS\FandooNotes_webAPI\node_modules\on-headers\index.js:44:26)
    at ServerResponse._implicitHeader (_http_server.js:250:8)
    at write_ (_http_outgoing.js:711:9)
    at ServerResponse.end (_http_outgoing.js:825:5)
    at ServerResponse.send (D:\CLI_CLASS\FandooNotes_webAPI\node_modules\express\lib\response.js:221:10)
    at ServerResponse.json (D:\CLI_CLASS\FandooNotes_webAPI\node_modules\express\lib\response.js:267:15)
    at appErrorHandler (D:\CLI_CLASS\FandooNotes_webAPI\src\middlewares\/error.middleware.js:36:26)
    at Layer.handle_error (D:\CLI_CLASS\FandooNotes_webAPI\node_modules\express\lib\router\layer.js:71:5)
    at trim_prefix (D:\CLI_CLASS\FandooNotes_webAPI\node_modules\express\lib\router\index.js:321:13) 
    url - /api/v1/register 
    method - POST 
    IP - ::1
   {"timestamp":"2022-01-21T17:47:37.242Z"}
info: Server started at http://localhost:5000/api/v1/ {"timestamp":"2022-01-21T17:50:11.964Z"}
info: Connected to the  reddis database. {"timestamp":"2022-01-21T17:50:11.975Z"}
info: Connected to the database. {"timestamp":"2022-01-21T17:50:12.134Z"}
info: Server started at http://localhost:5000/api/v1/ {"timestamp":"2022-01-21T17:51:25.337Z"}
info: Connected to the  reddis database. {"timestamp":"2022-01-21T17:51:25.347Z"}
info: Connected to the database. {"timestamp":"2022-01-21T17:51:25.363Z"}
info: Server started at http://localhost:5000/api/v1/ {"timestamp":"2022-01-21T17:51:59.810Z"}
info: Connected to the  reddis database. {"timestamp":"2022-01-21T17:51:59.823Z"}
info: Connected to the database. {"timestamp":"2022-01-21T17:51:59.844Z"}
info: Server started at http://localhost:5000/api/v1/ {"timestamp":"2022-01-21T17:52:17.758Z"}
info: Connected to the  reddis database. {"timestamp":"2022-01-21T17:52:17.777Z"}
info: Connected to the database. {"timestamp":"2022-01-21T17:52:17.813Z"}
info: Server started at http://localhost:5000/api/v1/ {"timestamp":"2022-01-21T17:52:27.077Z"}
info: Connected to the database. {"timestamp":"2022-01-21T17:52:27.105Z"}
info: Connected to the  reddis database. {"timestamp":"2022-01-21T17:52:27.205Z"}
info: Server started at http://localhost:5000/api/v1/ {"timestamp":"2022-01-21T17:53:11.195Z"}
info: Connected to the  reddis database. {"timestamp":"2022-01-21T17:53:11.206Z"}
info: Connected to the database. {"timestamp":"2022-01-21T17:53:11.226Z"}
info: Server started at http://localhost:5000/api/v1/ {"timestamp":"2022-01-21T17:55:08.376Z"}
info: Connected to the  reddis database. {"timestamp":"2022-01-21T17:55:08.393Z"}
info: Connected to the database. {"timestamp":"2022-01-21T17:55:08.413Z"}
info: Server started at http://localhost:5000/api/v1/ {"timestamp":"2022-01-21T17:55:39.230Z"}
info: Connected to the  reddis database. {"timestamp":"2022-01-21T17:55:39.242Z"}
info: Connected to the database. {"timestamp":"2022-01-21T17:55:39.263Z"}
info: Server started at http://localhost:5000/api/v1/ {"timestamp":"2022-01-21T17:55:54.643Z"}
info: Connected to the  reddis database. {"timestamp":"2022-01-21T17:55:54.655Z"}
info: Connected to the database. {"timestamp":"2022-01-21T17:55:54.685Z"}
error: 
      status - 11000
      message - E11000 duplicate key error collection: FondooNote_webAPI.users index: Email_1 dup key: { Email: "vishal@gmail.com" } 
      url - /api/v1/register 
      method - POST 
      IP - ::1
     {"timestamp":"2022-01-21T17:56:02.436Z"}
error: 
    status - 500 
    message - RangeError [ERR_HTTP_INVALID_STATUS_CODE]: Invalid status code: 11000
    at ServerResponse.writeHead (_http_server.js:259:11)
    at ServerResponse.writeHead (D:\CLI_CLASS\FandooNotes_webAPI\node_modules\on-headers\index.js:44:26)
    at ServerResponse._implicitHeader (_http_server.js:250:8)
    at write_ (_http_outgoing.js:711:9)
    at ServerResponse.end (_http_outgoing.js:825:5)
    at ServerResponse.send (D:\CLI_CLASS\FandooNotes_webAPI\node_modules\express\lib\response.js:221:10)
    at ServerResponse.json (D:\CLI_CLASS\FandooNotes_webAPI\node_modules\express\lib\response.js:267:15)
    at appErrorHandler (D:\CLI_CLASS\FandooNotes_webAPI\src\middlewares\/error.middleware.js:36:26)
    at Layer.handle_error (D:\CLI_CLASS\FandooNotes_webAPI\node_modules\express\lib\router\layer.js:71:5)
    at trim_prefix (D:\CLI_CLASS\FandooNotes_webAPI\node_modules\express\lib\router\index.js:321:13) 
    url - /api/v1/register 
    method - POST 
    IP - ::1
   {"timestamp":"2022-01-21T17:56:02.445Z"}
info: Server started at http://localhost:5000/api/v1/ {"timestamp":"2022-01-21T17:57:04.949Z"}
info: Connected to the  reddis database. {"timestamp":"2022-01-21T17:57:04.958Z"}
info: Connected to the database. {"timestamp":"2022-01-21T17:57:04.975Z"}
info: Server started at http://localhost:5000/api/v1/ {"timestamp":"2022-01-21T17:57:18.292Z"}
info: Connected to the  reddis database. {"timestamp":"2022-01-21T17:57:18.310Z"}
info: Connected to the database. {"timestamp":"2022-01-21T17:57:18.332Z"}
info: Server started at http://localhost:5000/api/v1/ {"timestamp":"2022-01-21T17:57:39.599Z"}
info: Connected to the  reddis database. {"timestamp":"2022-01-21T17:57:39.614Z"}
info: Connected to the database. {"timestamp":"2022-01-21T17:57:39.635Z"}
info: Server started at http://localhost:5000/api/v1/ {"timestamp":"2022-01-21T17:58:43.125Z"}
info: Connected to the  reddis database. {"timestamp":"2022-01-21T17:58:43.140Z"}
info: Connected to the database. {"timestamp":"2022-01-21T17:58:43.161Z"}
info: Server started at http://localhost:5000/api/v1/ {"timestamp":"2022-01-21T17:59:03.725Z"}
info: Connected to the  reddis database. {"timestamp":"2022-01-21T17:59:03.742Z"}
info: Connected to the database. {"timestamp":"2022-01-21T17:59:03.764Z"}
info: Server started at http://localhost:5000/api/v1/ {"timestamp":"2022-01-21T17:59:23.500Z"}
info: Connected to the  reddis database. {"timestamp":"2022-01-21T17:59:23.514Z"}
info: Connected to the database. {"timestamp":"2022-01-21T17:59:23.533Z"}
info: Server started at http://localhost:5000/api/v1/ {"timestamp":"2022-01-21T17:59:44.966Z"}
info: Connected to the  reddis database. {"timestamp":"2022-01-21T17:59:44.985Z"}
info: Connected to the database. {"timestamp":"2022-01-21T17:59:45.011Z"}
info: Server started at http://localhost:5000/api/v1/ {"timestamp":"2022-01-21T18:00:33.689Z"}
info: Connected to the  reddis database. {"timestamp":"2022-01-21T18:00:33.707Z"}
info: Connected to the database. {"timestamp":"2022-01-21T18:00:33.732Z"}
info: Server started at http://localhost:5000/api/v1/ {"timestamp":"2022-01-21T18:03:13.473Z"}
info: Connected to the  reddis database. {"timestamp":"2022-01-21T18:03:13.488Z"}
info: Connected to the database. {"timestamp":"2022-01-21T18:03:13.514Z"}
info: Server started at http://localhost:5000/api/v1/ {"timestamp":"2022-01-21T18:03:51.344Z"}
info: Connected to the  reddis database. {"timestamp":"2022-01-21T18:03:51.357Z"}
info: Connected to the database. {"timestamp":"2022-01-21T18:03:51.379Z"}
info: Server started at http://localhost:5000/api/v1/ {"timestamp":"2022-01-21T18:04:15.449Z"}
info: Connected to the  reddis database. {"timestamp":"2022-01-21T18:04:15.462Z"}
info: Connected to the database. {"timestamp":"2022-01-21T18:04:15.484Z"}
info: Server started at http://localhost:5000/api/v1/ {"timestamp":"2022-01-21T18:04:31.789Z"}
info: Connected to the  reddis database. {"timestamp":"2022-01-21T18:04:31.812Z"}
info: Connected to the database. {"timestamp":"2022-01-21T18:04:31.858Z"}
info: Server started at http://localhost:5000/api/v1/ {"timestamp":"2022-01-21T18:05:22.669Z"}
info: Connected to the  reddis database. {"timestamp":"2022-01-21T18:05:22.686Z"}
info: Connected to the database. {"timestamp":"2022-01-21T18:05:22.712Z"}
info: Server started at http://localhost:5000/api/v1/ {"timestamp":"2022-01-21T18:05:32.881Z"}
info: Connected to the  reddis database. {"timestamp":"2022-01-21T18:05:32.897Z"}
info: Connected to the database. {"timestamp":"2022-01-21T18:05:32.930Z"}
info: Server started at http://localhost:5000/api/v1/ {"timestamp":"2022-01-21T18:05:40.102Z"}
info: Connected to the  reddis database. {"timestamp":"2022-01-21T18:05:40.113Z"}
info: Connected to the database. {"timestamp":"2022-01-21T18:05:40.132Z"}
error: 
      status - 11000
      message - E11000 duplicate key error collection: FondooNote_webAPI.users index: Email_1 dup key: { Email: "vishal@gmail.com" } 
      url - /api/v1/register 
      method - POST 
      IP - ::1
     {"timestamp":"2022-01-21T18:05:41.406Z"}
error: 
    status - 500 
    message - RangeError [ERR_HTTP_INVALID_STATUS_CODE]: Invalid status code: 11000
    at ServerResponse.writeHead (_http_server.js:259:11)
    at ServerResponse.writeHead (D:\CLI_CLASS\FandooNotes_webAPI\node_modules\on-headers\index.js:44:26)
    at ServerResponse._implicitHeader (_http_server.js:250:8)
    at write_ (_http_outgoing.js:711:9)
    at ServerResponse.end (_http_outgoing.js:825:5)
    at ServerResponse.send (D:\CLI_CLASS\FandooNotes_webAPI\node_modules\express\lib\response.js:221:10)
    at ServerResponse.json (D:\CLI_CLASS\FandooNotes_webAPI\node_modules\express\lib\response.js:267:15)
    at appErrorHandler (D:\CLI_CLASS\FandooNotes_webAPI\src\middlewares\/error.middleware.js:36:26)
    at Layer.handle_error (D:\CLI_CLASS\FandooNotes_webAPI\node_modules\express\lib\router\layer.js:71:5)
    at trim_prefix (D:\CLI_CLASS\FandooNotes_webAPI\node_modules\express\lib\router\index.js:321:13) 
    url - /api/v1/register 
    method - POST 
    IP - ::1
   {"timestamp":"2022-01-21T18:05:41.420Z"}
info: Server started at http://localhost:5000/api/v1/ {"timestamp":"2022-01-21T18:06:31.491Z"}
info: Connected to the  reddis database. {"timestamp":"2022-01-21T18:06:31.507Z"}
info: Connected to the database. {"timestamp":"2022-01-21T18:06:31.536Z"}
info: Server started at http://localhost:5000/api/v1/ {"timestamp":"2022-01-21T18:06:44.086Z"}
info: Connected to the  reddis database. {"timestamp":"2022-01-21T18:06:44.097Z"}
info: Connected to the database. {"timestamp":"2022-01-21T18:06:44.115Z"}
info: Server started at http://localhost:5000/api/v1/ {"timestamp":"2022-01-21T18:11:04.224Z"}
info: Connected to the  reddis database. {"timestamp":"2022-01-21T18:11:04.236Z"}
info: Connected to the database. {"timestamp":"2022-01-21T18:11:04.282Z"}
info: Server started at http://localhost:5000/api/v1/ {"timestamp":"2022-01-21T18:11:25.582Z"}
info: Connected to the  reddis database. {"timestamp":"2022-01-21T18:11:25.594Z"}
info: Connected to the database. {"timestamp":"2022-01-21T18:11:25.614Z"}
info: Server started at http://localhost:5000/api/v1/ {"timestamp":"2022-01-21T18:11:49.847Z"}
info: Connected to the  reddis database. {"timestamp":"2022-01-21T18:11:49.865Z"}
info: Connected to the database. {"timestamp":"2022-01-21T18:11:49.896Z"}
info: Server started at http://localhost:5000/api/v1/ {"timestamp":"2022-01-21T18:11:56.894Z"}
info: Connected to the  reddis database. {"timestamp":"2022-01-21T18:11:56.907Z"}
info: Connected to the database. {"timestamp":"2022-01-21T18:11:56.932Z"}
info: Server started at http://localhost:5000/api/v1/ {"timestamp":"2022-01-21T18:12:04.679Z"}
info: Connected to the  reddis database. {"timestamp":"2022-01-21T18:12:04.690Z"}
info: Connected to the database. {"timestamp":"2022-01-21T18:12:04.709Z"}
info: Server started at http://localhost:5000/api/v1/ {"timestamp":"2022-01-21T18:12:44.718Z"}
info: Connected to the  reddis database. {"timestamp":"2022-01-21T18:12:44.731Z"}
info: Connected to the database. {"timestamp":"2022-01-21T18:12:44.752Z"}
info: Server started at http://localhost:5000/api/v1/ {"timestamp":"2022-01-21T18:13:01.221Z"}
info: Connected to the  reddis database. {"timestamp":"2022-01-21T18:13:01.233Z"}
info: Connected to the database. {"timestamp":"2022-01-21T18:13:01.254Z"}
info: Server started at http://localhost:5000/api/v1/ {"timestamp":"2022-01-21T18:13:26.322Z"}
info: Connected to the  reddis database. {"timestamp":"2022-01-21T18:13:26.339Z"}
info: Connected to the database. {"timestamp":"2022-01-21T18:13:26.376Z"}
info: Server started at http://localhost:5000/api/v1/ {"timestamp":"2022-01-21T18:14:14.512Z"}
info: Connected to the  reddis database. {"timestamp":"2022-01-21T18:14:14.527Z"}
info: Connected to the database. {"timestamp":"2022-01-21T18:14:14.550Z"}
info: Server started at http://localhost:5000/api/v1/ {"timestamp":"2022-01-21T18:14:35.490Z"}
info: Connected to the  reddis database. {"timestamp":"2022-01-21T18:14:35.501Z"}
info: Connected to the database. {"timestamp":"2022-01-21T18:14:35.520Z"}
info: Server started at http://localhost:5000/api/v1/ {"timestamp":"2022-01-21T18:15:04.732Z"}
info: Connected to the  reddis database. {"timestamp":"2022-01-21T18:15:04.746Z"}
info: Connected to the database. {"timestamp":"2022-01-21T18:15:04.795Z"}
info: Server started at http://localhost:5000/api/v1/ {"timestamp":"2022-01-21T18:15:22.658Z"}
info: Connected to the  reddis database. {"timestamp":"2022-01-21T18:15:22.672Z"}
info: Connected to the database. {"timestamp":"2022-01-21T18:15:22.698Z"}
info: Server started at http://localhost:5000/api/v1/ {"timestamp":"2022-01-21T18:16:59.197Z"}
info: Connected to the  reddis database. {"timestamp":"2022-01-21T18:16:59.210Z"}
info: Connected to the database. {"timestamp":"2022-01-21T18:16:59.232Z"}
info: Server started at http://localhost:5000/api/v1/ {"timestamp":"2022-01-21T18:17:09.925Z"}
info: Connected to the  reddis database. {"timestamp":"2022-01-21T18:17:09.939Z"}
info: Connected to the database. {"timestamp":"2022-01-21T18:17:09.960Z"}
error: 
    status - 500 
    message - Error: "Email" must be a valid email
    at new exports.ValidationError (D:\CLI_CLASS\FandooNotes_webAPI\node_modules\@hapi\joi\lib\errors.js:246:9)
    at Object.exports.process (D:\CLI_CLASS\FandooNotes_webAPI\node_modules\@hapi\joi\lib\errors.js:189:29)
    at Object.internals.entry (D:\CLI_CLASS\FandooNotes_webAPI\node_modules\@hapi\joi\lib\validator.js:140:26)
    at Object.exports.entry (D:\CLI_CLASS\FandooNotes_webAPI\node_modules\@hapi\joi\lib\validator.js:26:30)
    at internals.Base.validate (D:\CLI_CLASS\FandooNotes_webAPI\node_modules\@hapi\joi\lib\base.js:534:26)
    at newUserValidator (D:\CLI_CLASS\FandooNotes_webAPI\src\validators\/user.validator.js:10:35)
    at Layer.handle [as handle_request] (D:\CLI_CLASS\FandooNotes_webAPI\node_modules\express\lib\router\layer.js:95:5)
    at next (D:\CLI_CLASS\FandooNotes_webAPI\node_modules\express\lib\router\route.js:137:13) 
    url - /api/v1/register 
    method - POST 
    IP - ::1
   {"timestamp":"2022-01-21T18:18:16.234Z"}
error: 
    status - 500 
    message - Error: "Email" must be a valid email
    at new exports.ValidationError (D:\CLI_CLASS\FandooNotes_webAPI\node_modules\@hapi\joi\lib\errors.js:246:9)
    at Object.exports.process (D:\CLI_CLASS\FandooNotes_webAPI\node_modules\@hapi\joi\lib\errors.js:189:29)
    at Object.internals.entry (D:\CLI_CLASS\FandooNotes_webAPI\node_modules\@hapi\joi\lib\validator.js:140:26)
    at Object.exports.entry (D:\CLI_CLASS\FandooNotes_webAPI\node_modules\@hapi\joi\lib\validator.js:26:30)
    at internals.Base.validate (D:\CLI_CLASS\FandooNotes_webAPI\node_modules\@hapi\joi\lib\base.js:534:26)
    at newUserValidator (D:\CLI_CLASS\FandooNotes_webAPI\src\validators\/user.validator.js:10:35)
    at Layer.handle [as handle_request] (D:\CLI_CLASS\FandooNotes_webAPI\node_modules\express\lib\router\layer.js:95:5)
    at next (D:\CLI_CLASS\FandooNotes_webAPI\node_modules\express\lib\router\route.js:137:13) 
    url - /api/v1/register 
    method - POST 
    IP - ::1
   {"timestamp":"2022-01-21T18:18:42.578Z"}
info: Server started at http://localhost:5000/api/v1/ {"timestamp":"2022-01-21T18:19:56.318Z"}
info: Connected to the  reddis database. {"timestamp":"2022-01-21T18:19:56.329Z"}
info: Connected to the database. {"timestamp":"2022-01-21T18:19:56.347Z"}
error: 
    status - 500 
    message - Error: "Email" must be a valid email
    at new exports.ValidationError (D:\CLI_CLASS\FandooNotes_webAPI\node_modules\@hapi\joi\lib\errors.js:246:9)
    at Object.exports.process (D:\CLI_CLASS\FandooNotes_webAPI\node_modules\@hapi\joi\lib\errors.js:189:29)
    at Object.internals.entry (D:\CLI_CLASS\FandooNotes_webAPI\node_modules\@hapi\joi\lib\validator.js:140:26)
    at Object.exports.entry (D:\CLI_CLASS\FandooNotes_webAPI\node_modules\@hapi\joi\lib\validator.js:26:30)
    at internals.Base.validate (D:\CLI_CLASS\FandooNotes_webAPI\node_modules\@hapi\joi\lib\base.js:534:26)
    at newUserValidator (D:\CLI_CLASS\FandooNotes_webAPI\src\validators\/user.validator.js:10:35)
    at Layer.handle [as handle_request] (D:\CLI_CLASS\FandooNotes_webAPI\node_modules\express\lib\router\layer.js:95:5)
    at next (D:\CLI_CLASS\FandooNotes_webAPI\node_modules\express\lib\router\route.js:137:13) 
    url - /api/v1/register 
    method - POST 
    IP - ::1
   {"timestamp":"2022-01-21T18:19:56.510Z"}
info: Server started at http://localhost:5000/api/v1/ {"timestamp":"2022-01-21T18:21:25.387Z"}
info: Connected to the  reddis database. {"timestamp":"2022-01-21T18:21:25.398Z"}
info: Connected to the database. {"timestamp":"2022-01-21T18:21:25.423Z"}
error: 
      status - 11000
      message - E11000 duplicate key error collection: FondooNote_webAPI.users index: Email_1 dup key: { Email: "stringaaaa@gmail.com" } 
      url - /api/v1/register 
      method - POST 
      IP - ::1
     {"timestamp":"2022-01-21T18:21:35.705Z"}
error: 
    status - 500 
    message - RangeError [ERR_HTTP_INVALID_STATUS_CODE]: Invalid status code: 11000
    at ServerResponse.writeHead (_http_server.js:259:11)
    at ServerResponse.writeHead (D:\CLI_CLASS\FandooNotes_webAPI\node_modules\on-headers\index.js:44:26)
    at ServerResponse._implicitHeader (_http_server.js:250:8)
    at write_ (_http_outgoing.js:711:9)
    at ServerResponse.end (_http_outgoing.js:825:5)
    at ServerResponse.send (D:\CLI_CLASS\FandooNotes_webAPI\node_modules\express\lib\response.js:221:10)
    at ServerResponse.json (D:\CLI_CLASS\FandooNotes_webAPI\node_modules\express\lib\response.js:267:15)
    at appErrorHandler (D:\CLI_CLASS\FandooNotes_webAPI\src\middlewares\/error.middleware.js:36:26)
    at Layer.handle_error (D:\CLI_CLASS\FandooNotes_webAPI\node_modules\express\lib\router\layer.js:71:5)
    at trim_prefix (D:\CLI_CLASS\FandooNotes_webAPI\node_modules\express\lib\router\index.js:321:13) 
    url - /api/v1/register 
    method - POST 
    IP - ::1
   {"timestamp":"2022-01-21T18:21:35.714Z"}
info: Server started at http://localhost:5000/api/v1/ {"timestamp":"2022-01-21T18:23:30.933Z"}
info: Connected to the  reddis database. {"timestamp":"2022-01-21T18:23:30.946Z"}
info: Connected to the database. {"timestamp":"2022-01-21T18:23:30.969Z"}
info: Server started at http://localhost:5000/api/v1/ {"timestamp":"2022-01-21T18:24:43.038Z"}
info: Connected to the  reddis database. {"timestamp":"2022-01-21T18:24:43.075Z"}
info: Connected to the database. {"timestamp":"2022-01-21T18:24:43.107Z"}
info: Server started at http://localhost:5000/api/v1/ {"timestamp":"2022-01-21T18:25:34.749Z"}
info: Connected to the  reddis database. {"timestamp":"2022-01-21T18:25:34.762Z"}
info: Connected to the database. {"timestamp":"2022-01-21T18:25:34.783Z"}
info: Server started at http://localhost:5000/api/v1/ {"timestamp":"2022-01-21T18:27:57.436Z"}
info: Connected to the  reddis database. {"timestamp":"2022-01-21T18:27:57.449Z"}
info: Connected to the database. {"timestamp":"2022-01-21T18:27:57.477Z"}
