info: Server started at http://localhost:3000/api/v1/ {"timestamp":"2022-01-08T08:03:03.003Z"}
info: Connected to the database. {"timestamp":"2022-01-08T08:03:05.874Z"}
info: Server started at http://localhost:3000/api/v1/ {"timestamp":"2022-01-08T08:07:09.454Z"}
info: Connected to the database. {"timestamp":"2022-01-08T08:07:12.300Z"}
info: Server started at http://localhost:3000/api/v1/ {"timestamp":"2022-01-08T08:13:57.889Z"}
info: Connected to the database. {"timestamp":"2022-01-08T08:14:00.872Z"}
info: Server started at http://localhost:3000/api/v1/ {"timestamp":"2022-01-09T12:14:06.765Z"}
info: Connected to the database. {"timestamp":"2022-01-09T12:14:06.840Z"}
info: Server started at http://localhost:3000/api/v1/ {"timestamp":"2022-01-09T12:39:48.468Z"}
info: Connected to the database. {"timestamp":"2022-01-09T12:39:48.565Z"}
info: Server started at http://localhost:3000/api/v1/ {"timestamp":"2022-01-09T12:39:57.243Z"}
info: Connected to the database. {"timestamp":"2022-01-09T12:39:57.267Z"}
info: Server started at http://localhost:3000/api/v1/ {"timestamp":"2022-01-09T12:40:03.761Z"}
info: Connected to the database. {"timestamp":"2022-01-09T12:40:03.818Z"}
info: Server started at http://localhost:3000/api/v1/ {"timestamp":"2022-01-09T12:40:22.396Z"}
info: Connected to the database. {"timestamp":"2022-01-09T12:40:22.415Z"}
info: Server started at http://localhost:3000/api/v1/ {"timestamp":"2022-01-09T12:41:28.339Z"}
info: Connected to the database. {"timestamp":"2022-01-09T12:41:28.360Z"}
info: Server started at http://localhost:3000/api/v1/ {"timestamp":"2022-01-09T12:41:37.298Z"}
info: Connected to the database. {"timestamp":"2022-01-09T12:41:37.317Z"}
info: Server started at http://localhost:3000/api/v1/ {"timestamp":"2022-01-09T12:43:20.915Z"}
info: Connected to the database. {"timestamp":"2022-01-09T12:43:20.954Z"}
info: Server started at http://localhost:3000/api/v1/ {"timestamp":"2022-01-09T12:43:26.208Z"}
info: Connected to the database. {"timestamp":"2022-01-09T12:43:26.239Z"}
info: Server started at http://localhost:3000/api/v1/ {"timestamp":"2022-01-09T12:54:08.979Z"}
info: Connected to the database. {"timestamp":"2022-01-09T12:54:09.043Z"}
error: 
    status - 500 
    message - Error: User validation failed
    at new MongooseError (D:\CLI_CLASS\FandooNotes_webAPI\node_modules\mongoose\lib\error\mongooseError.js:7:1)
    at new ValidationError (D:\CLI_CLASS\FandooNotes_webAPI\node_modules\mongoose\lib\error\validation.js:27:5)
    at model.Document.invalidate (D:\CLI_CLASS\FandooNotes_webAPI\node_modules\mongoose\lib\document.js:2782:32)
    at D:\CLI_CLASS\FandooNotes_webAPI\node_modules\mongoose\lib\document.js:2574:17
    at D:\CLI_CLASS\FandooNotes_webAPI\node_modules\mongoose\lib\schematype.js:1273:9
    at processTicksAndRejections (internal/process/task_queues.js:77:11) 
    url - /api/v1/register 
    method - POST 
    IP - ::1
   {"timestamp":"2022-01-09T12:55:03.898Z"}
error: 
    status - 500 
    message - Error: "Password" is not allowed
    at new exports.ValidationError (D:\CLI_CLASS\FandooNotes_webAPI\node_modules\@hapi\joi\lib\errors.js:246:9)
    at Object.exports.process (D:\CLI_CLASS\FandooNotes_webAPI\node_modules\@hapi\joi\lib\errors.js:189:29)
    at Object.internals.entry (D:\CLI_CLASS\FandooNotes_webAPI\node_modules\@hapi\joi\lib\validator.js:140:26)
    at Object.exports.entry (D:\CLI_CLASS\FandooNotes_webAPI\node_modules\@hapi\joi\lib\validator.js:26:30)
    at internals.Base.validate (D:\CLI_CLASS\FandooNotes_webAPI\node_modules\@hapi\joi\lib\base.js:534:26)
    at newUserValidator (D:\CLI_CLASS\FandooNotes_webAPI\src\validators\/user.validator.js:9:35)
    at Layer.handle [as handle_request] (D:\CLI_CLASS\FandooNotes_webAPI\node_modules\express\lib\router\layer.js:95:5)
    at next (D:\CLI_CLASS\FandooNotes_webAPI\node_modules\express\lib\router\route.js:137:13) 
    url - /api/v1/register 
    method - POST 
    IP - ::1
   {"timestamp":"2022-01-09T12:55:16.114Z"}
info: Server started at http://localhost:3000/api/v1/ {"timestamp":"2022-01-09T12:56:11.551Z"}
info: Connected to the database. {"timestamp":"2022-01-09T12:56:11.589Z"}
info: Server started at http://localhost:3000/api/v1/ {"timestamp":"2022-01-09T12:56:39.819Z"}
info: Connected to the database. {"timestamp":"2022-01-09T12:56:39.841Z"}
info: Server started at http://localhost:3000/api/v1/ {"timestamp":"2022-01-09T13:00:14.725Z"}
info: Connected to the database. {"timestamp":"2022-01-09T13:00:14.753Z"}
error: 
      status - 11000
      message - E11000 duplicate key error collection: FondooNote_webAPI.users index: Email_1 dup key: { Email: "Gandhi3k4@gmail.com" } 
      url - /api/v1/register 
      method - POST 
      IP - ::1
     {"timestamp":"2022-01-09T13:00:25.148Z"}
error: 
    status - 500 
    message - RangeError [ERR_HTTP_INVALID_STATUS_CODE]: Invalid status code: 11000
    at ServerResponse.writeHead (_http_server.js:259:11)
    at ServerResponse.writeHead (D:\CLI_CLASS\FandooNotes_webAPI\node_modules\on-headers\index.js:44:26)
    at ServerResponse._implicitHeader (_http_server.js:250:8)
    at write_ (_http_outgoing.js:711:9)
    at ServerResponse.end (_http_outgoing.js:825:5)
    at ServerResponse.send (D:\CLI_CLASS\FandooNotes_webAPI\node_modules\express\lib\response.js:221:10)
    at ServerResponse.json (D:\CLI_CLASS\FandooNotes_webAPI\node_modules\express\lib\response.js:267:15)
    at appErrorHandler (D:\CLI_CLASS\FandooNotes_webAPI\src\middlewares\/error.middleware.js:36:26)
    at Layer.handle_error (D:\CLI_CLASS\FandooNotes_webAPI\node_modules\express\lib\router\layer.js:71:5)
    at trim_prefix (D:\CLI_CLASS\FandooNotes_webAPI\node_modules\express\lib\router\index.js:321:13) 
    url - /api/v1/register 
    method - POST 
    IP - ::1
   {"timestamp":"2022-01-09T13:00:25.195Z"}
info: Server started at http://localhost:3000/api/v1/ {"timestamp":"2022-01-09T13:16:25.847Z"}
info: Connected to the database. {"timestamp":"2022-01-09T13:16:25.898Z"}
info: Server started at http://localhost:3000/api/v1/ {"timestamp":"2022-01-09T13:16:49.977Z"}
info: Connected to the database. {"timestamp":"2022-01-09T13:16:50.001Z"}
info: Server started at http://localhost:3000/api/v1/ {"timestamp":"2022-01-09T13:17:00.669Z"}
info: Connected to the database. {"timestamp":"2022-01-09T13:17:00.714Z"}
info: Server started at http://localhost:3000/api/v1/ {"timestamp":"2022-01-09T13:17:06.759Z"}
info: Connected to the database. {"timestamp":"2022-01-09T13:17:06.846Z"}
info: Server started at http://localhost:3000/api/v1/ {"timestamp":"2022-01-09T13:17:41.410Z"}
info: Connected to the database. {"timestamp":"2022-01-09T13:17:41.434Z"}
info: Server started at http://localhost:3000/api/v1/ {"timestamp":"2022-01-09T13:17:57.662Z"}
info: Connected to the database. {"timestamp":"2022-01-09T13:17:57.721Z"}
info: Server started at http://localhost:3000/api/v1/ {"timestamp":"2022-01-09T13:18:05.191Z"}
info: Connected to the database. {"timestamp":"2022-01-09T13:18:05.275Z"}
info: Server started at http://localhost:3000/api/v1/ {"timestamp":"2022-01-09T13:19:20.957Z"}
info: Connected to the database. {"timestamp":"2022-01-09T13:19:20.981Z"}
info: Server started at http://localhost:3000/api/v1/ {"timestamp":"2022-01-09T13:22:07.769Z"}
info: Connected to the database. {"timestamp":"2022-01-09T13:22:07.794Z"}
info: Server started at http://localhost:3000/api/v1/ {"timestamp":"2022-01-09T13:22:15.294Z"}
info: Connected to the database. {"timestamp":"2022-01-09T13:22:15.326Z"}
info: Server started at http://localhost:3000/api/v1/ {"timestamp":"2022-01-09T13:22:23.641Z"}
info: Connected to the database. {"timestamp":"2022-01-09T13:22:23.672Z"}
info: Server started at http://localhost:3000/api/v1/ {"timestamp":"2022-01-09T13:23:09.830Z"}
info: Connected to the database. {"timestamp":"2022-01-09T13:23:09.873Z"}
info: Server started at http://localhost:3000/api/v1/ {"timestamp":"2022-01-09T13:23:23.876Z"}
info: Connected to the database. {"timestamp":"2022-01-09T13:23:23.910Z"}
info: Server started at http://localhost:3000/api/v1/ {"timestamp":"2022-01-09T13:23:31.943Z"}
info: Connected to the database. {"timestamp":"2022-01-09T13:23:31.974Z"}
info: Server started at http://localhost:3000/api/v1/ {"timestamp":"2022-01-09T13:23:43.448Z"}
info: Connected to the database. {"timestamp":"2022-01-09T13:23:43.478Z"}
info: Server started at http://localhost:3000/api/v1/ {"timestamp":"2022-01-09T13:24:14.397Z"}
info: Connected to the database. {"timestamp":"2022-01-09T13:24:14.434Z"}
info: Server started at http://localhost:3000/api/v1/ {"timestamp":"2022-01-09T13:24:18.835Z"}
info: Connected to the database. {"timestamp":"2022-01-09T13:24:18.894Z"}
info: Server started at http://localhost:3000/api/v1/ {"timestamp":"2022-01-09T13:25:02.058Z"}
info: Connected to the database. {"timestamp":"2022-01-09T13:25:02.082Z"}
info: Server started at http://localhost:3000/api/v1/ {"timestamp":"2022-01-09T13:25:25.224Z"}
info: Connected to the database. {"timestamp":"2022-01-09T13:25:25.258Z"}
info: Server started at http://localhost:3000/api/v1/ {"timestamp":"2022-01-09T13:25:36.689Z"}
info: Connected to the database. {"timestamp":"2022-01-09T13:25:36.712Z"}
info: Server started at http://localhost:3000/api/v1/ {"timestamp":"2022-01-09T13:25:53.278Z"}
info: Connected to the database. {"timestamp":"2022-01-09T13:25:53.313Z"}
info: Server started at http://localhost:3000/api/v1/ {"timestamp":"2022-01-09T13:26:08.428Z"}
info: Connected to the database. {"timestamp":"2022-01-09T13:26:08.458Z"}
info: Server started at http://localhost:3000/api/v1/ {"timestamp":"2022-01-09T13:26:37.566Z"}
info: Connected to the database. {"timestamp":"2022-01-09T13:26:37.595Z"}
info: Server started at http://localhost:3000/api/v1/ {"timestamp":"2022-01-09T13:27:43.681Z"}
info: Connected to the database. {"timestamp":"2022-01-09T13:27:43.704Z"}
info: Server started at http://localhost:3000/api/v1/ {"timestamp":"2022-01-09T13:27:53.349Z"}
info: Connected to the database. {"timestamp":"2022-01-09T13:27:53.381Z"}
info: Server started at http://localhost:3000/api/v1/ {"timestamp":"2022-01-09T13:27:56.886Z"}
info: Connected to the database. {"timestamp":"2022-01-09T13:27:56.910Z"}
info: Server started at http://localhost:3000/api/v1/ {"timestamp":"2022-01-09T13:28:09.598Z"}
info: Connected to the database. {"timestamp":"2022-01-09T13:28:09.622Z"}
info: Server started at http://localhost:3000/api/v1/ {"timestamp":"2022-01-09T13:28:23.627Z"}
info: Connected to the database. {"timestamp":"2022-01-09T13:28:23.656Z"}
info: Server started at http://localhost:3000/api/v1/ {"timestamp":"2022-01-09T13:28:37.772Z"}
info: Connected to the database. {"timestamp":"2022-01-09T13:28:37.800Z"}
info: Server started at http://localhost:3000/api/v1/ {"timestamp":"2022-01-09T13:28:41.177Z"}
info: Connected to the database. {"timestamp":"2022-01-09T13:28:41.257Z"}
info: Server started at http://localhost:3000/api/v1/ {"timestamp":"2022-01-09T13:28:52.734Z"}
info: Connected to the database. {"timestamp":"2022-01-09T13:28:52.764Z"}
info: Server started at http://localhost:3000/api/v1/ {"timestamp":"2022-01-09T13:30:19.657Z"}
info: Connected to the database. {"timestamp":"2022-01-09T13:30:19.684Z"}
info: Server started at http://localhost:3000/api/v1/ {"timestamp":"2022-01-09T13:30:26.144Z"}
info: Connected to the database. {"timestamp":"2022-01-09T13:30:26.197Z"}
info: Server started at http://localhost:3000/api/v1/ {"timestamp":"2022-01-09T13:30:30.457Z"}
info: Connected to the database. {"timestamp":"2022-01-09T13:30:30.492Z"}
info: Server started at http://localhost:3000/api/v1/ {"timestamp":"2022-01-09T13:30:38.400Z"}
info: Connected to the database. {"timestamp":"2022-01-09T13:30:38.452Z"}
info: Server started at http://localhost:3000/api/v1/ {"timestamp":"2022-01-09T13:30:50.679Z"}
info: Connected to the database. {"timestamp":"2022-01-09T13:30:50.751Z"}
info: Server started at http://localhost:3000/api/v1/ {"timestamp":"2022-01-09T13:30:56.090Z"}
info: Connected to the database. {"timestamp":"2022-01-09T13:30:56.116Z"}
info: Server started at http://localhost:3000/api/v1/ {"timestamp":"2022-01-09T13:31:07.876Z"}
info: Connected to the database. {"timestamp":"2022-01-09T13:31:07.903Z"}
info: Server started at http://localhost:3000/api/v1/ {"timestamp":"2022-01-09T13:31:37.486Z"}
info: Connected to the database. {"timestamp":"2022-01-09T13:31:37.525Z"}
info: Server started at http://localhost:3000/api/v1/ {"timestamp":"2022-01-09T13:31:44.613Z"}
info: Connected to the database. {"timestamp":"2022-01-09T13:31:44.642Z"}
info: Server started at http://localhost:3000/api/v1/ {"timestamp":"2022-01-09T13:31:56.799Z"}
info: Connected to the database. {"timestamp":"2022-01-09T13:31:56.832Z"}
info: Server started at http://localhost:3000/api/v1/ {"timestamp":"2022-01-09T13:32:11.268Z"}
info: Connected to the database. {"timestamp":"2022-01-09T13:32:11.300Z"}
info: Server started at http://localhost:3000/api/v1/ {"timestamp":"2022-01-09T13:32:22.374Z"}
info: Connected to the database. {"timestamp":"2022-01-09T13:32:22.417Z"}
info: Server started at http://localhost:3000/api/v1/ {"timestamp":"2022-01-09T13:34:24.182Z"}
info: Connected to the database. {"timestamp":"2022-01-09T13:34:24.205Z"}
info: Server started at http://localhost:3000/api/v1/ {"timestamp":"2022-01-09T13:35:08.962Z"}
info: Connected to the database. {"timestamp":"2022-01-09T13:35:09.005Z"}
info: Server started at http://localhost:3000/api/v1/ {"timestamp":"2022-01-09T13:35:26.047Z"}
info: Connected to the database. {"timestamp":"2022-01-09T13:35:26.131Z"}
info: Server started at http://localhost:3000/api/v1/ {"timestamp":"2022-01-09T13:35:29.929Z"}
info: Connected to the database. {"timestamp":"2022-01-09T13:35:29.966Z"}
info: Server started at http://localhost:3000/api/v1/ {"timestamp":"2022-01-09T13:35:36.275Z"}
info: Connected to the database. {"timestamp":"2022-01-09T13:35:36.306Z"}
info: Server started at http://localhost:3000/api/v1/ {"timestamp":"2022-01-09T13:35:41.864Z"}
info: Connected to the database. {"timestamp":"2022-01-09T13:35:41.892Z"}
info: Server started at http://localhost:3000/api/v1/ {"timestamp":"2022-01-09T13:36:17.445Z"}
info: Connected to the database. {"timestamp":"2022-01-09T13:36:17.471Z"}
info: Server started at http://localhost:3000/api/v1/ {"timestamp":"2022-01-09T13:38:22.030Z"}
info: Connected to the database. {"timestamp":"2022-01-09T13:38:22.062Z"}
info: Server started at http://localhost:3000/api/v1/ {"timestamp":"2022-01-09T13:38:35.778Z"}
info: Connected to the database. {"timestamp":"2022-01-09T13:38:35.808Z"}
info: Server started at http://localhost:3000/api/v1/ {"timestamp":"2022-01-09T13:38:43.241Z"}
info: Connected to the database. {"timestamp":"2022-01-09T13:38:43.274Z"}
info: Server started at http://localhost:3000/api/v1/ {"timestamp":"2022-01-09T13:38:47.258Z"}
info: Connected to the database. {"timestamp":"2022-01-09T13:38:47.290Z"}
info: Server started at http://localhost:3000/api/v1/ {"timestamp":"2022-01-09T13:38:54.373Z"}
info: Connected to the database. {"timestamp":"2022-01-09T13:38:54.400Z"}
info: Server started at http://localhost:3000/api/v1/ {"timestamp":"2022-01-09T13:39:49.548Z"}
info: Connected to the database. {"timestamp":"2022-01-09T13:39:49.575Z"}
info: Server started at http://localhost:3000/api/v1/ {"timestamp":"2022-01-09T13:39:56.895Z"}
info: Connected to the database. {"timestamp":"2022-01-09T13:39:56.936Z"}
info: Server started at http://localhost:3000/api/v1/ {"timestamp":"2022-01-09T13:40:13.411Z"}
info: Connected to the database. {"timestamp":"2022-01-09T13:40:13.438Z"}
info: Server started at http://localhost:3000/api/v1/ {"timestamp":"2022-01-09T13:40:59.696Z"}
info: Connected to the database. {"timestamp":"2022-01-09T13:40:59.720Z"}
info: Server started at http://localhost:3000/api/v1/ {"timestamp":"2022-01-09T13:41:09.132Z"}
info: Connected to the database. {"timestamp":"2022-01-09T13:41:09.156Z"}
info: Server started at http://localhost:3000/api/v1/ {"timestamp":"2022-01-09T13:41:50.734Z"}
info: Connected to the database. {"timestamp":"2022-01-09T13:41:50.778Z"}
info: Server started at http://localhost:3000/api/v1/ {"timestamp":"2022-01-09T13:42:17.676Z"}
info: Connected to the database. {"timestamp":"2022-01-09T13:42:17.700Z"}
info: Server started at http://localhost:3000/api/v1/ {"timestamp":"2022-01-09T13:42:23.288Z"}
info: Connected to the database. {"timestamp":"2022-01-09T13:42:23.312Z"}
info: Server started at http://localhost:3000/api/v1/ {"timestamp":"2022-01-09T13:43:20.750Z"}
info: Connected to the database. {"timestamp":"2022-01-09T13:43:20.774Z"}
info: Server started at http://localhost:3000/api/v1/ {"timestamp":"2022-01-09T13:43:30.816Z"}
info: Connected to the database. {"timestamp":"2022-01-09T13:43:30.843Z"}
info: Server started at http://localhost:3000/api/v1/ {"timestamp":"2022-01-09T13:44:00.632Z"}
info: Connected to the database. {"timestamp":"2022-01-09T13:44:00.656Z"}
info: Server started at http://localhost:3000/api/v1/ {"timestamp":"2022-01-09T13:44:48.126Z"}
info: Connected to the database. {"timestamp":"2022-01-09T13:44:48.149Z"}
info: Server started at http://localhost:3000/api/v1/ {"timestamp":"2022-01-09T13:45:05.908Z"}
info: Connected to the database. {"timestamp":"2022-01-09T13:45:05.934Z"}
info: Server started at http://localhost:3000/api/v1/ {"timestamp":"2022-01-09T13:45:45.368Z"}
info: Connected to the database. {"timestamp":"2022-01-09T13:45:45.427Z"}
info: Server started at http://localhost:3000/api/v1/ {"timestamp":"2022-01-09T13:45:55.772Z"}
info: Connected to the database. {"timestamp":"2022-01-09T13:45:55.813Z"}
info: Server started at http://localhost:3000/api/v1/ {"timestamp":"2022-01-09T13:50:03.288Z"}
info: Connected to the database. {"timestamp":"2022-01-09T13:50:03.314Z"}
info: Server started at http://localhost:3000/api/v1/ {"timestamp":"2022-01-09T13:50:48.765Z"}
info: Connected to the database. {"timestamp":"2022-01-09T13:50:48.811Z"}
info: Server started at http://localhost:3000/api/v1/ {"timestamp":"2022-01-09T13:51:10.210Z"}
info: Connected to the database. {"timestamp":"2022-01-09T13:51:10.233Z"}
info: Server started at http://localhost:3000/api/v1/ {"timestamp":"2022-01-09T13:51:21.177Z"}
info: Connected to the database. {"timestamp":"2022-01-09T13:51:21.209Z"}
info: Server started at http://localhost:3000/api/v1/ {"timestamp":"2022-01-09T13:51:33.686Z"}
info: Connected to the database. {"timestamp":"2022-01-09T13:51:33.717Z"}
info: Server started at http://localhost:3000/api/v1/ {"timestamp":"2022-01-09T13:51:39.061Z"}
info: Connected to the database. {"timestamp":"2022-01-09T13:51:39.083Z"}
info: Server started at http://localhost:3000/api/v1/ {"timestamp":"2022-01-09T13:53:21.470Z"}
info: Connected to the database. {"timestamp":"2022-01-09T13:53:21.494Z"}
info: Server started at http://localhost:3000/api/v1/ {"timestamp":"2022-01-09T13:53:52.823Z"}
info: Connected to the database. {"timestamp":"2022-01-09T13:53:52.848Z"}
info: Server started at http://localhost:3000/api/v1/ {"timestamp":"2022-01-09T13:54:02.643Z"}
info: Connected to the database. {"timestamp":"2022-01-09T13:54:02.673Z"}
info: Server started at http://localhost:3000/api/v1/ {"timestamp":"2022-01-09T13:54:11.623Z"}
info: Connected to the database. {"timestamp":"2022-01-09T13:54:11.648Z"}
info: Server started at http://localhost:3000/api/v1/ {"timestamp":"2022-01-09T13:55:24.880Z"}
info: Connected to the database. {"timestamp":"2022-01-09T13:55:24.904Z"}
info: Server started at http://localhost:3000/api/v1/ {"timestamp":"2022-01-09T13:55:40.601Z"}
info: Connected to the database. {"timestamp":"2022-01-09T13:55:40.628Z"}
info: Server started at http://localhost:3000/api/v1/ {"timestamp":"2022-01-09T13:55:48.939Z"}
info: Connected to the database. {"timestamp":"2022-01-09T13:55:48.960Z"}
info: Server started at http://localhost:3000/api/v1/ {"timestamp":"2022-01-09T13:56:29.375Z"}
info: Connected to the database. {"timestamp":"2022-01-09T13:56:29.418Z"}
info: Server started at http://localhost:3000/api/v1/ {"timestamp":"2022-01-09T13:57:04.975Z"}
info: Connected to the database. {"timestamp":"2022-01-09T13:57:05.008Z"}
info: Server started at http://localhost:3000/api/v1/ {"timestamp":"2022-01-09T13:57:46.079Z"}
info: Connected to the database. {"timestamp":"2022-01-09T13:57:46.103Z"}
info: Server started at http://localhost:3000/api/v1/ {"timestamp":"2022-01-09T13:58:04.435Z"}
info: Connected to the database. {"timestamp":"2022-01-09T13:58:04.461Z"}
info: Server started at http://localhost:3000/api/v1/ {"timestamp":"2022-01-09T13:58:35.881Z"}
info: Connected to the database. {"timestamp":"2022-01-09T13:58:35.915Z"}
info: Server started at http://localhost:3000/api/v1/ {"timestamp":"2022-01-09T13:59:13.131Z"}
info: Connected to the database. {"timestamp":"2022-01-09T13:59:13.159Z"}
info: Server started at http://localhost:3000/api/v1/ {"timestamp":"2022-01-09T13:59:17.734Z"}
info: Connected to the database. {"timestamp":"2022-01-09T13:59:17.790Z"}
info: Server started at http://localhost:3000/api/v1/ {"timestamp":"2022-01-09T14:00:07.603Z"}
info: Connected to the database. {"timestamp":"2022-01-09T14:00:07.640Z"}
info: Server started at http://localhost:3000/api/v1/ {"timestamp":"2022-01-09T14:00:12.447Z"}
info: Connected to the database. {"timestamp":"2022-01-09T14:00:12.496Z"}
info: Server started at http://localhost:3000/api/v1/ {"timestamp":"2022-01-09T14:00:39.501Z"}
info: Connected to the database. {"timestamp":"2022-01-09T14:00:39.531Z"}
info: Server started at http://localhost:3000/api/v1/ {"timestamp":"2022-01-09T14:00:47.837Z"}
info: Connected to the database. {"timestamp":"2022-01-09T14:00:47.864Z"}
info: Server started at http://localhost:3000/api/v1/ {"timestamp":"2022-01-09T14:01:15.433Z"}
info: Connected to the database. {"timestamp":"2022-01-09T14:01:15.470Z"}
info: Server started at http://localhost:3000/api/v1/ {"timestamp":"2022-01-09T14:01:31.793Z"}
info: Connected to the database. {"timestamp":"2022-01-09T14:01:31.815Z"}
info: Server started at http://localhost:3000/api/v1/ {"timestamp":"2022-01-09T14:02:45.601Z"}
info: Connected to the database. {"timestamp":"2022-01-09T14:02:45.626Z"}
info: Server started at http://localhost:3000/api/v1/ {"timestamp":"2022-01-09T14:03:18.174Z"}
info: Connected to the database. {"timestamp":"2022-01-09T14:03:18.206Z"}
info: Server started at http://localhost:3000/api/v1/ {"timestamp":"2022-01-09T14:03:27.066Z"}
info: Connected to the database. {"timestamp":"2022-01-09T14:03:27.097Z"}
info: Server started at http://localhost:3000/api/v1/ {"timestamp":"2022-01-09T14:41:50.844Z"}
info: Connected to the database. {"timestamp":"2022-01-09T14:41:50.870Z"}
info: Server started at http://localhost:3000/api/v1/ {"timestamp":"2022-01-09T15:00:05.685Z"}
info: Connected to the database. {"timestamp":"2022-01-09T15:00:05.713Z"}
info: Server started at http://localhost:3000/api/v1/ {"timestamp":"2022-01-09T15:00:13.387Z"}
info: Connected to the database. {"timestamp":"2022-01-09T15:00:13.415Z"}
info: Server started at http://localhost:3000/api/v1/ {"timestamp":"2022-01-09T15:07:29.170Z"}
info: Connected to the database. {"timestamp":"2022-01-09T15:07:29.196Z"}
info: Server started at http://localhost:3000/api/v1/ {"timestamp":"2022-01-09T15:08:11.692Z"}
info: Connected to the database. {"timestamp":"2022-01-09T15:08:11.716Z"}
info: Server started at http://localhost:3000/api/v1/ {"timestamp":"2022-01-09T15:08:42.785Z"}
info: Connected to the database. {"timestamp":"2022-01-09T15:08:42.822Z"}
info: Server started at http://localhost:3000/api/v1/ {"timestamp":"2022-01-09T15:08:49.429Z"}
info: Connected to the database. {"timestamp":"2022-01-09T15:08:49.465Z"}
info: Server started at http://localhost:3000/api/v1/ {"timestamp":"2022-01-09T15:08:53.482Z"}
info: Connected to the database. {"timestamp":"2022-01-09T15:08:53.508Z"}
info: Server started at http://localhost:3000/api/v1/ {"timestamp":"2022-01-09T15:08:57.758Z"}
info: Connected to the database. {"timestamp":"2022-01-09T15:08:57.784Z"}
info: Server started at http://localhost:3000/api/v1/ {"timestamp":"2022-01-09T15:09:13.089Z"}
info: Connected to the database. {"timestamp":"2022-01-09T15:09:13.110Z"}
info: Server started at http://localhost:3000/api/v1/ {"timestamp":"2022-01-09T15:10:07.219Z"}
info: Connected to the database. {"timestamp":"2022-01-09T15:10:07.251Z"}
info: Server started at http://localhost:3000/api/v1/ {"timestamp":"2022-01-09T15:10:13.439Z"}
info: Connected to the database. {"timestamp":"2022-01-09T15:10:13.471Z"}
info: Server started at http://localhost:3000/api/v1/ {"timestamp":"2022-01-09T15:10:23.850Z"}
info: Connected to the database. {"timestamp":"2022-01-09T15:10:23.878Z"}
info: Server started at http://localhost:3000/api/v1/ {"timestamp":"2022-01-09T15:10:33.603Z"}
info: Connected to the database. {"timestamp":"2022-01-09T15:10:33.634Z"}
info: Server started at http://localhost:3000/api/v1/ {"timestamp":"2022-01-09T15:10:52.288Z"}
info: Connected to the database. {"timestamp":"2022-01-09T15:10:52.320Z"}
info: Server started at http://localhost:3000/api/v1/ {"timestamp":"2022-01-09T15:10:56.667Z"}
info: Connected to the database. {"timestamp":"2022-01-09T15:10:56.692Z"}
info: Server started at http://localhost:3000/api/v1/ {"timestamp":"2022-01-09T15:11:13.694Z"}
info: Connected to the database. {"timestamp":"2022-01-09T15:11:13.728Z"}
info: Server started at http://localhost:3000/api/v1/ {"timestamp":"2022-01-09T15:11:22.157Z"}
info: Connected to the database. {"timestamp":"2022-01-09T15:11:22.184Z"}
info: Server started at http://localhost:3000/api/v1/ {"timestamp":"2022-01-09T15:13:03.201Z"}
info: Connected to the database. {"timestamp":"2022-01-09T15:13:03.241Z"}
info: Server started at http://localhost:3000/api/v1/ {"timestamp":"2022-01-09T15:13:47.184Z"}
info: Connected to the database. {"timestamp":"2022-01-09T15:13:47.221Z"}
info: Server started at http://localhost:3000/api/v1/ {"timestamp":"2022-01-09T15:14:23.384Z"}
info: Connected to the database. {"timestamp":"2022-01-09T15:14:23.419Z"}
info: Server started at http://localhost:3000/api/v1/ {"timestamp":"2022-01-09T15:15:02.555Z"}
info: Connected to the database. {"timestamp":"2022-01-09T15:15:02.583Z"}
info: Server started at http://localhost:3000/api/v1/ {"timestamp":"2022-01-09T15:15:10.212Z"}
info: Connected to the database. {"timestamp":"2022-01-09T15:15:10.245Z"}
info: Server started at http://localhost:3000/api/v1/ {"timestamp":"2022-01-09T15:15:19.738Z"}
info: Connected to the database. {"timestamp":"2022-01-09T15:15:19.762Z"}
info: Server started at http://localhost:3000/api/v1/ {"timestamp":"2022-01-09T15:16:23.037Z"}
info: Connected to the database. {"timestamp":"2022-01-09T15:16:23.063Z"}
error: 
    status - 500 
    message - TypeError: Cannot read property 'Email' of null
    at _callee2$ (D:\CLI_CLASS\FandooNotes_webAPI\src\services\/user.service.js:17:21)
    at tryCatch (D:\CLI_CLASS\FandooNotes_webAPI\node_modules\regenerator-runtime\runtime.js:63:40)
    at Generator.invoke [as _invoke] (D:\CLI_CLASS\FandooNotes_webAPI\node_modules\regenerator-runtime\runtime.js:294:22)
    at Generator.next (D:\CLI_CLASS\FandooNotes_webAPI\node_modules\regenerator-runtime\runtime.js:119:21)
    at asyncGeneratorStep (D:\CLI_CLASS\FandooNotes_webAPI\node_modules\@babel\runtime\helpers\asyncToGenerator.js:3:24)
    at _next (D:\CLI_CLASS\FandooNotes_webAPI\node_modules\@babel\runtime\helpers\asyncToGenerator.js:25:9)
    at processTicksAndRejections (internal/process/task_queues.js:95:5) 
    url - /api/v1/register/login 
    method - POST 
    IP - ::ffff:127.0.0.1
   {"timestamp":"2022-01-09T15:16:23.223Z"}
error: 
    status - 500 
    message - TypeError: Cannot read property 'Email' of null
    at _callee2$ (D:\CLI_CLASS\FandooNotes_webAPI\src\services\/user.service.js:17:21)
    at tryCatch (D:\CLI_CLASS\FandooNotes_webAPI\node_modules\regenerator-runtime\runtime.js:63:40)
    at Generator.invoke [as _invoke] (D:\CLI_CLASS\FandooNotes_webAPI\node_modules\regenerator-runtime\runtime.js:294:22)
    at Generator.next (D:\CLI_CLASS\FandooNotes_webAPI\node_modules\regenerator-runtime\runtime.js:119:21)
    at asyncGeneratorStep (D:\CLI_CLASS\FandooNotes_webAPI\node_modules\@babel\runtime\helpers\asyncToGenerator.js:3:24)
    at _next (D:\CLI_CLASS\FandooNotes_webAPI\node_modules\@babel\runtime\helpers\asyncToGenerator.js:25:9)
    at processTicksAndRejections (internal/process/task_queues.js:95:5) 
    url - /api/v1/register/login 
    method - POST 
    IP - ::1
   {"timestamp":"2022-01-09T15:16:37.004Z"}
info: Server started at http://localhost:3000/api/v1/ {"timestamp":"2022-01-09T15:17:01.208Z"}
info: Connected to the database. {"timestamp":"2022-01-09T15:17:01.267Z"}
error: 
    status - 500 
    message - TypeError: Cannot read property 'Email' of null
    at _callee2$ (D:\CLI_CLASS\FandooNotes_webAPI\src\services\/user.service.js:17:21)
    at tryCatch (D:\CLI_CLASS\FandooNotes_webAPI\node_modules\regenerator-runtime\runtime.js:63:40)
    at Generator.invoke [as _invoke] (D:\CLI_CLASS\FandooNotes_webAPI\node_modules\regenerator-runtime\runtime.js:294:22)
    at Generator.next (D:\CLI_CLASS\FandooNotes_webAPI\node_modules\regenerator-runtime\runtime.js:119:21)
    at asyncGeneratorStep (D:\CLI_CLASS\FandooNotes_webAPI\node_modules\@babel\runtime\helpers\asyncToGenerator.js:3:24)
    at _next (D:\CLI_CLASS\FandooNotes_webAPI\node_modules\@babel\runtime\helpers\asyncToGenerator.js:25:9)
    at processTicksAndRejections (internal/process/task_queues.js:95:5) 
    url - /api/v1/register/login 
    method - POST 
    IP - ::1
   {"timestamp":"2022-01-09T15:17:01.414Z"}
error: 
    status - 500 
    message - TypeError: Cannot read property 'Email' of null
    at _callee2$ (D:\CLI_CLASS\FandooNotes_webAPI\src\services\/user.service.js:17:21)
    at tryCatch (D:\CLI_CLASS\FandooNotes_webAPI\node_modules\regenerator-runtime\runtime.js:63:40)
    at Generator.invoke [as _invoke] (D:\CLI_CLASS\FandooNotes_webAPI\node_modules\regenerator-runtime\runtime.js:294:22)
    at Generator.next (D:\CLI_CLASS\FandooNotes_webAPI\node_modules\regenerator-runtime\runtime.js:119:21)
    at asyncGeneratorStep (D:\CLI_CLASS\FandooNotes_webAPI\node_modules\@babel\runtime\helpers\asyncToGenerator.js:3:24)
    at _next (D:\CLI_CLASS\FandooNotes_webAPI\node_modules\@babel\runtime\helpers\asyncToGenerator.js:25:9)
    at processTicksAndRejections (internal/process/task_queues.js:95:5) 
    url - /api/v1/register/login 
    method - POST 
    IP - ::1
   {"timestamp":"2022-01-09T15:17:05.028Z"}
info: Server started at http://localhost:3000/api/v1/ {"timestamp":"2022-01-09T15:17:17.791Z"}
info: Connected to the database. {"timestamp":"2022-01-09T15:17:17.825Z"}
info: Server started at http://localhost:3000/api/v1/ {"timestamp":"2022-01-09T15:18:10.392Z"}
info: Connected to the database. {"timestamp":"2022-01-09T15:18:10.415Z"}
info: Server started at http://localhost:3000/api/v1/ {"timestamp":"2022-01-09T15:18:16.746Z"}
info: Connected to the database. {"timestamp":"2022-01-09T15:18:16.777Z"}
info: Server started at http://localhost:3000/api/v1/ {"timestamp":"2022-01-09T15:18:25.926Z"}
info: Connected to the database. {"timestamp":"2022-01-09T15:18:25.952Z"}
error: 
    status - 500 
    message - TypeError: Cannot read property 'Email' of null
    at _callee2$ (D:\CLI_CLASS\FandooNotes_webAPI\src\services\/user.service.js:17:21)
    at tryCatch (D:\CLI_CLASS\FandooNotes_webAPI\node_modules\regenerator-runtime\runtime.js:63:40)
    at Generator.invoke [as _invoke] (D:\CLI_CLASS\FandooNotes_webAPI\node_modules\regenerator-runtime\runtime.js:294:22)
    at Generator.next (D:\CLI_CLASS\FandooNotes_webAPI\node_modules\regenerator-runtime\runtime.js:119:21)
    at asyncGeneratorStep (D:\CLI_CLASS\FandooNotes_webAPI\node_modules\@babel\runtime\helpers\asyncToGenerator.js:3:24)
    at _next (D:\CLI_CLASS\FandooNotes_webAPI\node_modules\@babel\runtime\helpers\asyncToGenerator.js:25:9)
    at processTicksAndRejections (internal/process/task_queues.js:95:5) 
    url - /api/v1/register/login 
    method - POST 
    IP - ::1
   {"timestamp":"2022-01-09T15:20:17.989Z"}
error: 
    status - 500 
    message - TypeError: Cannot read property 'Email' of null
    at _callee2$ (D:\CLI_CLASS\FandooNotes_webAPI\src\services\/user.service.js:17:21)
    at tryCatch (D:\CLI_CLASS\FandooNotes_webAPI\node_modules\regenerator-runtime\runtime.js:63:40)
    at Generator.invoke [as _invoke] (D:\CLI_CLASS\FandooNotes_webAPI\node_modules\regenerator-runtime\runtime.js:294:22)
    at Generator.next (D:\CLI_CLASS\FandooNotes_webAPI\node_modules\regenerator-runtime\runtime.js:119:21)
    at asyncGeneratorStep (D:\CLI_CLASS\FandooNotes_webAPI\node_modules\@babel\runtime\helpers\asyncToGenerator.js:3:24)
    at _next (D:\CLI_CLASS\FandooNotes_webAPI\node_modules\@babel\runtime\helpers\asyncToGenerator.js:25:9)
    at processTicksAndRejections (internal/process/task_queues.js:95:5) 
    url - /api/v1/register/login 
    method - POST 
    IP - ::1
   {"timestamp":"2022-01-09T15:20:33.309Z"}
error: 
    status - 500 
    message - TypeError: Cannot read property 'Email' of null
    at _callee2$ (D:\CLI_CLASS\FandooNotes_webAPI\src\services\/user.service.js:17:21)
    at tryCatch (D:\CLI_CLASS\FandooNotes_webAPI\node_modules\regenerator-runtime\runtime.js:63:40)
    at Generator.invoke [as _invoke] (D:\CLI_CLASS\FandooNotes_webAPI\node_modules\regenerator-runtime\runtime.js:294:22)
    at Generator.next (D:\CLI_CLASS\FandooNotes_webAPI\node_modules\regenerator-runtime\runtime.js:119:21)
    at asyncGeneratorStep (D:\CLI_CLASS\FandooNotes_webAPI\node_modules\@babel\runtime\helpers\asyncToGenerator.js:3:24)
    at _next (D:\CLI_CLASS\FandooNotes_webAPI\node_modules\@babel\runtime\helpers\asyncToGenerator.js:25:9)
    at processTicksAndRejections (internal/process/task_queues.js:95:5) 
    url - /api/v1/register/login 
    method - POST 
    IP - ::1
   {"timestamp":"2022-01-09T15:20:44.500Z"}
error: 
    status - 500 
    message - TypeError: Cannot read property 'Email' of null
    at _callee2$ (D:\CLI_CLASS\FandooNotes_webAPI\src\services\/user.service.js:17:21)
    at tryCatch (D:\CLI_CLASS\FandooNotes_webAPI\node_modules\regenerator-runtime\runtime.js:63:40)
    at Generator.invoke [as _invoke] (D:\CLI_CLASS\FandooNotes_webAPI\node_modules\regenerator-runtime\runtime.js:294:22)
    at Generator.next (D:\CLI_CLASS\FandooNotes_webAPI\node_modules\regenerator-runtime\runtime.js:119:21)
    at asyncGeneratorStep (D:\CLI_CLASS\FandooNotes_webAPI\node_modules\@babel\runtime\helpers\asyncToGenerator.js:3:24)
    at _next (D:\CLI_CLASS\FandooNotes_webAPI\node_modules\@babel\runtime\helpers\asyncToGenerator.js:25:9)
    at processTicksAndRejections (internal/process/task_queues.js:95:5) 
    url - /api/v1/register/login 
    method - POST 
    IP - ::1
   {"timestamp":"2022-01-09T15:21:34.696Z"}
info: Server started at http://localhost:3000/api/v1/ {"timestamp":"2022-01-09T15:22:42.862Z"}
info: Connected to the database. {"timestamp":"2022-01-09T15:22:42.893Z"}
info: Server started at http://localhost:3000/api/v1/ {"timestamp":"2022-01-09T15:22:56.598Z"}
info: Connected to the database. {"timestamp":"2022-01-09T15:22:56.623Z"}
info: Server started at http://localhost:3000/api/v1/ {"timestamp":"2022-01-09T15:23:07.225Z"}
info: Connected to the database. {"timestamp":"2022-01-09T15:23:07.248Z"}
info: Server started at http://localhost:3000/api/v1/ {"timestamp":"2022-01-09T15:32:54.163Z"}
info: Connected to the database. {"timestamp":"2022-01-09T15:32:54.186Z"}
info: Server started at http://localhost:3000/api/v1/ {"timestamp":"2022-01-09T15:33:11.955Z"}
info: Connected to the database. {"timestamp":"2022-01-09T15:33:11.984Z"}
info: Server started at http://localhost:3000/api/v1/ {"timestamp":"2022-01-09T15:33:15.955Z"}
info: Connected to the database. {"timestamp":"2022-01-09T15:33:15.984Z"}
info: Server started at http://localhost:3000/api/v1/ {"timestamp":"2022-01-09T15:33:23.262Z"}
info: Connected to the database. {"timestamp":"2022-01-09T15:33:23.296Z"}
info: Server started at http://localhost:3000/api/v1/ {"timestamp":"2022-01-09T15:33:50.629Z"}
info: Connected to the database. {"timestamp":"2022-01-09T15:33:50.654Z"}
info: Server started at http://localhost:3000/api/v1/ {"timestamp":"2022-01-09T15:34:17.845Z"}
info: Connected to the database. {"timestamp":"2022-01-09T15:34:17.884Z"}
info: Server started at http://localhost:3000/api/v1/ {"timestamp":"2022-01-09T15:34:51.739Z"}
info: Connected to the database. {"timestamp":"2022-01-09T15:34:51.770Z"}
info: Server started at http://localhost:3000/api/v1/ {"timestamp":"2022-01-09T15:42:13.434Z"}
info: Connected to the database. {"timestamp":"2022-01-09T15:42:13.463Z"}
info: Server started at http://localhost:3000/api/v1/ {"timestamp":"2022-01-09T15:42:18.509Z"}
info: Connected to the database. {"timestamp":"2022-01-09T15:42:18.536Z"}
info: Server started at http://localhost:3000/api/v1/ {"timestamp":"2022-01-09T15:43:04.287Z"}
info: Connected to the database. {"timestamp":"2022-01-09T15:43:04.311Z"}
info: Server started at http://localhost:3000/api/v1/ {"timestamp":"2022-01-09T15:43:13.705Z"}
info: Connected to the database. {"timestamp":"2022-01-09T15:43:13.749Z"}
info: Server started at http://localhost:3000/api/v1/ {"timestamp":"2022-01-09T15:43:32.689Z"}
info: Connected to the database. {"timestamp":"2022-01-09T15:43:32.716Z"}
info: Server started at http://localhost:3000/api/v1/ {"timestamp":"2022-01-09T15:53:56.533Z"}
info: Connected to the database. {"timestamp":"2022-01-09T15:53:56.575Z"}
error: 
    status - 500 
    message - ReferenceError: HashedPassword is not defined
    at _callee$ (D:\CLI_CLASS\FandooNotes_webAPI\src\services\/user.service.js:10:17)
    at tryCatch (D:\CLI_CLASS\FandooNotes_webAPI\node_modules\regenerator-runtime\runtime.js:63:40)
    at Generator.invoke [as _invoke] (D:\CLI_CLASS\FandooNotes_webAPI\node_modules\regenerator-runtime\runtime.js:294:22)
    at Generator.next (D:\CLI_CLASS\FandooNotes_webAPI\node_modules\regenerator-runtime\runtime.js:119:21)
    at asyncGeneratorStep (D:\CLI_CLASS\FandooNotes_webAPI\node_modules\@babel\runtime\helpers\asyncToGenerator.js:3:24)
    at _next (D:\CLI_CLASS\FandooNotes_webAPI\node_modules\@babel\runtime\helpers\asyncToGenerator.js:25:9)
    at D:\CLI_CLASS\FandooNotes_webAPI\node_modules\@babel\runtime\helpers\asyncToGenerator.js:32:7
    at new Promise (<anonymous>)
    at Object.<anonymous> (D:\CLI_CLASS\FandooNotes_webAPI\node_modules\@babel\runtime\helpers\asyncToGenerator.js:21:12)
    at Object.newUser (D:\CLI_CLASS\FandooNotes_webAPI\src\services\/user.service.js:8:21) 
    url - /api/v1/register 
    method - POST 
    IP - ::ffff:127.0.0.1
   {"timestamp":"2022-01-09T15:53:57.076Z"}
info: Server started at http://localhost:3000/api/v1/ {"timestamp":"2022-01-09T15:54:14.361Z"}
info: Connected to the database. {"timestamp":"2022-01-09T15:54:14.461Z"}
info: Server started at http://localhost:3000/api/v1/ {"timestamp":"2022-01-09T15:54:53.107Z"}
info: Connected to the database. {"timestamp":"2022-01-09T15:54:53.129Z"}
error: 
      status - 11000
      message - E11000 duplicate key error collection: FondooNote_webAPI.users index: Email_1 dup key: { Email: "Vicky@gmail.com" } 
      url - /api/v1/register 
      method - POST 
      IP - ::1
     {"timestamp":"2022-01-09T15:54:54.420Z"}
error: 
    status - 500 
    message - RangeError [ERR_HTTP_INVALID_STATUS_CODE]: Invalid status code: 11000
    at ServerResponse.writeHead (_http_server.js:259:11)
    at ServerResponse.writeHead (D:\CLI_CLASS\FandooNotes_webAPI\node_modules\on-headers\index.js:44:26)
    at ServerResponse._implicitHeader (_http_server.js:250:8)
    at write_ (_http_outgoing.js:711:9)
    at ServerResponse.end (_http_outgoing.js:825:5)
    at ServerResponse.send (D:\CLI_CLASS\FandooNotes_webAPI\node_modules\express\lib\response.js:221:10)
    at ServerResponse.json (D:\CLI_CLASS\FandooNotes_webAPI\node_modules\express\lib\response.js:267:15)
    at appErrorHandler (D:\CLI_CLASS\FandooNotes_webAPI\src\middlewares\/error.middleware.js:36:26)
    at Layer.handle_error (D:\CLI_CLASS\FandooNotes_webAPI\node_modules\express\lib\router\layer.js:71:5)
    at trim_prefix (D:\CLI_CLASS\FandooNotes_webAPI\node_modules\express\lib\router\index.js:321:13) 
    url - /api/v1/register 
    method - POST 
    IP - ::1
   {"timestamp":"2022-01-09T15:54:54.433Z"}
info: Server started at http://localhost:3000/api/v1/ {"timestamp":"2022-01-09T16:02:47.073Z"}
info: Connected to the database. {"timestamp":"2022-01-09T16:02:47.101Z"}
info: Server started at http://localhost:3000/api/v1/ {"timestamp":"2022-01-09T16:03:05.577Z"}
info: Connected to the database. {"timestamp":"2022-01-09T16:03:05.605Z"}
info: Server started at http://localhost:3000/api/v1/ {"timestamp":"2022-01-09T16:04:40.404Z"}
info: Connected to the database. {"timestamp":"2022-01-09T16:04:40.437Z"}
info: Server started at http://localhost:3000/api/v1/ {"timestamp":"2022-01-09T16:05:16.954Z"}
info: Connected to the database. {"timestamp":"2022-01-09T16:05:17.020Z"}
info: Server started at http://localhost:3000/api/v1/ {"timestamp":"2022-01-09T16:05:31.139Z"}
info: Connected to the database. {"timestamp":"2022-01-09T16:05:31.163Z"}
error: 
    status - 500 
    message - Error: "FirstName" length must be at least 4 characters long
    at new exports.ValidationError (D:\CLI_CLASS\FandooNotes_webAPI\node_modules\@hapi\joi\lib\errors.js:246:9)
    at Object.exports.process (D:\CLI_CLASS\FandooNotes_webAPI\node_modules\@hapi\joi\lib\errors.js:189:29)
    at Object.internals.entry (D:\CLI_CLASS\FandooNotes_webAPI\node_modules\@hapi\joi\lib\validator.js:140:26)
    at Object.exports.entry (D:\CLI_CLASS\FandooNotes_webAPI\node_modules\@hapi\joi\lib\validator.js:26:30)
    at internals.Base.validate (D:\CLI_CLASS\FandooNotes_webAPI\node_modules\@hapi\joi\lib\base.js:534:26)
    at newUserValidator (D:\CLI_CLASS\FandooNotes_webAPI\src\validators\/user.validator.js:10:35)
    at Layer.handle [as handle_request] (D:\CLI_CLASS\FandooNotes_webAPI\node_modules\express\lib\router\layer.js:95:5)
    at next (D:\CLI_CLASS\FandooNotes_webAPI\node_modules\express\lib\router\route.js:137:13) 
    url - /api/v1/register 
    method - POST 
    IP - ::1
   {"timestamp":"2022-01-09T16:12:57.696Z"}
info: Server started at http://localhost:3000/api/v1/ {"timestamp":"2022-01-09T16:14:03.012Z"}
info: Connected to the database. {"timestamp":"2022-01-09T16:14:03.049Z"}
error: 
    status - 500 
    message - SyntaxError: Unexpected token } in JSON at position 47
    at JSON.parse (<anonymous>)
    at parse (D:\CLI_CLASS\FandooNotes_webAPI\node_modules\body-parser\lib\types\json.js:89:19)
    at D:\CLI_CLASS\FandooNotes_webAPI\node_modules\body-parser\lib\read.js:121:18
    at invokeCallback (D:\CLI_CLASS\FandooNotes_webAPI\node_modules\raw-body\index.js:224:16)
    at done (D:\CLI_CLASS\FandooNotes_webAPI\node_modules\raw-body\index.js:213:7)
    at IncomingMessage.onEnd (D:\CLI_CLASS\FandooNotes_webAPI\node_modules\raw-body\index.js:273:7)
    at IncomingMessage.emit (events.js:387:35)
    at IncomingMessage.emit (domain.js:470:12)
    at endReadableNT (internal/streams/readable.js:1317:12)
    at processTicksAndRejections (internal/process/task_queues.js:82:21) 
    url - /api/v1/register/login 
    method - POST 
    IP - ::1
   {"timestamp":"2022-01-09T16:21:26.426Z"}
info: Server started at http://localhost:3000/api/v1/ {"timestamp":"2022-01-09T16:26:16.484Z"}
info: Connected to the database. {"timestamp":"2022-01-09T16:26:16.532Z"}
info: Server started at http://localhost:3000/api/v1/ {"timestamp":"2022-01-09T16:26:22.608Z"}
info: Connected to the database. {"timestamp":"2022-01-09T16:26:22.725Z"}
info: Server started at http://localhost:3000/api/v1/ {"timestamp":"2022-01-09T16:28:31.893Z"}
info: Connected to the database. {"timestamp":"2022-01-09T16:28:31.917Z"}
info: Server started at http://localhost:3000/api/v1/ {"timestamp":"2022-01-09T16:29:13.821Z"}
info: Connected to the database. {"timestamp":"2022-01-09T16:29:13.849Z"}
info: Server started at http://localhost:3000/api/v1/ {"timestamp":"2022-01-09T16:29:52.563Z"}
info: Connected to the database. {"timestamp":"2022-01-09T16:29:52.594Z"}
info: Server started at http://localhost:3000/api/v1/ {"timestamp":"2022-01-09T16:29:58.515Z"}
info: Connected to the database. {"timestamp":"2022-01-09T16:29:58.538Z"}
info: Server started at http://localhost:3000/api/v1/ {"timestamp":"2022-01-09T16:30:10.445Z"}
info: Connected to the database. {"timestamp":"2022-01-09T16:30:10.489Z"}
info: Server started at http://localhost:3000/api/v1/ {"timestamp":"2022-01-09T16:30:15.002Z"}
info: Connected to the database. {"timestamp":"2022-01-09T16:30:15.033Z"}
info: Server started at http://localhost:3000/api/v1/ {"timestamp":"2022-01-09T16:30:22.705Z"}
info: Connected to the database. {"timestamp":"2022-01-09T16:30:22.743Z"}
info: Server started at http://localhost:3000/api/v1/ {"timestamp":"2022-01-09T16:30:46.303Z"}
info: Connected to the database. {"timestamp":"2022-01-09T16:30:46.325Z"}
info: Server started at http://localhost:3000/api/v1/ {"timestamp":"2022-01-09T16:31:22.069Z"}
info: Connected to the database. {"timestamp":"2022-01-09T16:31:22.098Z"}
info: Server started at http://localhost:3000/api/v1/ {"timestamp":"2022-01-09T16:31:37.503Z"}
info: Connected to the database. {"timestamp":"2022-01-09T16:31:37.593Z"}
info: Server started at http://localhost:3000/api/v1/ {"timestamp":"2022-01-09T16:32:27.003Z"}
info: Connected to the database. {"timestamp":"2022-01-09T16:32:27.030Z"}
info: Server started at http://localhost:3000/api/v1/ {"timestamp":"2022-01-09T16:33:11.362Z"}
info: Connected to the database. {"timestamp":"2022-01-09T16:33:11.400Z"}
info: Server started at http://localhost:3000/api/v1/ {"timestamp":"2022-01-09T16:33:20.778Z"}
info: Connected to the database. {"timestamp":"2022-01-09T16:33:20.803Z"}
info: Server started at http://localhost:3000/api/v1/ {"timestamp":"2022-01-09T16:33:44.783Z"}
info: Connected to the database. {"timestamp":"2022-01-09T16:33:44.810Z"}
info: Server started at http://localhost:3000/api/v1/ {"timestamp":"2022-01-09T16:37:25.958Z"}
info: Connected to the database. {"timestamp":"2022-01-09T16:37:25.986Z"}
info: Server started at http://localhost:3000/api/v1/ {"timestamp":"2022-01-09T16:37:40.089Z"}
info: Connected to the database. {"timestamp":"2022-01-09T16:37:40.122Z"}
info: Server started at http://localhost:3000/api/v1/ {"timestamp":"2022-01-09T16:58:18.665Z"}
info: Connected to the database. {"timestamp":"2022-01-09T16:58:18.701Z"}
info: Server started at http://localhost:3000/api/v1/ {"timestamp":"2022-01-09T17:01:23.154Z"}
info: Connected to the database. {"timestamp":"2022-01-09T17:01:23.191Z"}
info: Server started at http://localhost:3000/api/v1/ {"timestamp":"2022-01-09T17:01:36.772Z"}
info: Connected to the database. {"timestamp":"2022-01-09T17:01:36.807Z"}
info: Server started at http://localhost:3000/api/v1/ {"timestamp":"2022-01-09T17:16:27.519Z"}
info: Connected to the database. {"timestamp":"2022-01-09T17:16:27.540Z"}
info: Server started at http://localhost:3000/api/v1/ {"timestamp":"2022-01-09T17:17:05.295Z"}
info: Connected to the database. {"timestamp":"2022-01-09T17:17:05.319Z"}
info: Server started at http://localhost:3000/api/v1/ {"timestamp":"2022-01-09T17:26:17.897Z"}
info: Connected to the database. {"timestamp":"2022-01-09T17:26:17.929Z"}
