info: ::1 - - [08/Jan/2022:08:03:05 +0000] "GET / HTTP/1.1" 404 47 "-" "Mozilla/5.0 (Windows NT 10.0; Win64; x64) AppleWebKit/537.36 (KHTML, like Gecko) Chrome/97.0.4692.71 Safari/537.36"

info: ::1 - - [08/Jan/2022:08:03:05 +0000] "GET /favicon.ico HTTP/1.1" 404 47 "-" "Mozilla/5.0 (Windows NT 10.0; Win64; x64) AppleWebKit/537.36 (KHTML, like Gecko) Chrome/97.0.4692.71 Safari/537.36"

info: ::1 - - [08/Jan/2022:08:03:05 +0000] "GET /images/icons/gear.png HTTP/1.1" 404 47 "-" "Mozilla/5.0 (Windows NT 10.0; Win64; x64) AppleWebKit/537.36 (KHTML, like Gecko) Chrome/97.0.4692.71 Safari/537.36"

info: ::1 - - [08/Jan/2022:08:05:03 +0000] "GET / HTTP/1.1" 404 47 "-" "Mozilla/5.0 (Windows NT 10.0; Win64; x64) AppleWebKit/537.36 (KHTML, like Gecko) Chrome/97.0.4692.71 Safari/537.36"

info: ::1 - - [08/Jan/2022:08:05:03 +0000] "GET /images/icons/gear.png HTTP/1.1" 404 47 "-" "Mozilla/5.0 (Windows NT 10.0; Win64; x64) AppleWebKit/537.36 (KHTML, like Gecko) Chrome/97.0.4692.71 Safari/537.36"

info: ::1 - - [08/Jan/2022:08:07:15 +0000] "GET / HTTP/1.1" 404 47 "-" "Mozilla/5.0 (Windows NT 10.0; Win64; x64) AppleWebKit/537.36 (KHTML, like Gecko) Chrome/97.0.4692.71 Safari/537.36"

info: ::1 - - [08/Jan/2022:08:07:16 +0000] "GET /images/icons/gear.png HTTP/1.1" 404 47 "-" "Mozilla/5.0 (Windows NT 10.0; Win64; x64) AppleWebKit/537.36 (KHTML, like Gecko) Chrome/97.0.4692.71 Safari/537.36"

info: ::1 - - [08/Jan/2022:08:07:16 +0000] "GET / HTTP/1.1" 404 47 "-" "Mozilla/5.0 (Windows NT 10.0; Win64; x64) AppleWebKit/537.36 (KHTML, like Gecko) Chrome/97.0.4692.71 Safari/537.36"

info: ::1 - - [08/Jan/2022:08:07:17 +0000] "GET /images/icons/gear.png HTTP/1.1" 404 47 "-" "Mozilla/5.0 (Windows NT 10.0; Win64; x64) AppleWebKit/537.36 (KHTML, like Gecko) Chrome/97.0.4692.71 Safari/537.36"

info: ::1 - - [08/Jan/2022:08:07:17 +0000] "GET / HTTP/1.1" 404 47 "-" "Mozilla/5.0 (Windows NT 10.0; Win64; x64) AppleWebKit/537.36 (KHTML, like Gecko) Chrome/97.0.4692.71 Safari/537.36"

info: ::1 - - [08/Jan/2022:08:07:17 +0000] "GET /images/icons/gear.png HTTP/1.1" 404 47 "-" "Mozilla/5.0 (Windows NT 10.0; Win64; x64) AppleWebKit/537.36 (KHTML, like Gecko) Chrome/97.0.4692.71 Safari/537.36"

info: ::1 - - [08/Jan/2022:08:07:17 +0000] "GET / HTTP/1.1" 404 47 "-" "Mozilla/5.0 (Windows NT 10.0; Win64; x64) AppleWebKit/537.36 (KHTML, like Gecko) Chrome/97.0.4692.71 Safari/537.36"

info: ::1 - - [08/Jan/2022:08:07:17 +0000] "GET /images/icons/gear.png HTTP/1.1" 404 47 "-" "Mozilla/5.0 (Windows NT 10.0; Win64; x64) AppleWebKit/537.36 (KHTML, like Gecko) Chrome/97.0.4692.71 Safari/537.36"

info: ::1 - - [08/Jan/2022:08:07:17 +0000] "GET / HTTP/1.1" 404 47 "-" "Mozilla/5.0 (Windows NT 10.0; Win64; x64) AppleWebKit/537.36 (KHTML, like Gecko) Chrome/97.0.4692.71 Safari/537.36"

info: ::1 - - [08/Jan/2022:08:07:17 +0000] "GET /images/icons/gear.png HTTP/1.1" 404 47 "-" "Mozilla/5.0 (Windows NT 10.0; Win64; x64) AppleWebKit/537.36 (KHTML, like Gecko) Chrome/97.0.4692.71 Safari/537.36"

info: ::1 - - [08/Jan/2022:08:07:17 +0000] "GET / HTTP/1.1" 404 47 "-" "Mozilla/5.0 (Windows NT 10.0; Win64; x64) AppleWebKit/537.36 (KHTML, like Gecko) Chrome/97.0.4692.71 Safari/537.36"

info: ::1 - - [08/Jan/2022:08:07:17 +0000] "GET /images/icons/gear.png HTTP/1.1" 404 47 "-" "Mozilla/5.0 (Windows NT 10.0; Win64; x64) AppleWebKit/537.36 (KHTML, like Gecko) Chrome/97.0.4692.71 Safari/537.36"

info: ::1 - - [08/Jan/2022:08:07:17 +0000] "GET / HTTP/1.1" 404 47 "-" "Mozilla/5.0 (Windows NT 10.0; Win64; x64) AppleWebKit/537.36 (KHTML, like Gecko) Chrome/97.0.4692.71 Safari/537.36"

info: ::1 - - [08/Jan/2022:08:07:18 +0000] "GET /images/icons/gear.png HTTP/1.1" 404 47 "-" "Mozilla/5.0 (Windows NT 10.0; Win64; x64) AppleWebKit/537.36 (KHTML, like Gecko) Chrome/97.0.4692.71 Safari/537.36"

info: ::1 - - [08/Jan/2022:08:07:20 +0000] "GET / HTTP/1.1" 404 47 "-" "Mozilla/5.0 (Windows NT 10.0; Win64; x64) AppleWebKit/537.36 (KHTML, like Gecko) Chrome/97.0.4692.71 Safari/537.36"

info: ::1 - - [08/Jan/2022:08:07:20 +0000] "GET /images/icons/gear.png HTTP/1.1" 404 47 "-" "Mozilla/5.0 (Windows NT 10.0; Win64; x64) AppleWebKit/537.36 (KHTML, like Gecko) Chrome/97.0.4692.71 Safari/537.36"

info: ::1 - - [08/Jan/2022:08:07:20 +0000] "GET / HTTP/1.1" 404 47 "-" "Mozilla/5.0 (Windows NT 10.0; Win64; x64) AppleWebKit/537.36 (KHTML, like Gecko) Chrome/97.0.4692.71 Safari/537.36"

info: ::1 - - [08/Jan/2022:08:07:20 +0000] "GET /images/icons/gear.png HTTP/1.1" 404 47 "-" "Mozilla/5.0 (Windows NT 10.0; Win64; x64) AppleWebKit/537.36 (KHTML, like Gecko) Chrome/97.0.4692.71 Safari/537.36"

info: ::1 - - [08/Jan/2022:08:07:20 +0000] "GET / HTTP/1.1" 404 47 "-" "Mozilla/5.0 (Windows NT 10.0; Win64; x64) AppleWebKit/537.36 (KHTML, like Gecko) Chrome/97.0.4692.71 Safari/537.36"

info: ::1 - - [08/Jan/2022:08:07:20 +0000] "GET /images/icons/gear.png HTTP/1.1" 404 47 "-" "Mozilla/5.0 (Windows NT 10.0; Win64; x64) AppleWebKit/537.36 (KHTML, like Gecko) Chrome/97.0.4692.71 Safari/537.36"

info: ::1 - - [08/Jan/2022:08:08:55 +0000] "GET /api/v1 HTTP/1.1" 200 9 "-" "Mozilla/5.0 (Windows NT 10.0; Win64; x64) AppleWebKit/537.36 (KHTML, like Gecko) Chrome/97.0.4692.71 Safari/537.36"

info: ::1 - - [08/Jan/2022:08:08:55 +0000] "GET /images/icons/gear.png HTTP/1.1" 404 47 "-" "Mozilla/5.0 (Windows NT 10.0; Win64; x64) AppleWebKit/537.36 (KHTML, like Gecko) Chrome/97.0.4692.71 Safari/537.36"

info: ::1 - - [09/Jan/2022:12:17:01 +0000] "GET /api/v1/ HTTP/1.1" 200 9 "-" "Mozilla/5.0 (Windows NT 10.0; Win64; x64) AppleWebKit/537.36 (KHTML, like Gecko) Chrome/97.0.4692.71 Safari/537.36"

info: ::1 - - [09/Jan/2022:12:17:02 +0000] "GET /favicon.ico HTTP/1.1" 404 47 "-" "Mozilla/5.0 (Windows NT 10.0; Win64; x64) AppleWebKit/537.36 (KHTML, like Gecko) Chrome/97.0.4692.71 Safari/537.36"

info: ::1 - - [09/Jan/2022:12:17:03 +0000] "GET /images/icons/gear.png HTTP/1.1" 404 47 "-" "Mozilla/5.0 (Windows NT 10.0; Win64; x64) AppleWebKit/537.36 (KHTML, like Gecko) Chrome/97.0.4692.71 Safari/537.36"

info: ::1 - - [09/Jan/2022:12:17:20 +0000] "GET /api/v1/%20 HTTP/1.1" 404 47 "-" "PostmanRuntime/7.28.4"

info: ::1 - - [09/Jan/2022:12:17:36 +0000] "GET /api/v1/%20 HTTP/1.1" 404 47 "-" "PostmanRuntime/7.28.4"

info: ::1 - - [09/Jan/2022:12:21:05 +0000] "GET /api/v1/ HTTP/1.1" 200 9 "-" "PostmanRuntime/7.28.4"

info: ::1 - - [09/Jan/2022:12:54:28 +0000] "GET /api/v1/ HTTP/1.1" 200 9 "-" "PostmanRuntime/7.28.4"

info: ::1 - - [09/Jan/2022:12:54:39 +0000] "POST /api/v1/ HTTP/1.1" 404 47 "-" "PostmanRuntime/7.28.4"

info: ::1 - - [09/Jan/2022:12:55:03 +0000] "POST /api/v1/register HTTP/1.1" 500 97 "-" "PostmanRuntime/7.28.4"

info: ::1 - - [09/Jan/2022:12:55:16 +0000] "POST /api/v1/register HTTP/1.1" 500 62 "-" "PostmanRuntime/7.28.4"

info: ::1 - - [09/Jan/2022:12:56:44 +0000] "POST /api/v1/register HTTP/1.1" 201 267 "-" "PostmanRuntime/7.28.4"

info: ::1 - - [09/Jan/2022:12:57:19 +0000] "POST /api/v1/register HTTP/1.1" 201 268 "-" "PostmanRuntime/7.28.4"

info: ::1 - - [09/Jan/2022:13:00:25 +0000] "POST /api/v1/register HTTP/1.1" 500 61 "-" "PostmanRuntime/7.28.4"

info: ::1 - - [09/Jan/2022:13:00:33 +0000] "POST /api/v1/register HTTP/1.1" 201 269 "-" "PostmanRuntime/7.28.4"

info: ::1 - - [09/Jan/2022:13:33:21 +0000] "POST /api/v1/registerlogin HTTP/1.1" 404 47 "-" "PostmanRuntime/7.28.4"

info: ::1 - - [09/Jan/2022:13:33:51 +0000] "POST /api/v1/registerlogin HTTP/1.1" 404 47 "-" "PostmanRuntime/7.28.4"

info: ::ffff:127.0.0.1 - - [09/Jan/2022:13:34:24 +0000] "POST /api/v1/registerlogin HTTP/1.1" 404 47 "-" "PostmanRuntime/7.28.4"

info: ::1 - - [09/Jan/2022:13:35:45 +0000] "POST /api/v1/registerlogin HTTP/1.1" 404 47 "-" "PostmanRuntime/7.28.4"

info: ::1 - - [09/Jan/2022:13:36:25 +0000] "POST /api/v1/registerlogin HTTP/1.1" 404 47 "-" "PostmanRuntime/7.28.4"

info: ::1 - - [09/Jan/2022:13:37:33 +0000] "POST /api/v1/registerlogin HTTP/1.1" 404 47 "-" "PostmanRuntime/7.28.4"

info: ::1 - - [09/Jan/2022:13:37:50 +0000] "POST /api/v1/register/login HTTP/1.1" 200 58 "-" "PostmanRuntime/7.28.4"

info: ::ffff:127.0.0.1 - - [09/Jan/2022:13:38:54 +0000] "POST /api/v1/register/login HTTP/1.1" 200 46 "-" "PostmanRuntime/7.28.4"

info: ::1 - - [09/Jan/2022:13:39:01 +0000] "POST /api/v1/register/login HTTP/1.1" 200 46 "-" "PostmanRuntime/7.28.4"

info: ::1 - - [09/Jan/2022:13:39:05 +0000] "POST /api/v1/register/login HTTP/1.1" 200 46 "-" "PostmanRuntime/7.28.4"

info: ::1 - - [09/Jan/2022:13:39:06 +0000] "POST /api/v1/register/login HTTP/1.1" 200 46 "-" "PostmanRuntime/7.28.4"

info: ::1 - - [09/Jan/2022:13:39:09 +0000] "POST /api/v1/register/login HTTP/1.1" 200 46 "-" "PostmanRuntime/7.28.4"

info: ::1 - - [09/Jan/2022:13:39:09 +0000] "POST /api/v1/register/login HTTP/1.1" 200 46 "-" "PostmanRuntime/7.28.4"

info: ::ffff:127.0.0.1 - - [09/Jan/2022:13:40:13 +0000] "POST /api/v1/register/login HTTP/1.1" 200 70 "-" "PostmanRuntime/7.28.4"

info: ::1 - - [09/Jan/2022:13:42:37 +0000] "POST /api/v1/register/login HTTP/1.1" 200 70 "-" "PostmanRuntime/7.28.4"

info: ::ffff:127.0.0.1 - - [09/Jan/2022:13:43:31 +0000] "POST /api/v1/register/login HTTP/1.1" 200 265 "-" "PostmanRuntime/7.28.4"

info: ::ffff:127.0.0.1 - - [09/Jan/2022:13:44:01 +0000] "POST /api/v1/register/login HTTP/1.1" 200 265 "-" "PostmanRuntime/7.28.4"

info: ::1 - - [09/Jan/2022:13:44:50 +0000] "POST /api/v1/register/login HTTP/1.1" 200 265 "-" "PostmanRuntime/7.28.4"

info: ::1 - - [09/Jan/2022:13:45:11 +0000] "POST /api/v1/register/login HTTP/1.1" 200 264 "-" "PostmanRuntime/7.28.4"

info: ::1 - - [09/Jan/2022:13:45:27 +0000] "POST /api/v1/register/login HTTP/1.1" 200 58 "-" "PostmanRuntime/7.28.4"

info: ::1 - - [09/Jan/2022:13:51:55 +0000] "POST /api/v1/register/login HTTP/1.1" 200 46 "-" "PostmanRuntime/7.28.4"

info: ::1 - - [09/Jan/2022:13:51:59 +0000] "POST /api/v1/register/login HTTP/1.1" 200 46 "-" "PostmanRuntime/7.28.4"

info: ::1 - - [09/Jan/2022:13:52:08 +0000] "POST /api/v1/register/login HTTP/1.1" 200 265 "-" "PostmanRuntime/7.28.4"

info: ::1 - - [09/Jan/2022:13:53:26 +0000] "POST /api/v1/register/login HTTP/1.1" 200 265 "-" "PostmanRuntime/7.28.4"

info: ::ffff:127.0.0.1 - - [09/Jan/2022:13:54:11 +0000] "POST /api/v1/register/login HTTP/1.1" 200 265 "-" "PostmanRuntime/7.28.4"

info: ::1 - - [09/Jan/2022:13:54:22 +0000] "POST /api/v1/register/login HTTP/1.1" 200 265 "-" "PostmanRuntime/7.28.4"

info: ::1 - - [09/Jan/2022:13:54:32 +0000] "POST /api/v1/register/login HTTP/1.1" 200 265 "-" "PostmanRuntime/7.28.4"

info: ::1 - - [09/Jan/2022:13:54:44 +0000] "POST /api/v1/register/login HTTP/1.1" 200 46 "-" "PostmanRuntime/7.28.4"

info: ::1 - - [09/Jan/2022:13:54:53 +0000] "POST /api/v1/register/login HTTP/1.1" 200 46 "-" "PostmanRuntime/7.28.4"

info: ::1 - - [09/Jan/2022:13:55:49 +0000] "POST /api/v1/register/login HTTP/1.1" 200 46 "-" "PostmanRuntime/7.28.4"

info: ::1 - - [09/Jan/2022:13:55:55 +0000] "POST /api/v1/register/login HTTP/1.1" 200 46 "-" "PostmanRuntime/7.28.4"

info: ::1 - - [09/Jan/2022:13:56:37 +0000] "POST /api/v1/register/login HTTP/1.1" 200 46 "-" "PostmanRuntime/7.28.4"

info: ::ffff:127.0.0.1 - - [09/Jan/2022:13:58:04 +0000] "POST /api/v1/register/login HTTP/1.1" 200 46 "-" "PostmanRuntime/7.28.4"

info: ::1 - - [09/Jan/2022:13:58:09 +0000] "POST /api/v1/register/login HTTP/1.1" 200 46 "-" "PostmanRuntime/7.28.4"

info: ::1 - - [09/Jan/2022:13:58:40 +0000] "POST /api/v1/register/login HTTP/1.1" 200 2 "-" "PostmanRuntime/7.28.4"

info: ::1 - - [09/Jan/2022:13:58:45 +0000] "POST /api/v1/register/login HTTP/1.1" 200 2 "-" "PostmanRuntime/7.28.4"

info: ::1 - - [09/Jan/2022:13:59:19 +0000] "POST /api/v1/register/login HTTP/1.1" 200 2 "-" "PostmanRuntime/7.28.4"

info: ::1 - - [09/Jan/2022:13:59:29 +0000] "POST /api/v1/register/login HTTP/1.1" 200 2 "-" "PostmanRuntime/7.28.4"

info: ::1 - - [09/Jan/2022:14:00:13 +0000] "POST /api/v1/register/login HTTP/1.1" 200 58 "-" "PostmanRuntime/7.28.4"

info: ::ffff:127.0.0.1 - - [09/Jan/2022:14:00:48 +0000] "POST /api/v1/register/login HTTP/1.1" 200 58 "-" "PostmanRuntime/7.28.4"

info: ::ffff:127.0.0.1 - - [09/Jan/2022:14:03:27 +0000] "POST /api/v1/register/login HTTP/1.1" 200 58 "-" "PostmanRuntime/7.28.4"

info: ::1 - - [09/Jan/2022:14:03:48 +0000] "POST /api/v1/register/login HTTP/1.1" 200 58 "-" "PostmanRuntime/7.28.4"

info: ::1 - - [09/Jan/2022:14:50:44 +0000] "GET /api/v1/%20 HTTP/1.1" 404 47 "-" "PostmanRuntime/7.28.4"

info: ::1 - - [09/Jan/2022:14:56:52 +0000] "GET / HTTP/1.1" 404 47 "-" "PostmanRuntime/7.28.4"

info: ::1 - - [09/Jan/2022:14:56:59 +0000] "GET /api/ HTTP/1.1" 404 47 "-" "PostmanRuntime/7.28.4"

info: ::1 - - [09/Jan/2022:14:57:17 +0000] "GET /api/v1/ HTTP/1.1" 200 9 "-" "PostmanRuntime/7.28.4"

info: ::1 - - [09/Jan/2022:14:58:49 +0000] "GET /api/v1/register/ HTTP/1.1" 404 47 "-" "PostmanRuntime/7.28.4"

info: ::1 - - [09/Jan/2022:14:58:58 +0000] "POST /api/v1/register/ HTTP/1.1" 201 266 "-" "PostmanRuntime/7.28.4"

info: ::1 - - [09/Jan/2022:14:59:43 +0000] "POST /api/v1/register/login HTTP/1.1" 200 262 "-" "PostmanRuntime/7.28.4"

info: ::ffff:127.0.0.1 - - [09/Jan/2022:15:00:13 +0000] "POST /api/v1/register/login HTTP/1.1" 200 62 "-" "PostmanRuntime/7.28.4"

info: ::1 - - [09/Jan/2022:15:00:21 +0000] "POST /api/v1/register/login HTTP/1.1" 200 2 "-" "PostmanRuntime/7.28.4"

info: ::1 - - [09/Jan/2022:15:00:44 +0000] "POST /api/v1/register/login HTTP/1.1" 200 62 "-" "PostmanRuntime/7.28.4"

info: ::1 - - [09/Jan/2022:15:06:27 +0000] "POST /api/v1/register/login HTTP/1.1" 200 62 "-" "PostmanRuntime/7.28.4"

info: ::1 - - [09/Jan/2022:15:06:48 +0000] "POST /api/v1/register/login HTTP/1.1" 200 2 "-" "PostmanRuntime/7.28.4"

info: ::ffff:127.0.0.1 - - [09/Jan/2022:15:07:29 +0000] "POST /api/v1/register/login HTTP/1.1" 200 2 "-" "PostmanRuntime/7.28.4"

info: ::ffff:127.0.0.1 - - [09/Jan/2022:15:08:11 +0000] "POST /api/v1/register/login HTTP/1.1" 200 2 "-" "PostmanRuntime/7.28.4"

info: ::1 - - [09/Jan/2022:15:09:13 +0000] "POST /api/v1/register/login HTTP/1.1" 200 2 "-" "PostmanRuntime/7.28.4"

info: ::1 - - [09/Jan/2022:15:09:15 +0000] "POST /api/v1/register/login HTTP/1.1" 200 2 "-" "PostmanRuntime/7.28.4"

info: ::1 - - [09/Jan/2022:15:09:36 +0000] "POST /api/v1/register/login HTTP/1.1" 200 62 "-" "PostmanRuntime/7.28.4"

info: ::1 - - [09/Jan/2022:15:09:42 +0000] "POST /api/v1/register/login HTTP/1.1" 200 2 "-" "PostmanRuntime/7.28.4"

info: ::1 - - [09/Jan/2022:15:11:24 +0000] "POST /api/v1/register/login HTTP/1.1" 200 2 "-" "PostmanRuntime/7.28.4"

info: ::ffff:127.0.0.1 - - [09/Jan/2022:15:15:43 +0000] "POST /api/v1/register/login HTTP/1.1" - - "-" "PostmanRuntime/7.28.4"

info: ::ffff:127.0.0.1 - - [09/Jan/2022:15:16:23 +0000] "POST /api/v1/register/login HTTP/1.1" 500 71 "-" "PostmanRuntime/7.28.4"

info: ::1 - - [09/Jan/2022:15:16:37 +0000] "POST /api/v1/register/login HTTP/1.1" 500 71 "-" "PostmanRuntime/7.28.4"

info: ::1 - - [09/Jan/2022:15:17:01 +0000] "POST /api/v1/register/login HTTP/1.1" 500 71 "-" "PostmanRuntime/7.28.4"

info: ::1 - - [09/Jan/2022:15:17:05 +0000] "POST /api/v1/register/login HTTP/1.1" 500 71 "-" "PostmanRuntime/7.28.4"

info: ::1 - - [09/Jan/2022:15:20:17 +0000] "POST /api/v1/register/login HTTP/1.1" 500 71 "-" "PostmanRuntime/7.28.4"

info: ::1 - - [09/Jan/2022:15:20:33 +0000] "POST /api/v1/register/login HTTP/1.1" 500 71 "-" "PostmanRuntime/7.28.4"

info: ::1 - - [09/Jan/2022:15:20:44 +0000] "POST /api/v1/register/login HTTP/1.1" 500 71 "-" "PostmanRuntime/7.28.4"

info: ::1 - - [09/Jan/2022:15:21:23 +0000] "POST /api/v1/register/login HTTP/1.1" 200 62 "-" "PostmanRuntime/7.28.4"

info: ::1 - - [09/Jan/2022:15:21:34 +0000] "POST /api/v1/register/login HTTP/1.1" 500 71 "-" "PostmanRuntime/7.28.4"

info: ::ffff:127.0.0.1 - - [09/Jan/2022:15:53:57 +0000] "POST /api/v1/register HTTP/1.1" 500 64 "-" "PostmanRuntime/7.28.4"

info: ::ffff:127.0.0.1 - - [09/Jan/2022:15:54:14 +0000] "POST /api/v1/register HTTP/1.1" 201 264 "-" "PostmanRuntime/7.28.4"

info: ::1 - - [09/Jan/2022:15:54:54 +0000] "POST /api/v1/register HTTP/1.1" 500 61 "-" "PostmanRuntime/7.28.4"

info: ::1 - - [09/Jan/2022:15:55:03 +0000] "POST /api/v1/register HTTP/1.1" 201 319 "-" "PostmanRuntime/7.28.4"

info: ::1 - - [09/Jan/2022:16:05:42 +0000] "POST /api/v1/register/login HTTP/1.1" 200 62 "-" "PostmanRuntime/7.28.4"

info: ::1 - - [09/Jan/2022:16:07:19 +0000] "POST /api/v1/register/login HTTP/1.1" 500 45 "-" "PostmanRuntime/7.28.4"

info: ::1 - - [09/Jan/2022:16:07:26 +0000] "POST /api/v1/register HTTP/1.1" 201 319 "-" "PostmanRuntime/7.28.4"

info: ::1 - - [09/Jan/2022:16:07:56 +0000] "POST /api/v1/register/login HTTP/1.1" 200 62 "-" "PostmanRuntime/7.28.4"

info: ::1 - - [09/Jan/2022:16:12:50 +0000] "POST /api/v1/register/login HTTP/1.1" 500 45 "-" "PostmanRuntime/7.28.4"

info: ::1 - - [09/Jan/2022:16:12:57 +0000] "POST /api/v1/register HTTP/1.1" 500 90 "-" "PostmanRuntime/7.28.4"

info: ::1 - - [09/Jan/2022:16:13:12 +0000] "POST /api/v1/register HTTP/1.1" 201 317 "-" "PostmanRuntime/7.28.4"

info: ::1 - - [09/Jan/2022:16:14:06 +0000] "POST /api/v1/register HTTP/1.1" 201 318 "-" "PostmanRuntime/7.28.4"

info: ::1 - - [09/Jan/2022:16:21:14 +0000] "POST /api/v1/register/login HTTP/1.1" 500 45 "-" "PostmanRuntime/7.28.4"

info: ::1 - - [09/Jan/2022:16:21:37 +0000] "POST /api/v1/register/login HTTP/1.1" 500 45 "-" "PostmanRuntime/7.28.4"

info: ::1 - - [09/Jan/2022:16:24:17 +0000] "POST /api/v1/register/login HTTP/1.1" 500 45 "-" "PostmanRuntime/7.28.4"

info: ::1 - - [09/Jan/2022:16:24:29 +0000] "POST /api/v1/register HTTP/1.1" 201 338 "-" "PostmanRuntime/7.28.4"

info: ::1 - - [09/Jan/2022:16:24:54 +0000] "POST /api/v1/register/login HTTP/1.1" 200 62 "-" "PostmanRuntime/7.28.4"

info: ::1 - - [09/Jan/2022:16:25:02 +0000] "POST /api/v1/register/login HTTP/1.1" 500 45 "-" "PostmanRuntime/7.28.4"

info: ::1 - - [09/Jan/2022:16:26:28 +0000] "POST /api/v1/register/login HTTP/1.1" 500 45 "-" "PostmanRuntime/7.28.4"

info: ::1 - - [09/Jan/2022:16:26:45 +0000] "POST /api/v1/register/login HTTP/1.1" 500 45 "-" "PostmanRuntime/7.28.4"

info: ::1 - - [09/Jan/2022:16:26:46 +0000] "POST /api/v1/register/login HTTP/1.1" 500 45 "-" "PostmanRuntime/7.28.4"

info: ::1 - - [09/Jan/2022:16:27:42 +0000] "POST /api/v1/register/login HTTP/1.1" 500 45 "-" "PostmanRuntime/7.28.4"

info: ::1 - - [09/Jan/2022:16:27:47 +0000] "POST /api/v1/register/ HTTP/1.1" 201 320 "-" "PostmanRuntime/7.28.4"

info: ::1 - - [09/Jan/2022:16:28:04 +0000] "POST /api/v1/register/login HTTP/1.1" 500 45 "-" "PostmanRuntime/7.28.4"

info: ::ffff:127.0.0.1 - - [09/Jan/2022:16:28:32 +0000] "POST /api/v1/register/login HTTP/1.1" 500 45 "-" "PostmanRuntime/7.28.4"

info: ::1 - - [09/Jan/2022:16:28:40 +0000] "POST /api/v1/register/login HTTP/1.1" 500 45 "-" "PostmanRuntime/7.28.4"

info: ::1 - - [09/Jan/2022:16:28:43 +0000] "POST /api/v1/register/login HTTP/1.1" 500 45 "-" "PostmanRuntime/7.28.4"

info: ::1 - - [09/Jan/2022:16:30:50 +0000] "POST /api/v1/register/login HTTP/1.1" 500 45 "-" "PostmanRuntime/7.28.4"

info: ::ffff:127.0.0.1 - - [09/Jan/2022:16:31:37 +0000] "POST /api/v1/register/login HTTP/1.1" 200 73 "-" "PostmanRuntime/7.28.4"

info: ::1 - - [09/Jan/2022:16:31:47 +0000] "POST /api/v1/register/login HTTP/1.1" 200 73 "-" "PostmanRuntime/7.28.4"

info: ::1 - - [09/Jan/2022:16:31:55 +0000] "POST /api/v1/register/login HTTP/1.1" 200 73 "-" "PostmanRuntime/7.28.4"

info: ::ffff:127.0.0.1 - - [09/Jan/2022:16:32:27 +0000] "POST /api/v1/register/login HTTP/1.1" 200 71 "-" "PostmanRuntime/7.28.4"

info: ::ffff:127.0.0.1 - - [09/Jan/2022:16:33:20 +0000] "POST /api/v1/register/login HTTP/1.1" 500 45 "-" "PostmanRuntime/7.28.4"

info: ::1 - - [09/Jan/2022:16:37:41 +0000] "POST /api/v1/register/login HTTP/1.1" 500 47 "-" "PostmanRuntime/7.28.4"

info: ::1 - - [09/Jan/2022:16:37:51 +0000] "POST /api/v1/register/login HTTP/1.1" 200 73 "-" "PostmanRuntime/7.28.4"

info: ::1 - - [09/Jan/2022:16:38:05 +0000] "POST /api/v1/register/login HTTP/1.1" 500 47 "-" "PostmanRuntime/7.28.4"

info: ::1 - - [09/Jan/2022:16:38:19 +0000] "POST /api/v1/register/login HTTP/1.1" 500 47 "-" "PostmanRuntime/7.28.4"

info: ::1 - - [09/Jan/2022:16:58:44 +0000] "POST /api/v1/register/login HTTP/1.1" 500 47 "-" "PostmanRuntime/7.28.4"

info: ::1 - - [09/Jan/2022:16:58:58 +0000] "POST /api/v1/register/login HTTP/1.1" 200 73 "-" "PostmanRuntime/7.28.4"

info: ::1 - - [09/Jan/2022:16:59:04 +0000] "POST /api/v1/register/login HTTP/1.1" 500 47 "-" "PostmanRuntime/7.28.4"

info: ::ffff:127.0.0.1 - - [09/Jan/2022:17:01:23 +0000] "POST /api/v1/register/login HTTP/1.1" 500 37 "-" "PostmanRuntime/7.28.4"

info: ::1 - - [09/Jan/2022:17:16:33 +0000] "POST /api/v1/register/login HTTP/1.1" 500 47 "-" "PostmanRuntime/7.28.4"

info: ::1 - - [09/Jan/2022:17:16:42 +0000] "POST /api/v1/register/login HTTP/1.1" 200 73 "-" "PostmanRuntime/7.28.4"

info: ::1 - - [09/Jan/2022:17:17:22 +0000] "POST /api/v1/register/login HTTP/1.1" 200 197 "-" "PostmanRuntime/7.28.4"

info: ::1 - - [11/Jan/2022:14:59:42 +0000] "POST /api/v1/register/addnote HTTP/1.1" 200 288 "-" "PostmanRuntime/7.28.4"

info: ::1 - - [11/Jan/2022:16:27:47 +0000] "POST /api/v1/register/addnote HTTP/1.1" 400 56 "-" "PostmanRuntime/7.28.4"

info: ::1 - - [11/Jan/2022:16:27:55 +0000] "POST /api/v1/register/addnote HTTP/1.1" 200 289 "-" "PostmanRuntime/7.28.4"

info: ::1 - - [11/Jan/2022:16:28:00 +0000] "POST /api/v1/register/addnote HTTP/1.1" 500 48 "-" "PostmanRuntime/7.28.4"

info: ::1 - - [11/Jan/2022:16:30:17 +0000] "POST /api/v1/register/addnote HTTP/1.1" 200 289 "-" "PostmanRuntime/7.28.4"

info: ::1 - - [11/Jan/2022:16:30:25 +0000] "POST /api/v1/register/addnote HTTP/1.1" 200 289 "-" "PostmanRuntime/7.28.4"

info: ::ffff:127.0.0.1 - - [11/Jan/2022:16:31:41 +0000] "POST /api/v1/register/addnote HTTP/1.1" 200 289 "-" "PostmanRuntime/7.28.4"

info: ::ffff:127.0.0.1 - - [11/Jan/2022:16:32:50 +0000] "POST /api/v1/register/addnote HTTP/1.1" 500 48 "-" "PostmanRuntime/7.28.4"

info: ::ffff:127.0.0.1 - - [11/Jan/2022:16:33:49 +0000] "POST /api/v1/register/addnote HTTP/1.1" 200 289 "-" "PostmanRuntime/7.28.4"

info: ::ffff:127.0.0.1 - - [11/Jan/2022:16:34:46 +0000] "POST /api/v1/register/addnote HTTP/1.1" 200 289 "-" "PostmanRuntime/7.28.4"

info: ::ffff:127.0.0.1 - - [11/Jan/2022:16:41:46 +0000] "POST /api/v1/register/addnote HTTP/1.1" 200 289 "-" "PostmanRuntime/7.28.4"

info: ::1 - - [11/Jan/2022:16:42:40 +0000] "POST /api/v1/register/addnote HTTP/1.1" 200 289 "-" "PostmanRuntime/7.28.4"

info: ::ffff:127.0.0.1 - - [11/Jan/2022:16:49:48 +0000] "POST /api/v1/register/addnote HTTP/1.1" 200 289 "-" "PostmanRuntime/7.28.4"

info: ::1 - - [11/Jan/2022:16:52:17 +0000] "POST /api/v1/register/addnote HTTP/1.1" 200 289 "-" "PostmanRuntime/7.28.4"

info: ::ffff:127.0.0.1 - - [11/Jan/2022:16:53:03 +0000] "POST /api/v1/register/addnote HTTP/1.1" 200 289 "-" "PostmanRuntime/7.28.4"

info: ::ffff:127.0.0.1 - - [11/Jan/2022:17:03:00 +0000] "POST /api/v1/register/addnote HTTP/1.1" 200 289 "-" "PostmanRuntime/7.28.4"

info: ::1 - - [11/Jan/2022:17:40:05 +0000] "POST /api/v1/register/addnote HTTP/1.1" 200 289 "-" "PostmanRuntime/7.28.4"

info: ::ffff:127.0.0.1 - - [11/Jan/2022:17:48:30 +0000] "POST /api/v1/register/addnote HTTP/1.1" 200 289 "-" "PostmanRuntime/7.28.4"

info: ::1 - - [11/Jan/2022:17:48:37 +0000] "POST /api/v1/register/addnote HTTP/1.1" 400 54 "-" "PostmanRuntime/7.28.4"

info: ::1 - - [11/Jan/2022:17:48:48 +0000] "POST /api/v1/register/addnote HTTP/1.1" 400 56 "-" "PostmanRuntime/7.28.4"

info: ::1 - - [11/Jan/2022:17:48:59 +0000] "POST /api/v1/register/addnote HTTP/1.1" 400 54 "-" "PostmanRuntime/7.28.4"

info: ::1 - - [11/Jan/2022:17:49:04 +0000] "POST /api/v1/register/addnote HTTP/1.1" 500 75 "-" "PostmanRuntime/7.28.4"

info: ::1 - - [11/Jan/2022:17:49:15 +0000] "POST /api/v1/register/addnote HTTP/1.1" 200 289 "-" "PostmanRuntime/7.28.4"

info: ::1 - - [11/Jan/2022:17:50:48 +0000] "POST /api/v1/register/addnote HTTP/1.1" 200 289 "-" "PostmanRuntime/7.28.4"

info: ::1 - - [11/Jan/2022:17:53:42 +0000] "POST /api/v1/register/addnote HTTP/1.1" 200 289 "-" "PostmanRuntime/7.28.4"

info: ::1 - - [11/Jan/2022:17:53:54 +0000] "POST /api/v1/register/addnote HTTP/1.1" 500 75 "-" "PostmanRuntime/7.28.4"

info: ::1 - - [11/Jan/2022:17:53:59 +0000] "POST /api/v1/register/addnote HTTP/1.1" 200 289 "-" "PostmanRuntime/7.28.4"

info: ::1 - - [11/Jan/2022:17:54:01 +0000] "POST /api/v1/register/addnote HTTP/1.1" 500 75 "-" "PostmanRuntime/7.28.4"

info: ::1 - - [11/Jan/2022:17:54:02 +0000] "POST /api/v1/register/addnote HTTP/1.1" 200 289 "-" "PostmanRuntime/7.28.4"

info: ::1 - - [11/Jan/2022:17:56:04 +0000] "POST /api/v1/register/addnote HTTP/1.1" 200 289 "-" "PostmanRuntime/7.28.4"

info: ::1 - - [11/Jan/2022:17:57:02 +0000] "POST /api/v1/register/addnote HTTP/1.1" 200 289 "-" "PostmanRuntime/7.28.4"

info: ::ffff:127.0.0.1 - - [11/Jan/2022:17:58:15 +0000] "POST /api/v1/register/addnote HTTP/1.1" 200 289 "-" "PostmanRuntime/7.28.4"

info: ::1 - - [11/Jan/2022:18:01:08 +0000] "POST /api/v1/register/login HTTP/1.1" 500 71 "-" "PostmanRuntime/7.28.4"

info: ::1 - - [11/Jan/2022:18:01:46 +0000] "POST /api/v1/register/register HTTP/1.1" 404 47 "-" "PostmanRuntime/7.28.4"

info: ::1 - - [11/Jan/2022:18:01:56 +0000] "POST /api/v1/register HTTP/1.1" 201 319 "-" "PostmanRuntime/7.28.4"

info: ::1 - - [11/Jan/2022:18:02:12 +0000] "POST /api/v1/register/login HTTP/1.1" 200 217 "-" "PostmanRuntime/7.28.4"

info: ::ffff:127.0.0.1 - - [11/Jan/2022:18:03:13 +0000] "POST /api/v1/register/login HTTP/1.1" 200 241 "-" "PostmanRuntime/7.28.4"

info: ::1 - - [11/Jan/2022:18:05:06 +0000] "POST /api/v1/register/addnote HTTP/1.1" 200 324 "-" "PostmanRuntime/7.28.4"

info: ::1 - - [11/Jan/2022:18:10:20 +0000] "POST /api/v1/register/addnote HTTP/1.1" 500 56 "-" "PostmanRuntime/7.28.4"

info: ::1 - - [11/Jan/2022:18:10:58 +0000] "POST /api/v1/register/addnote HTTP/1.1" 500 56 "-" "PostmanRuntime/7.28.4"

info: ::ffff:127.0.0.1 - - [11/Jan/2022:18:11:27 +0000] "POST /api/v1/register/addnote HTTP/1.1" 500 56 "-" "PostmanRuntime/7.28.4"

info: ::1 - - [11/Jan/2022:18:11:29 +0000] "POST /api/v1/register/addnote HTTP/1.1" 500 56 "-" "PostmanRuntime/7.28.4"

info: ::1 - - [11/Jan/2022:18:11:30 +0000] "POST /api/v1/register/addnote HTTP/1.1" 500 56 "-" "PostmanRuntime/7.28.4"

info: ::1 - - [11/Jan/2022:18:11:31 +0000] "POST /api/v1/register/addnote HTTP/1.1" 500 56 "-" "PostmanRuntime/7.28.4"

info: ::1 - - [11/Jan/2022:18:12:48 +0000] "POST /api/v1/register/addnote HTTP/1.1" 200 288 "-" "PostmanRuntime/7.28.4"

info: ::1 - - [11/Jan/2022:18:13:38 +0000] "POST /api/v1/register/addnote HTTP/1.1" 200 288 "-" "PostmanRuntime/7.28.4"

info: ::1 - - [11/Jan/2022:18:14:35 +0000] "POST /api/v1/register/addnote HTTP/1.1" 200 288 "-" "PostmanRuntime/7.28.4"

info: ::1 - - [11/Jan/2022:18:14:42 +0000] "POST /api/v1/register/addnote HTTP/1.1" 500 75 "-" "PostmanRuntime/7.28.4"

info: ::ffff:127.0.0.1 - - [11/Jan/2022:18:15:26 +0000] "POST /api/v1/register/addnote HTTP/1.1" 200 324 "-" "PostmanRuntime/7.28.4"

info: ::1 - - [11/Jan/2022:18:17:00 +0000] "POST /api/v1/register/addnote HTTP/1.1" 500 75 "-" "PostmanRuntime/7.28.4"

info: ::1 - - [11/Jan/2022:18:17:07 +0000] "POST /api/v1/register/addnote HTTP/1.1" 200 325 "-" "PostmanRuntime/7.28.4"

info: ::1 - - [11/Jan/2022:18:17:21 +0000] "POST /api/v1/register/addnote HTTP/1.1" 500 75 "-" "PostmanRuntime/7.28.4"

info: ::1 - - [11/Jan/2022:18:17:26 +0000] "POST /api/v1/register/addnote HTTP/1.1" 200 324 "-" "PostmanRuntime/7.28.4"

info: ::1 - - [11/Jan/2022:18:17:41 +0000] "POST /api/v1/register/addnote HTTP/1.1" 500 75 "-" "PostmanRuntime/7.28.4"

info: ::1 - - [11/Jan/2022:18:17:46 +0000] "POST /api/v1/register/addnote HTTP/1.1" 500 75 "-" "PostmanRuntime/7.28.4"

info: ::1 - - [11/Jan/2022:18:17:54 +0000] "POST /api/v1/register/addnote HTTP/1.1" 200 324 "-" "PostmanRuntime/7.28.4"

info: ::1 - - [11/Jan/2022:18:18:13 +0000] "POST /api/v1/register/addnote HTTP/1.1" 500 75 "-" "PostmanRuntime/7.28.4"

info: ::1 - - [11/Jan/2022:18:18:19 +0000] "POST /api/v1/register/addnote HTTP/1.1" 500 75 "-" "PostmanRuntime/7.28.4"

info: ::1 - - [11/Jan/2022:18:18:44 +0000] "POST /api/v1/register/addnote HTTP/1.1" 200 323 "-" "PostmanRuntime/7.28.4"

info: ::1 - - [11/Jan/2022:18:19:02 +0000] "POST /api/v1/register/addnote HTTP/1.1" 500 75 "-" "PostmanRuntime/7.28.4"

info: ::1 - - [11/Jan/2022:18:19:19 +0000] "POST /api/v1/register/addnote HTTP/1.1" 200 324 "-" "PostmanRuntime/7.28.4"

info: ::1 - - [11/Jan/2022:18:19:29 +0000] "POST /api/v1/register/addnote HTTP/1.1" 500 75 "-" "PostmanRuntime/7.28.4"

info: ::1 - - [11/Jan/2022:18:20:12 +0000] "POST /api/v1/register/addnote HTTP/1.1" 500 75 "-" "PostmanRuntime/7.28.4"

info: ::1 - - [11/Jan/2022:18:20:13 +0000] "POST /api/v1/register/addnote HTTP/1.1" 500 75 "-" "PostmanRuntime/7.28.4"

info: ::1 - - [11/Jan/2022:18:20:15 +0000] "POST /api/v1/register/addnote HTTP/1.1" 500 75 "-" "PostmanRuntime/7.28.4"

info: ::1 - - [11/Jan/2022:18:20:15 +0000] "POST /api/v1/register/addnote HTTP/1.1" 500 75 "-" "PostmanRuntime/7.28.4"

info: ::1 - - [11/Jan/2022:18:20:15 +0000] "POST /api/v1/register/addnote HTTP/1.1" 500 75 "-" "PostmanRuntime/7.28.4"

info: ::1 - - [11/Jan/2022:18:20:25 +0000] "POST /api/v1/register/addnote HTTP/1.1" 500 75 "-" "PostmanRuntime/7.28.4"

info: ::ffff:127.0.0.1 - - [11/Jan/2022:18:21:21 +0000] "POST /api/v1/register/addnote HTTP/1.1" 500 75 "-" "PostmanRuntime/7.28.4"

info: ::1 - - [11/Jan/2022:18:21:51 +0000] "POST /api/v1/register/addnote HTTP/1.1" 200 325 "-" "PostmanRuntime/7.28.4"

info: ::1 - - [11/Jan/2022:18:22:07 +0000] "POST /api/v1/register/addnote HTTP/1.1" 500 75 "-" "PostmanRuntime/7.28.4"

info: ::1 - - [11/Jan/2022:18:22:10 +0000] "POST /api/v1/register/addnote HTTP/1.1" 500 75 "-" "PostmanRuntime/7.28.4"

info: ::1 - - [11/Jan/2022:18:22:24 +0000] "POST /api/v1/register/addnote HTTP/1.1" 500 75 "-" "PostmanRuntime/7.28.4"

info: ::1 - - [11/Jan/2022:18:22:25 +0000] "POST /api/v1/register/addnote HTTP/1.1" 500 75 "-" "PostmanRuntime/7.28.4"

info: ::1 - - [11/Jan/2022:18:23:36 +0000] "POST /api/v1/register/addnote HTTP/1.1" 200 325 "-" "PostmanRuntime/7.28.4"

info: ::1 - - [11/Jan/2022:18:24:39 +0000] "POST /api/v1/register/addnote HTTP/1.1" 200 325 "-" "PostmanRuntime/7.28.4"

info: ::1 - - [11/Jan/2022:18:26:05 +0000] "POST /api/v1/register/addnote HTTP/1.1" 200 325 "-" "PostmanRuntime/7.28.4"

info: ::1 - - [11/Jan/2022:18:26:15 +0000] "POST /api/v1/register/addnote HTTP/1.1" 200 325 "-" "PostmanRuntime/7.28.4"

info: ::1 - - [11/Jan/2022:18:53:26 +0000] "POST /api/v1/register/getnote HTTP/1.1" 404 47 "-" "PostmanRuntime/7.28.4"

info: ::1 - - [11/Jan/2022:18:53:57 +0000] "GET /api/v1/register/getnote HTTP/1.1" 200 2768 "-" "PostmanRuntime/7.28.4"

info: ::1 - - [11/Jan/2022:18:56:48 +0000] "POST /api/v1/register HTTP/1.1" 500 90 "-" "PostmanRuntime/7.28.4"

info: ::1 - - [11/Jan/2022:18:57:02 +0000] "POST /api/v1/register HTTP/1.1" 201 316 "-" "PostmanRuntime/7.28.4"

info: ::1 - - [11/Jan/2022:18:57:20 +0000] "POST /api/v1/register/login HTTP/1.1" 200 237 "-" "PostmanRuntime/7.28.4"

info: ::1 - - [11/Jan/2022:18:58:43 +0000] "POST /api/v1/register/addnote HTTP/1.1" 200 324 "-" "PostmanRuntime/7.28.4"

info: ::1 - - [11/Jan/2022:18:58:55 +0000] "POST /api/v1/register/addnote HTTP/1.1" 200 324 "-" "PostmanRuntime/7.28.4"

info: ::1 - - [11/Jan/2022:18:59:01 +0000] "POST /api/v1/register/addnote HTTP/1.1" 200 324 "-" "PostmanRuntime/7.28.4"

info: ::1 - - [11/Jan/2022:18:59:21 +0000] "POST /api/v1/register/addnote HTTP/1.1" 200 326 "-" "PostmanRuntime/7.28.4"

info: ::1 - - [11/Jan/2022:18:59:37 +0000] "GET /api/v1/register/getnote HTTP/1.1" 200 1140 "-" "PostmanRuntime/7.28.4"

info: ::1 - - [11/Jan/2022:19:00:49 +0000] "GET /api/v1/register/getnote HTTP/1.1" 200 2768 "-" "PostmanRuntime/7.28.4"

info: ::1 - - [11/Jan/2022:19:16:13 +0000] "GET /api/v1/register/isdelete HTTP/1.1" 200 57 "-" "PostmanRuntime/7.28.4"

info: ::1 - - [11/Jan/2022:19:17:49 +0000] "GET /api/v1/register/isdelete HTTP/1.1" 200 68 "-" "PostmanRuntime/7.28.4"

info: ::1 - - [11/Jan/2022:19:19:13 +0000] "GET /api/v1/register/isdelete HTTP/1.1" 200 68 "-" "PostmanRuntime/7.28.4"

info: ::ffff:127.0.0.1 - - [11/Jan/2022:19:20:13 +0000] "GET /api/v1/register/isdelete HTTP/1.1" 200 2777 "-" "PostmanRuntime/7.28.4"

info: ::1 - - [11/Jan/2022:19:20:57 +0000] "GET /api/v1/register/isdelete HTTP/1.1" 200 68 "-" "PostmanRuntime/7.28.4"

info: ::1 - - [11/Jan/2022:19:21:17 +0000] "GET /api/v1/register/isdelete HTTP/1.1" 200 1936 "-" "PostmanRuntime/7.28.4"

info: ::1 - - [11/Jan/2022:19:22:22 +0000] "GET /api/v1/register/isdelete HTTP/1.1" 200 339 "-" "PostmanRuntime/7.28.4"

info: ::1 - - [11/Jan/2022:19:29:26 +0000] "GET /api/v1/register/isarchived HTTP/1.1" 200 72 "-" "PostmanRuntime/7.28.4"

info: ::1 - - [11/Jan/2022:19:30:02 +0000] "GET /api/v1/register/isarchived HTTP/1.1" 200 340 "-" "PostmanRuntime/7.28.4"

info: ::1 - - [11/Jan/2022:19:30:51 +0000] "GET /api/v1/register/isarchived HTTP/1.1" 200 340 "-" "PostmanRuntime/7.28.4"

info: ::1 - - [11/Jan/2022:19:31:27 +0000] "GET /api/v1/register/isarchived HTTP/1.1" 200 69 "-" "PostmanRuntime/7.28.4"

info: ::1 - - [11/Jan/2022:19:31:40 +0000] "GET /api/v1/register/isarchived HTTP/1.1" 400 54 "-" "PostmanRuntime/7.28.4"

info: ::1 - - [11/Jan/2022:19:31:47 +0000] "GET /api/v1/register/isarchived HTTP/1.1" 200 340 "-" "PostmanRuntime/7.28.4"

info: ::1 - - [12/Jan/2022:10:14:51 +0000] "POST /register/forgetpassword HTTP/1.1" 404 47 "-" "PostmanRuntime/7.28.4"

info: ::ffff:127.0.0.1 - - [12/Jan/2022:10:15:47 +0000] "POST /api/v1/ HTTP/1.1" 404 47 "-" "PostmanRuntime/7.28.4"

info: ::1 - - [12/Jan/2022:10:16:43 +0000] "POST /api/v1/register/forgetpassword HTTP/1.1" 500 91 "-" "PostmanRuntime/7.28.4"

info: ::1 - - [12/Jan/2022:10:28:59 +0000] "POST /api/v1/register/forgetpassword HTTP/1.1" 200 47 "-" "PostmanRuntime/7.28.4"

info: ::1 - - [12/Jan/2022:10:29:38 +0000] "POST /api/v1/register/forgetpassword HTTP/1.1" 200 47 "-" "PostmanRuntime/7.28.4"

info: ::1 - - [12/Jan/2022:10:29:41 +0000] "POST /api/v1/register/forgetpassword HTTP/1.1" 200 47 "-" "PostmanRuntime/7.28.4"

info: ::1 - - [12/Jan/2022:10:32:03 +0000] "POST /api/v1/register/forgetpassword HTTP/1.1" 200 47 "-" "PostmanRuntime/7.28.4"

info: ::ffff:127.0.0.1 - - [12/Jan/2022:10:32:47 +0000] "POST /api/v1/register/forgetpassword HTTP/1.1" 200 47 "-" "PostmanRuntime/7.28.4"

info: ::ffff:127.0.0.1 - - [12/Jan/2022:10:33:27 +0000] "POST /api/v1/register/forgetpassword HTTP/1.1" 200 47 "-" "PostmanRuntime/7.28.4"

info: ::ffff:127.0.0.1 - - [12/Jan/2022:10:34:55 +0000] "POST /api/v1/register/forgetpassword HTTP/1.1" 200 47 "-" "PostmanRuntime/7.28.4"

info: ::1 - - [12/Jan/2022:10:40:34 +0000] "POST /api/v1/register/forgetpassword HTTP/1.1" 200 47 "-" "PostmanRuntime/7.28.4"

info: ::1 - - [12/Jan/2022:10:43:16 +0000] "POST /api/v1/register/forgetpassword HTTP/1.1" 200 47 "-" "PostmanRuntime/7.28.4"

info: ::1 - - [12/Jan/2022:10:44:26 +0000] "POST /api/v1/register/forgetpassword HTTP/1.1" 200 47 "-" "PostmanRuntime/7.28.4"

info: ::1 - - [12/Jan/2022:10:46:01 +0000] "POST /api/v1/register/forgetpassword HTTP/1.1" 200 47 "-" "PostmanRuntime/7.28.4"

info: ::ffff:127.0.0.1 - - [12/Jan/2022:10:48:13 +0000] "POST /api/v1/register/forgetpassword HTTP/1.1" 200 47 "-" "PostmanRuntime/7.28.4"

info: ::1 - - [12/Jan/2022:10:48:30 +0000] "POST /api/v1/register/forgetpassword HTTP/1.1" 200 47 "-" "PostmanRuntime/7.28.4"

info: ::1 - - [12/Jan/2022:10:48:40 +0000] "POST /api/v1/register/forgetpassword HTTP/1.1" 200 47 "-" "PostmanRuntime/7.28.4"

info: ::1 - - [12/Jan/2022:10:56:21 +0000] "POST /api/v1/register/forgetpassword HTTP/1.1" 200 47 "-" "PostmanRuntime/7.28.4"

info: ::1 - - [12/Jan/2022:10:58:36 +0000] "POST /api/v1/register/forgetpassword HTTP/1.1" 200 47 "-" "PostmanRuntime/7.28.4"

info: ::1 - - [12/Jan/2022:11:01:09 +0000] "POST /api/v1/register/forgetpassword HTTP/1.1" 200 47 "-" "PostmanRuntime/7.28.4"

info: ::1 - - [12/Jan/2022:11:04:23 +0000] "POST /api/v1/register/forgetpassword HTTP/1.1" 200 47 "-" "PostmanRuntime/7.28.4"

info: ::1 - - [12/Jan/2022:11:06:06 +0000] "POST /api/v1/register/forgetpassword HTTP/1.1" 500 76 "-" "PostmanRuntime/7.28.4"

info: ::1 - - [12/Jan/2022:11:06:41 +0000] "POST /api/v1/register/forgetpassword HTTP/1.1" 200 47 "-" "PostmanRuntime/7.28.4"

info: ::1 - - [12/Jan/2022:11:08:21 +0000] "POST /api/v1/register/forgetpassword HTTP/1.1" 200 47 "-" "PostmanRuntime/7.28.4"

info: ::ffff:127.0.0.1 - - [12/Jan/2022:11:13:59 +0000] "POST /api/v1/register/forgetpassword HTTP/1.1" 200 47 "-" "PostmanRuntime/7.28.4"

info: ::1 - - [12/Jan/2022:11:15:19 +0000] "POST /api/v1/register/forgetpassword HTTP/1.1" 200 47 "-" "PostmanRuntime/7.28.4"

info: ::1 - - [12/Jan/2022:11:15:29 +0000] "POST /api/v1/register/forgetpassword HTTP/1.1" 200 47 "-" "PostmanRuntime/7.28.4"

info: ::ffff:127.0.0.1 - - [12/Jan/2022:11:16:22 +0000] "POST /api/v1/register/forgetpassword HTTP/1.1" 200 47 "-" "PostmanRuntime/7.28.4"

info: ::ffff:127.0.0.1 - - [12/Jan/2022:11:16:53 +0000] "POST /api/v1/register/forgetpassword HTTP/1.1" 200 47 "-" "PostmanRuntime/7.28.4"

info: ::1 - - [12/Jan/2022:11:17:50 +0000] "POST /api/v1/register/forgetpassword HTTP/1.1" 200 47 "-" "PostmanRuntime/7.28.4"

info: ::1 - - [12/Jan/2022:11:18:39 +0000] "POST /api/v1/register/forgetpassword HTTP/1.1" 500 71 "-" "PostmanRuntime/7.28.4"

info: ::ffff:127.0.0.1 - - [12/Jan/2022:11:19:51 +0000] "POST /api/v1/register/forgetpassword HTTP/1.1" 500 71 "-" "PostmanRuntime/7.28.4"

info: ::ffff:127.0.0.1 - - [12/Jan/2022:11:19:54 +0000] "POST /api/v1/register/forgetpassword HTTP/1.1" 500 71 "-" "PostmanRuntime/7.28.4"

info: ::1 - - [12/Jan/2022:11:24:45 +0000] "POST /api/v1/register/forgetpassword HTTP/1.1" 500 71 "-" "PostmanRuntime/7.28.4"

info: ::1 - - [12/Jan/2022:11:25:08 +0000] "GET /api/v1/register/getnote HTTP/1.1" 400 56 "-" "PostmanRuntime/7.28.4"

info: ::1 - - [12/Jan/2022:11:25:34 +0000] "GET /api/v1/register/getnote HTTP/1.1" 200 60 "-" "PostmanRuntime/7.28.4"

info: ::1 - - [12/Jan/2022:11:27:01 +0000] "GET /api/v1/register/login HTTP/1.1" 404 47 "-" "PostmanRuntime/7.28.4"

info: ::1 - - [12/Jan/2022:11:28:02 +0000] "GET /api/v1/register/login HTTP/1.1" 404 47 "-" "PostmanRuntime/7.28.4"

info: ::1 - - [12/Jan/2022:11:28:09 +0000] "GET /api/v1 HTTP/1.1" 200 9 "-" "PostmanRuntime/7.28.4"

info: ::1 - - [12/Jan/2022:11:28:17 +0000] "GET /api/v1/register HTTP/1.1" 404 47 "-" "PostmanRuntime/7.28.4"

info: ::1 - - [12/Jan/2022:11:28:51 +0000] "GET /api/v1/register/login HTTP/1.1" 404 47 "-" "PostmanRuntime/7.28.4"

info: ::1 - - [12/Jan/2022:11:37:12 +0000] "POST /api/v1/register/login HTTP/1.1" 500 71 "-" "PostmanRuntime/7.28.4"

info: ::1 - - [12/Jan/2022:11:41:24 +0000] "POST /api/v1/register HTTP/1.1" 201 321 "-" "PostmanRuntime/7.28.4"

info: ::1 - - [12/Jan/2022:11:42:07 +0000] "POST /api/v1/register/llogin HTTP/1.1" 404 47 "-" "PostmanRuntime/7.28.4"

info: ::1 - - [12/Jan/2022:11:42:16 +0000] "POST /api/v1/register/login HTTP/1.1" 200 241 "-" "PostmanRuntime/7.28.4"

info: ::1 - - [12/Jan/2022:11:46:27 +0000] "POST /api/v1/register/addnote HTTP/1.1" 200 303 "-" "PostmanRuntime/7.28.4"

info: ::1 - - [12/Jan/2022:11:46:41 +0000] "POST /api/v1/register/addnote HTTP/1.1" 200 305 "-" "PostmanRuntime/7.28.4"

info: ::1 - - [12/Jan/2022:11:47:06 +0000] "POST /api/v1/register/addnote HTTP/1.1" 500 138 "-" "PostmanRuntime/7.28.4"

info: ::1 - - [12/Jan/2022:11:48:21 +0000] "GET /api/v1/register/forgetpassword HTTP/1.1" 404 47 "-" "PostmanRuntime/7.28.4"

info: ::1 - - [12/Jan/2022:11:49:07 +0000] "POST /api/v1/register/forgetpassword HTTP/1.1" 200 47 "-" "PostmanRuntime/7.28.4"

info: ::1 - - [12/Jan/2022:11:49:56 +0000] "POST /api/v1/register/forgetpassword HTTP/1.1" 200 47 "-" "PostmanRuntime/7.28.4"

info: ::1 - - [12/Jan/2022:11:53:03 +0000] "POST /api/v1/register/forgetpassword HTTP/1.1" 200 47 "-" "PostmanRuntime/7.28.4"

info: ::1 - - [12/Jan/2022:11:56:30 +0000] "POST /api/v1/register/forgetpassword HTTP/1.1" 500 22 "-" "PostmanRuntime/7.28.4"

info: ::1 - - [12/Jan/2022:11:56:38 +0000] "POST /api/v1/register/forgetpassword HTTP/1.1" 500 22 "-" "PostmanRuntime/7.28.4"

info: ::1 - - [12/Jan/2022:11:57:18 +0000] "POST /api/v1/register/forgetpassword HTTP/1.1" 500 22 "-" "PostmanRuntime/7.28.4"

info: ::1 - - [12/Jan/2022:11:59:09 +0000] "POST /api/v1/register/forgetpassword HTTP/1.1" 500 22 "-" "PostmanRuntime/7.28.4"

info: ::1 - - [12/Jan/2022:11:59:25 +0000] "POST /api/v1/register/forgetpassword HTTP/1.1" 500 22 "-" "PostmanRuntime/7.28.4"

info: ::1 - - [12/Jan/2022:11:59:34 +0000] "POST /api/v1/register/forgetpassword HTTP/1.1" 500 22 "-" "PostmanRuntime/7.28.4"

info: ::1 - - [12/Jan/2022:11:59:35 +0000] "POST /api/v1/register/forgetpassword HTTP/1.1" 500 22 "-" "PostmanRuntime/7.28.4"

info: ::1 - - [12/Jan/2022:11:59:35 +0000] "POST /api/v1/register/forgetpassword HTTP/1.1" 500 22 "-" "PostmanRuntime/7.28.4"

info: ::1 - - [12/Jan/2022:11:59:36 +0000] "POST /api/v1/register/forgetpassword HTTP/1.1" 500 22 "-" "PostmanRuntime/7.28.4"

info: ::1 - - [12/Jan/2022:11:59:47 +0000] "POST /api/v1/register/forgetpassword HTTP/1.1" 500 22 "-" "PostmanRuntime/7.28.4"

info: ::1 - - [12/Jan/2022:12:00:25 +0000] "POST /api/v1/register/forgetpassword HTTP/1.1" 500 22 "-" "PostmanRuntime/7.28.4"

info: ::1 - - [12/Jan/2022:12:00:54 +0000] "POST /api/v1/register/forgetpassword HTTP/1.1" 500 22 "-" "PostmanRuntime/7.28.4"

info: ::1 - - [12/Jan/2022:12:01:07 +0000] "POST /api/v1/register/forgetpassword HTTP/1.1" 200 47 "-" "PostmanRuntime/7.28.4"

info: ::1 - - [12/Jan/2022:12:02:30 +0000] "POST /api/v1/register HTTP/1.1" 201 327 "-" "PostmanRuntime/7.28.4"

info: ::1 - - [12/Jan/2022:12:02:59 +0000] "POST /api/v1/register/login HTTP/1.1" 200 249 "-" "PostmanRuntime/7.28.4"

info: ::1 - - [12/Jan/2022:12:06:38 +0000] "POST /api/v1/register/addnote HTTP/1.1" 200 303 "-" "PostmanRuntime/7.28.4"

info: ::1 - - [12/Jan/2022:12:06:46 +0000] "POST /api/v1/register/addnote HTTP/1.1" 200 304 "-" "PostmanRuntime/7.28.4"

info: ::1 - - [12/Jan/2022:12:07:55 +0000] "POST /api/v1/register/forgetpassword HTTP/1.1" 500 22 "-" "PostmanRuntime/7.28.4"

info: ::1 - - [12/Jan/2022:12:08:15 +0000] "POST /api/v1/register/forgetpassword HTTP/1.1" 500 22 "-" "PostmanRuntime/7.28.4"

info: ::1 - - [12/Jan/2022:12:08:36 +0000] "GET /api/v1/register/getnote HTTP/1.1" 200 60 "-" "PostmanRuntime/7.28.4"

info: ::1 - - [12/Jan/2022:12:08:45 +0000] "GET /api/v1/register/getnote HTTP/1.1" 200 60 "-" "PostmanRuntime/7.28.4"

info: ::1 - - [12/Jan/2022:12:08:46 +0000] "GET /api/v1/register/getnote HTTP/1.1" 200 60 "-" "PostmanRuntime/7.28.4"

info: ::1 - - [12/Jan/2022:12:08:47 +0000] "GET /api/v1/register/getnote HTTP/1.1" 200 60 "-" "PostmanRuntime/7.28.4"

info: ::ffff:127.0.0.1 - - [12/Jan/2022:12:12:45 +0000] "GET /api/v1/register/getnote HTTP/1.1" 200 60 "-" "PostmanRuntime/7.28.4"

info: ::1 - - [12/Jan/2022:12:13:28 +0000] "GET /api/v1/register/getnote HTTP/1.1" 200 60 "-" "PostmanRuntime/7.28.4"

info: ::1 - - [12/Jan/2022:12:13:54 +0000] "GET /api/v1/register/getnote HTTP/1.1" 200 60 "-" "PostmanRuntime/7.28.4"

info: ::ffff:127.0.0.1 - - [12/Jan/2022:12:14:55 +0000] "GET /api/v1/register/getnote HTTP/1.1" 200 60 "-" "PostmanRuntime/7.28.4"

info: ::1 - - [12/Jan/2022:12:25:08 +0000] "GET /api/v1/register/getnote HTTP/1.1" 500 75 "-" "PostmanRuntime/7.28.4"

info: ::1 - - [12/Jan/2022:12:26:03 +0000] "GET /api/v1/register/getnote HTTP/1.1" 200 60 "-" "PostmanRuntime/7.28.4"

info: ::1 - - [12/Jan/2022:12:39:22 +0000] "GET /api/v1/register/getnote HTTP/1.1" 200 60 "-" "PostmanRuntime/7.28.4"

info: ::ffff:127.0.0.1 - - [12/Jan/2022:12:41:51 +0000] "GET /api/v1/register/getnote HTTP/1.1" 200 558 "-" "PostmanRuntime/7.28.4"

info: ::1 - - [12/Jan/2022:12:44:04 +0000] "POST /api/v1/register/forgetpassword HTTP/1.1" 500 66 "-" "PostmanRuntime/7.28.4"

info: ::1 - - [12/Jan/2022:12:44:51 +0000] "POST /api/v1/register/forgetpassword HTTP/1.1" 500 66 "-" "PostmanRuntime/7.28.4"

info: ::1 - - [12/Jan/2022:12:46:41 +0000] "POST /api/v1/register/forgetpassword HTTP/1.1" 500 66 "-" "PostmanRuntime/7.28.4"

info: ::1 - - [12/Jan/2022:12:47:41 +0000] "POST /api/v1/register/forgetpassword HTTP/1.1" 200 47 "-" "PostmanRuntime/7.28.4"

info: ::1 - - [12/Jan/2022:12:51:23 +0000] "POST /api/v1/register/forgetpassword HTTP/1.1" 500 66 "-" "PostmanRuntime/7.28.4"

info: ::1 - - [12/Jan/2022:12:52:12 +0000] "POST /api/v1/register/login HTTP/1.1" 500 71 "-" "PostmanRuntime/7.28.4"

info: ::1 - - [12/Jan/2022:12:53:45 +0000] "POST /api/v1/register HTTP/1.1" 201 327 "-" "PostmanRuntime/7.28.4"

info: ::1 - - [12/Jan/2022:12:55:11 +0000] "POST /api/v1/register/forgetpassword HTTP/1.1" 500 60 "-" "PostmanRuntime/7.28.4"

info: ::1 - - [12/Jan/2022:12:57:35 +0000] "POST /api/v1/register/forgetpassword HTTP/1.1" 500 60 "-" "PostmanRuntime/7.28.4"

info: ::1 - - [12/Jan/2022:12:58:36 +0000] "POST /api/v1/register/forgetpassword HTTP/1.1" 200 47 "-" "PostmanRuntime/7.28.4"

info: ::ffff:127.0.0.1 - - [12/Jan/2022:13:08:05 +0000] "POST /api/v1/register HTTP/1.1" 500 60 "-" "PostmanRuntime/7.28.4"

info: ::1 - - [12/Jan/2022:13:09:09 +0000] "POST /api/v1/register/forgetpassword HTTP/1.1" 200 47 "-" "PostmanRuntime/7.28.4"

info: ::1 - - [12/Jan/2022:13:10:24 +0000] "POST /api/v1/register/forgetpassword HTTP/1.1" 200 47 "-" "PostmanRuntime/7.28.4"

info: ::1 - - [12/Jan/2022:13:11:05 +0000] "POST /api/v1/register/forgetpassword HTTP/1.1" 200 47 "-" "PostmanRuntime/7.28.4"

info: ::ffff:127.0.0.1 - - [12/Jan/2022:13:13:09 +0000] "POST /api/v1/register/forgetpassword HTTP/1.1" 200 47 "-" "PostmanRuntime/7.28.4"

info: ::1 - - [12/Jan/2022:13:14:42 +0000] "POST /api/v1/register/forgetpassword HTTP/1.1" 200 47 "-" "PostmanRuntime/7.28.4"

info: ::1 - - [12/Jan/2022:13:15:50 +0000] "POST /api/v1/register/forgetpassword HTTP/1.1" 200 47 "-" "PostmanRuntime/7.28.4"

info: ::1 - - [12/Jan/2022:13:17:10 +0000] "POST /api/v1/register/forgetpassword HTTP/1.1" 500 76 "-" "PostmanRuntime/7.28.4"

info: ::1 - - [12/Jan/2022:13:19:01 +0000] "POST /api/v1/register/forgetpassword HTTP/1.1" 500 76 "-" "PostmanRuntime/7.28.4"

info: ::1 - - [12/Jan/2022:14:03:31 +0000] "GET /api/v1/register/getnote HTTP/1.1" 200 60 "-" "PostmanRuntime/7.28.4"

info: ::1 - - [12/Jan/2022:14:03:59 +0000] "GET /api/v1/register/getnote HTTP/1.1" 200 60 "-" "PostmanRuntime/7.28.4"

info: ::ffff:127.0.0.1 - - [12/Jan/2022:14:04:18 +0000] "GET /api/v1/register/getnote HTTP/1.1" 200 60 "-" "PostmanRuntime/7.28.4"

info: ::1 - - [12/Jan/2022:14:05:04 +0000] "GET /api/v1/register/getnote HTTP/1.1" 200 60 "-" "PostmanRuntime/7.28.4"

info: ::1 - - [12/Jan/2022:14:05:05 +0000] "GET /api/v1/register/getnote HTTP/1.1" 200 60 "-" "PostmanRuntime/7.28.4"

info: ::1 - - [12/Jan/2022:14:05:06 +0000] "GET /api/v1/register/getnote HTTP/1.1" 200 60 "-" "PostmanRuntime/7.28.4"

info: ::1 - - [12/Jan/2022:14:05:29 +0000] "GET /api/v1/register/getnote HTTP/1.1" 200 60 "-" "PostmanRuntime/7.28.4"

info: ::ffff:127.0.0.1 - - [12/Jan/2022:14:05:46 +0000] "GET /api/v1/register/getnote HTTP/1.1" 200 559 "-" "PostmanRuntime/7.28.4"

info: ::ffff:127.0.0.1 - - [12/Jan/2022:14:06:45 +0000] "GET /api/v1/register/getnote HTTP/1.1" 200 60 "-" "PostmanRuntime/7.28.4"

info: ::ffff:127.0.0.1 - - [12/Jan/2022:14:06:47 +0000] "GET /api/v1/register/getnote HTTP/1.1" 200 60 "-" "PostmanRuntime/7.28.4"

info: ::ffff:127.0.0.1 - - [12/Jan/2022:14:07:28 +0000] "GET /api/v1/register/getnote HTTP/1.1" 200 559 "-" "PostmanRuntime/7.28.4"

info: ::1 - - [12/Jan/2022:14:09:24 +0000] "GET /api/v1/register/forgetpassword HTTP/1.1" 404 47 "-" "PostmanRuntime/7.28.4"

info: ::1 - - [12/Jan/2022:14:09:59 +0000] "GET /api/v1/register/forgetpassword HTTP/1.1" 404 47 "-" "PostmanRuntime/7.28.4"

info: ::1 - - [12/Jan/2022:14:10:09 +0000] "POST /api/v1/register/forgetpassword HTTP/1.1" 200 47 "-" "PostmanRuntime/7.28.4"

info: ::ffff:127.0.0.1 - - [12/Jan/2022:14:29:58 +0000] "POST /api/v1/register/forgetpassword HTTP/1.1" 500 54 "-" "PostmanRuntime/7.28.4"

info: ::1 - - [12/Jan/2022:14:30:08 +0000] "POST /api/v1/register/forgetpassword HTTP/1.1" 500 54 "-" "PostmanRuntime/7.28.4"

info: ::1 - - [12/Jan/2022:14:30:40 +0000] "POST /api/v1/register/forgetpassword HTTP/1.1" 500 54 "-" "PostmanRuntime/7.28.4"

info: ::1 - - [12/Jan/2022:14:32:44 +0000] "POST /api/v1/register/forgetpassword HTTP/1.1" 200 47 "-" "PostmanRuntime/7.28.4"

info: ::ffff:127.0.0.1 - - [12/Jan/2022:14:33:14 +0000] "POST /api/v1/register/forgetpassword HTTP/1.1" 200 47 "-" "PostmanRuntime/7.28.4"

info: ::1 - - [12/Jan/2022:14:36:38 +0000] "POST /api/v1/register/forgetpassword HTTP/1.1" 500 84 "-" "PostmanRuntime/7.28.4"

info: ::ffff:127.0.0.1 - - [12/Jan/2022:14:37:02 +0000] "POST /api/v1/register/forgetpassword HTTP/1.1" 200 47 "-" "PostmanRuntime/7.28.4"

info: ::ffff:127.0.0.1 - - [12/Jan/2022:14:44:09 +0000] "POST /api/v1/register/forgetpassword HTTP/1.1" 200 47 "-" "PostmanRuntime/7.28.4"

info: ::1 - - [12/Jan/2022:14:44:51 +0000] "POST /api/v1/register/forgetpassword HTTP/1.1" 200 47 "-" "PostmanRuntime/7.28.4"

info: ::1 - - [12/Jan/2022:14:45:21 +0000] "POST /api/v1/register/forgetpassword HTTP/1.1" 500 64 "-" "PostmanRuntime/7.28.4"

info: ::1 - - [12/Jan/2022:15:13:52 +0000] "POST /api/v1/register/forgetpassword HTTP/1.1" 500 54 "-" "PostmanRuntime/7.28.4"

info: ::ffff:127.0.0.1 - - [12/Jan/2022:15:14:24 +0000] "POST /api/v1/register/forgetpassword HTTP/1.1" 200 47 "-" "PostmanRuntime/7.28.4"

info: ::ffff:127.0.0.1 - - [12/Jan/2022:15:16:13 +0000] "POST /api/v1/register/forgetpassword HTTP/1.1" 200 47 "-" "PostmanRuntime/7.28.4"

info: ::1 - - [12/Jan/2022:15:17:18 +0000] "POST /api/v1/register/forgetpassword HTTP/1.1" 200 47 "-" "PostmanRuntime/7.28.4"

info: ::ffff:127.0.0.1 - - [12/Jan/2022:15:19:04 +0000] "POST /api/v1/register/forgetpassword HTTP/1.1" 200 47 "-" "PostmanRuntime/7.28.4"

info: ::1 - - [12/Jan/2022:15:27:17 +0000] "POST /api/v1/register/forgetpassword HTTP/1.1" 500 63 "-" "PostmanRuntime/7.28.4"

info: ::1 - - [12/Jan/2022:15:48:27 +0000] "POST /api/v1/register/forgetpassword HTTP/1.1" 200 47 "-" "PostmanRuntime/7.28.4"

info: ::ffff:127.0.0.1 - - [12/Jan/2022:15:52:04 +0000] "POST /api/v1/register/forgetpassword HTTP/1.1" 200 47 "-" "PostmanRuntime/7.28.4"

info: ::1 - - [12/Jan/2022:15:52:55 +0000] "POST /api/v1/register/forgetpassword HTTP/1.1" 200 47 "-" "PostmanRuntime/7.28.4"

info: ::1 - - [12/Jan/2022:15:53:31 +0000] "POST /api/v1/register/forgetpassword HTTP/1.1" 200 47 "-" "PostmanRuntime/7.28.4"

info: ::ffff:127.0.0.1 - - [12/Jan/2022:15:54:13 +0000] "POST /api/v1/register/forgetpassword HTTP/1.1" 200 47 "-" "PostmanRuntime/7.28.4"

info: ::ffff:127.0.0.1 - - [12/Jan/2022:15:54:52 +0000] "POST /api/v1/register/forgetpassword HTTP/1.1" 200 47 "-" "PostmanRuntime/7.28.4"

info: ::1 - - [12/Jan/2022:15:55:04 +0000] "POST /api/v1/register/forgetpassword HTTP/1.1" 200 47 "-" "PostmanRuntime/7.28.4"

info: ::1 - - [12/Jan/2022:16:02:01 +0000] "POST /api/v1/register/forgetpassword HTTP/1.1" 200 47 "-" "PostmanRuntime/7.28.4"

info: ::1 - - [12/Jan/2022:16:02:34 +0000] "POST /api/v1/register/forgetpassword HTTP/1.1" 200 47 "-" "PostmanRuntime/7.28.4"

info: ::ffff:127.0.0.1 - - [12/Jan/2022:16:03:22 +0000] "POST /api/v1/register/forgetpassword HTTP/1.1" 200 47 "-" "PostmanRuntime/7.28.4"

info: ::1 - - [12/Jan/2022:16:06:21 +0000] "POST /api/v1/register/forgetpassword HTTP/1.1" 200 47 "-" "PostmanRuntime/7.28.4"

info: ::ffff:127.0.0.1 - - [12/Jan/2022:16:13:22 +0000] "POST /api/v1/register/forgetpassword HTTP/1.1" 200 47 "-" "PostmanRuntime/7.28.4"

info: ::ffff:127.0.0.1 - - [12/Jan/2022:16:16:42 +0000] "POST /api/v1/register/forgetpassword HTTP/1.1" 200 47 "-" "PostmanRuntime/7.28.4"

info: ::1 - - [12/Jan/2022:16:17:22 +0000] "POST /api/v1/register/forgetpassword HTTP/1.1" 200 47 "-" "PostmanRuntime/7.28.4"

info: ::1 - - [12/Jan/2022:16:22:46 +0000] "POST /api/v1/register/forgetpassword HTTP/1.1" 200 47 "-" "PostmanRuntime/7.28.4"

info: ::ffff:127.0.0.1 - - [12/Jan/2022:16:33:29 +0000] "POST /api/v1/register/forgetpassword HTTP/1.1" 200 47 "-" "PostmanRuntime/7.28.4"

info: ::1 - - [12/Jan/2022:16:35:14 +0000] "POST /api/v1/register/forgetpassword HTTP/1.1" 200 47 "-" "PostmanRuntime/7.28.4"

info: ::1 - - [12/Jan/2022:16:38:04 +0000] "POST /api/v1/register/forgetpassword HTTP/1.1" 200 47 "-" "PostmanRuntime/7.28.4"

info: ::1 - - [12/Jan/2022:16:43:32 +0000] "POST /api/v1/register/forgetpassword HTTP/1.1" 200 47 "-" "PostmanRuntime/7.28.4"

info: ::1 - - [12/Jan/2022:16:46:40 +0000] "POST /api/v1/register/forgetpassword HTTP/1.1" 200 47 "-" "PostmanRuntime/7.28.4"

info: ::ffff:127.0.0.1 - - [12/Jan/2022:16:56:37 +0000] "POST /api/v1/register/forgetpassword HTTP/1.1" 200 47 "-" "PostmanRuntime/7.28.4"

info: ::1 - - [12/Jan/2022:16:57:29 +0000] "POST /api/v1/register/forgetpassword HTTP/1.1" 200 47 "-" "PostmanRuntime/7.28.4"

info: ::1 - - [12/Jan/2022:17:02:38 +0000] "POST /api/v1/register/forgetpassword HTTP/1.1" 200 47 "-" "PostmanRuntime/7.28.4"

info: ::ffff:127.0.0.1 - - [12/Jan/2022:17:14:55 +0000] "POST /api/v1/register/forgetpassword HTTP/1.1" 200 47 "-" "PostmanRuntime/7.28.4"

info: ::1 - - [12/Jan/2022:17:17:49 +0000] "POST /api/v1/register/forgetpassword HTTP/1.1" 200 47 "-" "PostmanRuntime/7.28.4"

info: ::1 - - [12/Jan/2022:17:32:39 +0000] "POST /api/v1/register/forgetpassword HTTP/1.1" 200 47 "-" "PostmanRuntime/7.28.4"

info: ::1 - - [12/Jan/2022:17:35:11 +0000] "POST /api/v1/register/forgetpassword HTTP/1.1" 500 75 "-" "PostmanRuntime/7.28.4"

info: ::1 - - [12/Jan/2022:17:35:19 +0000] "POST /api/v1/register/forgetpassword HTTP/1.1" 500 75 "-" "PostmanRuntime/7.28.4"

info: ::ffff:127.0.0.1 - - [12/Jan/2022:17:35:53 +0000] "POST /api/v1/register/forgetpassword HTTP/1.1" 200 47 "-" "PostmanRuntime/7.28.4"

info: ::1 - - [12/Jan/2022:17:37:36 +0000] "POST /api/v1/register HTTP/1.1" 500 75 "-" "PostmanRuntime/7.28.4"

info: ::1 - - [12/Jan/2022:17:37:57 +0000] "POST /api/v1/register HTTP/1.1" 201 321 "-" "PostmanRuntime/7.28.4"

info: ::1 - - [12/Jan/2022:17:38:43 +0000] "POST /api/v1/register HTTP/1.1" 201 318 "-" "PostmanRuntime/7.28.4"

info: ::1 - - [12/Jan/2022:17:40:05 +0000] "POST /api/v1/register/forgetpassword HTTP/1.1" 500 76 "-" "PostmanRuntime/7.28.4"

info: ::1 - - [12/Jan/2022:17:40:15 +0000] "POST /api/v1/register/forgetpassword HTTP/1.1" 500 76 "-" "PostmanRuntime/7.28.4"

info: ::ffff:127.0.0.1 - - [12/Jan/2022:17:41:39 +0000] "POST /api/v1/register/forgetpassword HTTP/1.1" 500 76 "-" "PostmanRuntime/7.28.4"

info: ::ffff:127.0.0.1 - - [12/Jan/2022:17:41:41 +0000] "POST /api/v1/register/forgetpassword HTTP/1.1" 500 76 "-" "PostmanRuntime/7.28.4"

info: ::1 - - [12/Jan/2022:17:43:33 +0000] "POST /api/v1/register/forgetpassword HTTP/1.1" 500 76 "-" "PostmanRuntime/7.28.4"

info: ::ffff:127.0.0.1 - - [12/Jan/2022:17:45:56 +0000] "POST /api/v1/register/forgetpassword HTTP/1.1" 200 47 "-" "PostmanRuntime/7.28.4"

